#
# A fatal error has been detected by the Java Runtime Environment:
#
#  EXCEPTION_ACCESS_VIOLATION (0xc0000005) at pc=0x0000000180005b6b, pid=8816, tid=2296
#
# JRE version: 7.0_02-b13
# Java VM: Java HotSpot(TM) 64-Bit Server VM (22.0-b10 mixed mode windows-amd64 compressed oops)
# Problematic frame:
# C  [rxtxSerial.dll+0x5b6b]
#
# Failed to write core dump. Minidumps are not enabled by default on client versions of Windows
#
# If you would like to submit a bug report, please visit:
#   http://bugreport.sun.com/bugreport/crash.jsp
# The crash happened outside the Java Virtual Machine in native code.
# See problematic frame for where to report the bug.
#

---------------  T H R E A D  ---------------

Current thread (0x0000000001e49800):  JavaThread "Thread-4" [_thread_in_native, id=2296, stack(0x000000000bf80000,0x000000000c080000)]

siginfo: ExceptionCode=0xc0000005, writing address 0x000000000c1af1f8

Registers:
RAX=0x0000000000000000, RBX=0x0000000000000000, RCX=0x000000007774165a, RDX=0x0000000000000000
RSP=0x000000000c07edb0, RBP=0x00000000ffffffff, RSI=0x0000000000000015, RDI=0x0000000000000001
R8 =0x000000000c07ed08, R9 =0x00000000ffffffff, R10=0x0000000000000000, R11=0x0000000000000246
R12=0x000000000c1af1f0, R13=0x0000000000000001, R14=0x0000000000000001, R15=0x0000000000000000
RIP=0x0000000180005b6b, EFLAGS=0x0000000000010246

Top of Stack: (sp=0x000000000c07edb0)
0x000000000c07edb0:   0000000000000000 0000000000000000
0x000000000c07edc0:   0000000000000000 0000000000000000
0x000000000c07edd0:   0000000001e49800 000000000c07ef50
0x000000000c07ede0:   00000000bba38cb8 000000000c07ef50
0x000000000c07edf0:   ffffffffffffffff 0000000000000001
0x000000000c07ee00:   00000000073f70c8 0000000180005f3f
0x000000000c07ee10:   0000000001e499d0 00000000073f70c8
0x000000000c07ee20:   0000000000000001 000000000c07ee40
0x000000000c07ee30:   0000000000000001 00000000ffffffff
0x000000000c07ee40:   00000000bba38cb8 000000000c07ef50
0x000000000c07ee50:   000000000c07eef0 00000000022285e2
0x000000000c07ee60:   0000000002215350 0000000000000000
0x000000000c07ee70:   000000000c07ef30 000000000c07eef0
0x000000000c07ee80:   000000000c07eef0 00000000022285e2
0x000000000c07ee90:   0000a14c17b8f8bb 0000000000000000
0x000000000c07eea0:   0000000000000000 0000000002216254 

Instructions: (pc=0x0000000180005b6b)
0x0000000180005b4b:   31 00 00 85 c0 78 33 74 06 03 d8 2b f8 eb 0a b9
0x0000000180005b5b:   e8 03 00 00 e8 1c 1c 00 00 41 3b dd 7c b7 8b c3
0x0000000180005b6b:   45 89 74 24 08 48 8b 5c 24 60 48 83 c4 20 41 5f
0x0000000180005b7b:   41 5e 41 5d 41 5c 5f 5e 5d c3 e8 1e 61 00 00 83 


Register to memory mapping:

RAX=0x0000000000000000 is an unknown value
RBX=0x0000000000000000 is an unknown value
RCX=0x000000007774165a is an unknown value
RDX=0x0000000000000000 is an unknown value
RSP=0x000000000c07edb0 is pointing into the stack for thread: 0x0000000001e49800
RBP=0x00000000ffffffff is an unallocated location in the heap
RSI=0x0000000000000015 is an unknown value
RDI=0x0000000000000001 is an unknown value
R8 =0x000000000c07ed08 is pointing into the stack for thread: 0x0000000001e49800
R9 =0x00000000ffffffff is an unallocated location in the heap
R10=0x0000000000000000 is an unknown value
R11=0x0000000000000246 is an unknown value
R12=0x000000000c1af1f0 is an unknown value
R13=0x0000000000000001 is an unknown value
R14=0x0000000000000001 is an unknown value
R15=0x0000000000000000 is an unknown value


Stack: [0x000000000bf80000,0x000000000c080000],  sp=0x000000000c07edb0,  free space=1019k
Native frames: (J=compiled Java code, j=interpreted, Vv=VM code, C=native code)
C  [rxtxSerial.dll+0x5b6b]  Java_gnu_io_RXTXPort_nativeSetEndOfInputChar+0x31b

Java frames: (J=compiled Java code, j=interpreted, Vv=VM code)
j  gnu.io.RXTXPort.readByte()I+0
j  gnu.io.RXTXPort$SerialInputStream.read()I+81
j  rtpmt.motes.packet.Packetizer.readFramedPacket()[B+106
j  rtpmt.motes.packet.Packetizer.run()V+1
j  java.lang.Thread.run()V+11
v  ~StubRoutines::call_stub

---------------  P R O C E S S  ---------------

Java Threads: ( => current thread )
=>0x0000000001e49800 JavaThread "Thread-4" [_thread_in_native, id=2296, stack(0x000000000bf80000,0x000000000c080000)]
  0x000000000b3c6000 JavaThread "D3D Screen Updater" daemon [_thread_blocked, id=8476, stack(0x000000000bcc0000,0x000000000bdc0000)]
  0x00000000072d1800 JavaThread "TimerQueue" daemon [_thread_blocked, id=220, stack(0x000000000a3b0000,0x000000000a4b0000)]
  0x0000000007168800 JavaThread "org.netbeans.modules.debugger.jpda.visual AWT Access Loop" daemon [_thread_blocked, id=5616, stack(0x0000000007b70000,0x0000000007c70000)]
  0x0000000001ded000 JavaThread "DestroyJavaVM" [_thread_blocked, id=8644, stack(0x0000000002110000,0x0000000002210000)]
  0x00000000070e6000 JavaThread "AWT-EventQueue-0" [_thread_blocked, id=4904, stack(0x0000000007c90000,0x0000000007d90000)]
  0x0000000007078800 JavaThread "AWT-Windows" daemon [_thread_in_native, id=3976, stack(0x00000000075b0000,0x00000000076b0000)]
  0x0000000007078000 JavaThread "AWT-Shutdown" [_thread_blocked, id=1004, stack(0x0000000007480000,0x0000000007580000)]
  0x0000000007077000 JavaThread "Java2D Disposer" daemon [_thread_blocked, id=8168, stack(0x0000000006da0000,0x0000000006ea0000)]
  0x000000000599a000 JavaThread "Service Thread" daemon [_thread_blocked, id=4276, stack(0x0000000006c60000,0x0000000006d60000)]
  0x000000000598c800 JavaThread "C2 CompilerThread1" daemon [_thread_blocked, id=9100, stack(0x0000000006b40000,0x0000000006c40000)]
  0x000000000598b800 JavaThread "C2 CompilerThread0" daemon [_thread_blocked, id=8504, stack(0x0000000006a30000,0x0000000006b30000)]
  0x0000000005981000 JavaThread "JDWP Command Reader" daemon [_thread_in_native, id=8532, stack(0x00000000068d0000,0x00000000069d0000)]
  0x0000000005980800 JavaThread "JDWP Event Helper Thread" daemon [_thread_blocked, id=4356, stack(0x00000000066b0000,0x00000000067b0000)]
  0x000000000596a800 JavaThread "JDWP Transport Listener: dt_shmem" daemon [_thread_blocked, id=9180, stack(0x0000000006560000,0x0000000006660000)]
  0x0000000005960000 JavaThread "Attach Listener" daemon [_thread_blocked, id=8064, stack(0x00000000063b0000,0x00000000064b0000)]
  0x000000000595e800 JavaThread "Signal Dispatcher" daemon [_thread_blocked, id=8500, stack(0x00000000062a0000,0x00000000063a0000)]
  0x00000000058d4800 JavaThread "Finalizer" daemon [_thread_blocked, id=1700, stack(0x0000000005e80000,0x0000000005f80000)]
  0x00000000058d1800 JavaThread "Reference Handler" daemon [_thread_blocked, id=5692, stack(0x0000000006150000,0x0000000006250000)]

Other Threads:
  0x00000000058c9800 VMThread [stack: 0x0000000005fb0000,0x00000000060b0000] [id=7848]
  0x00000000059a4800 WatcherThread [stack: 0x0000000006f00000,0x0000000007000000] [id=2572]

VM state:not at safepoint (normal execution)

VM Mutex/Monitor currently owned by a thread: None

Heap
 PSYoungGen      total 19136K, used 12900K [0x00000000eaab0000, 0x00000000ec000000, 0x0000000100000000)
  eden space 16448K, 78% used [0x00000000eaab0000,0x00000000eb7491d8,0x00000000ebac0000)
  from space 2688K, 0% used [0x00000000ebd60000,0x00000000ebd60000,0x00000000ec000000)
  to   space 2688K, 0% used [0x00000000ebac0000,0x00000000ebac0000,0x00000000ebd60000)
 PSOldGen        total 43648K, used 0K [0x00000000c0000000, 0x00000000c2aa0000, 0x00000000eaab0000)
  object space 43648K, 0% used [0x00000000c0000000,0x00000000c0000000,0x00000000c2aa0000)
 PSPermGen       total 21248K, used 15396K [0x00000000bae00000, 0x00000000bc2c0000, 0x00000000c0000000)
  object space 21248K, 72% used [0x00000000bae00000,0x00000000bbd092a8,0x00000000bc2c0000)

Code Cache  [0x0000000002210000, 0x0000000002480000, 0x0000000005210000)
 total_blobs=535 nmethods=82 adapters=413 free_code_cache=48495Kb largest_free_block=49637568

Dynamic libraries:
0x000000013f410000 - 0x000000013f443000 	C:\Program Files\Java\jdk1.7.0_02\bin\java.exe
0x00000000776f0000 - 0x0000000077899000 	C:\Windows\SYSTEM32\ntdll.dll
0x0000000077110000 - 0x000000007722f000 	C:\Windows\system32\kernel32.dll
0x000007fefdc20000 - 0x000007fefdc8c000 	C:\Windows\system32\KERNELBASE.dll
0x000007fefe1d0000 - 0x000007fefe2ab000 	C:\Windows\system32\ADVAPI32.dll
0x000007feff800000 - 0x000007feff89f000 	C:\Windows\system32\msvcrt.dll
0x000007feff9e0000 - 0x000007feff9ff000 	C:\Windows\SYSTEM32\sechost.dll
0x000007fefe2b0000 - 0x000007fefe3dd000 	C:\Windows\system32\RPCRT4.dll
0x0000000077010000 - 0x000000007710a000 	C:\Windows\system32\USER32.dll
0x000007feff5f0000 - 0x000007feff657000 	C:\Windows\system32\GDI32.dll
0x000007feff6e0000 - 0x000007feff6ee000 	C:\Windows\system32\LPK.dll
0x000007feff520000 - 0x000007feff5e9000 	C:\Windows\system32\USP10.dll
0x000007fefc840000 - 0x000007fefca34000 	C:\Windows\WinSxS\amd64_microsoft.windows.common-controls_6595b64144ccf1df_6.0.7601.17514_none_fa396087175ac9ac\COMCTL32.dll
0x000007fefe400000 - 0x000007fefe471000 	C:\Windows\system32\SHLWAPI.dll
0x000007fefe1a0000 - 0x000007fefe1ce000 	C:\Windows\system32\IMM32.DLL
0x000007feff6f0000 - 0x000007feff7f9000 	C:\Windows\system32\MSCTF.dll
0x00000000623a0000 - 0x0000000062471000 	C:\Program Files\Java\jdk1.7.0_02\jre\bin\msvcr100.dll
0x0000000060cb0000 - 0x000000006138a000 	C:\Program Files\Java\jdk1.7.0_02\jre\bin\server\jvm.dll
0x000007fefb3f0000 - 0x000007fefb3f9000 	C:\Windows\system32\WSOCK32.dll
0x000007feff4d0000 - 0x000007feff51d000 	C:\Windows\system32\WS2_32.dll
0x000007fefe480000 - 0x000007fefe488000 	C:\Windows\system32\NSI.dll
0x000007fefd990000 - 0x000007fefd9cb000 	C:\Windows\system32\WINMM.dll
0x00000000778b0000 - 0x00000000778b7000 	C:\Windows\system32\PSAPI.DLL
0x0000000063ce0000 - 0x0000000063cef000 	C:\Program Files\Java\jdk1.7.0_02\jre\bin\verify.dll
0x0000000063910000 - 0x0000000063938000 	C:\Program Files\Java\jdk1.7.0_02\jre\bin\java.dll
0x0000000062670000 - 0x00000000626a5000 	C:\Program Files\Java\jdk1.7.0_02\jre\bin\jdwp.dll
0x0000000063a70000 - 0x0000000063a78000 	C:\Program Files\Java\jdk1.7.0_02\jre\bin\npt.dll
0x00000000631c0000 - 0x00000000631d5000 	C:\Program Files\Java\jdk1.7.0_02\jre\bin\zip.dll
0x0000000063a80000 - 0x0000000063a8b000 	C:\Program Files\Java\jdk1.7.0_02\jre\bin\dt_shmem.dll
0x0000000062200000 - 0x0000000062394000 	C:\Program Files\Java\jdk1.7.0_02\jre\bin\awt.dll
0x000007feff900000 - 0x000007feff9d7000 	C:\Windows\system32\OLEAUT32.dll
0x000007fefe490000 - 0x000007fefe693000 	C:\Windows\system32\ole32.dll
0x000007fefbe30000 - 0x000007fefbe86000 	C:\Windows\system32\uxtheme.dll
0x000007fefc340000 - 0x000007fefc358000 	C:\Windows\system32\dwmapi.dll
0x000007fefda80000 - 0x000007fefda8f000 	C:\Windows\system32\CRYPTBASE.dll
0x000007fefe6a0000 - 0x000007feff428000 	C:\Windows\system32\SHELL32.dll
0x0000000063160000 - 0x0000000063194000 	C:\Program Files\Java\jdk1.7.0_02\jre\bin\fontmanager.dll
0x000007fee8030000 - 0x000007fee822f000 	C:\Windows\system32\d3d9.dll
0x000007fefcc30000 - 0x000007fefcc3c000 	C:\Windows\system32\VERSION.dll
0x000007fefb7c0000 - 0x000007fefb7c7000 	C:\Windows\system32\d3d8thk.dll
0x00000000588c0000 - 0x0000000058ca8000 	C:\Windows\system32\atiumd64.dll
0x000000005bc00000 - 0x000000005be99000 	C:\Windows\system32\atiumd6a.dll
0x0000000063950000 - 0x0000000063969000 	C:\Program Files\Java\jdk1.7.0_02\jre\bin\net.dll
0x000007fefd340000 - 0x000007fefd395000 	C:\Windows\system32\mswsock.dll
0x000007fefd330000 - 0x000007fefd337000 	C:\Windows\System32\wship6.dll
0x00000000631a0000 - 0x00000000631b1000 	C:\Program Files\Java\jdk1.7.0_02\jre\bin\nio.dll
0x0000000063110000 - 0x0000000063151000 	C:\Program Files\Java\jdk1.7.0_02\jre\bin\t2k.dll
0x000007fefdf20000 - 0x000007fefdfb9000 	C:\Windows\system32\CLBCatQ.DLL
0x000007fefb9b0000 - 0x000007fefbada000 	C:\Windows\system32\WindowsCodecs.dll
0x000007fefda20000 - 0x000007fefda77000 	C:\Windows\system32\apphelp.dll
0x0000000010000000 - 0x000000001001c000 	C:\Users\kumar\AppData\Roaming\Dropbox\bin\DropboxExt64.14.dll
0x000007fef8d30000 - 0x000007fef8e55000 	C:\Windows\system32\dbghelp.dll
0x000007fef8be0000 - 0x000007fef8c76000 	C:\Windows\system32\msvcp60.dll
0x000007fef8b90000 - 0x000007fef8bc5000 	C:\Windows\system32\EhStorShell.dll
0x000007fefdfc0000 - 0x000007fefe197000 	C:\Windows\system32\SETUPAPI.dll
0x000007fefdc90000 - 0x000007fefdcc6000 	C:\Windows\system32\CFGMGR32.dll
0x000007fefdc00000 - 0x000007fefdc1a000 	C:\Windows\system32\DEVOBJ.dll
0x000007fefbe90000 - 0x000007fefbfbc000 	C:\Windows\system32\PROPSYS.dll
0x000007fef8ad0000 - 0x000007fef8b8b000 	C:\Program Files (x86)\Google\Drive\googledrivesync64.dll
0x00000000716a0000 - 0x0000000071773000 	C:\Windows\WinSxS\amd64_microsoft.vc90.crt_1fc8b3b9a1e18e3b_9.0.30729.6161_none_08e61857a83bc251\MSVCP90.dll
0x00000000715f0000 - 0x0000000071693000 	C:\Windows\WinSxS\amd64_microsoft.vc90.crt_1fc8b3b9a1e18e3b_9.0.30729.6161_none_08e61857a83bc251\MSVCR90.dll
0x000007fef8400000 - 0x000007fef8a72000 	C:\PROGRA~1\MICROS~1\Office14\GROOVEEX.DLL
0x00000000715c0000 - 0x00000000715ef000 	C:\Windows\WinSxS\amd64_microsoft.vc90.atl_1fc8b3b9a1e18e3b_9.0.30729.6161_none_0a1fd3a3a768b895\ATL90.DLL
0x000007fef7fe0000 - 0x000007fef83fa000 	C:\PROGRA~1\COMMON~1\MICROS~1\OFFICE14\Cultures\office.odf
0x000007fef7770000 - 0x000007fef7fd5000 	C:\PROGRA~1\MICROS~1\Office14\1033\GrooveIntlResource.dll
0x0000000180000000 - 0x0000000180025000 	C:\Program Files\Java\jdk1.7.0_02\jre\bin\rxtxSerial.dll
0x00000000630e0000 - 0x000000006310a000 	C:\Program Files\Java\jdk1.7.0_02\jre\bin\dcpr.dll

VM Arguments:
jvm_args: -Xdebug -Xrunjdwp:transport=dt_shmem,address=javadebug -Dfile.encoding=UTF-8 
java_command: rtpmt.desktop.client.RealTimePackageTracking
Launcher Type: SUN_STANDARD

Environment Variables:
CLASSPATH=.;C:\Program Files (x86)\QuickTime\QTSystem\QTJava.zip
PATH=C:\Windows\system32;C:\Windows;C:\Windows\System32\Wbem;C:\Windows\System32\WindowsPowerShell\v1.0\;C:\Program Files (x86)\ATI Technologies\ATI.ACE\Core-Static;C:\Program Files (x86)\QuickTime\QTSystem\;C:\Program Files (x86)\Microsoft SQL Server\100\Tools\Binn\;C:\Program Files\Microsoft SQL Server\100\Tools\Binn\;C:\Program Files\Microsoft SQL Server\100\DTS\Binn\;C:\Python32;C:\xampp\php;C:\xampp\htdocs\causbuzz\lib\Cake\Console;C:\Program Files\SlikSvn\bin;C:\Program Files\Java\jdk1.7.0_02\bin;C:\cygwin\bin;C:\cygwin\usr\sbin
USERNAME=kumar
OS=Windows_NT
PROCESSOR_IDENTIFIER=Intel64 Family 6 Model 23 Stepping 10, GenuineIntel



---------------  S Y S T E M  ---------------

OS: Windows 7 , 64 bit Build 7601 Service Pack 1

CPU:total 2 (2 cores per cpu, 1 threads per core) family 6 model 23 stepping 10, cmov, cx8, fxsr, mmx, sse, sse2, sse3, ssse3, sse4.1

Memory: 4k page, physical 4189036k(1137016k free), swap 8376220k(4701276k free)

vm_info: Java HotSpot(TM) 64-Bit Server VM (22.0-b10) for windows-amd64 JRE (1.7.0_02-b13), built on Nov 17 2011 13:51:15 by "java_re" with unknown MS VC++:1600

time: Wed Oct 03 04:29:51 2012
elapsed time: 184 seconds

