#
# A fatal error has been detected by the Java Runtime Environment:
#
#  EXCEPTION_ACCESS_VIOLATION (0xc0000005) at pc=0x0000000180005b6b, pid=3444, tid=6516
#
# JRE version: 7.0_02-b13
# Java VM: Java HotSpot(TM) 64-Bit Server VM (22.0-b10 mixed mode windows-amd64 compressed oops)
# Problematic frame:
# C  [rxtxSerial.dll+0x5b6b]
#
# Failed to write core dump. Minidumps are not enabled by default on client versions of Windows
#
# If you would like to submit a bug report, please visit:
#   http://bugreport.sun.com/bugreport/crash.jsp
# The crash happened outside the Java Virtual Machine in native code.
# See problematic frame for where to report the bug.
#

---------------  T H R E A D  ---------------

Current thread (0x000000000582c800):  JavaThread "Thread-4" [_thread_in_native, id=6516, stack(0x000000000ba60000,0x000000000bb60000)]

siginfo: ExceptionCode=0xc0000005, writing address 0x000000000ba4f078

Registers:
RAX=0x0000000000000000, RBX=0x0000000000000000, RCX=0x00000000771f165a, RDX=0x0000000000000000
RSP=0x000000000bb5edb0, RBP=0x00000000ffffffff, RSI=0x0000000000000015, RDI=0x0000000000000001
R8 =0x000000000bb5ed08, R9 =0x00000000ffffffff, R10=0x0000000000000000, R11=0x0000000000000246
R12=0x000000000ba4f070, R13=0x0000000000000001, R14=0x0000000000000001, R15=0x0000000000000000
RIP=0x0000000180005b6b, EFLAGS=0x0000000000010246

Top of Stack: (sp=0x000000000bb5edb0)
0x000000000bb5edb0:   0000000000000000 0000000000000000
0x000000000bb5edc0:   0000000000000000 0000000000000000
0x000000000bb5edd0:   000000000582c800 000000000bb5ef50
0x000000000bb5ede0:   00000000bba11840 000000000bb5ef50
0x000000000bb5edf0:   ffffffffffffffff 0000000000000001
0x000000000bb5ee00:   0000000006af52d8 0000000180005f3f
0x000000000bb5ee10:   000000000582c9d0 000000000bb5ef50
0x000000000bb5ee20:   0000000000000001 000000000bb5ee40
0x000000000bb5ee30:   0000000000000001 00000000ffffffff
0x000000000bb5ee40:   000000000bb5f298 000000000bb5ef50
0x000000000bb5ee50:   0000000006a38c20 000000000582c800
0x000000000bb5ee60:   00000000000000b6 000000000582c800
0x000000000bb5ee70:   000000000bb5ef58 000000000207d203
0x000000000bb5ee80:   0000000002065350 0000000000000000
0x000000000bb5ee90:   0000ba9c2a5ed8f3 000000000bb5ef58
0x000000000bb5eea0:   0000000000000000 00000000020661b4 

Instructions: (pc=0x0000000180005b6b)
0x0000000180005b4b:   31 00 00 85 c0 78 33 74 06 03 d8 2b f8 eb 0a b9
0x0000000180005b5b:   e8 03 00 00 e8 1c 1c 00 00 41 3b dd 7c b7 8b c3
0x0000000180005b6b:   45 89 74 24 08 48 8b 5c 24 60 48 83 c4 20 41 5f
0x0000000180005b7b:   41 5e 41 5d 41 5c 5f 5e 5d c3 e8 1e 61 00 00 83 


Register to memory mapping:

RAX=0x0000000000000000 is an unknown value
RBX=0x0000000000000000 is an unknown value
RCX=0x00000000771f165a is an unknown value
RDX=0x0000000000000000 is an unknown value
RSP=0x000000000bb5edb0 is pointing into the stack for thread: 0x000000000582c800
RBP=0x00000000ffffffff is an unallocated location in the heap
RSI=0x0000000000000015 is an unknown value
RDI=0x0000000000000001 is an unknown value
R8 =0x000000000bb5ed08 is pointing into the stack for thread: 0x000000000582c800
R9 =0x00000000ffffffff is an unallocated location in the heap
R10=0x0000000000000000 is an unknown value
R11=0x0000000000000246 is an unknown value
R12=0x000000000ba4f070 is an unknown value
R13=0x0000000000000001 is an unknown value
R14=0x0000000000000001 is an unknown value
R15=0x0000000000000000 is an unknown value


Stack: [0x000000000ba60000,0x000000000bb60000],  sp=0x000000000bb5edb0,  free space=1019k
Native frames: (J=compiled Java code, j=interpreted, Vv=VM code, C=native code)
C  [rxtxSerial.dll+0x5b6b]  Java_gnu_io_RXTXPort_nativeSetEndOfInputChar+0x31b

Java frames: (J=compiled Java code, j=interpreted, Vv=VM code)
j  gnu.io.RXTXPort.readByte()I+0
j  gnu.io.RXTXPort$SerialInputStream.read()I+81
j  rtpmt.motes.packet.Packetizer.readFramedPacket()[B+106
j  rtpmt.motes.packet.Packetizer.run()V+1
j  java.lang.Thread.run()V+11
v  ~StubRoutines::call_stub

---------------  P R O C E S S  ---------------

Java Threads: ( => current thread )
  0x0000000005832000 JavaThread "Thread-2" [_thread_blocked, id=7348, stack(0x000000000bc90000,0x000000000bd90000)]
=>0x000000000582c800 JavaThread "Thread-4" [_thread_in_native, id=6516, stack(0x000000000ba60000,0x000000000bb60000)]
  0x00000000057fd000 JavaThread "D3D Screen Updater" daemon [_thread_blocked, id=6316, stack(0x000000000b5b0000,0x000000000b6b0000)]
  0x0000000006bef800 JavaThread "TimerQueue" daemon [_thread_blocked, id=2508, stack(0x0000000009a20000,0x0000000009b20000)]
  0x0000000001f5c800 JavaThread "DestroyJavaVM" [_thread_blocked, id=7676, stack(0x0000000001f60000,0x0000000002060000)]
  0x0000000006add000 JavaThread "AWT-EventQueue-0" [_thread_blocked, id=1748, stack(0x0000000007510000,0x0000000007610000)]
  0x00000000069fb000 JavaThread "AWT-Windows" daemon [_thread_in_native, id=5900, stack(0x0000000006e20000,0x0000000006f20000)]
  0x00000000069fa000 JavaThread "AWT-Shutdown" [_thread_blocked, id=4656, stack(0x00000000070d0000,0x00000000071d0000)]
  0x00000000069f9800 JavaThread "Java2D Disposer" daemon [_thread_blocked, id=2524, stack(0x0000000006f30000,0x0000000007030000)]
  0x00000000057f3000 JavaThread "Service Thread" daemon [_thread_blocked, id=8088, stack(0x0000000006450000,0x0000000006550000)]
  0x00000000057ef800 JavaThread "C2 CompilerThread1" daemon [_thread_blocked, id=7464, stack(0x00000000067b0000,0x00000000068b0000)]
  0x00000000057e1000 JavaThread "C2 CompilerThread0" daemon [_thread_blocked, id=6468, stack(0x00000000065f0000,0x00000000066f0000)]
  0x00000000057df800 JavaThread "Attach Listener" daemon [_thread_blocked, id=4736, stack(0x0000000006340000,0x0000000006440000)]
  0x00000000057de000 JavaThread "Signal Dispatcher" daemon [_thread_blocked, id=3476, stack(0x0000000005ef0000,0x0000000005ff0000)]
  0x0000000005754800 JavaThread "Finalizer" daemon [_thread_blocked, id=7200, stack(0x00000000061c0000,0x00000000062c0000)]
  0x0000000005751000 JavaThread "Reference Handler" daemon [_thread_blocked, id=4416, stack(0x0000000006020000,0x0000000006120000)]

Other Threads:
  0x0000000005747000 VMThread [stack: 0x0000000005d30000,0x0000000005e30000] [id=7552]
  0x00000000057fe000 WatcherThread [stack: 0x00000000068d0000,0x00000000069d0000] [id=7988]

VM state:not at safepoint (normal execution)

VM Mutex/Monitor currently owned by a thread: None

Heap
 PSYoungGen      total 19136K, used 11255K [0x00000000eaab0000, 0x00000000ec000000, 0x0000000100000000)
  eden space 16448K, 68% used [0x00000000eaab0000,0x00000000eb5addf0,0x00000000ebac0000)
  from space 2688K, 0% used [0x00000000ebd60000,0x00000000ebd60000,0x00000000ec000000)
  to   space 2688K, 0% used [0x00000000ebac0000,0x00000000ebac0000,0x00000000ebd60000)
 PSOldGen        total 43648K, used 0K [0x00000000c0000000, 0x00000000c2aa0000, 0x00000000eaab0000)
  object space 43648K, 0% used [0x00000000c0000000,0x00000000c0000000,0x00000000c2aa0000)
 PSPermGen       total 21248K, used 14903K [0x00000000bae00000, 0x00000000bc2c0000, 0x00000000c0000000)
  object space 21248K, 70% used [0x00000000bae00000,0x00000000bbc8dc80,0x00000000bc2c0000)

Code Cache  [0x0000000002060000, 0x00000000022d0000, 0x0000000005060000)
 total_blobs=561 nmethods=95 adapters=418 free_code_cache=48491Kb largest_free_block=49630912

Dynamic libraries:
0x000000013f6e0000 - 0x000000013f713000 	C:\Program Files\Java\jdk1.7.0_02\bin\java.exe
0x00000000771a0000 - 0x0000000077349000 	C:\Windows\SYSTEM32\ntdll.dll
0x0000000077080000 - 0x000000007719f000 	C:\Windows\system32\kernel32.dll
0x000007fefd940000 - 0x000007fefd9ac000 	C:\Windows\system32\KERNELBASE.dll
0x000007feff0a0000 - 0x000007feff17b000 	C:\Windows\system32\ADVAPI32.dll
0x000007fefdc50000 - 0x000007fefdcef000 	C:\Windows\system32\msvcrt.dll
0x000007fefe1b0000 - 0x000007fefe1cf000 	C:\Windows\SYSTEM32\sechost.dll
0x000007fefef70000 - 0x000007feff09d000 	C:\Windows\system32\RPCRT4.dll
0x0000000076f80000 - 0x000000007707a000 	C:\Windows\system32\USER32.dll
0x000007fefdd30000 - 0x000007fefdd97000 	C:\Windows\system32\GDI32.dll
0x000007fefe1d0000 - 0x000007fefe1de000 	C:\Windows\system32\LPK.dll
0x000007feff340000 - 0x000007feff409000 	C:\Windows\system32\USP10.dll
0x000007fefc080000 - 0x000007fefc274000 	C:\Windows\WinSxS\amd64_microsoft.windows.common-controls_6595b64144ccf1df_6.0.7601.17514_none_fa396087175ac9ac\COMCTL32.dll
0x000007fefdf50000 - 0x000007fefdfc1000 	C:\Windows\system32\SHLWAPI.dll
0x000007fefdd00000 - 0x000007fefdd2e000 	C:\Windows\system32\IMM32.DLL
0x000007fefde40000 - 0x000007fefdf49000 	C:\Windows\system32\MSCTF.dll
0x0000000061be0000 - 0x0000000061cb1000 	C:\Program Files\Java\jdk1.7.0_02\jre\bin\msvcr100.dll
0x0000000061500000 - 0x0000000061bda000 	C:\Program Files\Java\jdk1.7.0_02\jre\bin\server\jvm.dll
0x000007fef1d70000 - 0x000007fef1d79000 	C:\Windows\system32\WSOCK32.dll
0x000007fefdbe0000 - 0x000007fefdc2d000 	C:\Windows\system32\WS2_32.dll
0x000007fefdcf0000 - 0x000007fefdcf8000 	C:\Windows\system32\NSI.dll
0x000007fefb750000 - 0x000007fefb78b000 	C:\Windows\system32\WINMM.dll
0x0000000077370000 - 0x0000000077377000 	C:\Windows\system32\PSAPI.DLL
0x0000000066000000 - 0x000000006600f000 	C:\Program Files\Java\jdk1.7.0_02\jre\bin\verify.dll
0x0000000062b10000 - 0x0000000062b38000 	C:\Program Files\Java\jdk1.7.0_02\jre\bin\java.dll
0x0000000062af0000 - 0x0000000062b05000 	C:\Program Files\Java\jdk1.7.0_02\jre\bin\zip.dll
0x0000000061360000 - 0x00000000614f4000 	C:\Program Files\Java\jdk1.7.0_02\jre\bin\awt.dll
0x000007feff200000 - 0x000007feff2d7000 	C:\Windows\system32\OLEAUT32.dll
0x000007fefd9d0000 - 0x000007fefdbd3000 	C:\Windows\system32\ole32.dll
0x000007fefbd70000 - 0x000007fefbdc6000 	C:\Windows\system32\uxtheme.dll
0x000007fefb900000 - 0x000007fefb918000 	C:\Windows\system32\dwmapi.dll
0x000007fefd530000 - 0x000007fefd53f000 	C:\Windows\system32\CRYPTBASE.dll
0x000007fefe1e0000 - 0x000007fefef68000 	C:\Windows\system32\SHELL32.dll
0x0000000062a70000 - 0x0000000062aa4000 	C:\Program Files\Java\jdk1.7.0_02\jre\bin\fontmanager.dll
0x000007feec0a0000 - 0x000007feec29f000 	C:\Windows\system32\d3d9.dll
0x000007fefc710000 - 0x000007fefc71c000 	C:\Windows\system32\VERSION.dll
0x000007fef8010000 - 0x000007fef8017000 	C:\Windows\system32\d3d8thk.dll
0x0000000060f70000 - 0x0000000061358000 	C:\Windows\system32\atiumd64.dll
0x0000000060cd0000 - 0x0000000060f69000 	C:\Windows\system32\atiumd6a.dll
0x0000000062ad0000 - 0x0000000062ae9000 	C:\Program Files\Java\jdk1.7.0_02\jre\bin\net.dll
0x000007fefce70000 - 0x000007fefcec5000 	C:\Windows\system32\mswsock.dll
0x000007fefce60000 - 0x000007fefce67000 	C:\Windows\System32\wship6.dll
0x0000000062ab0000 - 0x0000000062ac1000 	C:\Program Files\Java\jdk1.7.0_02\jre\bin\nio.dll
0x0000000062a20000 - 0x0000000062a61000 	C:\Program Files\Java\jdk1.7.0_02\jre\bin\t2k.dll
0x000007feff410000 - 0x000007feff4a9000 	C:\Windows\system32\CLBCatQ.DLL
0x000007fefb790000 - 0x000007fefb8ba000 	C:\Windows\system32\WindowsCodecs.dll
0x000007fefd4d0000 - 0x000007fefd527000 	C:\Windows\system32\apphelp.dll
0x0000000010000000 - 0x000000001001c000 	C:\Users\kumar\AppData\Roaming\Dropbox\bin\DropboxExt64.14.dll
0x000007fef7670000 - 0x000007fef7795000 	C:\Windows\system32\dbghelp.dll
0x000007fef75d0000 - 0x000007fef7666000 	C:\Windows\system32\msvcp60.dll
0x000007fef7580000 - 0x000007fef75b5000 	C:\Windows\system32\EhStorShell.dll
0x000007fefdfd0000 - 0x000007fefe1a7000 	C:\Windows\system32\SETUPAPI.dll
0x000007fefd900000 - 0x000007fefd936000 	C:\Windows\system32\CFGMGR32.dll
0x000007fefd9b0000 - 0x000007fefd9ca000 	C:\Windows\system32\DEVOBJ.dll
0x000007fefbe00000 - 0x000007fefbf2c000 	C:\Windows\system32\PROPSYS.dll
0x000007fef74c0000 - 0x000007fef757b000 	C:\Program Files (x86)\Google\Drive\googledrivesync64.dll
0x000000006f860000 - 0x000000006f933000 	C:\Windows\WinSxS\amd64_microsoft.vc90.crt_1fc8b3b9a1e18e3b_9.0.30729.6161_none_08e61857a83bc251\MSVCP90.dll
0x00000000702c0000 - 0x0000000070363000 	C:\Windows\WinSxS\amd64_microsoft.vc90.crt_1fc8b3b9a1e18e3b_9.0.30729.6161_none_08e61857a83bc251\MSVCR90.dll
0x000007fef6e40000 - 0x000007fef74b2000 	C:\PROGRA~1\MICROS~1\Office14\GROOVEEX.DLL
0x000000006f9c0000 - 0x000000006f9ef000 	C:\Windows\WinSxS\amd64_microsoft.vc90.atl_1fc8b3b9a1e18e3b_9.0.30729.6161_none_0a1fd3a3a768b895\ATL90.DLL
0x000007fef6a20000 - 0x000007fef6e3a000 	C:\PROGRA~1\COMMON~1\MICROS~1\OFFICE14\Cultures\office.odf
0x000007fef61b0000 - 0x000007fef6a15000 	C:\PROGRA~1\MICROS~1\Office14\1033\GrooveIntlResource.dll
0x0000000180000000 - 0x0000000180025000 	C:\Program Files\Java\jdk1.7.0_02\jre\bin\rxtxSerial.dll
0x00000000629f0000 - 0x0000000062a1a000 	C:\Program Files\Java\jdk1.7.0_02\jre\bin\dcpr.dll
0x000007fefc830000 - 0x000007fefc837000 	C:\Windows\System32\wshtcpip.dll
0x000007fefccf0000 - 0x000007fefcd4b000 	C:\Windows\system32\DNSAPI.dll
0x000000006f940000 - 0x000000006f966000 	C:\Program Files\Bonjour\mdnsNSP.dll
0x000007fefa830000 - 0x000007fefa857000 	C:\Windows\system32\Iphlpapi.DLL
0x000007fefa820000 - 0x000007fefa82b000 	C:\Windows\system32\WINNSI.DLL
0x000007fef8290000 - 0x000007fef8298000 	C:\Windows\system32\rasadhlp.dll
0x000007fefa3f0000 - 0x000007fefa443000 	C:\Windows\System32\fwpuclnt.dll

VM Arguments:
jvm_args: -Dfile.encoding=UTF-8 
java_command: rtpmt.desktop.client.RealTimePackageTracking
Launcher Type: SUN_STANDARD

Environment Variables:
CLASSPATH=.;C:\Program Files (x86)\QuickTime\QTSystem\QTJava.zip
PATH=C:\Windows\system32;C:\Windows;C:\Windows\System32\Wbem;C:\Windows\System32\WindowsPowerShell\v1.0\;C:\Program Files (x86)\ATI Technologies\ATI.ACE\Core-Static;C:\Program Files (x86)\QuickTime\QTSystem\;C:\Program Files (x86)\Microsoft SQL Server\100\Tools\Binn\;C:\Program Files\Microsoft SQL Server\100\Tools\Binn\;C:\Program Files\Microsoft SQL Server\100\DTS\Binn\;C:\Python32;C:\xampp\php;C:\xampp\htdocs\causbuzz\lib\Cake\Console;C:\Program Files\SlikSvn\bin;C:\Program Files\Java\jdk1.7.0_02\bin;C:\cygwin\bin;C:\cygwin\usr\sbin
USERNAME=kumar
OS=Windows_NT
PROCESSOR_IDENTIFIER=Intel64 Family 6 Model 23 Stepping 10, GenuineIntel



---------------  S Y S T E M  ---------------

OS: Windows 7 , 64 bit Build 7601 Service Pack 1

CPU:total 2 (2 cores per cpu, 1 threads per core) family 6 model 23 stepping 10, cmov, cx8, fxsr, mmx, sse, sse2, sse3, ssse3, sse4.1

Memory: 4k page, physical 4189036k(949592k free), swap 8376220k(3959456k free)

vm_info: Java HotSpot(TM) 64-Bit Server VM (22.0-b10) for windows-amd64 JRE (1.7.0_02-b13), built on Nov 17 2011 13:51:15 by "java_re" with unknown MS VC++:1600

time: Sun Nov 04 09:48:55 2012
elapsed time: 121 seconds

