#
# A fatal error has been detected by the Java Runtime Environment:
#
#  EXCEPTION_ACCESS_VIOLATION (0xc0000005) at pc=0x0000000180005b6b, pid=12348, tid=8332
#
# JRE version: 7.0_02-b13
# Java VM: Java HotSpot(TM) 64-Bit Server VM (22.0-b10 mixed mode windows-amd64 compressed oops)
# Problematic frame:
# C  [rxtxSerial.dll+0x5b6b]
#
# Failed to write core dump. Minidumps are not enabled by default on client versions of Windows
#
# If you would like to submit a bug report, please visit:
#   http://bugreport.sun.com/bugreport/crash.jsp
# The crash happened outside the Java Virtual Machine in native code.
# See problematic frame for where to report the bug.
#

---------------  T H R E A D  ---------------

Current thread (0x0000000006e18000):  JavaThread "Thread-4" [_thread_in_native, id=8332, stack(0x000000000c0a0000,0x000000000c1a0000)]

siginfo: ExceptionCode=0xc0000005, writing address 0x000000000bfef228

Registers:
RAX=0x0000000000000001, RBX=0x0000000000000001, RCX=0xd82639169f070000, RDX=0x0000000000000000
RSP=0x000000000c19ede0, RBP=0x00000000ffffffff, RSI=0x0000000000000004, RDI=0x0000000000000000
R8 =0x000000000c19eb08, R9 =0x0000000000000490, R10=0x0000000000000000, R11=0x0000000000000001
R12=0x000000000bfef220, R13=0x0000000000000001, R14=0x0000000000000001, R15=0x0000000000000000
RIP=0x0000000180005b6b, EFLAGS=0x0000000000010246

Top of Stack: (sp=0x000000000c19ede0)
0x000000000c19ede0:   0000000000000000 0000000000000000
0x000000000c19edf0:   0000000000000000 00000000ffffffff
0x000000000c19ee00:   0000000006e18000 000000000c19ef80
0x000000000c19ee10:   00000000bba116c8 000000000c19ef80
0x000000000c19ee20:   ffffffffffffffff 0000000000000001
0x000000000c19ee30:   0000000006d97618 0000000180005f3f
0x000000000c19ee40:   0000000006e181d0 000000000c19ef80
0x000000000c19ee50:   0000000000000001 000000000c19ee70
0x000000000c19ee60:   0000000000000001 00000000ffffffff
0x000000000c19ee70:   000000000c19f200 000000000c19ef80
0x000000000c19ee80:   0000000006ae1590 0000000006e18000
0x000000000c19ee90:   00000000000000b6 0000000006e18000
0x000000000c19eea0:   000000000c19ef88 00000000022bd203
0x000000000c19eeb0:   00000000022a5350 0000000000000000
0x000000000c19eec0:   0000d826350f7147 000000000c19ef88
0x000000000c19eed0:   0000000000000000 00000000022a61b4 

Instructions: (pc=0x0000000180005b6b)
0x0000000180005b4b:   31 00 00 85 c0 78 33 74 06 03 d8 2b f8 eb 0a b9
0x0000000180005b5b:   e8 03 00 00 e8 1c 1c 00 00 41 3b dd 7c b7 8b c3
0x0000000180005b6b:   45 89 74 24 08 48 8b 5c 24 60 48 83 c4 20 41 5f
0x0000000180005b7b:   41 5e 41 5d 41 5c 5f 5e 5d c3 e8 1e 61 00 00 83 


Register to memory mapping:

RAX=0x0000000000000001 is an unknown value
RBX=0x0000000000000001 is an unknown value
RCX=0xd82639169f070000 is an unknown value
RDX=0x0000000000000000 is an unknown value
RSP=0x000000000c19ede0 is pointing into the stack for thread: 0x0000000006e18000
RBP=0x00000000ffffffff is an unallocated location in the heap
RSI=0x0000000000000004 is an unknown value
RDI=0x0000000000000000 is an unknown value
R8 =0x000000000c19eb08 is pointing into the stack for thread: 0x0000000006e18000
R9 =0x0000000000000490 is an unknown value
R10=0x0000000000000000 is an unknown value
R11=0x0000000000000001 is an unknown value
R12=0x000000000bfef220 is an unknown value
R13=0x0000000000000001 is an unknown value
R14=0x0000000000000001 is an unknown value
R15=0x0000000000000000 is an unknown value


Stack: [0x000000000c0a0000,0x000000000c1a0000],  sp=0x000000000c19ede0,  free space=1019k
Native frames: (J=compiled Java code, j=interpreted, Vv=VM code, C=native code)
C  [rxtxSerial.dll+0x5b6b]  Java_gnu_io_RXTXPort_nativeSetEndOfInputChar+0x31b

Java frames: (J=compiled Java code, j=interpreted, Vv=VM code)
j  gnu.io.RXTXPort.readByte()I+0
j  gnu.io.RXTXPort$SerialInputStream.read()I+81
j  rtpmt.motes.packet.Packetizer.readFramedPacket()[B+41
j  rtpmt.motes.packet.Packetizer.run()V+1
j  java.lang.Thread.run()V+11
v  ~StubRoutines::call_stub

---------------  P R O C E S S  ---------------

Java Threads: ( => current thread )
  0x0000000006d99000 JavaThread "Thread-2" [_thread_blocked, id=1568, stack(0x000000000c270000,0x000000000c370000)]
=>0x0000000006e18000 JavaThread "Thread-4" [_thread_in_native, id=8332, stack(0x000000000c0a0000,0x000000000c1a0000)]
  0x0000000006e4d800 JavaThread "D3D Screen Updater" daemon [_thread_blocked, id=8496, stack(0x000000000ac00000,0x000000000ad00000)]
  0x0000000006c9d800 JavaThread "TimerQueue" daemon [_thread_blocked, id=9860, stack(0x0000000008ee0000,0x0000000008fe0000)]
  0x0000000001e9c800 JavaThread "DestroyJavaVM" [_thread_blocked, id=9540, stack(0x00000000021a0000,0x00000000022a0000)]
  0x0000000006b85000 JavaThread "AWT-EventQueue-0" [_thread_blocked, id=4840, stack(0x0000000007370000,0x0000000007470000)]
  0x0000000006aa4000 JavaThread "AWT-Windows" daemon [_thread_in_native, id=7156, stack(0x00000000067e0000,0x00000000068e0000)]
  0x0000000006aa3000 JavaThread "AWT-Shutdown" [_thread_blocked, id=7548, stack(0x00000000070a0000,0x00000000071a0000)]
  0x0000000006aa2800 JavaThread "Java2D Disposer" daemon [_thread_blocked, id=11692, stack(0x0000000006ea0000,0x0000000006fa0000)]
  0x0000000005ba6800 JavaThread "Service Thread" daemon [_thread_blocked, id=13184, stack(0x00000000066e0000,0x00000000067e0000)]
  0x0000000005ba2800 JavaThread "C2 CompilerThread1" daemon [_thread_blocked, id=8276, stack(0x0000000006170000,0x0000000006270000)]
  0x0000000005b91000 JavaThread "C2 CompilerThread0" daemon [_thread_blocked, id=2476, stack(0x0000000006560000,0x0000000006660000)]
  0x0000000005b8f800 JavaThread "Attach Listener" daemon [_thread_blocked, id=5164, stack(0x00000000063f0000,0x00000000064f0000)]
  0x0000000005b8e800 JavaThread "Signal Dispatcher" daemon [_thread_blocked, id=10140, stack(0x00000000062a0000,0x00000000063a0000)]
  0x0000000005b0a000 JavaThread "Finalizer" daemon [_thread_blocked, id=12452, stack(0x0000000005ec0000,0x0000000005fc0000)]
  0x0000000005b01000 JavaThread "Reference Handler" daemon [_thread_blocked, id=9596, stack(0x0000000006020000,0x0000000006120000)]

Other Threads:
  0x0000000005af7000 VMThread [stack: 0x0000000005d90000,0x0000000005e90000] [id=9536]
  0x0000000005bb1800 WatcherThread [stack: 0x0000000006970000,0x0000000006a70000] [id=8824]

VM state:not at safepoint (normal execution)

VM Mutex/Monitor currently owned by a thread: None

Heap
 PSYoungGen      total 19136K, used 7916K [0x00000000eaab0000, 0x00000000ec000000, 0x0000000100000000)
  eden space 16448K, 48% used [0x00000000eaab0000,0x00000000eb26b268,0x00000000ebac0000)
  from space 2688K, 0% used [0x00000000ebd60000,0x00000000ebd60000,0x00000000ec000000)
  to   space 2688K, 0% used [0x00000000ebac0000,0x00000000ebac0000,0x00000000ebd60000)
 PSOldGen        total 43648K, used 0K [0x00000000c0000000, 0x00000000c2aa0000, 0x00000000eaab0000)
  object space 43648K, 0% used [0x00000000c0000000,0x00000000c0000000,0x00000000c2aa0000)
 PSPermGen       total 21248K, used 13349K [0x00000000bae00000, 0x00000000bc2c0000, 0x00000000c0000000)
  object space 21248K, 62% used [0x00000000bae00000,0x00000000bbb095d8,0x00000000bc2c0000)

Code Cache  [0x00000000022a0000, 0x0000000002510000, 0x00000000052a0000)
 total_blobs=503 nmethods=52 adapters=403 free_code_cache=48551Kb largest_free_block=49692800

Dynamic libraries:
0x000000013f910000 - 0x000000013f943000 	C:\Program Files\Java\jdk1.7.0_02\bin\java.exe
0x0000000077c20000 - 0x0000000077dc9000 	C:\Windows\SYSTEM32\ntdll.dll
0x0000000077640000 - 0x000000007775f000 	C:\Windows\system32\kernel32.dll
0x000007fefe380000 - 0x000007fefe3ec000 	C:\Windows\system32\KERNELBASE.dll
0x000007fefe6b0000 - 0x000007fefe78b000 	C:\Windows\system32\ADVAPI32.dll
0x000007feffe90000 - 0x000007fefff2f000 	C:\Windows\system32\msvcrt.dll
0x000007feff9e0000 - 0x000007feff9ff000 	C:\Windows\SYSTEM32\sechost.dll
0x000007fefeab0000 - 0x000007fefebdd000 	C:\Windows\system32\RPCRT4.dll
0x0000000077540000 - 0x000000007763a000 	C:\Windows\system32\USER32.dll
0x000007fefea40000 - 0x000007fefeaa7000 	C:\Windows\system32\GDI32.dll
0x000007feffd60000 - 0x000007feffd6e000 	C:\Windows\system32\LPK.dll
0x000007fefe970000 - 0x000007fefea39000 	C:\Windows\system32\USP10.dll
0x000007fefcb00000 - 0x000007fefccf4000 	C:\Windows\WinSxS\amd64_microsoft.windows.common-controls_6595b64144ccf1df_6.0.7601.17514_none_fa396087175ac9ac\COMCTL32.dll
0x000007feffe10000 - 0x000007feffe81000 	C:\Windows\system32\SHLWAPI.dll
0x000007feffd30000 - 0x000007feffd5e000 	C:\Windows\system32\IMM32.DLL
0x000007fefe5a0000 - 0x000007fefe6a9000 	C:\Windows\system32\MSCTF.dll
0x0000000063130000 - 0x0000000063201000 	C:\Program Files\Java\jdk1.7.0_02\jre\bin\msvcr100.dll
0x0000000061b00000 - 0x00000000621da000 	C:\Program Files\Java\jdk1.7.0_02\jre\bin\server\jvm.dll
0x000007feefc00000 - 0x000007feefc09000 	C:\Windows\system32\WSOCK32.dll
0x000007fefe550000 - 0x000007fefe59d000 	C:\Windows\system32\WS2_32.dll
0x000007feff9d0000 - 0x000007feff9d8000 	C:\Windows\system32\NSI.dll
0x000007fefc1d0000 - 0x000007fefc20b000 	C:\Windows\system32\WINMM.dll
0x0000000077de0000 - 0x0000000077de7000 	C:\Windows\system32\PSAPI.DLL
0x00000000632a0000 - 0x00000000632af000 	C:\Program Files\Java\jdk1.7.0_02\jre\bin\verify.dll
0x0000000063270000 - 0x0000000063298000 	C:\Program Files\Java\jdk1.7.0_02\jre\bin\java.dll
0x0000000063110000 - 0x0000000063125000 	C:\Program Files\Java\jdk1.7.0_02\jre\bin\zip.dll
0x0000000061660000 - 0x00000000617f4000 	C:\Program Files\Java\jdk1.7.0_02\jre\bin\awt.dll
0x000007fefe470000 - 0x000007fefe547000 	C:\Windows\system32\OLEAUT32.dll
0x000007feffa80000 - 0x000007feffc83000 	C:\Windows\system32\ole32.dll
0x000007fefc920000 - 0x000007fefc976000 	C:\Windows\system32\uxtheme.dll
0x000007fefc4f0000 - 0x000007fefc508000 	C:\Windows\system32\dwmapi.dll
0x000007fefdfb0000 - 0x000007fefdfbf000 	C:\Windows\system32\CRYPTBASE.dll
0x000007fefec40000 - 0x000007feff9c8000 	C:\Windows\system32\SHELL32.dll
0x0000000061620000 - 0x0000000061654000 	C:\Program Files\Java\jdk1.7.0_02\jre\bin\fontmanager.dll
0x000007feea5b0000 - 0x000007feea7af000 	C:\Windows\system32\d3d9.dll
0x000007fefd190000 - 0x000007fefd19c000 	C:\Windows\system32\VERSION.dll
0x000007fefbd00000 - 0x000007fefbd07000 	C:\Windows\system32\d3d8thk.dll
0x000000006de40000 - 0x000000006e228000 	C:\Windows\system32\atiumd64.dll
0x000000006f8d0000 - 0x000000006fb69000 	C:\Windows\system32\atiumd6a.dll
0x0000000062bd0000 - 0x0000000062be9000 	C:\Program Files\Java\jdk1.7.0_02\jre\bin\net.dll
0x000007fefd8f0000 - 0x000007fefd945000 	C:\Windows\system32\mswsock.dll
0x000007fefd8e0000 - 0x000007fefd8e7000 	C:\Windows\System32\wship6.dll
0x0000000062bb0000 - 0x0000000062bc1000 	C:\Program Files\Java\jdk1.7.0_02\jre\bin\nio.dll
0x00000000615d0000 - 0x0000000061611000 	C:\Program Files\Java\jdk1.7.0_02\jre\bin\t2k.dll
0x000007feffd70000 - 0x000007feffe09000 	C:\Windows\system32\CLBCatQ.DLL
0x000007fefc2c0000 - 0x000007fefc3ea000 	C:\Windows\system32\WindowsCodecs.dll
0x000007fefdf50000 - 0x000007fefdfa7000 	C:\Windows\system32\apphelp.dll
0x0000000010000000 - 0x000000001001c000 	C:\Users\kumar\AppData\Roaming\Dropbox\bin\DropboxExt64.14.dll
0x000007fef9260000 - 0x000007fef9385000 	C:\Windows\system32\dbghelp.dll
0x000007fef9160000 - 0x000007fef91f6000 	C:\Windows\system32\msvcp60.dll
0x000007fef9120000 - 0x000007fef9155000 	C:\Windows\system32\EhStorShell.dll
0x000007fefe790000 - 0x000007fefe967000 	C:\Windows\system32\SETUPAPI.dll
0x000007fefe410000 - 0x000007fefe446000 	C:\Windows\system32\CFGMGR32.dll
0x000007fefe3f0000 - 0x000007fefe40a000 	C:\Windows\system32\DEVOBJ.dll
0x000007fefc980000 - 0x000007fefcaac000 	C:\Windows\system32\PROPSYS.dll
0x000007fef9060000 - 0x000007fef911b000 	C:\Program Files (x86)\Google\Drive\googledrivesync64.dll
0x0000000071660000 - 0x0000000071733000 	C:\Windows\WinSxS\amd64_microsoft.vc90.crt_1fc8b3b9a1e18e3b_9.0.30729.6161_none_08e61857a83bc251\MSVCP90.dll
0x00000000715b0000 - 0x0000000071653000 	C:\Windows\WinSxS\amd64_microsoft.vc90.crt_1fc8b3b9a1e18e3b_9.0.30729.6161_none_08e61857a83bc251\MSVCR90.dll
0x000007fef89e0000 - 0x000007fef9052000 	C:\PROGRA~1\MICROS~1\Office14\GROOVEEX.DLL
0x0000000071580000 - 0x00000000715af000 	C:\Windows\WinSxS\amd64_microsoft.vc90.atl_1fc8b3b9a1e18e3b_9.0.30729.6161_none_0a1fd3a3a768b895\ATL90.DLL
0x000007fef85c0000 - 0x000007fef89da000 	C:\PROGRA~1\COMMON~1\MICROS~1\OFFICE14\Cultures\office.odf
0x000007fef7d50000 - 0x000007fef85b5000 	C:\PROGRA~1\MICROS~1\Office14\1033\GrooveIntlResource.dll
0x0000000180000000 - 0x0000000180025000 	C:\Program Files\Java\jdk1.7.0_02\jre\bin\rxtxSerial.dll
0x0000000062a60000 - 0x0000000062a8a000 	C:\Program Files\Java\jdk1.7.0_02\jre\bin\dcpr.dll

VM Arguments:
jvm_args: -Dfile.encoding=UTF-8 
java_command: rtpmt.desktop.client.RealTimePackageTracking
Launcher Type: SUN_STANDARD

Environment Variables:
CLASSPATH=.;C:\Program Files (x86)\QuickTime\QTSystem\QTJava.zip
PATH=C:\Windows\system32;C:\Windows;C:\Windows\System32\Wbem;C:\Windows\System32\WindowsPowerShell\v1.0\;C:\Program Files (x86)\ATI Technologies\ATI.ACE\Core-Static;C:\Program Files (x86)\QuickTime\QTSystem\;C:\Program Files (x86)\Microsoft SQL Server\100\Tools\Binn\;C:\Program Files\Microsoft SQL Server\100\Tools\Binn\;C:\Program Files\Microsoft SQL Server\100\DTS\Binn\;C:\Python32;C:\xampp\php;C:\xampp\htdocs\causbuzz\lib\Cake\Console;C:\Program Files\SlikSvn\bin;C:\Program Files\Java\jdk1.7.0_02\bin;C:\cygwin\bin;C:\cygwin\usr\sbin
USERNAME=kumar
OS=Windows_NT
PROCESSOR_IDENTIFIER=Intel64 Family 6 Model 23 Stepping 10, GenuineIntel



---------------  S Y S T E M  ---------------

OS: Windows 7 , 64 bit Build 7601 Service Pack 1

CPU:total 2 (2 cores per cpu, 1 threads per core) family 6 model 23 stepping 10, cmov, cx8, fxsr, mmx, sse, sse2, sse3, ssse3, sse4.1

Memory: 4k page, physical 4189036k(874984k free), swap 8376220k(4144736k free)

vm_info: Java HotSpot(TM) 64-Bit Server VM (22.0-b10) for windows-amd64 JRE (1.7.0_02-b13), built on Nov 17 2011 13:51:15 by "java_re" with unknown MS VC++:1600

time: Tue Dec 11 23:54:41 2012
elapsed time: 11 seconds

