#
# A fatal error has been detected by the Java Runtime Environment:
#
#  SIGSEGV (0xb) at pc=0x0000000121565c58, pid=60361, tid=58883
#
# JRE version: Java(TM) SE Runtime Environment (7.0_45-b18) (build 1.7.0_45-b18)
# Java VM: Java HotSpot(TM) 64-Bit Server VM (24.45-b08 mixed mode bsd-amd64 compressed oops)
# Problematic frame:
# C  [librxtxSerial.jnilib+0x3c58]  read_byte_array+0x7f
#
# Failed to write core dump. Core dumps have been disabled. To enable core dumping, try "ulimit -c unlimited" before starting Java again
#
# If you would like to submit a bug report, please visit:
#   http://bugreport.sun.com/bugreport/crash.jsp
# The crash happened outside the Java Virtual Machine in native code.
# See problematic frame for where to report the bug.
#

---------------  T H R E A D  ---------------

Current thread (0x00007f832217e000):  JavaThread "Thread-5" [_thread_in_native, id=58883, stack(0x0000000123d01000,0x0000000123e01000)]

siginfo:si_signo=SIGSEGV: si_errno=0, si_code=1 (SEGV_MAPERR), si_addr=0x0000000123c7a7d8

Registers:
RAX=0x0000000123c7a7d0, RBX=0x000000077baa0958, RCX=0x0000000000000000, RDX=0x0000000000000002
RSP=0x0000000123e005d0, RBP=0x0000000123e00710, RSI=0x0000000121569544, RDI=0x0000000121569162
R8 =0x0000000000000065, R9 =0x00000007d621b4e8, R10=0x000000000000000c, R11=0x000000010f9bc178
R12=0x0000000000000000, R13=0x000000077baa0950, R14=0x0000000123e007d0, R15=0x00007f832217e000
RIP=0x0000000121565c58, EFLAGS=0x0000000000010202, ERR=0x0000000000000004
  TRAPNO=0x000000000000000e

Top of Stack: (sp=0x0000000123e005d0)
0x0000000123e005d0:   000000077baa8118 00000000000000e2
0x0000000123e005e0:   0000000123e00680 000000010f4b08fa
0x0000000123e005f0:   000000077af6c3d0 00000001ffffffff
0x0000000123e00600:   0000000123e00743 0000002020c24d98
0x0000000123e00610:   0000000123e00730 00007f832217e1e8
0x0000000123e00620:   00007f832217e000 0000000000000000
0x0000000123e00630:   0000000123e00630 00007f832217e000
0x0000000123e00640:   00007f832350d558 00007f832217e1e8
0x0000000123e00650:   0000000123e00680 000000010f4ab835
0x0000000123e00660:   0000000000000000 00007f832217e000
0x0000000123e00670:   000000077baa0958 0000000123e007d0
0x0000000123e00680:   0000000123e006e0 0000000121567c11
0x0000000123e00690:   0000000000000001 ffffffffffffffff
0x0000000123e006a0:   0000000121569160 0000000121569ac4
0x0000000123e006b0:   0000000123e007d0 00007f832217e1e8
0x0000000123e006c0:   0000000000000000 ffffffffffffffff
0x0000000123e006d0:   0000000000000000 0000000000000000
0x0000000123e006e0:   0000000123e00710 0000000021567c63
0x0000000123e006f0:   0000000123c7a7d0 0000000121569ac4
0x0000000123e00700:   0000000123e007d0 000000077baa0958
0x0000000123e00710:   0000000123e00750 000000012156607c
0x0000000123e00720:   000000077af44ad8 0000000000000000
0x0000000123e00730:   0000000123e007d0 00007f832217e1e8
0x0000000123e00740:   0000000123e00758 ffffffff00000020
0x0000000123e00750:   0000000123e007b0 0000000110612698
0x0000000123e00760:   0000000000000001 0000000000000000
0x0000000123e00770:   0000000123e00770 0000000000000000
0x0000000123e00780:   0000000123e007d0 000000077bab4cf0
0x0000000123e00790:   0000000000000000 000000077baa0958
0x0000000123e007a0:   0000000000000000 0000000123e007d0
0x0000000123e007b0:   0000000123e00828 00000001106061d4
0x0000000123e007c0:   0000000000000000 000000011060ecd6 

Instructions: (pc=0x0000000121565c58)
0x0000000121565c38:   bd 08 ff ff ff 48 8d 0d fe 38 00 00 48 8d 15 f9
0x0000000121565c48:   38 00 00 e8 88 1e 00 00 48 89 45 e0 48 8b 45 e0
0x0000000121565c58:   8b 40 08 89 45 d8 48 8b 45 e0 c7 40 08 00 00 00
0x0000000121565c68:   00 8b 85 ec fe ff ff 89 45 b0 83 bd e8 fe ff ff 

Register to memory mapping:

RAX=0x0000000123c7a7d0 is an unknown value
RBX=0x000000077baa0958 is an oop
{method} 
 - klass: {other class}
RCX=0x0000000000000000 is an unknown value
RDX=0x0000000000000002 is an unknown value
RSP=0x0000000123e005d0 is pointing into the stack for thread: 0x00007f832217e000
RBP=0x0000000123e00710 is pointing into the stack for thread: 0x00007f832217e000
RSI=0x0000000121569544: Java_gnu_io_CommPortIdentifier_native_1psmisc_1report_1owner+0x850 in /Library/Java/Extensions/librxtxSerial.jnilib at 0x0000000121562000
RDI=0x0000000121569162: Java_gnu_io_CommPortIdentifier_native_1psmisc_1report_1owner+0x46e in /Library/Java/Extensions/librxtxSerial.jnilib at 0x0000000121562000
R8 =0x0000000000000065 is an unknown value
R9 =0x00000007d621b4e8 is an oop
gnu.io.RXTXPort 
 - klass: 'gnu/io/RXTXPort'
R10=0x000000000000000c is an unknown value
R11=0x000000010f9bc178: _ZN20SafepointSynchronize18_safepoint_counterE+0 in /Library/Java/JavaVirtualMachines/jdk1.7.0_45.jdk/Contents/Home/jre/lib/server/libjvm.dylib at 0x000000010f1b0000
R12=0x0000000000000000 is an unknown value
R13=0x000000077baa0950 is pointing into object: 0x000000077baa0910
{constMethod} 
 - klass: {other class}
 - constants:       0x000000077ba9c7c8 constant pool [551] for 'gnu/io/RXTXPort' cache=0x000000077bab4cf0
R14=0x0000000123e007d0 is pointing into the stack for thread: 0x00007f832217e000
R15=0x00007f832217e000 is a thread


Stack: [0x0000000123d01000,0x0000000123e01000],  sp=0x0000000123e005d0,  free space=1021k
Native frames: (J=compiled Java code, j=interpreted, Vv=VM code, C=native code)
C  [librxtxSerial.jnilib+0x3c58]  read_byte_array+0x7f
C  [librxtxSerial.jnilib+0x407c]  Java_gnu_io_RXTXPort_readByte+0x6c
j  gnu.io.RXTXPort.readByte()I+0
j  gnu.io.RXTXPort$SerialInputStream.read()I+61
j  rtpmt.sensor.reader.SerialPort.read()B+6
j  rtpmt.motes.packet.Packetizer.readFramedPacket()[B+79
j  rtpmt.motes.packet.Packetizer.run()V+1
j  java.lang.Thread.run()V+11
v  ~StubRoutines::call_stub
V  [libjvm.dylib+0x2d6d90]
V  [libjvm.dylib+0x2d72a7]
V  [libjvm.dylib+0x2d73e4]
V  [libjvm.dylib+0x3263ca]
V  [libjvm.dylib+0x4efb47]
V  [libjvm.dylib+0x4f124f]
V  [libjvm.dylib+0x41b1c6]
C  [libsystem_pthread.dylib+0x1899]  _pthread_body+0x8a
C  [libsystem_pthread.dylib+0x172a]  _pthread_struct_init+0x0
C  [libsystem_pthread.dylib+0x5fc9]  thread_start+0xd

Java frames: (J=compiled Java code, j=interpreted, Vv=VM code)
j  gnu.io.RXTXPort.readByte()I+0
j  gnu.io.RXTXPort$SerialInputStream.read()I+61
j  rtpmt.sensor.reader.SerialPort.read()B+6
j  rtpmt.motes.packet.Packetizer.readFramedPacket()[B+79
j  rtpmt.motes.packet.Packetizer.run()V+1
j  java.lang.Thread.run()V+11
v  ~StubRoutines::call_stub

---------------  P R O C E S S  ---------------

Java Threads: ( => current thread )
  0x00007f8321a0d800 JavaThread "Thread-1" [_thread_blocked, id=59395, stack(0x0000000123e04000,0x0000000123f04000)]
=>0x00007f832217e000 JavaThread "Thread-5" [_thread_in_native, id=58883, stack(0x0000000123d01000,0x0000000123e01000)]
  0x00007f83218c8000 JavaThread "Thread-2" [_thread_in_native, id=56579, stack(0x00000001238f2000,0x00000001239f2000)]
  0x00007f8322080800 JavaThread "TimerQueue" daemon [_thread_blocked, id=50439, stack(0x000000011fac2000,0x000000011fbc2000)]
  0x00007f832100a000 JavaThread "DestroyJavaVM" [_thread_blocked, id=6915, stack(0x000000010fc1a000,0x000000010fd1a000)]
  0x00007f8322084000 JavaThread "AWT-EventQueue-0" [_thread_blocked, id=49923, stack(0x000000011f89f000,0x000000011f99f000)]
  0x00007f832209c800 JavaThread "Java2D Disposer" daemon [_thread_blocked, id=48435, stack(0x000000011f513000,0x000000011f613000)]
  0x00007f83218ab000 JavaThread "Java2D Queue Flusher" daemon [_thread_blocked, id=47367, stack(0x000000011e7d1000,0x000000011e8d1000)]
  0x00007f832289b800 JavaThread "AWT-Shutdown" [_thread_blocked, id=28171, stack(0x000000011be44000,0x000000011bf44000)]
  0x00007f83228a7800 JavaThread "AppKit Thread" daemon [_thread_in_native, id=1287, stack(0x00007fff50ace000,0x00007fff50b4e000)]
  0x00007f8322011000 JavaThread "Service Thread" daemon [_thread_blocked, id=19459, stack(0x000000011a230000,0x000000011a330000)]
  0x00007f8322010000 JavaThread "C2 CompilerThread1" daemon [_thread_blocked, id=18947, stack(0x000000011a12d000,0x000000011a22d000)]
  0x00007f832200e800 JavaThread "C2 CompilerThread0" daemon [_thread_blocked, id=18435, stack(0x000000011a02a000,0x000000011a12a000)]
  0x00007f8321847000 JavaThread "Signal Dispatcher" daemon [_thread_blocked, id=17923, stack(0x0000000119f27000,0x000000011a027000)]
  0x00007f8321843000 JavaThread "Finalizer" daemon [_thread_blocked, id=13059, stack(0x0000000119cee000,0x0000000119dee000)]
  0x00007f8321840000 JavaThread "Reference Handler" daemon [_thread_blocked, id=12547, stack(0x0000000119beb000,0x0000000119ceb000)]

Other Threads:
  0x00007f8322005000 VMThread [stack: 0x0000000119ae8000,0x0000000119be8000] [id=12035]
  0x00007f8322011800 WatcherThread [stack: 0x000000011a333000,0x000000011a433000] [id=19971]

VM state:not at safepoint (normal execution)

VM Mutex/Monitor currently owned by a thread: None

Heap
 PSYoungGen      total 38912K, used 18427K [0x00000007d5500000, 0x00000007d8000000, 0x0000000800000000)
  eden space 33792K, 54% used [0x00000007d5500000,0x00000007d66fec68,0x00000007d7600000)
  from space 5120K, 0% used [0x00000007d7b00000,0x00000007d7b00000,0x00000007d8000000)
  to   space 5120K, 0% used [0x00000007d7600000,0x00000007d7600000,0x00000007d7b00000)
 ParOldGen       total 87040K, used 0K [0x0000000780000000, 0x0000000785500000, 0x00000007d5500000)
  object space 87040K, 0% used [0x0000000780000000,0x0000000780000000,0x0000000785500000)
 PSPermGen       total 21504K, used 14156K [0x000000077ae00000, 0x000000077c300000, 0x0000000780000000)
  object space 21504K, 65% used [0x000000077ae00000,0x000000077bbd3028,0x000000077c300000)

Card table byte_map: [0x00000001136c0000,0x0000000113aea000] byte_map_base: 0x000000010fae9000

Polling page: 0x000000010fd59000

Code Cache  [0x0000000110600000, 0x0000000110870000, 0x0000000113600000)
 total_blobs=577 nmethods=92 adapters=439 free_code_cache=48461Kb largest_free_block=49601280

Compilation events (10 events):
Event: 8.975 Thread 0x00007f8322010000   88             java.lang.AbstractStringBuilder::append (48 bytes)
Event: 8.980 Thread 0x00007f8322010000 nmethod 88 0x000000011069ea10 code [0x000000011069eb80, 0x000000011069ef58]
Event: 9.133 Thread 0x00007f832200e800   89             java.util.regex.Matcher::reset (83 bytes)
Event: 9.136 Thread 0x00007f832200e800 nmethod 89 0x00000001106ae710 code [0x00000001106ae860, 0x00000001106ae9d8]
Event: 9.136 Thread 0x00007f832200e800   90             java.lang.StringBuilder::append (8 bytes)
Event: 9.141 Thread 0x00007f832200e800 nmethod 90 0x00000001106ab050 code [0x00000001106ab1c0, 0x00000001106ab598]
Event: 9.148 Thread 0x00007f8322010000   91             sun.nio.cs.UTF_8$Encoder::encodeArrayLoop (489 bytes)
Event: 9.154 Thread 0x00007f832200e800   92             java.util.regex.Matcher::search (109 bytes)
Event: 9.158 Thread 0x00007f832200e800 nmethod 92 0x00000001106aa9d0 code [0x00000001106aab40, 0x00000001106aae18]
Event: 9.161 Thread 0x00007f8322010000 nmethod 91 0x00000001106af4d0 code [0x00000001106af6c0, 0x00000001106afe80]

GC Heap History (0 events):
No events

Deoptimization events (8 events):
Event: 0.545 Thread 0x00007f8322084000 Uncommon trap: reason=bimorphic action=maybe_recompile pc=0x00000001106851f4 method=java.util.HashMap.put(Ljava/lang/Object;Ljava/lang/Object;)Ljava/lang/Object; @ 137
Event: 0.546 Thread 0x00007f8322084000 Uncommon trap: reason=bimorphic action=maybe_recompile pc=0x00000001106851f4 method=java.util.HashMap.put(Ljava/lang/Object;Ljava/lang/Object;)Ljava/lang/Object; @ 137
Event: 1.075 Thread 0x00007f8322084000 Uncommon trap: reason=class_check action=maybe_recompile pc=0x000000011067ab10 method=java.lang.String.equals(Ljava/lang/Object;)Z @ 8
Event: 1.110 Thread 0x00007f8322084000 Uncommon trap: reason=class_check action=maybe_recompile pc=0x000000011067ab10 method=java.lang.String.equals(Ljava/lang/Object;)Z @ 8
Event: 1.111 Thread 0x00007f8322084000 Uncommon trap: reason=class_check action=maybe_recompile pc=0x000000011067ab10 method=java.lang.String.equals(Ljava/lang/Object;)Z @ 8
Event: 1.112 Thread 0x00007f8322084000 Uncommon trap: reason=class_check action=maybe_recompile pc=0x000000011067ab10 method=java.lang.String.equals(Ljava/lang/Object;)Z @ 8
Event: 1.127 Thread 0x00007f8322084000 Uncommon trap: reason=bimorphic action=maybe_recompile pc=0x00000001106851f4 method=java.util.HashMap.put(Ljava/lang/Object;Ljava/lang/Object;)Ljava/lang/Object; @ 137
Event: 1.249 Thread 0x00007f8322084000 Uncommon trap: reason=bimorphic action=maybe_recompile pc=0x00000001106851f4 method=java.util.HashMap.put(Ljava/lang/Object;Ljava/lang/Object;)Ljava/lang/Object; @ 137

Internal exceptions (10 events):
Event: 9.159 Thread 0x00007f832217e000 Threw 0x00000007d664fef0 at /HUDSON/workspace/7u-2-build-macosx-x86_64/jdk7u45/229/hotspot/src/share/vm/prims/jni.cpp:743
Event: 9.160 Thread 0x00007f832217e000 Threw 0x00000007d6656e00 at /HUDSON/workspace/7u-2-build-macosx-x86_64/jdk7u45/229/hotspot/src/share/vm/prims/jni.cpp:743
Event: 9.161 Thread 0x00007f832217e000 Threw 0x00000007d665da80 at /HUDSON/workspace/7u-2-build-macosx-x86_64/jdk7u45/229/hotspot/src/share/vm/prims/jni.cpp:743
Event: 9.162 Thread 0x00007f832217e000 Threw 0x00000007d6664700 at /HUDSON/workspace/7u-2-build-macosx-x86_64/jdk7u45/229/hotspot/src/share/vm/prims/jni.cpp:743
Event: 9.163 Thread 0x00007f832217e000 Threw 0x00000007d666b380 at /HUDSON/workspace/7u-2-build-macosx-x86_64/jdk7u45/229/hotspot/src/share/vm/prims/jni.cpp:743
Event: 9.164 Thread 0x00007f832217e000 Threw 0x00000007d6672000 at /HUDSON/workspace/7u-2-build-macosx-x86_64/jdk7u45/229/hotspot/src/share/vm/prims/jni.cpp:743
Event: 9.165 Thread 0x00007f832217e000 Threw 0x00000007d6678c80 at /HUDSON/workspace/7u-2-build-macosx-x86_64/jdk7u45/229/hotspot/src/share/vm/prims/jni.cpp:743
Event: 9.166 Thread 0x00007f832217e000 Threw 0x00000007d667f900 at /HUDSON/workspace/7u-2-build-macosx-x86_64/jdk7u45/229/hotspot/src/share/vm/prims/jni.cpp:743
Event: 9.167 Thread 0x00007f832217e000 Threw 0x00000007d6686580 at /HUDSON/workspace/7u-2-build-macosx-x86_64/jdk7u45/229/hotspot/src/share/vm/prims/jni.cpp:743
Event: 9.167 Thread 0x00007f832217e000 Threw 0x00000007d668d200 at /HUDSON/workspace/7u-2-build-macosx-x86_64/jdk7u45/229/hotspot/src/share/vm/prims/jni.cpp:743

Events (10 events):
Event: 9.130 loading class 0x00007f8321a39e70
Event: 9.130 loading class 0x00007f8321a39e70 done
Event: 9.131 loading class 0x00007f83228bb3d0
Event: 9.131 loading class 0x00007f83228bb3d0 done
Event: 9.147 Executing VM operation: BulkRevokeBias
Event: 9.147 Executing VM operation: BulkRevokeBias done
Event: 9.156 Thread 0x00007f832217c800 Thread exited: 0x00007f832217c800
Event: 9.166 Executing VM operation: BulkRevokeBias
Event: 9.166 Executing VM operation: BulkRevokeBias done
Event: 9.168 Thread 0x00007f832217d800 Thread exited: 0x00007f832217d800


Dynamic libraries:
0x0000000009e4a000 	/System/Library/Frameworks/Cocoa.framework/Versions/A/Cocoa
0x0000000009e4a000 	/System/Library/Frameworks/Security.framework/Versions/A/Security
0x0000000009e4a000 	/System/Library/Frameworks/ApplicationServices.framework/Versions/A/ApplicationServices
0x0000000009e4a000 	/usr/lib/libz.1.dylib
0x0000000009e4a000 	/usr/lib/libSystem.B.dylib
0x0000000009e4a000 	/usr/lib/libobjc.A.dylib
0x0000000009e4a000 	/System/Library/Frameworks/CoreFoundation.framework/Versions/A/CoreFoundation
0x0000000009e4a000 	/System/Library/Frameworks/Foundation.framework/Versions/C/Foundation
0x0000000009e4a000 	/System/Library/Frameworks/AppKit.framework/Versions/C/AppKit
0x0000000009e4a000 	/System/Library/Frameworks/CoreData.framework/Versions/A/CoreData
0x0000000009e4a000 	/System/Library/PrivateFrameworks/RemoteViewServices.framework/Versions/A/RemoteViewServices
0x0000000009e4a000 	/System/Library/Frameworks/AudioToolbox.framework/Versions/A/AudioToolbox
0x0000000009e4a000 	/System/Library/Frameworks/AudioUnit.framework/Versions/A/AudioUnit
0x0000000009e4a000 	/System/Library/PrivateFrameworks/DataDetectorsCore.framework/Versions/A/DataDetectorsCore
0x0000000009e4a000 	/System/Library/PrivateFrameworks/DesktopServicesPriv.framework/Versions/A/DesktopServicesPriv
0x0000000009e4a000 	/System/Library/Frameworks/Carbon.framework/Versions/A/Frameworks/HIToolbox.framework/Versions/A/HIToolbox
0x0000000009e4a000 	/System/Library/Frameworks/QuartzCore.framework/Versions/A/QuartzCore
0x0000000009e4a000 	/System/Library/Frameworks/Carbon.framework/Versions/A/Frameworks/SpeechRecognition.framework/Versions/A/SpeechRecognition
0x0000000009e4a000 	/usr/lib/libauto.dylib
0x0000000009e4a000 	/usr/lib/libicucore.A.dylib
0x0000000009e4a000 	/usr/lib/libxml2.2.dylib
0x0000000009e4a000 	/System/Library/PrivateFrameworks/CoreUI.framework/Versions/A/CoreUI
0x0000000009e4a000 	/System/Library/Frameworks/CoreAudio.framework/Versions/A/CoreAudio
0x0000000009e4a000 	/System/Library/Frameworks/DiskArbitration.framework/Versions/A/DiskArbitration
0x0000000009e4a000 	/usr/lib/liblangid.dylib
0x0000000009e4a000 	/System/Library/PrivateFrameworks/MultitouchSupport.framework/Versions/A/MultitouchSupport
0x0000000009e4a000 	/System/Library/Frameworks/IOKit.framework/Versions/A/IOKit
0x0000000009e4a000 	/usr/lib/libDiagnosticMessagesClient.dylib
0x0000000009e4a000 	/System/Library/Frameworks/CoreServices.framework/Versions/A/CoreServices
0x0000000009e4a000 	/System/Library/PrivateFrameworks/PerformanceAnalysis.framework/Versions/A/PerformanceAnalysis
0x0000000009e4a000 	/System/Library/PrivateFrameworks/GenerationalStorage.framework/Versions/A/GenerationalStorage
0x0000000009e4a000 	/System/Library/Frameworks/OpenGL.framework/Versions/A/OpenGL
0x0000000009e4a000 	/System/Library/PrivateFrameworks/Sharing.framework/Versions/A/Sharing
0x0000000009e4a000 	/System/Library/Frameworks/ImageIO.framework/Versions/A/ImageIO
0x0000000009e4a000 	/System/Library/Frameworks/CoreText.framework/Versions/A/CoreText
0x0000000009e4a000 	/System/Library/Frameworks/CoreGraphics.framework/Versions/A/CoreGraphics
0x0000000009e4a000 	/System/Library/PrivateFrameworks/Backup.framework/Versions/A/Backup
0x0000000009e4a000 	/System/Library/Frameworks/CFNetwork.framework/Versions/A/CFNetwork
0x0000000009e4a000 	/System/Library/Frameworks/SystemConfiguration.framework/Versions/A/SystemConfiguration
0x0000000009e4a000 	/usr/lib/libCRFSuite.dylib
0x0000000009e4a000 	/usr/lib/libc++.1.dylib
0x0000000009e4a000 	/usr/lib/libc++abi.dylib
0x0000000009e4a000 	/usr/lib/system/libcache.dylib
0x0000000009e4a000 	/usr/lib/system/libcommonCrypto.dylib
0x0000000009e4a000 	/usr/lib/system/libcompiler_rt.dylib
0x0000000009e4a000 	/usr/lib/system/libcopyfile.dylib
0x0000000009e4a000 	/usr/lib/system/libcorecrypto.dylib
0x0000000009e4a000 	/usr/lib/system/libdispatch.dylib
0x0000000009e4a000 	/usr/lib/system/libdyld.dylib
0x0000000009e4a000 	/usr/lib/system/libkeymgr.dylib
0x0000000009e4a000 	/usr/lib/system/liblaunch.dylib
0x0000000009e4a000 	/usr/lib/system/libmacho.dylib
0x0000000009e4a000 	/usr/lib/system/libquarantine.dylib
0x0000000009e4a000 	/usr/lib/system/libremovefile.dylib
0x0000000009e4a000 	/usr/lib/system/libsystem_asl.dylib
0x0000000009e4a000 	/usr/lib/system/libsystem_blocks.dylib
0x0000000009e4a000 	/usr/lib/system/libsystem_c.dylib
0x0000000009e4a000 	/usr/lib/system/libsystem_configuration.dylib
0x0000000009e4a000 	/usr/lib/system/libsystem_dnssd.dylib
0x0000000009e4a000 	/usr/lib/system/libsystem_info.dylib
0x0000000009e4a000 	/usr/lib/system/libsystem_kernel.dylib
0x0000000009e4a000 	/usr/lib/system/libsystem_m.dylib
0x0000000009e4a000 	/usr/lib/system/libsystem_malloc.dylib
0x0000000009e4a000 	/usr/lib/system/libsystem_network.dylib
0x0000000009e4a000 	/usr/lib/system/libsystem_notify.dylib
0x0000000009e4a000 	/usr/lib/system/libsystem_platform.dylib
0x0000000009e4a000 	/usr/lib/system/libsystem_pthread.dylib
0x0000000009e4a000 	/usr/lib/system/libsystem_sandbox.dylib
0x0000000009e4a000 	/usr/lib/system/libsystem_stats.dylib
0x0000000009e4a000 	/usr/lib/system/libunc.dylib
0x0000000009e4a000 	/usr/lib/system/libunwind.dylib
0x0000000009e4a000 	/usr/lib/system/libxpc.dylib
0x0000000009e4a000 	/usr/lib/libbsm.0.dylib
0x0000000009e4a000 	/usr/lib/libsqlite3.dylib
0x0000000009e4a000 	/usr/lib/libxar.1.dylib
0x0000000009e4a000 	/usr/lib/libpam.2.dylib
0x0000000009e4a000 	/usr/lib/libOpenScriptingUtil.dylib
0x0000000009e4a000 	/usr/lib/libbz2.1.0.dylib
0x0000000009e4a000 	/System/Library/Frameworks/CoreServices.framework/Versions/A/Frameworks/CarbonCore.framework/Versions/A/CarbonCore
0x0000000009e4a000 	/System/Library/Frameworks/CoreServices.framework/Versions/A/Frameworks/Metadata.framework/Versions/A/Metadata
0x0000000009e4a000 	/System/Library/Frameworks/CoreServices.framework/Versions/A/Frameworks/OSServices.framework/Versions/A/OSServices
0x0000000009e4a000 	/System/Library/Frameworks/CoreServices.framework/Versions/A/Frameworks/SearchKit.framework/Versions/A/SearchKit
0x0000000009e4a000 	/System/Library/Frameworks/CoreServices.framework/Versions/A/Frameworks/AE.framework/Versions/A/AE
0x0000000009e4a000 	/System/Library/Frameworks/CoreServices.framework/Versions/A/Frameworks/LaunchServices.framework/Versions/A/LaunchServices
0x0000000009e4a000 	/System/Library/Frameworks/CoreServices.framework/Versions/A/Frameworks/DictionaryServices.framework/Versions/A/DictionaryServices
0x0000000009e4a000 	/System/Library/Frameworks/NetFS.framework/Versions/A/NetFS
0x0000000009e4a000 	/usr/lib/system/libkxld.dylib
0x0000000009e4a000 	/System/Library/PrivateFrameworks/NetAuth.framework/Versions/A/NetAuth
0x0000000009e4a000 	/System/Library/PrivateFrameworks/TCC.framework/Versions/A/TCC
0x0000000009e4a000 	/System/Library/Frameworks/OpenDirectory.framework/Versions/A/Frameworks/CFOpenDirectory.framework/Versions/A/CFOpenDirectory
0x0000000009e4a000 	/System/Library/Frameworks/ServiceManagement.framework/Versions/A/ServiceManagement
0x0000000009e4a000 	/usr/lib/libxslt.1.dylib
0x0000000009e4a000 	/System/Library/Frameworks/Carbon.framework/Versions/A/Frameworks/Ink.framework/Versions/A/Ink
0x0000000009e4a000 	/System/Library/Frameworks/ApplicationServices.framework/Versions/A/Frameworks/ATS.framework/Versions/A/ATS
0x0000000009e4a000 	/System/Library/Frameworks/ApplicationServices.framework/Versions/A/Frameworks/ColorSync.framework/Versions/A/ColorSync
0x0000000009e4a000 	/System/Library/Frameworks/ApplicationServices.framework/Versions/A/Frameworks/HIServices.framework/Versions/A/HIServices
0x0000000009e4a000 	/System/Library/Frameworks/ApplicationServices.framework/Versions/A/Frameworks/LangAnalysis.framework/Versions/A/LangAnalysis
0x0000000009e4a000 	/System/Library/Frameworks/ApplicationServices.framework/Versions/A/Frameworks/PrintCore.framework/Versions/A/PrintCore
0x0000000009e4a000 	/System/Library/Frameworks/ApplicationServices.framework/Versions/A/Frameworks/QD.framework/Versions/A/QD
0x0000000009e4a000 	/System/Library/Frameworks/ApplicationServices.framework/Versions/A/Frameworks/SpeechSynthesis.framework/Versions/A/SpeechSynthesis
0x0000000009e4a000 	/System/Library/Frameworks/IOSurface.framework/Versions/A/IOSurface
0x0000000009e4a000 	/System/Library/Frameworks/Accelerate.framework/Versions/A/Accelerate
0x0000000009e4a000 	/System/Library/Frameworks/Accelerate.framework/Versions/A/Frameworks/vImage.framework/Versions/A/vImage
0x0000000009e4a000 	/System/Library/Frameworks/Accelerate.framework/Versions/A/Frameworks/vecLib.framework/Versions/A/vecLib
0x0000000009e4a000 	/System/Library/Frameworks/Accelerate.framework/Versions/A/Frameworks/vecLib.framework/Versions/A/libvDSP.dylib
0x0000000009e4a000 	/System/Library/Frameworks/Accelerate.framework/Versions/A/Frameworks/vecLib.framework/Versions/A/libvMisc.dylib
0x0000000009e4a000 	/System/Library/Frameworks/Accelerate.framework/Versions/A/Frameworks/vecLib.framework/Versions/A/libLAPACK.dylib
0x0000000009e4a000 	/System/Library/Frameworks/Accelerate.framework/Versions/A/Frameworks/vecLib.framework/Versions/A/libBLAS.dylib
0x0000000009e4a000 	/System/Library/Frameworks/ApplicationServices.framework/Versions/A/Frameworks/ATS.framework/Versions/A/Resources/libFontParser.dylib
0x0000000009e4a000 	/System/Library/Frameworks/ApplicationServices.framework/Versions/A/Frameworks/ATS.framework/Versions/A/Resources/libFontRegistry.dylib
0x0000000009e4a000 	/System/Library/Frameworks/ImageIO.framework/Versions/A/Resources/libJPEG.dylib
0x0000000009e4a000 	/System/Library/Frameworks/ImageIO.framework/Versions/A/Resources/libTIFF.dylib
0x0000000009e4a000 	/System/Library/Frameworks/ImageIO.framework/Versions/A/Resources/libPng.dylib
0x0000000009e4a000 	/System/Library/Frameworks/ImageIO.framework/Versions/A/Resources/libGIF.dylib
0x0000000009e4a000 	/System/Library/Frameworks/ImageIO.framework/Versions/A/Resources/libJP2.dylib
0x0000000009e4a000 	/System/Library/Frameworks/ImageIO.framework/Versions/A/Resources/libRadiance.dylib
0x0000000009e4a000 	/usr/lib/libcups.2.dylib
0x0000000009e4a000 	/System/Library/Frameworks/Kerberos.framework/Versions/A/Kerberos
0x0000000009e4a000 	/System/Library/Frameworks/GSS.framework/Versions/A/GSS
0x0000000009e4a000 	/usr/lib/libresolv.9.dylib
0x0000000009e4a000 	/usr/lib/libiconv.2.dylib
0x0000000009e4a000 	/System/Library/PrivateFrameworks/Heimdal.framework/Versions/A/Heimdal
0x0000000009e4a000 	/System/Library/PrivateFrameworks/TrustEvaluationAgent.framework/Versions/A/TrustEvaluationAgent
0x0000000009e4a000 	/usr/lib/libheimdal-asn1.dylib
0x0000000009e4a000 	/System/Library/Frameworks/OpenDirectory.framework/Versions/A/OpenDirectory
0x0000000009e4a000 	/System/Library/PrivateFrameworks/CommonAuth.framework/Versions/A/CommonAuth
0x0000000009e4a000 	/System/Library/Frameworks/SecurityFoundation.framework/Versions/A/SecurityFoundation
0x0000000009e4a000 	/System/Library/PrivateFrameworks/Bom.framework/Versions/A/Bom
0x0000000009e4a000 	/System/Library/Frameworks/CoreVideo.framework/Versions/A/CoreVideo
0x0000000009e4a000 	/System/Library/Frameworks/QuartzCore.framework/Versions/A/Frameworks/CoreImage.framework/Versions/A/CoreImage
0x0000000009e4a000 	/System/Library/Frameworks/QuartzCore.framework/Versions/A/Frameworks/ScalableUserInterface.framework/Versions/A/ScalableUserInterface
0x0000000009e4a000 	/System/Library/Frameworks/OpenGL.framework/Versions/A/Libraries/libGLU.dylib
0x0000000009e4a000 	/System/Library/Frameworks/OpenGL.framework/Versions/A/Libraries/libGFXShared.dylib
0x0000000009e4a000 	/System/Library/Frameworks/OpenGL.framework/Versions/A/Libraries/libGL.dylib
0x0000000009e4a000 	/System/Library/Frameworks/OpenGL.framework/Versions/A/Libraries/libGLImage.dylib
0x0000000009e4a000 	/System/Library/Frameworks/OpenGL.framework/Versions/A/Libraries/libCVMSPluginSupport.dylib
0x0000000009e4a000 	/System/Library/Frameworks/OpenGL.framework/Versions/A/Libraries/libCoreVMClient.dylib
0x0000000009e4a000 	/System/Library/PrivateFrameworks/FaceCore.framework/Versions/A/FaceCore
0x0000000009e4a000 	/System/Library/PrivateFrameworks/CrashReporterSupport.framework/Versions/A/CrashReporterSupport
0x0000000009e4a000 	/System/Library/Frameworks/OpenCL.framework/Versions/A/OpenCL
0x0000000009e4a000 	/System/Library/PrivateFrameworks/AppleFSCompression.framework/Versions/A/AppleFSCompression
0x0000000009e4a000 	/System/Library/PrivateFrameworks/Ubiquity.framework/Versions/A/Ubiquity
0x0000000009e4a000 	/System/Library/PrivateFrameworks/IconServices.framework/Versions/A/IconServices
0x0000000009e4a000 	/System/Library/PrivateFrameworks/ChunkingLibrary.framework/Versions/A/ChunkingLibrary
0x0000000009e4a000 	/System/Library/PrivateFrameworks/CoreSymbolication.framework/Versions/A/CoreSymbolication
0x0000000009e4a000 	/System/Library/PrivateFrameworks/Symbolication.framework/Versions/A/Symbolication
0x0000000009e4a000 	/System/Library/PrivateFrameworks/DebugSymbols.framework/Versions/A/DebugSymbols
0x000000010f1b0000 	/Library/Java/JavaVirtualMachines/jdk1.7.0_45.jdk/Contents/Home/jre/lib/server/libjvm.dylib
0x0000000009e4a000 	/usr/lib/libstdc++.6.dylib
0x000000010fd1c000 	/Library/Java/JavaVirtualMachines/jdk1.7.0_45.jdk/Contents/Home/jre/lib/libverify.dylib
0x000000010fd29000 	/Library/Java/JavaVirtualMachines/jdk1.7.0_45.jdk/Contents/Home/jre/lib/libjava.dylib
0x000000010fd63000 	/Library/Java/JavaVirtualMachines/jdk1.7.0_45.jdk/Contents/Home/jre/lib/libzip.dylib
0x000000010fde8000 	/System/Library/Frameworks/JavaVM.framework/Frameworks/JavaRuntimeSupport.framework/JavaRuntimeSupport
0x0000000119df0000 	/System/Library/Frameworks/JavaVM.framework/Versions/A/Frameworks/JavaNativeFoundation.framework/Versions/A/JavaNativeFoundation
0x0000000119e05000 	/System/Library/Frameworks/JavaVM.framework/Versions/A/JavaVM
0x0000000009e4a000 	/System/Library/Frameworks/Carbon.framework/Versions/A/Carbon
0x0000000119e12000 	/System/Library/PrivateFrameworks/JavaLaunching.framework/Versions/A/JavaLaunching
0x0000000009e4a000 	/System/Library/Frameworks/Carbon.framework/Versions/A/Frameworks/CommonPanels.framework/Versions/A/CommonPanels
0x0000000009e4a000 	/System/Library/Frameworks/Carbon.framework/Versions/A/Frameworks/Help.framework/Versions/A/Help
0x0000000009e4a000 	/System/Library/Frameworks/Carbon.framework/Versions/A/Frameworks/ImageCapture.framework/Versions/A/ImageCapture
0x0000000009e4a000 	/System/Library/Frameworks/Carbon.framework/Versions/A/Frameworks/OpenScripting.framework/Versions/A/OpenScripting
0x0000000009e4a000 	/System/Library/Frameworks/Carbon.framework/Versions/A/Frameworks/Print.framework/Versions/A/Print
0x0000000009e4a000 	/System/Library/Frameworks/Carbon.framework/Versions/A/Frameworks/SecurityHI.framework/Versions/A/SecurityHI
0x000000011a4b3000 	/Library/Java/JavaVirtualMachines/jdk1.7.0_45.jdk/Contents/Home/jre/lib/libawt.dylib
0x000000011a562000 	/Library/Java/JavaVirtualMachines/jdk1.7.0_45.jdk/Contents/Home/jre/lib/./libmlib_image.dylib
0x000000011a62e000 	/Library/Java/JavaVirtualMachines/jdk1.7.0_45.jdk/Contents/Home/jre/lib/lwawt/liblwawt.dylib
0x000000011a6e2000 	/Library/Java/JavaVirtualMachines/jdk1.7.0_45.jdk/Contents/Home/jre/lib/libosxapp.dylib
0x0000000009e4a000 	/System/Library/Frameworks/ExceptionHandling.framework/Versions/A/ExceptionHandling
0x0000000009e4a000 	/System/Library/PrivateFrameworks/CoreServicesInternal.framework/Versions/A/CoreServicesInternal
0x0000000009e4a000 	/System/Library/PrivateFrameworks/Librarian.framework/Versions/A/Librarian
0x0000000009e4a000 	/System/Library/Frameworks/CoreGraphics.framework/Versions/A/Resources/libCGCMS.A.dylib
0x0000000009e4a000 	/System/Library/Frameworks/CoreGraphics.framework/Versions/A/Resources/libRIP.A.dylib
0x0000000009e4a000 	/System/Library/Frameworks/CoreGraphics.framework/Versions/A/Resources/libCGXType.A.dylib
0x0000000009e4a000 	/System/Library/PrivateFrameworks/FamilyControls.framework/Versions/A/FamilyControls
0x0000000009e4a000 	/System/Library/PrivateFrameworks/CommerceKit.framework/Versions/A/Frameworks/CommerceCore.framework/Versions/A/CommerceCore
0x0000000009e4a000 	/System/Library/PrivateFrameworks/SystemAdministration.framework/Versions/A/SystemAdministration
0x0000000009e4a000 	/System/Library/Frameworks/DirectoryService.framework/Versions/A/DirectoryService
0x0000000009e4a000 	/System/Library/PrivateFrameworks/DiskImages.framework/Versions/A/DiskImages
0x0000000009e4a000 	/System/Library/PrivateFrameworks/LoginUIKit.framework/Versions/A/Frameworks/LoginUICore.framework/Versions/A/LoginUICore
0x0000000009e4a000 	/usr/lib/libCoreStorage.dylib
0x0000000009e4a000 	/usr/lib/libcsfde.dylib
0x0000000009e4a000 	/usr/lib/libodfde.dylib
0x0000000009e4a000 	/System/Library/Frameworks/DiscRecording.framework/Versions/A/DiscRecording
0x0000000009e4a000 	/usr/lib/libcurl.4.dylib
0x0000000009e4a000 	/System/Library/PrivateFrameworks/MediaKit.framework/Versions/A/MediaKit
0x0000000009e4a000 	/System/Library/PrivateFrameworks/EFILogin.framework/Versions/A/EFILogin
0x0000000009e4a000 	/usr/lib/libutil.dylib
0x0000000009e4a000 	/System/Library/PrivateFrameworks/AOSNotification.framework/Versions/A/AOSNotification
0x0000000009e4a000 	/System/Library/Frameworks/LDAP.framework/Versions/A/LDAP
0x0000000009e4a000 	/usr/lib/libsasl2.2.dylib
0x0000000009e4a000 	/usr/lib/libcrypto.0.9.8.dylib
0x0000000009e4a000 	/usr/lib/libssl.0.9.8.dylib
0x000000011e76c000 	/Library/Java/JavaVirtualMachines/jdk1.7.0_45.jdk/Contents/Home/jre/lib/libfontmanager.dylib
0x000000011bf6f000 	/Library/Java/JavaVirtualMachines/jdk1.7.0_45.jdk/Contents/Home/jre/lib/libosxui.dylib
0x0000000009e4a000 	/System/Library/Frameworks/OpenGL.framework/Versions/A/Resources/GLEngine.bundle/GLEngine
0x0000000009e4a000 	/System/Library/Frameworks/OpenGL.framework/Versions/A/Libraries/libGLProgrammability.dylib
0x0000000000000000 	/System/Library/Extensions/AppleIntelHD4000GraphicsGLDriver.bundle/Contents/MacOS/AppleIntelHD4000GraphicsGLDriver
0x0000000009e4a000 	/System/Library/PrivateFrameworks/IOAccelerator.framework/Versions/A/IOAccelerator
0x0000000009e4a000 	/System/Library/PrivateFrameworks/GPUSupport.framework/Versions/A/Libraries/libGPUSupportMercury.dylib
0x0000000009e4a000 	/System/Library/Frameworks/OpenGL.framework/Versions/A/Resources/GLRendererFloat.bundle/GLRendererFloat
0x0000000009e4a000 	/System/Library/Frameworks/OpenCL.framework/Versions/A/Libraries/libcldcpuengine.dylib
0x000000011f6ad000 	/Library/Java/JavaVirtualMachines/jdk1.7.0_45.jdk/Contents/Home/jre/lib/libnet.dylib
0x000000011fa35000 	/Library/Java/JavaVirtualMachines/jdk1.7.0_45.jdk/Contents/Home/jre/lib/libnio.dylib
0x0000000121562000 	/Library/Java/Extensions/librxtxSerial.jnilib
0x00000001242ee000 	/Library/Java/JavaVirtualMachines/jdk1.7.0_45.jdk/Contents/Home/jre/lib/libdcpr.dylib

VM Arguments:
jvm_args: -Dfile.encoding=UTF-8 
java_command: sensorconfiguration.swing.ui.MainUI
Launcher Type: SUN_STANDARD

Environment Variables:
PATH=/usr/bin:/bin:/usr/sbin:/sbin
LD_LIBRARY_PATH=/Library/Java/JavaVirtualMachines/jdk1.7.0_45.jdk/Contents/Home/jre/lib/amd64:/Library/Java/JavaVirtualMachines/jdk1.7.0_45.jdk/Contents/Home/jre/lib/i386:
SHELL=/bin/bash
DISPLAY=/tmp/launch-K4mirj/org.macosforge.xquartz:0
DYLD_LIBRARY_PATH=/Applications/NetBeans/NetBeans 7.4.app/Contents/Resources/NetBeans/webcommon/bin:

Signal Handlers:
SIGSEGV: [libjvm.dylib+0x525415], sa_mask[0]=0xfffefeff, sa_flags=0x00000043
SIGBUS: [libjvm.dylib+0x525415], sa_mask[0]=0xfffefeff, sa_flags=0x00000042
SIGFPE: [libjvm.dylib+0x41891a], sa_mask[0]=0xfffefeff, sa_flags=0x00000042
SIGPIPE: [libjvm.dylib+0x41891a], sa_mask[0]=0xfffefeff, sa_flags=0x00000042
SIGXFSZ: [libjvm.dylib+0x41891a], sa_mask[0]=0xfffefeff, sa_flags=0x00000042
SIGILL: [libjvm.dylib+0x41891a], sa_mask[0]=0xfffefeff, sa_flags=0x00000042
SIGUSR1: SIG_DFL, sa_mask[0]=0x00000000, sa_flags=0x00000002
SIGUSR2: [libjvm.dylib+0x41840c], sa_mask[0]=0x00000004, sa_flags=0x00000042
SIGHUP: [libjvm.dylib+0x41669b], sa_mask[0]=0xfffefeff, sa_flags=0x00000042
SIGINT: SIG_IGN, sa_mask[0]=0x00000000, sa_flags=0x00000000
SIGTERM: [libjvm.dylib+0x41669b], sa_mask[0]=0xfffefeff, sa_flags=0x00000042
SIGQUIT: [libjvm.dylib+0x41669b], sa_mask[0]=0xfffefeff, sa_flags=0x00000042


---------------  S Y S T E M  ---------------

OS:Bsduname:Darwin 13.0.0 Darwin Kernel Version 13.0.0: Thu Sep 19 22:22:27 PDT 2013; root:xnu-2422.1.72~6/RELEASE_X86_64 x86_64
rlimit: STACK 8192k, CORE 0k, NPROC 709, NOFILE 10240, AS infinity
load average:23.30 14.78 8.45

CPU:total 4 (2 cores per cpu, 2 threads per core) family 6 model 58 stepping 9, cmov, cx8, fxsr, mmx, sse, sse2, sse3, ssse3, sse4.1, sse4.2, popcnt, avx, aes, erms, ht, tsc, tscinvbit, tscinv

Memory: 4k page, physical 8388608k(2097152k free)

/proc/meminfo:


vm_info: Java HotSpot(TM) 64-Bit Server VM (24.45-b08) for bsd-amd64 JRE (1.7.0_45-b18), built on Oct  8 2013 05:54:16 by "java_re" with gcc 4.2.1 (Based on Apple Inc. build 5658) (LLVM build 2336.11.00)

time: Mon Nov 11 15:48:50 2013
elapsed time: 9 seconds

