#
# A fatal error has been detected by the Java Runtime Environment:
#
#  SIGSEGV (0xb) at pc=0x000000011eb7e223, pid=5847, tid=50947
#
# JRE version: Java(TM) SE Runtime Environment (7.0_45-b18) (build 1.7.0_45-b18)
# Java VM: Java HotSpot(TM) 64-Bit Server VM (24.45-b08 mixed mode bsd-amd64 compressed oops)
# Problematic frame:
# C  [librxtxSerial.jnilib+0x2223]  Java_gnu_io_RXTXPort_nativeDrain+0x117
#
# Failed to write core dump. Core dumps have been disabled. To enable core dumping, try "ulimit -c unlimited" before starting Java again
#
# If you would like to submit a bug report, please visit:
#   http://bugreport.sun.com/bugreport/crash.jsp
# The crash happened outside the Java Virtual Machine in native code.
# See problematic frame for where to report the bug.
#

---------------  T H R E A D  ---------------

Current thread (0x00007f89798f1800):  JavaThread "AWT-EventQueue-0" [_thread_in_native, id=50947, stack(0x000000011ab85000,0x000000011ac85000)]

siginfo:si_signo=SIGSEGV: si_errno=0, si_code=1 (SEGV_MAPERR), si_addr=0x000000012098e93c

Registers:
RAX=0x000000012098e7d0, RBX=0x000000077be70638, RCX=0x0000000000000000, RDX=0x0000000000000004
RSP=0x000000011ac81f40, RBP=0x000000011ac822e0, RSI=0x0000000000000007, RDI=0x000000011ac81e98
R8 =0x0000000000000004, R9 =0x00007fff9302b900, R10=0x00007fff92ff0348, R11=0x00007f885db88ec9
R12=0x0000000000000000, R13=0x000000077be70630, R14=0x000000011ac82370, R15=0x00007f89798f1800
RIP=0x000000011eb7e223, EFLAGS=0x0000000000010202, ERR=0x0000000000000004
  TRAPNO=0x000000000000000e

Top of Stack: (sp=0x000000011ac81f40)
0x000000011ac81f40:   0000000000000000 000000011ac83ac8
0x000000011ac81f50:   000000010b806233 000000010b805310
0x000000011ac81f60:   0000000100000000 000000011ac83b28
0x000000011ac81f70:   000000011ac83ad8 00007f89798f1800
0x000000011ac81f80:   000000011ac81fc0 000000010a680340
0x000000011ac81f90:   000000011ac82090 000000011ac82008
0x000000011ac81fa0:   00000007d575aab0 00007f89798f1800
0x000000011ac81fb0:   00000007d575aab0 000000077b10e488
0x000000011ac81fc0:   000000011ac82710 000000010a61f5e8
0x000000011ac81fd0:   000000701ac82010 000000010a6e54c0
0x000000011ac81fe0:   0000000000000005 000000010a6d6cc6
0x000000011ac81ff0:   0000000000000000 00007f89798f1800
0x000000011ac82000:   0000000000000004 000000077ae28c00
0x000000011ac82010:   000000011ac82040 000000010a6e38af
0x000000011ac82020:   00007f89798f1800 0000000000000000
0x000000011ac82030:   00000007d575aab0 00007f897870c1d8
0x000000011ac82040:   000000011ac82070 00007f89798f1800
0x000000011ac82050:   00007f89798f1800 000000010a7a1353
0x000000011ac82060:   00007f89798f1800 00007f8978602fc0
0x000000011ac82070:   000000011ac82720 000000010a760ea0
0x000000011ac82080:   00007f89798f19e8 00007f897870c1d8
0x000000011ac82090:   0000000000000000 000000077b10e488
0x000000011ac820a0:   000000011ac827f0 000000010a61f5e8
0x000000011ac820b0:   0000002a00000000 000000011ac83b28
0x000000011ac820c0:   000000011ac83ad8 00007f89798f1800
0x000000011ac820d0:   000000011ac82120 000000001ac82160
0x000000011ac820e0:   000000011ac82370 00007f89798f19e8
0x000000011ac820f0:   00000007d7610238 00000007d7610238
0x000000011ac82100:   000000011ac82140 000000010a70949e
0x000000011ac82110:   000000077ae0293a 00007f89798f1800
0x000000011ac82120:   00007f89798f1800 000000077b359b30
0x000000011ac82130:   000000011ac821c8 00007f89798f1800 

Instructions: (pc=0x000000011eb7e223)
0x000000011eb7e203:   fd ff ff 00 74 0f c7 85 6c fc ff ff 00 00 00 00
0x000000011eb7e213:   e9 99 00 00 00 48 83 7d f0 00 74 2a 48 8b 45 f0
0x000000011eb7e223:   8b 80 6c 01 00 00 85 c0 74 1c 48 8b 45 f0 c7 80
0x000000011eb7e233:   6c 01 00 00 00 00 00 00 48 8b 45 f0 c7 80 70 01 

Register to memory mapping:

RAX=0x000000012098e7d0 is an unknown value
RBX=0x000000077be70638 is an oop
{method} 
 - klass: {other class}
RCX=0x0000000000000000 is an unknown value
RDX=0x0000000000000004 is an unknown value
RSP=0x000000011ac81f40 is pointing into the stack for thread: 0x00007f89798f1800
RBP=0x000000011ac822e0 is pointing into the stack for thread: 0x00007f89798f1800
RSI=0x0000000000000007 is an unknown value
RDI=0x000000011ac81e98 is pointing into the stack for thread: 0x00007f89798f1800
R8 =0x0000000000000004 is an unknown value
R9 =0x00007fff9302b900: __vfprintf.xdigs_upper+0 in /usr/lib/system/libsystem_c.dylib at 0x00007fff92fa7000
R10=0x00007fff92ff0348: __vfprintf+0x4705 in /usr/lib/system/libsystem_c.dylib at 0x00007fff92fa7000
R11=0x00007f885db88ec9 is an unknown value
R12=0x0000000000000000 is an unknown value
R13=0x000000077be70630 is pointing into object: 0x000000077be705f0
{constMethod} 
 - klass: {other class}
 - constants:       0x000000077be6c658 constant pool [551] for 'gnu/io/RXTXPort' cache=0x000000077be80ff0
R14=0x000000011ac82370 is pointing into the stack for thread: 0x00007f89798f1800
R15=0x00007f89798f1800 is a thread


Stack: [0x000000011ab85000,0x000000011ac85000],  sp=0x000000011ac81f40,  free space=1011k
Native frames: (J=compiled Java code, j=interpreted, Vv=VM code, C=native code)
C  [librxtxSerial.jnilib+0x2223]  Java_gnu_io_RXTXPort_nativeDrain+0x117
j  gnu.io.RXTXPort.nativeDrain(Z)Z+0
j  gnu.io.RXTXPort$SerialOutputStream.flush()V+72
j  java.io.BufferedOutputStream.flush()V+8
j  java.io.FilterOutputStream.close()V+1
j  rtpmt.sensor.reader.SerialPort.close()V+11
j  rtpmt.motes.packet.BlackBoxReader.closeSource()V+4
j  rtpmt.motes.packet.AbstractSource.close()V+13
j  rtpmt.sensor.reader.SensorReader.close()V+4
j  sensorconfiguration.swing.ui.UIEventHandler.disConnectSensor()V+11
j  sensorconfiguration.swing.ui.SensorConfigurator.jButton5ActionPerformed(Ljava/awt/event/ActionEvent;)V+4
j  sensorconfiguration.swing.ui.SensorConfigurator.access$700(Lsensorconfiguration/swing/ui/SensorConfigurator;Ljava/awt/event/ActionEvent;)V+2
j  sensorconfiguration.swing.ui.SensorConfigurator$8.actionPerformed(Ljava/awt/event/ActionEvent;)V+5
j  javax.swing.AbstractButton.fireActionPerformed(Ljava/awt/event/ActionEvent;)V+84
j  javax.swing.AbstractButton$Handler.actionPerformed(Ljava/awt/event/ActionEvent;)V+5
j  javax.swing.DefaultButtonModel.fireActionPerformed(Ljava/awt/event/ActionEvent;)V+35
j  javax.swing.DefaultButtonModel.setPressed(Z)V+117
j  javax.swing.plaf.basic.BasicButtonListener.mouseReleased(Ljava/awt/event/MouseEvent;)V+35
j  java.awt.Component.processMouseEvent(Ljava/awt/event/MouseEvent;)V+64
j  javax.swing.JComponent.processMouseEvent(Ljava/awt/event/MouseEvent;)V+23
j  java.awt.Component.processEvent(Ljava/awt/AWTEvent;)V+81
j  java.awt.Container.processEvent(Ljava/awt/AWTEvent;)V+18
j  java.awt.Component.dispatchEventImpl(Ljava/awt/AWTEvent;)V+581
j  java.awt.Container.dispatchEventImpl(Ljava/awt/AWTEvent;)V+42
j  java.awt.Component.dispatchEvent(Ljava/awt/AWTEvent;)V+2
j  java.awt.LightweightDispatcher.retargetMouseEvent(Ljava/awt/Component;ILjava/awt/event/MouseEvent;)V+327
j  java.awt.LightweightDispatcher.processMouseEvent(Ljava/awt/event/MouseEvent;)Z+139
j  java.awt.LightweightDispatcher.dispatchEvent(Ljava/awt/AWTEvent;)Z+50
j  java.awt.Container.dispatchEventImpl(Ljava/awt/AWTEvent;)V+12
j  java.awt.Window.dispatchEventImpl(Ljava/awt/AWTEvent;)V+19
j  java.awt.Component.dispatchEvent(Ljava/awt/AWTEvent;)V+2
j  java.awt.EventQueue.dispatchEventImpl(Ljava/awt/AWTEvent;Ljava/lang/Object;)V+41
j  java.awt.EventQueue.access$200(Ljava/awt/EventQueue;Ljava/awt/AWTEvent;Ljava/lang/Object;)V+3
j  java.awt.EventQueue$3.run()Ljava/lang/Void;+12
j  java.awt.EventQueue$3.run()Ljava/lang/Object;+1
v  ~StubRoutines::call_stub
V  [libjvm.dylib+0x2d6d90]  JavaCalls::call_helper(JavaValue*, methodHandle*, JavaCallArguments*, Thread*)+0x22a
V  [libjvm.dylib+0x2d6b60]  JavaCalls::call(JavaValue*, methodHandle, JavaCallArguments*, Thread*)+0x28
V  [libjvm.dylib+0x32a444]  JVM_DoPrivileged+0x411
j  java.security.AccessController.doPrivileged(Ljava/security/PrivilegedAction;Ljava/security/AccessControlContext;)Ljava/lang/Object;+0
j  java.security.ProtectionDomain$1.doIntersectionPrivilege(Ljava/security/PrivilegedAction;Ljava/security/AccessControlContext;Ljava/security/AccessControlContext;)Ljava/lang/Object;+28
j  java.security.ProtectionDomain$1.doIntersectionPrivilege(Ljava/security/PrivilegedAction;Ljava/security/AccessControlContext;)Ljava/lang/Object;+6
j  java.awt.EventQueue$4.run()Ljava/lang/Void;+11
j  java.awt.EventQueue$4.run()Ljava/lang/Object;+1
v  ~StubRoutines::call_stub
V  [libjvm.dylib+0x2d6d90]  JavaCalls::call_helper(JavaValue*, methodHandle*, JavaCallArguments*, Thread*)+0x22a
V  [libjvm.dylib+0x2d6b60]  JavaCalls::call(JavaValue*, methodHandle, JavaCallArguments*, Thread*)+0x28
V  [libjvm.dylib+0x32a444]  JVM_DoPrivileged+0x411
j  java.security.AccessController.doPrivileged(Ljava/security/PrivilegedAction;Ljava/security/AccessControlContext;)Ljava/lang/Object;+0
j  java.security.ProtectionDomain$1.doIntersectionPrivilege(Ljava/security/PrivilegedAction;Ljava/security/AccessControlContext;Ljava/security/AccessControlContext;)Ljava/lang/Object;+28
j  java.awt.EventQueue.dispatchEvent(Ljava/awt/AWTEvent;)V+73
j  java.awt.EventDispatchThread.pumpOneEventForFilters(I)V+245
j  java.awt.EventDispatchThread.pumpEventsForFilter(ILjava/awt/Conditional;Ljava/awt/EventFilter;)V+35
j  java.awt.EventDispatchThread.pumpEventsForHierarchy(ILjava/awt/Conditional;Ljava/awt/Component;)V+11
j  java.awt.EventDispatchThread.pumpEvents(ILjava/awt/Conditional;)V+4
j  java.awt.EventDispatchThread.pumpEvents(Ljava/awt/Conditional;)V+3
j  java.awt.EventDispatchThread.run()V+9
v  ~StubRoutines::call_stub
V  [libjvm.dylib+0x2d6d90]  JavaCalls::call_helper(JavaValue*, methodHandle*, JavaCallArguments*, Thread*)+0x22a
V  [libjvm.dylib+0x2d72a7]  JavaCalls::call_virtual(JavaValue*, KlassHandle, Symbol*, Symbol*, JavaCallArguments*, Thread*)+0x11b
V  [libjvm.dylib+0x2d73e4]  JavaCalls::call_virtual(JavaValue*, Handle, KlassHandle, Symbol*, Symbol*, Thread*)+0x4a
V  [libjvm.dylib+0x3263ca]  thread_entry(JavaThread*, Thread*)+0xad
V  [libjvm.dylib+0x4efb47]  JavaThread::thread_main_inner()+0x9b
V  [libjvm.dylib+0x4f124f]  JavaThread::run()+0x1a3
V  [libjvm.dylib+0x41b1c6]  java_start(Thread*)+0x126
C  [libsystem_pthread.dylib+0x1899]  _pthread_body+0x8a
C  [libsystem_pthread.dylib+0x172a]  _pthread_struct_init+0x0
C  [libsystem_pthread.dylib+0x5fc9]  thread_start+0xd

Java frames: (J=compiled Java code, j=interpreted, Vv=VM code)
j  gnu.io.RXTXPort.nativeDrain(Z)Z+0
j  gnu.io.RXTXPort$SerialOutputStream.flush()V+72
j  java.io.BufferedOutputStream.flush()V+8
j  java.io.FilterOutputStream.close()V+1
j  rtpmt.sensor.reader.SerialPort.close()V+11
j  rtpmt.motes.packet.BlackBoxReader.closeSource()V+4
j  rtpmt.motes.packet.AbstractSource.close()V+13
j  rtpmt.sensor.reader.SensorReader.close()V+4
j  sensorconfiguration.swing.ui.UIEventHandler.disConnectSensor()V+11
j  sensorconfiguration.swing.ui.SensorConfigurator.jButton5ActionPerformed(Ljava/awt/event/ActionEvent;)V+4
j  sensorconfiguration.swing.ui.SensorConfigurator.access$700(Lsensorconfiguration/swing/ui/SensorConfigurator;Ljava/awt/event/ActionEvent;)V+2
j  sensorconfiguration.swing.ui.SensorConfigurator$8.actionPerformed(Ljava/awt/event/ActionEvent;)V+5
j  javax.swing.AbstractButton.fireActionPerformed(Ljava/awt/event/ActionEvent;)V+84
j  javax.swing.AbstractButton$Handler.actionPerformed(Ljava/awt/event/ActionEvent;)V+5
j  javax.swing.DefaultButtonModel.fireActionPerformed(Ljava/awt/event/ActionEvent;)V+35
j  javax.swing.DefaultButtonModel.setPressed(Z)V+117
j  javax.swing.plaf.basic.BasicButtonListener.mouseReleased(Ljava/awt/event/MouseEvent;)V+35
j  java.awt.Component.processMouseEvent(Ljava/awt/event/MouseEvent;)V+64
j  javax.swing.JComponent.processMouseEvent(Ljava/awt/event/MouseEvent;)V+23
j  java.awt.Component.processEvent(Ljava/awt/AWTEvent;)V+81
j  java.awt.Container.processEvent(Ljava/awt/AWTEvent;)V+18
j  java.awt.Component.dispatchEventImpl(Ljava/awt/AWTEvent;)V+581
j  java.awt.Container.dispatchEventImpl(Ljava/awt/AWTEvent;)V+42
j  java.awt.Component.dispatchEvent(Ljava/awt/AWTEvent;)V+2
j  java.awt.LightweightDispatcher.retargetMouseEvent(Ljava/awt/Component;ILjava/awt/event/MouseEvent;)V+327
j  java.awt.LightweightDispatcher.processMouseEvent(Ljava/awt/event/MouseEvent;)Z+139
j  java.awt.LightweightDispatcher.dispatchEvent(Ljava/awt/AWTEvent;)Z+50
j  java.awt.Container.dispatchEventImpl(Ljava/awt/AWTEvent;)V+12
j  java.awt.Window.dispatchEventImpl(Ljava/awt/AWTEvent;)V+19
j  java.awt.Component.dispatchEvent(Ljava/awt/AWTEvent;)V+2
j  java.awt.EventQueue.dispatchEventImpl(Ljava/awt/AWTEvent;Ljava/lang/Object;)V+41
j  java.awt.EventQueue.access$200(Ljava/awt/EventQueue;Ljava/awt/AWTEvent;Ljava/lang/Object;)V+3
j  java.awt.EventQueue$3.run()Ljava/lang/Void;+12
j  java.awt.EventQueue$3.run()Ljava/lang/Object;+1
v  ~StubRoutines::call_stub
j  java.security.AccessController.doPrivileged(Ljava/security/PrivilegedAction;Ljava/security/AccessControlContext;)Ljava/lang/Object;+0
j  java.security.ProtectionDomain$1.doIntersectionPrivilege(Ljava/security/PrivilegedAction;Ljava/security/AccessControlContext;Ljava/security/AccessControlContext;)Ljava/lang/Object;+28
j  java.security.ProtectionDomain$1.doIntersectionPrivilege(Ljava/security/PrivilegedAction;Ljava/security/AccessControlContext;)Ljava/lang/Object;+6
j  java.awt.EventQueue$4.run()Ljava/lang/Void;+11
j  java.awt.EventQueue$4.run()Ljava/lang/Object;+1
v  ~StubRoutines::call_stub
j  java.security.AccessController.doPrivileged(Ljava/security/PrivilegedAction;Ljava/security/AccessControlContext;)Ljava/lang/Object;+0
j  java.security.ProtectionDomain$1.doIntersectionPrivilege(Ljava/security/PrivilegedAction;Ljava/security/AccessControlContext;Ljava/security/AccessControlContext;)Ljava/lang/Object;+28
j  java.awt.EventQueue.dispatchEvent(Ljava/awt/AWTEvent;)V+73
j  java.awt.EventDispatchThread.pumpOneEventForFilters(I)V+245
j  java.awt.EventDispatchThread.pumpEventsForFilter(ILjava/awt/Conditional;Ljava/awt/EventFilter;)V+35
j  java.awt.EventDispatchThread.pumpEventsForHierarchy(ILjava/awt/Conditional;Ljava/awt/Component;)V+11
j  java.awt.EventDispatchThread.pumpEvents(ILjava/awt/Conditional;)V+4
j  java.awt.EventDispatchThread.pumpEvents(Ljava/awt/Conditional;)V+3
j  java.awt.EventDispatchThread.run()V+9
v  ~StubRoutines::call_stub

---------------  P R O C E S S  ---------------

Java Threads: ( => current thread )
  0x00007f897a2d5800 JavaThread "nioEventLoopGroup-2-1" [_thread_in_native, id=56839, stack(0x000000011f143000,0x000000011f243000)]
  0x00007f897a2da000 JavaThread "process reaper" daemon [_thread_blocked, id=56331, stack(0x000000011f118000,0x000000011f140000)]
  0x00007f8979915800 JavaThread "TimerQueue" daemon [_thread_blocked, id=51459, stack(0x000000011ada8000,0x000000011aea8000)]
  0x00007f8979905800 JavaThread "DestroyJavaVM" [_thread_blocked, id=4867, stack(0x000000010ae8b000,0x000000010af8b000)]
=>0x00007f89798f1800 JavaThread "AWT-EventQueue-0" [_thread_in_native, id=50947, stack(0x000000011ab85000,0x000000011ac85000)]
  0x00007f89798ca000 JavaThread "Java2D Disposer" daemon [_thread_blocked, id=48179, stack(0x000000011a7e2000,0x000000011a8e2000)]
  0x00007f897a08b800 JavaThread "Java2D Queue Flusher" daemon [_thread_blocked, id=46855, stack(0x0000000119aa0000,0x0000000119ba0000)]
  0x00007f897a07f000 JavaThread "AWT-Shutdown" [_thread_blocked, id=28943, stack(0x000000011714f000,0x000000011724f000)]
  0x00007f89790dc800 JavaThread "AppKit Thread" daemon [_thread_in_native, id=1287, stack(0x00007fff55847000,0x00007fff558c7000)]
  0x00007f897904f000 JavaThread "Service Thread" daemon [_thread_blocked, id=19203, stack(0x00000001154b7000,0x00000001155b7000)]
  0x00007f897904e800 JavaThread "C2 CompilerThread1" daemon [_thread_blocked, id=18691, stack(0x00000001153b4000,0x00000001154b4000)]
  0x00007f8979807800 JavaThread "C2 CompilerThread0" daemon [_thread_blocked, id=18179, stack(0x00000001152b1000,0x00000001153b1000)]
  0x00007f897a00c000 JavaThread "Signal Dispatcher" daemon [_thread_blocked, id=17667, stack(0x00000001151ae000,0x00000001152ae000)]
  0x00007f8979804000 JavaThread "Finalizer" daemon [_thread_blocked, id=12547, stack(0x0000000114f69000,0x0000000115069000)]
  0x00007f8979801800 JavaThread "Reference Handler" daemon [_thread_blocked, id=12035, stack(0x0000000114e66000,0x0000000114f66000)]

Other Threads:
  0x00007f897a004800 VMThread [stack: 0x0000000114d63000,0x0000000114e63000] [id=11523]
  0x00007f897a011000 WatcherThread [stack: 0x00000001155ba000,0x00000001156ba000] [id=19715]

VM state:not at safepoint (normal execution)

VM Mutex/Monitor currently owned by a thread: None

Heap
 PSYoungGen      total 38912K, used 8004K [0x00000007d5500000, 0x00000007d8000000, 0x0000000800000000)
  eden space 33792K, 8% used [0x00000007d5500000,0x00000007d57d73a0,0x00000007d7600000)
  from space 5120K, 99% used [0x00000007d7600000,0x00000007d7af9e68,0x00000007d7b00000)
  to   space 5120K, 0% used [0x00000007d7b00000,0x00000007d7b00000,0x00000007d8000000)
 ParOldGen       total 87040K, used 3335K [0x0000000780000000, 0x0000000785500000, 0x00000007d5500000)
  object space 87040K, 3% used [0x0000000780000000,0x0000000780341f08,0x0000000785500000)
 PSPermGen       total 21504K, used 17217K [0x000000077ae00000, 0x000000077c300000, 0x0000000780000000)
  object space 21504K, 80% used [0x000000077ae00000,0x000000077bed04c0,0x000000077c300000)

Card table byte_map: [0x000000010e8c0000,0x000000010ecea000] byte_map_base: 0x000000010ace9000

Polling page: 0x000000010afe0000

Code Cache  [0x000000010b800000, 0x000000010ba70000, 0x000000010e800000)
 total_blobs=679 nmethods=171 adapters=462 free_code_cache=48334Kb largest_free_block=49451520

Compilation events (10 events):
Event: 32.905 Thread 0x00007f897904e800 nmethod 168 0x000000010b8cc110 code [0x000000010b8cc240, 0x000000010b8cc298]
Event: 32.905 Thread 0x00007f8979807800 nmethod 169 0x000000010b8b9810 code [0x000000010b8b9940, 0x000000010b8b9998]
Event: 32.911 Thread 0x00007f8979807800  170             javax.swing.JComponent::getHeight (5 bytes)
Event: 32.911 Thread 0x00007f897904e800  171             javax.swing.JComponent::getWidth (5 bytes)
Event: 32.911 Thread 0x00007f8979807800 nmethod 170 0x000000010b8d3f90 code [0x000000010b8d40c0, 0x000000010b8d4118]
Event: 32.911 Thread 0x00007f897904e800 nmethod 171 0x000000010b8b9610 code [0x000000010b8b9740, 0x000000010b8b9798]
Event: 36.419 Thread 0x00007f897904e800  172             javax.swing.JComponent::getX (5 bytes)
Event: 36.419 Thread 0x00007f8979807800  173             javax.swing.JComponent::getY (5 bytes)
Event: 36.420 Thread 0x00007f8979807800 nmethod 173 0x000000010b8d41d0 code [0x000000010b8d4300, 0x000000010b8d4358]
Event: 36.420 Thread 0x00007f897904e800 nmethod 172 0x000000010b8b9410 code [0x000000010b8b9540, 0x000000010b8b9598]

GC Heap History (2 events):
Event: 30.727 GC heap before
{Heap before GC invocations=1 (full 0):
 PSYoungGen      total 38912K, used 33792K [0x00000007d5500000, 0x00000007d8000000, 0x0000000800000000)
  eden space 33792K, 100% used [0x00000007d5500000,0x00000007d7600000,0x00000007d7600000)
  from space 5120K, 0% used [0x00000007d7b00000,0x00000007d7b00000,0x00000007d8000000)
  to   space 5120K, 0% used [0x00000007d7600000,0x00000007d7600000,0x00000007d7b00000)
 ParOldGen       total 87040K, used 0K [0x0000000780000000, 0x0000000785500000, 0x00000007d5500000)
  object space 87040K, 0% used [0x0000000780000000,0x0000000780000000,0x0000000785500000)
 PSPermGen       total 21504K, used 17194K [0x000000077ae00000, 0x000000077c300000, 0x0000000780000000)
  object space 21504K, 79% used [0x000000077ae00000,0x000000077becab98,0x000000077c300000)
Event: 30.739 GC heap after
Heap after GC invocations=1 (full 0):
 PSYoungGen      total 38912K, used 5095K [0x00000007d5500000, 0x00000007d8000000, 0x0000000800000000)
  eden space 33792K, 0% used [0x00000007d5500000,0x00000007d5500000,0x00000007d7600000)
  from space 5120K, 99% used [0x00000007d7600000,0x00000007d7af9e68,0x00000007d7b00000)
  to   space 5120K, 0% used [0x00000007d7b00000,0x00000007d7b00000,0x00000007d8000000)
 ParOldGen       total 87040K, used 3335K [0x0000000780000000, 0x0000000785500000, 0x00000007d5500000)
  object space 87040K, 3% used [0x0000000780000000,0x0000000780341f08,0x0000000785500000)
 PSPermGen       total 21504K, used 17194K [0x000000077ae00000, 0x000000077c300000, 0x0000000780000000)
  object space 21504K, 79% used [0x000000077ae00000,0x000000077becab98,0x000000077c300000)
}

Deoptimization events (10 events):
Event: 1.385 Thread 0x00007f89798f1800 Uncommon trap: reason=bimorphic action=maybe_recompile pc=0x000000010b885434 method=java.util.HashMap.put(Ljava/lang/Object;Ljava/lang/Object;)Ljava/lang/Object; @ 137
Event: 1.410 Thread 0x00007f89798f1800 Uncommon trap: reason=bimorphic action=maybe_recompile pc=0x000000010b885434 method=java.util.HashMap.put(Ljava/lang/Object;Ljava/lang/Object;)Ljava/lang/Object; @ 137
Event: 8.179 Thread 0x00007f89798f1800 Uncommon trap: reason=unreached action=reinterpret pc=0x000000010b8a3d3c method=java.lang.AbstractStringBuilder.append(Ljava/lang/String;)Ljava/lang/AbstractStringBuilder; @ 1
Event: 8.179 Thread 0x00007f89798f1800 Uncommon trap: reason=unreached action=reinterpret pc=0x000000010b89ea80 method=java.lang.AbstractStringBuilder.append(Ljava/lang/String;)Ljava/lang/AbstractStringBuilder; @ 1
Event: 8.389 Thread 0x00007f897a08b800 Uncommon trap: reason=predicate action=maybe_recompile pc=0x000000010b8ae700 method=java.util.Arrays.fill([Ljava/lang/Object;Ljava/lang/Object;)V @ 10
Event: 20.254 Thread 0x00007f89798f1800 Uncommon trap: reason=unreached action=reinterpret pc=0x000000010b8bc110 method=javax.swing.LayoutComparator.compare(Ljava/awt/Component;Ljava/awt/Component;)I @ 2
Event: 30.582 Thread 0x00007f897a08b800 Uncommon trap: reason=array_check action=maybe_recompile pc=0x000000010b8c3078 method=java.util.Arrays.fill([Ljava/lang/Object;Ljava/lang/Object;)V @ 13
Event: 30.582 Thread 0x00007f897a08b800 Uncommon trap: reason=array_check action=maybe_recompile pc=0x000000010b8c3078 method=java.util.Arrays.fill([Ljava/lang/Object;Ljava/lang/Object;)V @ 13
Event: 30.582 Thread 0x00007f897a08b800 Uncommon trap: reason=array_check action=maybe_recompile pc=0x000000010b8c3078 method=java.util.Arrays.fill([Ljava/lang/Object;Ljava/lang/Object;)V @ 13
Event: 30.583 Thread 0x00007f897a08b800 Uncommon trap: reason=array_check action=maybe_recompile pc=0x000000010b8c3078 method=java.util.Arrays.fill([Ljava/lang/Object;Ljava/lang/Object;)V @ 13

Internal exceptions (10 events):
Event: 8.359 Thread 0x00007f89798f1800 Threw 0x00000007d71acf80 at /HUDSON/workspace/7u-2-build-macosx-x86_64/jdk7u45/229/hotspot/src/share/vm/prims/jvm.cpp:1244
Event: 8.521 Thread 0x00007f89798f1800 Threw 0x00000007d71c3430 at /HUDSON/workspace/7u-2-build-macosx-x86_64/jdk7u45/229/hotspot/src/share/vm/prims/jvm.cpp:1244
Event: 8.522 Thread 0x00007f89798f1800 Threw 0x00000007d71c6fd0 at /HUDSON/workspace/7u-2-build-macosx-x86_64/jdk7u45/229/hotspot/src/share/vm/prims/jvm.cpp:1244
Event: 8.522 Thread 0x00007f89798f1800 Threw 0x00000007d71cc6d8 at /HUDSON/workspace/7u-2-build-macosx-x86_64/jdk7u45/229/hotspot/src/share/vm/prims/jvm.cpp:1244
Event: 8.523 Thread 0x00007f89798f1800 Threw 0x00000007d71d1310 at /HUDSON/workspace/7u-2-build-macosx-x86_64/jdk7u45/229/hotspot/src/share/vm/prims/jvm.cpp:1244
Event: 25.540 Thread 0x00007f89798f1800 Threw 0x00000007d7534640 at /HUDSON/workspace/7u-2-build-macosx-x86_64/jdk7u45/229/hotspot/src/share/vm/prims/jni.cpp:717
Event: 25.541 Thread 0x00007f89798f1800 Threw 0x00000007d7536908 at /HUDSON/workspace/7u-2-build-macosx-x86_64/jdk7u45/229/hotspot/src/share/vm/prims/jni.cpp:717
Event: 28.551 Thread 0x00007f89798f1800 Threw 0x00000007d753d8a8 at /HUDSON/workspace/7u-2-build-macosx-x86_64/jdk7u45/229/hotspot/src/share/vm/prims/jni.cpp:743
Event: 28.551 Thread 0x00007f89798f1800 Threw 0x00000007d753e0f0 at /HUDSON/workspace/7u-2-build-macosx-x86_64/jdk7u45/229/hotspot/src/share/vm/prims/jni.cpp:743
Event: 36.847 Thread 0x00007f89798f1800 Threw 0x00000007d575ab90 at /HUDSON/workspace/7u-2-build-macosx-x86_64/jdk7u45/229/hotspot/src/share/vm/prims/jni.cpp:743

Events (10 events):
Event: 30.744 Executing VM operation: RevokeBias done
Event: 30.744 Executing VM operation: RevokeBias
Event: 30.744 Executing VM operation: RevokeBias done
Event: 31.653 Thread 0x00007f8979118000 Thread exited: 0x00007f8979118000
Event: 31.657 Thread 0x00007f89789b5000 Thread added: 0x00007f89789b5000
Event: 32.658 Thread 0x00007f89789b5000 Thread exited: 0x00007f89789b5000
Event: 32.664 Thread 0x00007f89789b5000 Thread added: 0x00007f89789b5000
Event: 36.667 Executing VM operation: RevokeBias
Event: 36.667 Executing VM operation: RevokeBias done
Event: 36.667 Thread 0x00007f89789b5000 Thread exited: 0x00007f89789b5000


Dynamic libraries:
0x000000000d136000 	/System/Library/Frameworks/Cocoa.framework/Versions/A/Cocoa
0x000000000d136000 	/System/Library/Frameworks/Security.framework/Versions/A/Security
0x000000000d136000 	/System/Library/Frameworks/ApplicationServices.framework/Versions/A/ApplicationServices
0x000000000d136000 	/usr/lib/libz.1.dylib
0x000000000d136000 	/usr/lib/libSystem.B.dylib
0x000000000d136000 	/usr/lib/libobjc.A.dylib
0x000000000d136000 	/System/Library/Frameworks/CoreFoundation.framework/Versions/A/CoreFoundation
0x000000000d136000 	/System/Library/Frameworks/Foundation.framework/Versions/C/Foundation
0x000000000d136000 	/System/Library/Frameworks/AppKit.framework/Versions/C/AppKit
0x000000000d136000 	/System/Library/Frameworks/CoreData.framework/Versions/A/CoreData
0x000000000d136000 	/System/Library/PrivateFrameworks/RemoteViewServices.framework/Versions/A/RemoteViewServices
0x000000000d136000 	/System/Library/Frameworks/AudioToolbox.framework/Versions/A/AudioToolbox
0x000000000d136000 	/System/Library/Frameworks/AudioUnit.framework/Versions/A/AudioUnit
0x000000000d136000 	/System/Library/PrivateFrameworks/DataDetectorsCore.framework/Versions/A/DataDetectorsCore
0x000000000d136000 	/System/Library/PrivateFrameworks/DesktopServicesPriv.framework/Versions/A/DesktopServicesPriv
0x000000000d136000 	/System/Library/Frameworks/Carbon.framework/Versions/A/Frameworks/HIToolbox.framework/Versions/A/HIToolbox
0x000000000d136000 	/System/Library/Frameworks/QuartzCore.framework/Versions/A/QuartzCore
0x000000000d136000 	/System/Library/Frameworks/Carbon.framework/Versions/A/Frameworks/SpeechRecognition.framework/Versions/A/SpeechRecognition
0x000000000d136000 	/usr/lib/libauto.dylib
0x000000000d136000 	/usr/lib/libicucore.A.dylib
0x000000000d136000 	/usr/lib/libxml2.2.dylib
0x000000000d136000 	/System/Library/PrivateFrameworks/CoreUI.framework/Versions/A/CoreUI
0x000000000d136000 	/System/Library/Frameworks/CoreAudio.framework/Versions/A/CoreAudio
0x000000000d136000 	/System/Library/Frameworks/DiskArbitration.framework/Versions/A/DiskArbitration
0x000000000d136000 	/usr/lib/liblangid.dylib
0x000000000d136000 	/System/Library/PrivateFrameworks/MultitouchSupport.framework/Versions/A/MultitouchSupport
0x000000000d136000 	/System/Library/Frameworks/IOKit.framework/Versions/A/IOKit
0x000000000d136000 	/usr/lib/libDiagnosticMessagesClient.dylib
0x000000000d136000 	/System/Library/Frameworks/CoreServices.framework/Versions/A/CoreServices
0x000000000d136000 	/System/Library/PrivateFrameworks/PerformanceAnalysis.framework/Versions/A/PerformanceAnalysis
0x000000000d136000 	/System/Library/PrivateFrameworks/GenerationalStorage.framework/Versions/A/GenerationalStorage
0x000000000d136000 	/System/Library/Frameworks/OpenGL.framework/Versions/A/OpenGL
0x000000000d136000 	/System/Library/PrivateFrameworks/Sharing.framework/Versions/A/Sharing
0x000000000d136000 	/System/Library/Frameworks/ImageIO.framework/Versions/A/ImageIO
0x000000000d136000 	/System/Library/Frameworks/CoreText.framework/Versions/A/CoreText
0x000000000d136000 	/System/Library/Frameworks/CoreGraphics.framework/Versions/A/CoreGraphics
0x000000000d136000 	/System/Library/PrivateFrameworks/Backup.framework/Versions/A/Backup
0x000000000d136000 	/System/Library/Frameworks/CFNetwork.framework/Versions/A/CFNetwork
0x000000000d136000 	/System/Library/Frameworks/SystemConfiguration.framework/Versions/A/SystemConfiguration
0x000000000d136000 	/usr/lib/libCRFSuite.dylib
0x000000000d136000 	/usr/lib/libc++.1.dylib
0x000000000d136000 	/usr/lib/libc++abi.dylib
0x000000000d136000 	/usr/lib/system/libcache.dylib
0x000000000d136000 	/usr/lib/system/libcommonCrypto.dylib
0x000000000d136000 	/usr/lib/system/libcompiler_rt.dylib
0x000000000d136000 	/usr/lib/system/libcopyfile.dylib
0x000000000d136000 	/usr/lib/system/libcorecrypto.dylib
0x000000000d136000 	/usr/lib/system/libdispatch.dylib
0x000000000d136000 	/usr/lib/system/libdyld.dylib
0x000000000d136000 	/usr/lib/system/libkeymgr.dylib
0x000000000d136000 	/usr/lib/system/liblaunch.dylib
0x000000000d136000 	/usr/lib/system/libmacho.dylib
0x000000000d136000 	/usr/lib/system/libquarantine.dylib
0x000000000d136000 	/usr/lib/system/libremovefile.dylib
0x000000000d136000 	/usr/lib/system/libsystem_asl.dylib
0x000000000d136000 	/usr/lib/system/libsystem_blocks.dylib
0x000000000d136000 	/usr/lib/system/libsystem_c.dylib
0x000000000d136000 	/usr/lib/system/libsystem_configuration.dylib
0x000000000d136000 	/usr/lib/system/libsystem_dnssd.dylib
0x000000000d136000 	/usr/lib/system/libsystem_info.dylib
0x000000000d136000 	/usr/lib/system/libsystem_kernel.dylib
0x000000000d136000 	/usr/lib/system/libsystem_m.dylib
0x000000000d136000 	/usr/lib/system/libsystem_malloc.dylib
0x000000000d136000 	/usr/lib/system/libsystem_network.dylib
0x000000000d136000 	/usr/lib/system/libsystem_notify.dylib
0x000000000d136000 	/usr/lib/system/libsystem_platform.dylib
0x000000000d136000 	/usr/lib/system/libsystem_pthread.dylib
0x000000000d136000 	/usr/lib/system/libsystem_sandbox.dylib
0x000000000d136000 	/usr/lib/system/libsystem_stats.dylib
0x000000000d136000 	/usr/lib/system/libunc.dylib
0x000000000d136000 	/usr/lib/system/libunwind.dylib
0x000000000d136000 	/usr/lib/system/libxpc.dylib
0x000000000d136000 	/usr/lib/libbsm.0.dylib
0x000000000d136000 	/usr/lib/libsqlite3.dylib
0x000000000d136000 	/usr/lib/libxar.1.dylib
0x000000000d136000 	/usr/lib/libpam.2.dylib
0x000000000d136000 	/usr/lib/libOpenScriptingUtil.dylib
0x000000000d136000 	/usr/lib/libbz2.1.0.dylib
0x000000000d136000 	/System/Library/Frameworks/CoreServices.framework/Versions/A/Frameworks/CarbonCore.framework/Versions/A/CarbonCore
0x000000000d136000 	/System/Library/Frameworks/CoreServices.framework/Versions/A/Frameworks/Metadata.framework/Versions/A/Metadata
0x000000000d136000 	/System/Library/Frameworks/CoreServices.framework/Versions/A/Frameworks/OSServices.framework/Versions/A/OSServices
0x000000000d136000 	/System/Library/Frameworks/CoreServices.framework/Versions/A/Frameworks/SearchKit.framework/Versions/A/SearchKit
0x000000000d136000 	/System/Library/Frameworks/CoreServices.framework/Versions/A/Frameworks/AE.framework/Versions/A/AE
0x000000000d136000 	/System/Library/Frameworks/CoreServices.framework/Versions/A/Frameworks/LaunchServices.framework/Versions/A/LaunchServices
0x000000000d136000 	/System/Library/Frameworks/CoreServices.framework/Versions/A/Frameworks/DictionaryServices.framework/Versions/A/DictionaryServices
0x000000000d136000 	/System/Library/Frameworks/NetFS.framework/Versions/A/NetFS
0x000000000d136000 	/usr/lib/system/libkxld.dylib
0x000000000d136000 	/System/Library/PrivateFrameworks/NetAuth.framework/Versions/A/NetAuth
0x000000000d136000 	/System/Library/PrivateFrameworks/TCC.framework/Versions/A/TCC
0x000000000d136000 	/System/Library/Frameworks/OpenDirectory.framework/Versions/A/Frameworks/CFOpenDirectory.framework/Versions/A/CFOpenDirectory
0x000000000d136000 	/System/Library/Frameworks/ServiceManagement.framework/Versions/A/ServiceManagement
0x000000000d136000 	/usr/lib/libxslt.1.dylib
0x000000000d136000 	/System/Library/Frameworks/Carbon.framework/Versions/A/Frameworks/Ink.framework/Versions/A/Ink
0x000000000d136000 	/System/Library/Frameworks/ApplicationServices.framework/Versions/A/Frameworks/ATS.framework/Versions/A/ATS
0x000000000d136000 	/System/Library/Frameworks/ApplicationServices.framework/Versions/A/Frameworks/ColorSync.framework/Versions/A/ColorSync
0x000000000d136000 	/System/Library/Frameworks/ApplicationServices.framework/Versions/A/Frameworks/HIServices.framework/Versions/A/HIServices
0x000000000d136000 	/System/Library/Frameworks/ApplicationServices.framework/Versions/A/Frameworks/LangAnalysis.framework/Versions/A/LangAnalysis
0x000000000d136000 	/System/Library/Frameworks/ApplicationServices.framework/Versions/A/Frameworks/PrintCore.framework/Versions/A/PrintCore
0x000000000d136000 	/System/Library/Frameworks/ApplicationServices.framework/Versions/A/Frameworks/QD.framework/Versions/A/QD
0x000000000d136000 	/System/Library/Frameworks/ApplicationServices.framework/Versions/A/Frameworks/SpeechSynthesis.framework/Versions/A/SpeechSynthesis
0x000000000d136000 	/System/Library/Frameworks/IOSurface.framework/Versions/A/IOSurface
0x000000000d136000 	/System/Library/Frameworks/Accelerate.framework/Versions/A/Accelerate
0x000000000d136000 	/System/Library/Frameworks/Accelerate.framework/Versions/A/Frameworks/vImage.framework/Versions/A/vImage
0x000000000d136000 	/System/Library/Frameworks/Accelerate.framework/Versions/A/Frameworks/vecLib.framework/Versions/A/vecLib
0x000000000d136000 	/System/Library/Frameworks/Accelerate.framework/Versions/A/Frameworks/vecLib.framework/Versions/A/libvDSP.dylib
0x000000000d136000 	/System/Library/Frameworks/Accelerate.framework/Versions/A/Frameworks/vecLib.framework/Versions/A/libvMisc.dylib
0x000000000d136000 	/System/Library/Frameworks/Accelerate.framework/Versions/A/Frameworks/vecLib.framework/Versions/A/libLAPACK.dylib
0x000000000d136000 	/System/Library/Frameworks/Accelerate.framework/Versions/A/Frameworks/vecLib.framework/Versions/A/libBLAS.dylib
0x000000000d136000 	/System/Library/Frameworks/ApplicationServices.framework/Versions/A/Frameworks/ATS.framework/Versions/A/Resources/libFontParser.dylib
0x000000000d136000 	/System/Library/Frameworks/ApplicationServices.framework/Versions/A/Frameworks/ATS.framework/Versions/A/Resources/libFontRegistry.dylib
0x000000000d136000 	/System/Library/Frameworks/ImageIO.framework/Versions/A/Resources/libJPEG.dylib
0x000000000d136000 	/System/Library/Frameworks/ImageIO.framework/Versions/A/Resources/libTIFF.dylib
0x000000000d136000 	/System/Library/Frameworks/ImageIO.framework/Versions/A/Resources/libPng.dylib
0x000000000d136000 	/System/Library/Frameworks/ImageIO.framework/Versions/A/Resources/libGIF.dylib
0x000000000d136000 	/System/Library/Frameworks/ImageIO.framework/Versions/A/Resources/libJP2.dylib
0x000000000d136000 	/System/Library/Frameworks/ImageIO.framework/Versions/A/Resources/libRadiance.dylib
0x000000000d136000 	/usr/lib/libcups.2.dylib
0x000000000d136000 	/System/Library/Frameworks/Kerberos.framework/Versions/A/Kerberos
0x000000000d136000 	/System/Library/Frameworks/GSS.framework/Versions/A/GSS
0x000000000d136000 	/usr/lib/libresolv.9.dylib
0x000000000d136000 	/usr/lib/libiconv.2.dylib
0x000000000d136000 	/System/Library/PrivateFrameworks/Heimdal.framework/Versions/A/Heimdal
0x000000000d136000 	/System/Library/PrivateFrameworks/TrustEvaluationAgent.framework/Versions/A/TrustEvaluationAgent
0x000000000d136000 	/usr/lib/libheimdal-asn1.dylib
0x000000000d136000 	/System/Library/Frameworks/OpenDirectory.framework/Versions/A/OpenDirectory
0x000000000d136000 	/System/Library/PrivateFrameworks/CommonAuth.framework/Versions/A/CommonAuth
0x000000000d136000 	/System/Library/Frameworks/SecurityFoundation.framework/Versions/A/SecurityFoundation
0x000000000d136000 	/System/Library/PrivateFrameworks/Bom.framework/Versions/A/Bom
0x000000000d136000 	/System/Library/Frameworks/CoreVideo.framework/Versions/A/CoreVideo
0x000000000d136000 	/System/Library/Frameworks/QuartzCore.framework/Versions/A/Frameworks/CoreImage.framework/Versions/A/CoreImage
0x000000000d136000 	/System/Library/Frameworks/QuartzCore.framework/Versions/A/Frameworks/ScalableUserInterface.framework/Versions/A/ScalableUserInterface
0x000000000d136000 	/System/Library/Frameworks/OpenGL.framework/Versions/A/Libraries/libGLU.dylib
0x000000000d136000 	/System/Library/Frameworks/OpenGL.framework/Versions/A/Libraries/libGFXShared.dylib
0x000000000d136000 	/System/Library/Frameworks/OpenGL.framework/Versions/A/Libraries/libGL.dylib
0x000000000d136000 	/System/Library/Frameworks/OpenGL.framework/Versions/A/Libraries/libGLImage.dylib
0x000000000d136000 	/System/Library/Frameworks/OpenGL.framework/Versions/A/Libraries/libCVMSPluginSupport.dylib
0x000000000d136000 	/System/Library/Frameworks/OpenGL.framework/Versions/A/Libraries/libCoreVMClient.dylib
0x000000000d136000 	/System/Library/PrivateFrameworks/FaceCore.framework/Versions/A/FaceCore
0x000000000d136000 	/System/Library/PrivateFrameworks/CrashReporterSupport.framework/Versions/A/CrashReporterSupport
0x000000000d136000 	/System/Library/Frameworks/OpenCL.framework/Versions/A/OpenCL
0x000000000d136000 	/System/Library/PrivateFrameworks/AppleFSCompression.framework/Versions/A/AppleFSCompression
0x000000000d136000 	/System/Library/PrivateFrameworks/Ubiquity.framework/Versions/A/Ubiquity
0x000000000d136000 	/System/Library/PrivateFrameworks/IconServices.framework/Versions/A/IconServices
0x000000000d136000 	/System/Library/PrivateFrameworks/ChunkingLibrary.framework/Versions/A/ChunkingLibrary
0x000000000d136000 	/System/Library/PrivateFrameworks/CoreSymbolication.framework/Versions/A/CoreSymbolication
0x000000000d136000 	/System/Library/PrivateFrameworks/Symbolication.framework/Versions/A/Symbolication
0x000000000d136000 	/System/Library/PrivateFrameworks/DebugSymbols.framework/Versions/A/DebugSymbols
0x000000010a437000 	/Library/Java/JavaVirtualMachines/jdk1.7.0_45.jdk/Contents/Home/jre/lib/server/libjvm.dylib
0x000000000d136000 	/usr/lib/libstdc++.6.dylib
0x000000010afa0000 	/Library/Java/JavaVirtualMachines/jdk1.7.0_45.jdk/Contents/Home/jre/lib/libverify.dylib
0x000000010afb0000 	/Library/Java/JavaVirtualMachines/jdk1.7.0_45.jdk/Contents/Home/jre/lib/libjava.dylib
0x000000010afea000 	/Library/Java/JavaVirtualMachines/jdk1.7.0_45.jdk/Contents/Home/jre/lib/libzip.dylib
0x000000011506b000 	/System/Library/Frameworks/JavaVM.framework/Frameworks/JavaRuntimeSupport.framework/JavaRuntimeSupport
0x0000000115083000 	/System/Library/Frameworks/JavaVM.framework/Versions/A/Frameworks/JavaNativeFoundation.framework/Versions/A/JavaNativeFoundation
0x0000000115098000 	/System/Library/Frameworks/JavaVM.framework/Versions/A/JavaVM
0x000000000d136000 	/System/Library/Frameworks/Carbon.framework/Versions/A/Carbon
0x000000010aff4000 	/System/Library/PrivateFrameworks/JavaLaunching.framework/Versions/A/JavaLaunching
0x000000000d136000 	/System/Library/Frameworks/Carbon.framework/Versions/A/Frameworks/CommonPanels.framework/Versions/A/CommonPanels
0x000000000d136000 	/System/Library/Frameworks/Carbon.framework/Versions/A/Frameworks/Help.framework/Versions/A/Help
0x000000000d136000 	/System/Library/Frameworks/Carbon.framework/Versions/A/Frameworks/ImageCapture.framework/Versions/A/ImageCapture
0x000000000d136000 	/System/Library/Frameworks/Carbon.framework/Versions/A/Frameworks/OpenScripting.framework/Versions/A/OpenScripting
0x000000000d136000 	/System/Library/Frameworks/Carbon.framework/Versions/A/Frameworks/Print.framework/Versions/A/Print
0x000000000d136000 	/System/Library/Frameworks/Carbon.framework/Versions/A/Frameworks/SecurityHI.framework/Versions/A/SecurityHI
0x000000011573c000 	/Library/Java/JavaVirtualMachines/jdk1.7.0_45.jdk/Contents/Home/jre/lib/libawt.dylib
0x00000001157eb000 	/Library/Java/JavaVirtualMachines/jdk1.7.0_45.jdk/Contents/Home/jre/lib/./libmlib_image.dylib
0x00000001158b7000 	/Library/Java/JavaVirtualMachines/jdk1.7.0_45.jdk/Contents/Home/jre/lib/lwawt/liblwawt.dylib
0x000000011596b000 	/Library/Java/JavaVirtualMachines/jdk1.7.0_45.jdk/Contents/Home/jre/lib/libosxapp.dylib
0x000000000d136000 	/System/Library/Frameworks/ExceptionHandling.framework/Versions/A/ExceptionHandling
0x000000000d136000 	/System/Library/PrivateFrameworks/CoreServicesInternal.framework/Versions/A/CoreServicesInternal
0x000000000d136000 	/System/Library/PrivateFrameworks/Librarian.framework/Versions/A/Librarian
0x000000000d136000 	/System/Library/Frameworks/CoreGraphics.framework/Versions/A/Resources/libCGCMS.A.dylib
0x000000000d136000 	/System/Library/Frameworks/CoreGraphics.framework/Versions/A/Resources/libRIP.A.dylib
0x000000000d136000 	/System/Library/Frameworks/CoreGraphics.framework/Versions/A/Resources/libCGXType.A.dylib
0x000000000d136000 	/System/Library/PrivateFrameworks/FamilyControls.framework/Versions/A/FamilyControls
0x000000000d136000 	/System/Library/PrivateFrameworks/CommerceKit.framework/Versions/A/Frameworks/CommerceCore.framework/Versions/A/CommerceCore
0x000000000d136000 	/System/Library/PrivateFrameworks/SystemAdministration.framework/Versions/A/SystemAdministration
0x000000000d136000 	/System/Library/Frameworks/DirectoryService.framework/Versions/A/DirectoryService
0x000000000d136000 	/System/Library/PrivateFrameworks/DiskImages.framework/Versions/A/DiskImages
0x000000000d136000 	/System/Library/PrivateFrameworks/LoginUIKit.framework/Versions/A/Frameworks/LoginUICore.framework/Versions/A/LoginUICore
0x000000000d136000 	/usr/lib/libCoreStorage.dylib
0x000000000d136000 	/usr/lib/libcsfde.dylib
0x000000000d136000 	/usr/lib/libodfde.dylib
0x000000000d136000 	/System/Library/Frameworks/DiscRecording.framework/Versions/A/DiscRecording
0x000000000d136000 	/usr/lib/libcurl.4.dylib
0x000000000d136000 	/System/Library/PrivateFrameworks/MediaKit.framework/Versions/A/MediaKit
0x000000000d136000 	/System/Library/PrivateFrameworks/EFILogin.framework/Versions/A/EFILogin
0x000000000d136000 	/usr/lib/libutil.dylib
0x000000000d136000 	/System/Library/PrivateFrameworks/AOSNotification.framework/Versions/A/AOSNotification
0x000000000d136000 	/System/Library/Frameworks/LDAP.framework/Versions/A/LDAP
0x000000000d136000 	/usr/lib/libsasl2.2.dylib
0x000000000d136000 	/usr/lib/libcrypto.0.9.8.dylib
0x000000000d136000 	/usr/lib/libssl.0.9.8.dylib
0x0000000119a3b000 	/Library/Java/JavaVirtualMachines/jdk1.7.0_45.jdk/Contents/Home/jre/lib/libfontmanager.dylib
0x00000001172fd000 	/Library/Java/JavaVirtualMachines/jdk1.7.0_45.jdk/Contents/Home/jre/lib/libosxui.dylib
0x000000000d136000 	/System/Library/Frameworks/OpenGL.framework/Versions/A/Resources/GLEngine.bundle/GLEngine
0x000000000d136000 	/System/Library/Frameworks/OpenGL.framework/Versions/A/Libraries/libGLProgrammability.dylib
0x0000000000000000 	/System/Library/Extensions/AppleIntelHD4000GraphicsGLDriver.bundle/Contents/MacOS/AppleIntelHD4000GraphicsGLDriver
0x000000000d136000 	/System/Library/PrivateFrameworks/IOAccelerator.framework/Versions/A/IOAccelerator
0x000000000d136000 	/System/Library/PrivateFrameworks/GPUSupport.framework/Versions/A/Libraries/libGPUSupportMercury.dylib
0x000000000d136000 	/System/Library/Frameworks/OpenGL.framework/Versions/A/Resources/GLRendererFloat.bundle/GLRendererFloat
0x000000000d136000 	/System/Library/Frameworks/OpenCL.framework/Versions/A/Libraries/libcldcpuengine.dylib
0x000000011a991000 	/Library/Java/JavaVirtualMachines/jdk1.7.0_45.jdk/Contents/Home/jre/lib/libnet.dylib
0x000000011ad1b000 	/Library/Java/JavaVirtualMachines/jdk1.7.0_45.jdk/Contents/Home/jre/lib/libnio.dylib
0x000000011fae7000 	/Library/Java/JavaVirtualMachines/jdk1.7.0_45.jdk/Contents/Home/jre/lib/libdcpr.dylib
0x000000011eb7c000 	/Library/Java/Extensions/librxtxSerial.jnilib

VM Arguments:
jvm_args: -Dfile.encoding=UTF-8 
java_command: sensorconfiguration.swing.ui.SensorConfigurator
Launcher Type: SUN_STANDARD

Environment Variables:
PATH=/usr/bin:/bin:/usr/sbin:/sbin
LD_LIBRARY_PATH=/Library/Java/JavaVirtualMachines/jdk1.7.0_45.jdk/Contents/Home/jre/lib/amd64:/Library/Java/JavaVirtualMachines/jdk1.7.0_45.jdk/Contents/Home/jre/lib/i386:
SHELL=/bin/bash
DISPLAY=/tmp/launch-ohJYKB/org.macosforge.xquartz:0
DYLD_LIBRARY_PATH=/Applications/NetBeans/NetBeans 7.4.app/Contents/Resources/NetBeans/webcommon/bin:

Signal Handlers:
SIGSEGV: [libjvm.dylib+0x525415], sa_mask[0]=0xfffefeff, sa_flags=0x00000043
SIGBUS: [libjvm.dylib+0x525415], sa_mask[0]=0xfffefeff, sa_flags=0x00000042
SIGFPE: [libjvm.dylib+0x41891a], sa_mask[0]=0xfffefeff, sa_flags=0x00000042
SIGPIPE: [libjvm.dylib+0x41891a], sa_mask[0]=0xfffefeff, sa_flags=0x00000042
SIGXFSZ: [libjvm.dylib+0x41891a], sa_mask[0]=0xfffefeff, sa_flags=0x00000042
SIGILL: [libjvm.dylib+0x41891a], sa_mask[0]=0xfffefeff, sa_flags=0x00000042
SIGUSR1: SIG_DFL, sa_mask[0]=0x00000000, sa_flags=0x00000002
SIGUSR2: [libjvm.dylib+0x41840c], sa_mask[0]=0x00000004, sa_flags=0x00000042
SIGHUP: [libjvm.dylib+0x41669b], sa_mask[0]=0xfffefeff, sa_flags=0x00000042
SIGINT: SIG_IGN, sa_mask[0]=0x00000000, sa_flags=0x00000000
SIGTERM: [libjvm.dylib+0x41669b], sa_mask[0]=0xfffefeff, sa_flags=0x00000042
SIGQUIT: [libjvm.dylib+0x41669b], sa_mask[0]=0xfffefeff, sa_flags=0x00000042


---------------  S Y S T E M  ---------------

OS:Bsduname:Darwin 13.0.0 Darwin Kernel Version 13.0.0: Thu Sep 19 22:22:27 PDT 2013; root:xnu-2422.1.72~6/RELEASE_X86_64 x86_64
rlimit: STACK 8192k, CORE 0k, NPROC 709, NOFILE 10240, AS infinity
load average:2.23 1.86 1.78

CPU:total 4 (2 cores per cpu, 2 threads per core) family 6 model 58 stepping 9, cmov, cx8, fxsr, mmx, sse, sse2, sse3, ssse3, sse4.1, sse4.2, popcnt, avx, aes, erms, ht, tsc, tscinvbit, tscinv

Memory: 4k page, physical 8388608k(2097152k free)

/proc/meminfo:


vm_info: Java HotSpot(TM) 64-Bit Server VM (24.45-b08) for bsd-amd64 JRE (1.7.0_45-b18), built on Oct  8 2013 05:54:16 by "java_re" with gcc 4.2.1 (Based on Apple Inc. build 5658) (LLVM build 2336.11.00)

time: Thu Jan 23 21:51:56 2014
elapsed time: 36 seconds

