#
# A fatal error has been detected by the Java Runtime Environment:
#
#  SIGSEGV (0xb) at pc=0x000000011b0d2223, pid=3201, tid=50691
#
# JRE version: Java(TM) SE Runtime Environment (7.0_45-b18) (build 1.7.0_45-b18)
# Java VM: Java HotSpot(TM) 64-Bit Server VM (24.45-b08 mixed mode bsd-amd64 compressed oops)
# Problematic frame:
# C  [librxtxSerial.jnilib+0x2223]  Java_gnu_io_RXTXPort_nativeDrain+0x117
#
# Failed to write core dump. Core dumps have been disabled. To enable core dumping, try "ulimit -c unlimited" before starting Java again
#
# If you would like to submit a bug report, please visit:
#   http://bugreport.sun.com/bugreport/crash.jsp
# The crash happened outside the Java Virtual Machine in native code.
# See problematic frame for where to report the bug.
#

---------------  T H R E A D  ---------------

Current thread (0x00007ff091a16000):  JavaThread "AWT-EventQueue-0" [_thread_in_native, id=50691, stack(0x000000011eba4000,0x000000011eca4000)]

siginfo:si_signo=SIGSEGV: si_errno=0, si_code=1 (SEGV_MAPERR), si_addr=0x000000012495193c

Registers:
RAX=0x00000001249517d0, RBX=0x000000077bea0b10, RCX=0x0000000000000000, RDX=0x0000000000000004
RSP=0x000000011eca0ee0, RBP=0x000000011eca1280, RSI=0x0000000000000007, RDI=0x000000011eca0e38
R8 =0x0000000000000004, R9 =0x00007fff85810900, R10=0x00007fff857d5348, R11=0x00007fef72b6d7e1
R12=0x0000000000000000, R13=0x000000077bea0b08, R14=0x000000011eca1308, R15=0x00007ff091a16000
RIP=0x000000011b0d2223, EFLAGS=0x0000000000010202, ERR=0x0000000000000004
  TRAPNO=0x000000000000000e

Top of Stack: (sp=0x000000011eca0ee0)
0x000000011eca0ee0:   a600bfe32802a141 000000000000006c
0x000000011eca0ef0:   202c3131206e614a 000000010f865b95
0x000000011eca0f00:   000000077af1f39a 000000011eca0f60
0x000000011eca0f10:   000000077af20730 0000000000000000
0x000000011eca0f20:   000000077af1f3a8 000000011eca0f28
0x000000011eca0f30:   0000000000000000 000000011eca0fa8
0x000000011eca0f40:   000000077af44b98 000000011eca0f48
0x000000011eca0f50:   000000077afc5c40 000000011eca0fa8
0x000000011eca0f60:   000000077afc5ef0 0000000000000000
0x000000011eca0f70:   000000077afc5c48 0000000000000000
0x000000011eca0f80:   000000011eca0f98 000000011eca0ff0
0x000000011eca0f90:   000000010f859058 000000000000006c
0x000000011eca0fa0:   00000007d766ce88 0000000000000000
0x000000011eca0fb0:   000000011eca0fb0 000000077af43297
0x000000011eca0fc0:   000000011eca1030 000000077af44b98
0x000000011eca0fd0:   0000000000000000 000000077af432d0
0x000000011eca0fe0:   0000000000000000 000000011eca1018
0x000000011eca0ff0:   000000011eca1078 000000010f859058
0x000000011eca1000:   0000000000000000 000000000000006c
0x000000011eca1010:   0000000000000000 000000000000006c
0x000000011eca1020:   0000000000000000 00000007d766ce88
0x000000011eca1030:   00000007d766ce18 000000011eca1038
0x000000011eca1040:   000000077af443d8 000000011eca1088
0x000000011eca1050:   000000077af44ad8 0000000000000000
0x000000011eca1060:   000000077af443e8 0000000000000000
0x000000011eca1070:   000000011eca1088 000000001eca10e0
0x000000011eca1080:   000000011eca1308 00007ff091a161e8
0x000000011eca1090:   0000000000000009 0000000000000000
0x000000011eca10a0:   000000011eca1090 000000077af5c3fb
0x000000011eca10b0:   000000011eca10f0 000000077af5c738
0x000000011eca10c0:   0000000000000000 000000077af5c408
0x000000011eca10d0:   0000000000000000 000000011eca10f0 

Instructions: (pc=0x000000011b0d2223)
0x000000011b0d2203:   fd ff ff 00 74 0f c7 85 6c fc ff ff 00 00 00 00
0x000000011b0d2213:   e9 99 00 00 00 48 83 7d f0 00 74 2a 48 8b 45 f0
0x000000011b0d2223:   8b 80 6c 01 00 00 85 c0 74 1c 48 8b 45 f0 c7 80
0x000000011b0d2233:   6c 01 00 00 00 00 00 00 48 8b 45 f0 c7 80 70 01 

Register to memory mapping:

RAX=0x00000001249517d0 is an unknown value
RBX=0x000000077bea0b10 is an oop
{method} 
 - klass: {other class}
RCX=0x0000000000000000 is an unknown value
RDX=0x0000000000000004 is an unknown value
RSP=0x000000011eca0ee0 is pointing into the stack for thread: 0x00007ff091a16000
RBP=0x000000011eca1280 is pointing into the stack for thread: 0x00007ff091a16000
RSI=0x0000000000000007 is an unknown value
RDI=0x000000011eca0e38 is pointing into the stack for thread: 0x00007ff091a16000
R8 =0x0000000000000004 is an unknown value
R9 =0x00007fff85810900: __vfprintf.xdigs_upper+0 in /usr/lib/system/libsystem_c.dylib at 0x00007fff8578c000
R10=0x00007fff857d5348: __vfprintf+0x4705 in /usr/lib/system/libsystem_c.dylib at 0x00007fff8578c000
R11=0x00007fef72b6d7e1 is an unknown value
R12=0x0000000000000000 is an unknown value
R13=0x000000077bea0b08 is pointing into object: 0x000000077bea0ac8
{constMethod} 
 - klass: {other class}
 - constants:       0x000000077be9cb30 constant pool [551] for 'gnu/io/RXTXPort' cache=0x000000077beb14e8
R14=0x000000011eca1308 is pointing into the stack for thread: 0x00007ff091a16000
R15=0x00007ff091a16000 is a thread


Stack: [0x000000011eba4000,0x000000011eca4000],  sp=0x000000011eca0ee0,  free space=1011k
Native frames: (J=compiled Java code, j=interpreted, Vv=VM code, C=native code)
C  [librxtxSerial.jnilib+0x2223]  Java_gnu_io_RXTXPort_nativeDrain+0x117
j  gnu.io.RXTXPort.nativeDrain(Z)Z+0
j  gnu.io.RXTXPort$SerialOutputStream.flush()V+72
j  java.io.BufferedOutputStream.flush()V+8
j  java.io.FilterOutputStream.close()V+1
j  rtpmt.sensor.reader.SerialPort.close()V+11
j  rtpmt.motes.packet.BlackBoxReader.closeSource()V+4
j  rtpmt.motes.packet.AbstractSource.close()V+13
j  rtpmt.sensor.reader.SensorReader.close()V+4
j  sensorconfiguration.swing.ui.UIEventHandler.disConnectSensor()V+11
j  sensorconfiguration.swing.ui.UIEventHandler.initSerialPort()V+16
j  sensorconfiguration.swing.ui.SensorConfigurator.searchForPorts(Ljava/awt/event/ActionEvent;)V+4
j  sensorconfiguration.swing.ui.SensorConfigurator.access$500(Lsensorconfiguration/swing/ui/SensorConfigurator;Ljava/awt/event/ActionEvent;)V+2
j  sensorconfiguration.swing.ui.SensorConfigurator$6.actionPerformed(Ljava/awt/event/ActionEvent;)V+5
j  javax.swing.AbstractButton.fireActionPerformed(Ljava/awt/event/ActionEvent;)V+84
j  javax.swing.AbstractButton$Handler.actionPerformed(Ljava/awt/event/ActionEvent;)V+5
j  javax.swing.DefaultButtonModel.fireActionPerformed(Ljava/awt/event/ActionEvent;)V+35
j  javax.swing.DefaultButtonModel.setPressed(Z)V+117
j  javax.swing.plaf.basic.BasicButtonListener.mouseReleased(Ljava/awt/event/MouseEvent;)V+35
j  java.awt.Component.processMouseEvent(Ljava/awt/event/MouseEvent;)V+64
j  javax.swing.JComponent.processMouseEvent(Ljava/awt/event/MouseEvent;)V+23
j  java.awt.Component.processEvent(Ljava/awt/AWTEvent;)V+81
j  java.awt.Container.processEvent(Ljava/awt/AWTEvent;)V+18
j  java.awt.Component.dispatchEventImpl(Ljava/awt/AWTEvent;)V+581
j  java.awt.Container.dispatchEventImpl(Ljava/awt/AWTEvent;)V+42
j  java.awt.Component.dispatchEvent(Ljava/awt/AWTEvent;)V+2
j  java.awt.LightweightDispatcher.retargetMouseEvent(Ljava/awt/Component;ILjava/awt/event/MouseEvent;)V+327
j  java.awt.LightweightDispatcher.processMouseEvent(Ljava/awt/event/MouseEvent;)Z+139
j  java.awt.LightweightDispatcher.dispatchEvent(Ljava/awt/AWTEvent;)Z+50
j  java.awt.Container.dispatchEventImpl(Ljava/awt/AWTEvent;)V+12
j  java.awt.Window.dispatchEventImpl(Ljava/awt/AWTEvent;)V+19
j  java.awt.Component.dispatchEvent(Ljava/awt/AWTEvent;)V+2
j  java.awt.EventQueue.dispatchEventImpl(Ljava/awt/AWTEvent;Ljava/lang/Object;)V+41
j  java.awt.EventQueue.access$200(Ljava/awt/EventQueue;Ljava/awt/AWTEvent;Ljava/lang/Object;)V+3
j  java.awt.EventQueue$3.run()Ljava/lang/Void;+12
j  java.awt.EventQueue$3.run()Ljava/lang/Object;+1
v  ~StubRoutines::call_stub
V  [libjvm.dylib+0x2d6d90]
V  [libjvm.dylib+0x2d6b60]
V  [libjvm.dylib+0x32a444]
j  java.security.AccessController.doPrivileged(Ljava/security/PrivilegedAction;Ljava/security/AccessControlContext;)Ljava/lang/Object;+0
j  java.security.ProtectionDomain$1.doIntersectionPrivilege(Ljava/security/PrivilegedAction;Ljava/security/AccessControlContext;Ljava/security/AccessControlContext;)Ljava/lang/Object;+28
j  java.security.ProtectionDomain$1.doIntersectionPrivilege(Ljava/security/PrivilegedAction;Ljava/security/AccessControlContext;)Ljava/lang/Object;+6
j  java.awt.EventQueue$4.run()Ljava/lang/Void;+11
j  java.awt.EventQueue$4.run()Ljava/lang/Object;+1
v  ~StubRoutines::call_stub
V  [libjvm.dylib+0x2d6d90]
V  [libjvm.dylib+0x2d6b60]
V  [libjvm.dylib+0x32a444]
j  java.security.AccessController.doPrivileged(Ljava/security/PrivilegedAction;Ljava/security/AccessControlContext;)Ljava/lang/Object;+0
j  java.security.ProtectionDomain$1.doIntersectionPrivilege(Ljava/security/PrivilegedAction;Ljava/security/AccessControlContext;Ljava/security/AccessControlContext;)Ljava/lang/Object;+28
j  java.awt.EventQueue.dispatchEvent(Ljava/awt/AWTEvent;)V+73
j  java.awt.EventDispatchThread.pumpOneEventForFilters(I)V+245
j  java.awt.EventDispatchThread.pumpEventsForFilter(ILjava/awt/Conditional;Ljava/awt/EventFilter;)V+35
j  java.awt.EventDispatchThread.pumpEventsForHierarchy(ILjava/awt/Conditional;Ljava/awt/Component;)V+11
j  java.awt.EventDispatchThread.pumpEvents(ILjava/awt/Conditional;)V+4
j  java.awt.EventDispatchThread.pumpEvents(Ljava/awt/Conditional;)V+3
j  java.awt.EventDispatchThread.run()V+9
v  ~StubRoutines::call_stub
V  [libjvm.dylib+0x2d6d90]
V  [libjvm.dylib+0x2d72a7]
V  [libjvm.dylib+0x2d73e4]
V  [libjvm.dylib+0x3263ca]
V  [libjvm.dylib+0x4efb47]
V  [libjvm.dylib+0x4f124f]
V  [libjvm.dylib+0x41b1c6]
C  [libsystem_pthread.dylib+0x1899]  _pthread_body+0x8a
C  [libsystem_pthread.dylib+0x172a]  _pthread_struct_init+0x0
C  [libsystem_pthread.dylib+0x5fc9]  thread_start+0xd

Java frames: (J=compiled Java code, j=interpreted, Vv=VM code)
j  gnu.io.RXTXPort.nativeDrain(Z)Z+0
j  gnu.io.RXTXPort$SerialOutputStream.flush()V+72
j  java.io.BufferedOutputStream.flush()V+8
j  java.io.FilterOutputStream.close()V+1
j  rtpmt.sensor.reader.SerialPort.close()V+11
j  rtpmt.motes.packet.BlackBoxReader.closeSource()V+4
j  rtpmt.motes.packet.AbstractSource.close()V+13
j  rtpmt.sensor.reader.SensorReader.close()V+4
j  sensorconfiguration.swing.ui.UIEventHandler.disConnectSensor()V+11
j  sensorconfiguration.swing.ui.UIEventHandler.initSerialPort()V+16
j  sensorconfiguration.swing.ui.SensorConfigurator.searchForPorts(Ljava/awt/event/ActionEvent;)V+4
j  sensorconfiguration.swing.ui.SensorConfigurator.access$500(Lsensorconfiguration/swing/ui/SensorConfigurator;Ljava/awt/event/ActionEvent;)V+2
j  sensorconfiguration.swing.ui.SensorConfigurator$6.actionPerformed(Ljava/awt/event/ActionEvent;)V+5
j  javax.swing.AbstractButton.fireActionPerformed(Ljava/awt/event/ActionEvent;)V+84
j  javax.swing.AbstractButton$Handler.actionPerformed(Ljava/awt/event/ActionEvent;)V+5
j  javax.swing.DefaultButtonModel.fireActionPerformed(Ljava/awt/event/ActionEvent;)V+35
j  javax.swing.DefaultButtonModel.setPressed(Z)V+117
j  javax.swing.plaf.basic.BasicButtonListener.mouseReleased(Ljava/awt/event/MouseEvent;)V+35
j  java.awt.Component.processMouseEvent(Ljava/awt/event/MouseEvent;)V+64
j  javax.swing.JComponent.processMouseEvent(Ljava/awt/event/MouseEvent;)V+23
j  java.awt.Component.processEvent(Ljava/awt/AWTEvent;)V+81
j  java.awt.Container.processEvent(Ljava/awt/AWTEvent;)V+18
j  java.awt.Component.dispatchEventImpl(Ljava/awt/AWTEvent;)V+581
j  java.awt.Container.dispatchEventImpl(Ljava/awt/AWTEvent;)V+42
j  java.awt.Component.dispatchEvent(Ljava/awt/AWTEvent;)V+2
j  java.awt.LightweightDispatcher.retargetMouseEvent(Ljava/awt/Component;ILjava/awt/event/MouseEvent;)V+327
j  java.awt.LightweightDispatcher.processMouseEvent(Ljava/awt/event/MouseEvent;)Z+139
j  java.awt.LightweightDispatcher.dispatchEvent(Ljava/awt/AWTEvent;)Z+50
j  java.awt.Container.dispatchEventImpl(Ljava/awt/AWTEvent;)V+12
j  java.awt.Window.dispatchEventImpl(Ljava/awt/AWTEvent;)V+19
j  java.awt.Component.dispatchEvent(Ljava/awt/AWTEvent;)V+2
j  java.awt.EventQueue.dispatchEventImpl(Ljava/awt/AWTEvent;Ljava/lang/Object;)V+41
j  java.awt.EventQueue.access$200(Ljava/awt/EventQueue;Ljava/awt/AWTEvent;Ljava/lang/Object;)V+3
j  java.awt.EventQueue$3.run()Ljava/lang/Void;+12
j  java.awt.EventQueue$3.run()Ljava/lang/Object;+1
v  ~StubRoutines::call_stub
j  java.security.AccessController.doPrivileged(Ljava/security/PrivilegedAction;Ljava/security/AccessControlContext;)Ljava/lang/Object;+0
j  java.security.ProtectionDomain$1.doIntersectionPrivilege(Ljava/security/PrivilegedAction;Ljava/security/AccessControlContext;Ljava/security/AccessControlContext;)Ljava/lang/Object;+28
j  java.security.ProtectionDomain$1.doIntersectionPrivilege(Ljava/security/PrivilegedAction;Ljava/security/AccessControlContext;)Ljava/lang/Object;+6
j  java.awt.EventQueue$4.run()Ljava/lang/Void;+11
j  java.awt.EventQueue$4.run()Ljava/lang/Object;+1
v  ~StubRoutines::call_stub
j  java.security.AccessController.doPrivileged(Ljava/security/PrivilegedAction;Ljava/security/AccessControlContext;)Ljava/lang/Object;+0
j  java.security.ProtectionDomain$1.doIntersectionPrivilege(Ljava/security/PrivilegedAction;Ljava/security/AccessControlContext;Ljava/security/AccessControlContext;)Ljava/lang/Object;+28
j  java.awt.EventQueue.dispatchEvent(Ljava/awt/AWTEvent;)V+73
j  java.awt.EventDispatchThread.pumpOneEventForFilters(I)V+245
j  java.awt.EventDispatchThread.pumpEventsForFilter(ILjava/awt/Conditional;Ljava/awt/EventFilter;)V+35
j  java.awt.EventDispatchThread.pumpEventsForHierarchy(ILjava/awt/Conditional;Ljava/awt/Component;)V+11
j  java.awt.EventDispatchThread.pumpEvents(ILjava/awt/Conditional;)V+4
j  java.awt.EventDispatchThread.pumpEvents(Ljava/awt/Conditional;)V+3
j  java.awt.EventDispatchThread.run()V+9
v  ~StubRoutines::call_stub

---------------  P R O C E S S  ---------------

Java Threads: ( => current thread )
  0x00007ff092050800 JavaThread "nioEventLoopGroup-2-1" [_thread_in_native, id=57355, stack(0x000000012316b000,0x000000012326b000)]
  0x00007ff091875800 JavaThread "TimerQueue" daemon [_thread_blocked, id=51203, stack(0x000000011edcd000,0x000000011eecd000)]
  0x00007ff093000000 JavaThread "DestroyJavaVM" [_thread_blocked, id=6403, stack(0x000000010e478000,0x000000010e578000)]
=>0x00007ff091a16000 JavaThread "AWT-EventQueue-0" [_thread_in_native, id=50691, stack(0x000000011eba4000,0x000000011eca4000)]
  0x00007ff0930e9000 JavaThread "Java2D Disposer" daemon [_thread_blocked, id=49203, stack(0x000000011e811000,0x000000011e911000)]
  0x00007ff09195f000 JavaThread "Java2D Queue Flusher" daemon [_thread_blocked, id=47879, stack(0x000000011dacf000,0x000000011dbcf000)]
  0x00007ff0918ef000 JavaThread "AWT-Shutdown" [_thread_blocked, id=27915, stack(0x000000011b0f6000,0x000000011b1f6000)]
  0x00007ff092010800 JavaThread "AppKit Thread" daemon [_thread_in_native, id=1287, stack(0x00007fff5181d000,0x00007fff5189d000)]
  0x00007ff092805800 JavaThread "Service Thread" daemon [_thread_blocked, id=19203, stack(0x00000001194e1000,0x00000001195e1000)]
  0x00007ff092006800 JavaThread "C2 CompilerThread1" daemon [_thread_blocked, id=18691, stack(0x00000001193de000,0x00000001194de000)]
  0x00007ff092002800 JavaThread "C2 CompilerThread0" daemon [_thread_blocked, id=18179, stack(0x00000001192db000,0x00000001193db000)]
  0x00007ff09304f800 JavaThread "Signal Dispatcher" daemon [_thread_blocked, id=17667, stack(0x00000001191d8000,0x00000001192d8000)]
  0x00007ff093028000 JavaThread "Finalizer" daemon [_thread_blocked, id=12547, stack(0x0000000118f93000,0x0000000119093000)]
  0x00007ff09301f800 JavaThread "Reference Handler" daemon [_thread_blocked, id=12035, stack(0x0000000118e90000,0x0000000118f90000)]

Other Threads:
  0x00007ff09301f000 VMThread [stack: 0x0000000118d8d000,0x0000000118e8d000] [id=11523]
  0x00007ff092801000 WatcherThread [stack: 0x00000001195e4000,0x00000001196e4000] [id=19715]

VM state:not at safepoint (normal execution)

VM Mutex/Monitor currently owned by a thread: None

Heap
 PSYoungGen      total 38912K, used 16013K [0x00000007d5500000, 0x00000007d8000000, 0x0000000800000000)
  eden space 33792K, 32% used [0x00000007d5500000,0x00000007d5fab608,0x00000007d7600000)
  from space 5120K, 99% used [0x00000007d7600000,0x00000007d7af81d8,0x00000007d7b00000)
  to   space 5120K, 0% used [0x00000007d7b00000,0x00000007d7b00000,0x00000007d8000000)
 ParOldGen       total 87040K, used 3147K [0x0000000780000000, 0x0000000785500000, 0x00000007d5500000)
  object space 87040K, 3% used [0x0000000780000000,0x0000000780312c28,0x0000000785500000)
 PSPermGen       total 21504K, used 17861K [0x000000077ae00000, 0x000000077c300000, 0x0000000780000000)
  object space 21504K, 83% used [0x000000077ae00000,0x000000077bf71760,0x000000077c300000)

Card table byte_map: [0x0000000112913000,0x0000000112d3d000] byte_map_base: 0x000000010ed3c000

Polling page: 0x000000010e5b7000

Code Cache  [0x000000010f853000, 0x000000010fac3000, 0x0000000112853000)
 total_blobs=788 nmethods=277 adapters=465 free_code_cache=48097Kb largest_free_block=49217728

Compilation events (10 events):
Event: 990.328 Thread 0x00007ff092006800  280             java.util.concurrent.locks.ReentrantLock::tryLock (9 bytes)
Event: 990.329 Thread 0x00007ff092006800 nmethod 280 0x000000010f957890 code [0x000000010f9579e0, 0x000000010f957ad8]
Event: 1030.363 Thread 0x00007ff092002800  281             sun.java2d.opengl.OGLRenderQueue::access$000 (5 bytes)
Event: 1030.364 Thread 0x00007ff092002800 nmethod 281 0x000000010f957690 code [0x000000010f9577c0, 0x000000010f957818]
Event: 1032.683 Thread 0x00007ff092006800  282             sun.awt.SunToolkit::awtTryLock (7 bytes)
Event: 1032.684 Thread 0x00007ff092006800 nmethod 282 0x000000010f957350 code [0x000000010f9574a0, 0x000000010f957598]
Event: 1050.014 Thread 0x00007ff092002800  283             sun.java2d.pipe.RenderQueue::tryLock (4 bytes)
Event: 1050.016 Thread 0x00007ff092002800 nmethod 283 0x000000010f956fd0 code [0x000000010f957120, 0x000000010f957238]
Event: 1164.621 Thread 0x00007ff092006800  285             java.lang.Math::floor (5 bytes)
Event: 1164.622 Thread 0x00007ff092006800 nmethod 285 0x000000010f946290 code [0x000000010f946400, 0x000000010f9464d8]

GC Heap History (2 events):
Event: 70.959 GC heap before
{Heap before GC invocations=1 (full 0):
 PSYoungGen      total 38912K, used 33792K [0x00000007d5500000, 0x00000007d8000000, 0x0000000800000000)
  eden space 33792K, 100% used [0x00000007d5500000,0x00000007d7600000,0x00000007d7600000)
  from space 5120K, 0% used [0x00000007d7b00000,0x00000007d7b00000,0x00000007d8000000)
  to   space 5120K, 0% used [0x00000007d7600000,0x00000007d7600000,0x00000007d7b00000)
 ParOldGen       total 87040K, used 0K [0x0000000780000000, 0x0000000785500000, 0x00000007d5500000)
  object space 87040K, 0% used [0x0000000780000000,0x0000000780000000,0x0000000785500000)
 PSPermGen       total 21504K, used 17614K [0x000000077ae00000, 0x000000077c300000, 0x0000000780000000)
  object space 21504K, 81% used [0x000000077ae00000,0x000000077bf33be0,0x000000077c300000)
Event: 70.971 GC heap after
Heap after GC invocations=1 (full 0):
 PSYoungGen      total 38912K, used 5088K [0x00000007d5500000, 0x00000007d8000000, 0x0000000800000000)
  eden space 33792K, 0% used [0x00000007d5500000,0x00000007d5500000,0x00000007d7600000)
  from space 5120K, 99% used [0x00000007d7600000,0x00000007d7af81d8,0x00000007d7b00000)
  to   space 5120K, 0% used [0x00000007d7b00000,0x00000007d7b00000,0x00000007d8000000)
 ParOldGen       total 87040K, used 3147K [0x0000000780000000, 0x0000000785500000, 0x00000007d5500000)
  object space 87040K, 3% used [0x0000000780000000,0x0000000780312c28,0x0000000785500000)
 PSPermGen       total 21504K, used 17614K [0x000000077ae00000, 0x000000077c300000, 0x0000000780000000)
  object space 21504K, 81% used [0x000000077ae00000,0x000000077bf33be0,0x000000077c300000)
}

Deoptimization events (10 events):
Event: 7.821 Thread 0x00007ff091a16000 Uncommon trap: reason=bimorphic action=maybe_recompile pc=0x000000010f8d5e34 method=java.util.HashMap.put(Ljava/lang/Object;Ljava/lang/Object;)Ljava/lang/Object; @ 137
Event: 39.008 Thread 0x00007ff091a16000 Uncommon trap: reason=unreached action=reinterpret pc=0x000000010f8f521c method=java.lang.AbstractStringBuilder.append(Ljava/lang/String;)Ljava/lang/AbstractStringBuilder; @ 1
Event: 39.008 Thread 0x00007ff091a16000 Uncommon trap: reason=unreached action=reinterpret pc=0x000000010f8f1718 method=java.lang.AbstractStringBuilder.append(Ljava/lang/String;)Ljava/lang/AbstractStringBuilder; @ 1
Event: 41.330 Thread 0x00007ff091a16000 Uncommon trap: reason=unloaded action=reinterpret pc=0x000000010f90759c method=rtpmt.motes.packet.BlackBoxReader.readFramedPacket(Z)[B @ 240
Event: 43.946 Thread 0x00007ff09195f000 Uncommon trap: reason=predicate action=maybe_recompile pc=0x000000010f900400 method=java.util.Arrays.fill([Ljava/lang/Object;Ljava/lang/Object;)V @ 10
Event: 48.407 Thread 0x00007ff09195f000 Uncommon trap: reason=array_check action=maybe_recompile pc=0x000000010f9100b8 method=java.util.Arrays.fill([Ljava/lang/Object;Ljava/lang/Object;)V @ 13
Event: 48.407 Thread 0x00007ff09195f000 Uncommon trap: reason=array_check action=maybe_recompile pc=0x000000010f9100b8 method=java.util.Arrays.fill([Ljava/lang/Object;Ljava/lang/Object;)V @ 13
Event: 48.407 Thread 0x00007ff09195f000 Uncommon trap: reason=array_check action=maybe_recompile pc=0x000000010f9100b8 method=java.util.Arrays.fill([Ljava/lang/Object;Ljava/lang/Object;)V @ 13
Event: 48.407 Thread 0x00007ff09195f000 Uncommon trap: reason=array_check action=maybe_recompile pc=0x000000010f9100b8 method=java.util.Arrays.fill([Ljava/lang/Object;Ljava/lang/Object;)V @ 13
Event: 80.637 Thread 0x00007ff091a16000 Uncommon trap: reason=unreached action=reinterpret pc=0x000000010f92b4fc method=java.util.concurrent.ConcurrentHashMap.get(Ljava/lang/Object;)Ljava/lang/Object; @ 47

Internal exceptions (10 events):
Event: 47.320 Thread 0x00007ff091a16000 Threw 0x00000007d7314a88 at /HUDSON/workspace/7u-2-build-macosx-x86_64/jdk7u45/229/hotspot/src/share/vm/prims/jni.cpp:743
Event: 47.320 Thread 0x00007ff091a16000 Threw 0x00000007d73152d0 at /HUDSON/workspace/7u-2-build-macosx-x86_64/jdk7u45/229/hotspot/src/share/vm/prims/jni.cpp:743
Event: 47.321 Thread 0x00007ff091a16000 Threw 0x00000007d7315b10 at /HUDSON/workspace/7u-2-build-macosx-x86_64/jdk7u45/229/hotspot/src/share/vm/prims/jni.cpp:743
Event: 80.609 Thread 0x00007ff091a16000 Threw 0x00000007d5a7d398 at /HUDSON/workspace/7u-2-build-macosx-x86_64/jdk7u45/229/hotspot/src/share/vm/prims/jvm.cpp:1244
Event: 80.637 Thread 0x00007ff091a16000 Implicit null exception at 0x000000010f92b2c8 to 0x000000010f92b4e1
Event: 83.889 Thread 0x00007ff091a16000 Threw 0x00000007d5ba06c0 at /HUDSON/workspace/7u-2-build-macosx-x86_64/jdk7u45/229/hotspot/src/share/vm/prims/jvm.cpp:1244
Event: 83.890 Thread 0x00007ff091a16000 Threw 0x00000007d5ba44e8 at /HUDSON/workspace/7u-2-build-macosx-x86_64/jdk7u45/229/hotspot/src/share/vm/prims/jvm.cpp:1244
Event: 83.900 Thread 0x00007ff091a16000 Threw 0x00000007d5bac2b0 at /HUDSON/workspace/7u-2-build-macosx-x86_64/jdk7u45/229/hotspot/src/share/vm/prims/jvm.cpp:1244
Event: 83.900 Thread 0x00007ff091a16000 Threw 0x00000007d5bb0168 at /HUDSON/workspace/7u-2-build-macosx-x86_64/jdk7u45/229/hotspot/src/share/vm/prims/jvm.cpp:1244
Event: 1165.845 Thread 0x00007ff091a16000 Threw 0x00000007d5efdb48 at /HUDSON/workspace/7u-2-build-macosx-x86_64/jdk7u45/229/hotspot/src/share/vm/prims/jni.cpp:743

Events (10 events):
Event: 83.927 loading class 0x00007ff091a4b390 done
Event: 83.927 loading class 0x00007ff091a4b3d0 done
Event: 87.836 Thread 0x00007ff092006800 flushing nmethod 0x000000010f911c90
Event: 108.012 Executing VM operation: RevokeBias
Event: 108.012 Executing VM operation: RevokeBias done
Event: 108.012 Thread 0x00007ff091aa0800 Thread exited: 0x00007ff091aa0800
Event: 128.908 Executing VM operation: BulkRevokeBias
Event: 128.908 Executing VM operation: BulkRevokeBias done
Event: 128.911 Executing VM operation: BulkRevokeBias
Event: 128.911 Executing VM operation: BulkRevokeBias done


Dynamic libraries:
0x0000000003685000 	/System/Library/Frameworks/Cocoa.framework/Versions/A/Cocoa
0x0000000003685000 	/System/Library/Frameworks/Security.framework/Versions/A/Security
0x0000000003685000 	/System/Library/Frameworks/ApplicationServices.framework/Versions/A/ApplicationServices
0x0000000003685000 	/usr/lib/libz.1.dylib
0x0000000003685000 	/usr/lib/libSystem.B.dylib
0x0000000003685000 	/usr/lib/libobjc.A.dylib
0x0000000003685000 	/System/Library/Frameworks/CoreFoundation.framework/Versions/A/CoreFoundation
0x0000000003685000 	/System/Library/Frameworks/Foundation.framework/Versions/C/Foundation
0x0000000003685000 	/System/Library/Frameworks/AppKit.framework/Versions/C/AppKit
0x0000000003685000 	/System/Library/Frameworks/CoreData.framework/Versions/A/CoreData
0x0000000003685000 	/System/Library/PrivateFrameworks/RemoteViewServices.framework/Versions/A/RemoteViewServices
0x0000000003685000 	/System/Library/Frameworks/AudioToolbox.framework/Versions/A/AudioToolbox
0x0000000003685000 	/System/Library/Frameworks/AudioUnit.framework/Versions/A/AudioUnit
0x0000000003685000 	/System/Library/PrivateFrameworks/DataDetectorsCore.framework/Versions/A/DataDetectorsCore
0x0000000003685000 	/System/Library/PrivateFrameworks/DesktopServicesPriv.framework/Versions/A/DesktopServicesPriv
0x0000000003685000 	/System/Library/Frameworks/Carbon.framework/Versions/A/Frameworks/HIToolbox.framework/Versions/A/HIToolbox
0x0000000003685000 	/System/Library/Frameworks/QuartzCore.framework/Versions/A/QuartzCore
0x0000000003685000 	/System/Library/Frameworks/Carbon.framework/Versions/A/Frameworks/SpeechRecognition.framework/Versions/A/SpeechRecognition
0x0000000003685000 	/usr/lib/libauto.dylib
0x0000000003685000 	/usr/lib/libicucore.A.dylib
0x0000000003685000 	/usr/lib/libxml2.2.dylib
0x0000000003685000 	/System/Library/PrivateFrameworks/CoreUI.framework/Versions/A/CoreUI
0x0000000003685000 	/System/Library/Frameworks/CoreAudio.framework/Versions/A/CoreAudio
0x0000000003685000 	/System/Library/Frameworks/DiskArbitration.framework/Versions/A/DiskArbitration
0x0000000003685000 	/usr/lib/liblangid.dylib
0x0000000003685000 	/System/Library/PrivateFrameworks/MultitouchSupport.framework/Versions/A/MultitouchSupport
0x0000000003685000 	/System/Library/Frameworks/IOKit.framework/Versions/A/IOKit
0x0000000003685000 	/usr/lib/libDiagnosticMessagesClient.dylib
0x0000000003685000 	/System/Library/Frameworks/CoreServices.framework/Versions/A/CoreServices
0x0000000003685000 	/System/Library/PrivateFrameworks/PerformanceAnalysis.framework/Versions/A/PerformanceAnalysis
0x0000000003685000 	/System/Library/PrivateFrameworks/GenerationalStorage.framework/Versions/A/GenerationalStorage
0x0000000003685000 	/System/Library/Frameworks/OpenGL.framework/Versions/A/OpenGL
0x0000000003685000 	/System/Library/PrivateFrameworks/Sharing.framework/Versions/A/Sharing
0x0000000003685000 	/System/Library/Frameworks/ImageIO.framework/Versions/A/ImageIO
0x0000000003685000 	/System/Library/Frameworks/CoreText.framework/Versions/A/CoreText
0x0000000003685000 	/System/Library/Frameworks/CoreGraphics.framework/Versions/A/CoreGraphics
0x0000000003685000 	/System/Library/PrivateFrameworks/Backup.framework/Versions/A/Backup
0x0000000003685000 	/System/Library/Frameworks/CFNetwork.framework/Versions/A/CFNetwork
0x0000000003685000 	/System/Library/Frameworks/SystemConfiguration.framework/Versions/A/SystemConfiguration
0x0000000003685000 	/usr/lib/libCRFSuite.dylib
0x0000000003685000 	/usr/lib/libc++.1.dylib
0x0000000003685000 	/usr/lib/libc++abi.dylib
0x0000000003685000 	/usr/lib/system/libcache.dylib
0x0000000003685000 	/usr/lib/system/libcommonCrypto.dylib
0x0000000003685000 	/usr/lib/system/libcompiler_rt.dylib
0x0000000003685000 	/usr/lib/system/libcopyfile.dylib
0x0000000003685000 	/usr/lib/system/libcorecrypto.dylib
0x0000000003685000 	/usr/lib/system/libdispatch.dylib
0x0000000003685000 	/usr/lib/system/libdyld.dylib
0x0000000003685000 	/usr/lib/system/libkeymgr.dylib
0x0000000003685000 	/usr/lib/system/liblaunch.dylib
0x0000000003685000 	/usr/lib/system/libmacho.dylib
0x0000000003685000 	/usr/lib/system/libquarantine.dylib
0x0000000003685000 	/usr/lib/system/libremovefile.dylib
0x0000000003685000 	/usr/lib/system/libsystem_asl.dylib
0x0000000003685000 	/usr/lib/system/libsystem_blocks.dylib
0x0000000003685000 	/usr/lib/system/libsystem_c.dylib
0x0000000003685000 	/usr/lib/system/libsystem_configuration.dylib
0x0000000003685000 	/usr/lib/system/libsystem_dnssd.dylib
0x0000000003685000 	/usr/lib/system/libsystem_info.dylib
0x0000000003685000 	/usr/lib/system/libsystem_kernel.dylib
0x0000000003685000 	/usr/lib/system/libsystem_m.dylib
0x0000000003685000 	/usr/lib/system/libsystem_malloc.dylib
0x0000000003685000 	/usr/lib/system/libsystem_network.dylib
0x0000000003685000 	/usr/lib/system/libsystem_notify.dylib
0x0000000003685000 	/usr/lib/system/libsystem_platform.dylib
0x0000000003685000 	/usr/lib/system/libsystem_pthread.dylib
0x0000000003685000 	/usr/lib/system/libsystem_sandbox.dylib
0x0000000003685000 	/usr/lib/system/libsystem_stats.dylib
0x0000000003685000 	/usr/lib/system/libunc.dylib
0x0000000003685000 	/usr/lib/system/libunwind.dylib
0x0000000003685000 	/usr/lib/system/libxpc.dylib
0x0000000003685000 	/usr/lib/libbsm.0.dylib
0x0000000003685000 	/usr/lib/libsqlite3.dylib
0x0000000003685000 	/usr/lib/libxar.1.dylib
0x0000000003685000 	/usr/lib/libpam.2.dylib
0x0000000003685000 	/usr/lib/libOpenScriptingUtil.dylib
0x0000000003685000 	/usr/lib/libbz2.1.0.dylib
0x0000000003685000 	/System/Library/Frameworks/CoreServices.framework/Versions/A/Frameworks/CarbonCore.framework/Versions/A/CarbonCore
0x0000000003685000 	/System/Library/Frameworks/CoreServices.framework/Versions/A/Frameworks/Metadata.framework/Versions/A/Metadata
0x0000000003685000 	/System/Library/Frameworks/CoreServices.framework/Versions/A/Frameworks/OSServices.framework/Versions/A/OSServices
0x0000000003685000 	/System/Library/Frameworks/CoreServices.framework/Versions/A/Frameworks/SearchKit.framework/Versions/A/SearchKit
0x0000000003685000 	/System/Library/Frameworks/CoreServices.framework/Versions/A/Frameworks/AE.framework/Versions/A/AE
0x0000000003685000 	/System/Library/Frameworks/CoreServices.framework/Versions/A/Frameworks/LaunchServices.framework/Versions/A/LaunchServices
0x0000000003685000 	/System/Library/Frameworks/CoreServices.framework/Versions/A/Frameworks/DictionaryServices.framework/Versions/A/DictionaryServices
0x0000000003685000 	/System/Library/Frameworks/NetFS.framework/Versions/A/NetFS
0x0000000003685000 	/usr/lib/system/libkxld.dylib
0x0000000003685000 	/System/Library/PrivateFrameworks/NetAuth.framework/Versions/A/NetAuth
0x0000000003685000 	/System/Library/PrivateFrameworks/TCC.framework/Versions/A/TCC
0x0000000003685000 	/System/Library/Frameworks/OpenDirectory.framework/Versions/A/Frameworks/CFOpenDirectory.framework/Versions/A/CFOpenDirectory
0x0000000003685000 	/System/Library/Frameworks/ServiceManagement.framework/Versions/A/ServiceManagement
0x0000000003685000 	/usr/lib/libxslt.1.dylib
0x0000000003685000 	/System/Library/Frameworks/Carbon.framework/Versions/A/Frameworks/Ink.framework/Versions/A/Ink
0x0000000003685000 	/System/Library/Frameworks/ApplicationServices.framework/Versions/A/Frameworks/ATS.framework/Versions/A/ATS
0x0000000003685000 	/System/Library/Frameworks/ApplicationServices.framework/Versions/A/Frameworks/ColorSync.framework/Versions/A/ColorSync
0x0000000003685000 	/System/Library/Frameworks/ApplicationServices.framework/Versions/A/Frameworks/HIServices.framework/Versions/A/HIServices
0x0000000003685000 	/System/Library/Frameworks/ApplicationServices.framework/Versions/A/Frameworks/LangAnalysis.framework/Versions/A/LangAnalysis
0x0000000003685000 	/System/Library/Frameworks/ApplicationServices.framework/Versions/A/Frameworks/PrintCore.framework/Versions/A/PrintCore
0x0000000003685000 	/System/Library/Frameworks/ApplicationServices.framework/Versions/A/Frameworks/QD.framework/Versions/A/QD
0x0000000003685000 	/System/Library/Frameworks/ApplicationServices.framework/Versions/A/Frameworks/SpeechSynthesis.framework/Versions/A/SpeechSynthesis
0x0000000003685000 	/System/Library/Frameworks/IOSurface.framework/Versions/A/IOSurface
0x0000000003685000 	/System/Library/Frameworks/Accelerate.framework/Versions/A/Accelerate
0x0000000003685000 	/System/Library/Frameworks/Accelerate.framework/Versions/A/Frameworks/vImage.framework/Versions/A/vImage
0x0000000003685000 	/System/Library/Frameworks/Accelerate.framework/Versions/A/Frameworks/vecLib.framework/Versions/A/vecLib
0x0000000003685000 	/System/Library/Frameworks/Accelerate.framework/Versions/A/Frameworks/vecLib.framework/Versions/A/libvDSP.dylib
0x0000000003685000 	/System/Library/Frameworks/Accelerate.framework/Versions/A/Frameworks/vecLib.framework/Versions/A/libvMisc.dylib
0x0000000003685000 	/System/Library/Frameworks/Accelerate.framework/Versions/A/Frameworks/vecLib.framework/Versions/A/libLAPACK.dylib
0x0000000003685000 	/System/Library/Frameworks/Accelerate.framework/Versions/A/Frameworks/vecLib.framework/Versions/A/libBLAS.dylib
0x0000000003685000 	/System/Library/Frameworks/ApplicationServices.framework/Versions/A/Frameworks/ATS.framework/Versions/A/Resources/libFontParser.dylib
0x0000000003685000 	/System/Library/Frameworks/ApplicationServices.framework/Versions/A/Frameworks/ATS.framework/Versions/A/Resources/libFontRegistry.dylib
0x0000000003685000 	/System/Library/Frameworks/ImageIO.framework/Versions/A/Resources/libJPEG.dylib
0x0000000003685000 	/System/Library/Frameworks/ImageIO.framework/Versions/A/Resources/libTIFF.dylib
0x0000000003685000 	/System/Library/Frameworks/ImageIO.framework/Versions/A/Resources/libPng.dylib
0x0000000003685000 	/System/Library/Frameworks/ImageIO.framework/Versions/A/Resources/libGIF.dylib
0x0000000003685000 	/System/Library/Frameworks/ImageIO.framework/Versions/A/Resources/libJP2.dylib
0x0000000003685000 	/System/Library/Frameworks/ImageIO.framework/Versions/A/Resources/libRadiance.dylib
0x0000000003685000 	/usr/lib/libcups.2.dylib
0x0000000003685000 	/System/Library/Frameworks/Kerberos.framework/Versions/A/Kerberos
0x0000000003685000 	/System/Library/Frameworks/GSS.framework/Versions/A/GSS
0x0000000003685000 	/usr/lib/libresolv.9.dylib
0x0000000003685000 	/usr/lib/libiconv.2.dylib
0x0000000003685000 	/System/Library/PrivateFrameworks/Heimdal.framework/Versions/A/Heimdal
0x0000000003685000 	/System/Library/PrivateFrameworks/TrustEvaluationAgent.framework/Versions/A/TrustEvaluationAgent
0x0000000003685000 	/usr/lib/libheimdal-asn1.dylib
0x0000000003685000 	/System/Library/Frameworks/OpenDirectory.framework/Versions/A/OpenDirectory
0x0000000003685000 	/System/Library/PrivateFrameworks/CommonAuth.framework/Versions/A/CommonAuth
0x0000000003685000 	/System/Library/Frameworks/SecurityFoundation.framework/Versions/A/SecurityFoundation
0x0000000003685000 	/System/Library/PrivateFrameworks/Bom.framework/Versions/A/Bom
0x0000000003685000 	/System/Library/Frameworks/CoreVideo.framework/Versions/A/CoreVideo
0x0000000003685000 	/System/Library/Frameworks/QuartzCore.framework/Versions/A/Frameworks/CoreImage.framework/Versions/A/CoreImage
0x0000000003685000 	/System/Library/Frameworks/QuartzCore.framework/Versions/A/Frameworks/ScalableUserInterface.framework/Versions/A/ScalableUserInterface
0x0000000003685000 	/System/Library/Frameworks/OpenGL.framework/Versions/A/Libraries/libGLU.dylib
0x0000000003685000 	/System/Library/Frameworks/OpenGL.framework/Versions/A/Libraries/libGFXShared.dylib
0x0000000003685000 	/System/Library/Frameworks/OpenGL.framework/Versions/A/Libraries/libGL.dylib
0x0000000003685000 	/System/Library/Frameworks/OpenGL.framework/Versions/A/Libraries/libGLImage.dylib
0x0000000003685000 	/System/Library/Frameworks/OpenGL.framework/Versions/A/Libraries/libCVMSPluginSupport.dylib
0x0000000003685000 	/System/Library/Frameworks/OpenGL.framework/Versions/A/Libraries/libCoreVMClient.dylib
0x0000000003685000 	/System/Library/PrivateFrameworks/FaceCore.framework/Versions/A/FaceCore
0x0000000003685000 	/System/Library/PrivateFrameworks/CrashReporterSupport.framework/Versions/A/CrashReporterSupport
0x0000000003685000 	/System/Library/Frameworks/OpenCL.framework/Versions/A/OpenCL
0x0000000003685000 	/System/Library/PrivateFrameworks/AppleFSCompression.framework/Versions/A/AppleFSCompression
0x0000000003685000 	/System/Library/PrivateFrameworks/Ubiquity.framework/Versions/A/Ubiquity
0x0000000003685000 	/System/Library/PrivateFrameworks/IconServices.framework/Versions/A/IconServices
0x0000000003685000 	/System/Library/PrivateFrameworks/ChunkingLibrary.framework/Versions/A/ChunkingLibrary
0x0000000003685000 	/System/Library/PrivateFrameworks/CoreSymbolication.framework/Versions/A/CoreSymbolication
0x0000000003685000 	/System/Library/PrivateFrameworks/Symbolication.framework/Versions/A/Symbolication
0x0000000003685000 	/System/Library/PrivateFrameworks/DebugSymbols.framework/Versions/A/DebugSymbols
0x000000010ee00000 	/Library/Java/JavaVirtualMachines/jdk1.7.0_45.jdk/Contents/Home/jre/lib/server/libjvm.dylib
0x0000000003685000 	/usr/lib/libstdc++.6.dylib
0x000000010e57a000 	/Library/Java/JavaVirtualMachines/jdk1.7.0_45.jdk/Contents/Home/jre/lib/libverify.dylib
0x000000010e587000 	/Library/Java/JavaVirtualMachines/jdk1.7.0_45.jdk/Contents/Home/jre/lib/libjava.dylib
0x000000010e5c1000 	/Library/Java/JavaVirtualMachines/jdk1.7.0_45.jdk/Contents/Home/jre/lib/libzip.dylib
0x0000000119095000 	/System/Library/Frameworks/JavaVM.framework/Frameworks/JavaRuntimeSupport.framework/JavaRuntimeSupport
0x00000001190ad000 	/System/Library/Frameworks/JavaVM.framework/Versions/A/Frameworks/JavaNativeFoundation.framework/Versions/A/JavaNativeFoundation
0x00000001190c2000 	/System/Library/Frameworks/JavaVM.framework/Versions/A/JavaVM
0x0000000003685000 	/System/Library/Frameworks/Carbon.framework/Versions/A/Carbon
0x000000010e5f4000 	/System/Library/PrivateFrameworks/JavaLaunching.framework/Versions/A/JavaLaunching
0x0000000003685000 	/System/Library/Frameworks/Carbon.framework/Versions/A/Frameworks/CommonPanels.framework/Versions/A/CommonPanels
0x0000000003685000 	/System/Library/Frameworks/Carbon.framework/Versions/A/Frameworks/Help.framework/Versions/A/Help
0x0000000003685000 	/System/Library/Frameworks/Carbon.framework/Versions/A/Frameworks/ImageCapture.framework/Versions/A/ImageCapture
0x0000000003685000 	/System/Library/Frameworks/Carbon.framework/Versions/A/Frameworks/OpenScripting.framework/Versions/A/OpenScripting
0x0000000003685000 	/System/Library/Frameworks/Carbon.framework/Versions/A/Frameworks/Print.framework/Versions/A/Print
0x0000000003685000 	/System/Library/Frameworks/Carbon.framework/Versions/A/Frameworks/SecurityHI.framework/Versions/A/SecurityHI
0x0000000119766000 	/Library/Java/JavaVirtualMachines/jdk1.7.0_45.jdk/Contents/Home/jre/lib/libawt.dylib
0x0000000119815000 	/Library/Java/JavaVirtualMachines/jdk1.7.0_45.jdk/Contents/Home/jre/lib/./libmlib_image.dylib
0x00000001198e1000 	/Library/Java/JavaVirtualMachines/jdk1.7.0_45.jdk/Contents/Home/jre/lib/lwawt/liblwawt.dylib
0x0000000119995000 	/Library/Java/JavaVirtualMachines/jdk1.7.0_45.jdk/Contents/Home/jre/lib/libosxapp.dylib
0x0000000003685000 	/System/Library/Frameworks/ExceptionHandling.framework/Versions/A/ExceptionHandling
0x0000000003685000 	/System/Library/PrivateFrameworks/CoreServicesInternal.framework/Versions/A/CoreServicesInternal
0x0000000003685000 	/System/Library/PrivateFrameworks/Librarian.framework/Versions/A/Librarian
0x0000000003685000 	/System/Library/Frameworks/CoreGraphics.framework/Versions/A/Resources/libCGCMS.A.dylib
0x0000000003685000 	/System/Library/Frameworks/CoreGraphics.framework/Versions/A/Resources/libRIP.A.dylib
0x0000000003685000 	/System/Library/Frameworks/CoreGraphics.framework/Versions/A/Resources/libCGXType.A.dylib
0x0000000003685000 	/System/Library/PrivateFrameworks/FamilyControls.framework/Versions/A/FamilyControls
0x0000000003685000 	/System/Library/PrivateFrameworks/CommerceKit.framework/Versions/A/Frameworks/CommerceCore.framework/Versions/A/CommerceCore
0x0000000003685000 	/System/Library/PrivateFrameworks/SystemAdministration.framework/Versions/A/SystemAdministration
0x0000000003685000 	/System/Library/Frameworks/DirectoryService.framework/Versions/A/DirectoryService
0x0000000003685000 	/System/Library/PrivateFrameworks/DiskImages.framework/Versions/A/DiskImages
0x0000000003685000 	/System/Library/PrivateFrameworks/LoginUIKit.framework/Versions/A/Frameworks/LoginUICore.framework/Versions/A/LoginUICore
0x0000000003685000 	/usr/lib/libCoreStorage.dylib
0x0000000003685000 	/usr/lib/libcsfde.dylib
0x0000000003685000 	/usr/lib/libodfde.dylib
0x0000000003685000 	/System/Library/Frameworks/DiscRecording.framework/Versions/A/DiscRecording
0x0000000003685000 	/usr/lib/libcurl.4.dylib
0x0000000003685000 	/System/Library/PrivateFrameworks/MediaKit.framework/Versions/A/MediaKit
0x0000000003685000 	/System/Library/PrivateFrameworks/EFILogin.framework/Versions/A/EFILogin
0x0000000003685000 	/usr/lib/libutil.dylib
0x0000000003685000 	/System/Library/PrivateFrameworks/AOSNotification.framework/Versions/A/AOSNotification
0x0000000003685000 	/System/Library/Frameworks/LDAP.framework/Versions/A/LDAP
0x0000000003685000 	/usr/lib/libsasl2.2.dylib
0x0000000003685000 	/usr/lib/libcrypto.0.9.8.dylib
0x0000000003685000 	/usr/lib/libssl.0.9.8.dylib
0x000000011da6a000 	/Library/Java/JavaVirtualMachines/jdk1.7.0_45.jdk/Contents/Home/jre/lib/libfontmanager.dylib
0x000000011b322000 	/Library/Java/JavaVirtualMachines/jdk1.7.0_45.jdk/Contents/Home/jre/lib/libosxui.dylib
0x0000000003685000 	/System/Library/Frameworks/OpenGL.framework/Versions/A/Resources/GLEngine.bundle/GLEngine
0x0000000003685000 	/System/Library/Frameworks/OpenGL.framework/Versions/A/Libraries/libGLProgrammability.dylib
0x0000000000000000 	/System/Library/Extensions/AppleIntelHD4000GraphicsGLDriver.bundle/Contents/MacOS/AppleIntelHD4000GraphicsGLDriver
0x0000000003685000 	/System/Library/PrivateFrameworks/IOAccelerator.framework/Versions/A/IOAccelerator
0x0000000003685000 	/System/Library/PrivateFrameworks/GPUSupport.framework/Versions/A/Libraries/libGPUSupportMercury.dylib
0x0000000003685000 	/System/Library/Frameworks/OpenGL.framework/Versions/A/Resources/GLRendererFloat.bundle/GLRendererFloat
0x0000000003685000 	/System/Library/Frameworks/OpenCL.framework/Versions/A/Libraries/libcldcpuengine.dylib
0x000000011ecf2000 	/Library/Java/JavaVirtualMachines/jdk1.7.0_45.jdk/Contents/Home/jre/lib/libnet.dylib
0x000000011e9b7000 	/Library/Java/JavaVirtualMachines/jdk1.7.0_45.jdk/Contents/Home/jre/lib/libnio.dylib
0x0000000123d1e000 	/Library/Java/JavaVirtualMachines/jdk1.7.0_45.jdk/Contents/Home/jre/lib/libdcpr.dylib
0x000000011b0d0000 	/Library/Java/Extensions/librxtxSerial.jnilib

VM Arguments:
jvm_args: -Dfile.encoding=UTF-8 
java_command: sensorconfiguration.swing.ui.SensorConfigurator
Launcher Type: SUN_STANDARD

Environment Variables:
PATH=/usr/bin:/bin:/usr/sbin:/sbin
LD_LIBRARY_PATH=/Library/Java/JavaVirtualMachines/jdk1.7.0_45.jdk/Contents/Home/jre/lib/amd64:/Library/Java/JavaVirtualMachines/jdk1.7.0_45.jdk/Contents/Home/jre/lib/i386:
SHELL=/bin/bash
DISPLAY=/tmp/launch-QEN9rV/org.macosforge.xquartz:0
DYLD_LIBRARY_PATH=/Applications/NetBeans/NetBeans 7.4.app/Contents/Resources/NetBeans/webcommon/bin:

Signal Handlers:
SIGSEGV: [libjvm.dylib+0x525415], sa_mask[0]=0xfffefeff, sa_flags=0x00000043
SIGBUS: [libjvm.dylib+0x525415], sa_mask[0]=0xfffefeff, sa_flags=0x00000042
SIGFPE: [libjvm.dylib+0x41891a], sa_mask[0]=0xfffefeff, sa_flags=0x00000042
SIGPIPE: [libjvm.dylib+0x41891a], sa_mask[0]=0xfffefeff, sa_flags=0x00000042
SIGXFSZ: [libjvm.dylib+0x41891a], sa_mask[0]=0xfffefeff, sa_flags=0x00000042
SIGILL: [libjvm.dylib+0x41891a], sa_mask[0]=0xfffefeff, sa_flags=0x00000042
SIGUSR1: SIG_DFL, sa_mask[0]=0x00000000, sa_flags=0x00000002
SIGUSR2: [libjvm.dylib+0x41840c], sa_mask[0]=0x00000004, sa_flags=0x00000042
SIGHUP: [libjvm.dylib+0x41669b], sa_mask[0]=0xfffefeff, sa_flags=0x00000042
SIGINT: SIG_IGN, sa_mask[0]=0x00000000, sa_flags=0x00000000
SIGTERM: [libjvm.dylib+0x41669b], sa_mask[0]=0xfffefeff, sa_flags=0x00000042
SIGQUIT: [libjvm.dylib+0x41669b], sa_mask[0]=0xfffefeff, sa_flags=0x00000042


---------------  S Y S T E M  ---------------

OS:Bsduname:Darwin 13.0.0 Darwin Kernel Version 13.0.0: Thu Sep 19 22:22:27 PDT 2013; root:xnu-2422.1.72~6/RELEASE_X86_64 x86_64
rlimit: STACK 8192k, CORE 0k, NPROC 709, NOFILE 10240, AS infinity
load average:1.39 1.44 2.04

CPU:total 4 (2 cores per cpu, 2 threads per core) family 6 model 58 stepping 9, cmov, cx8, fxsr, mmx, sse, sse2, sse3, ssse3, sse4.1, sse4.2, popcnt, avx, aes, erms, ht, tsc, tscinvbit, tscinv

Memory: 4k page, physical 8388608k(2097152k free)

/proc/meminfo:


vm_info: Java HotSpot(TM) 64-Bit Server VM (24.45-b08) for bsd-amd64 JRE (1.7.0_45-b18), built on Oct  8 2013 05:54:16 by "java_re" with gcc 4.2.1 (Based on Apple Inc. build 5658) (LLVM build 2336.11.00)

time: Sat Jan 11 11:35:44 2014
elapsed time: 1165 seconds

