#
# A fatal error has been detected by the Java Runtime Environment:
#
#  SIGSEGV (0xb) at pc=0x0000000114aa8c58, pid=61036, tid=59139
#
# JRE version: Java(TM) SE Runtime Environment (7.0_45-b18) (build 1.7.0_45-b18)
# Java VM: Java HotSpot(TM) 64-Bit Server VM (24.45-b08 mixed mode bsd-amd64 compressed oops)
# Problematic frame:
# C  [librxtxSerial.jnilib+0x3c58]  read_byte_array+0x7f
#
# Failed to write core dump. Core dumps have been disabled. To enable core dumping, try "ulimit -c unlimited" before starting Java again
#
# If you would like to submit a bug report, please visit:
#   http://bugreport.sun.com/bugreport/crash.jsp
# The crash happened outside the Java Virtual Machine in native code.
# See problematic frame for where to report the bug.
#

---------------  T H R E A D  ---------------

Current thread (0x00007fdcebaa0000):  JavaThread "Thread-5" [_thread_in_native, id=59139, stack(0x0000000114f46000,0x0000000115046000)]

siginfo:si_signo=SIGSEGV: si_errno=0, si_code=1 (SEGV_MAPERR), si_addr=0x0000000114ebf7d8

Registers:
RAX=0x0000000114ebf7d0, RBX=0x0000000115045830, RCX=0x0000000000000000, RDX=0x0000000000000002
RSP=0x0000000115045630, RBP=0x0000000115045770, RSI=0x0000000114aac544, RDI=0x0000000114aac162
R8 =0x0000000000000065, R9 =0x00000007d7b02908, R10=0x0000000000000048, R11=0x000000010160c178
R12=0x0000000000000000, R13=0x0000000115045860, R14=0x000000077bc0e0a8, R15=0x00007fdcebaa0000
RIP=0x0000000114aa8c58, EFLAGS=0x0000000000010202, ERR=0x0000000000000004
  TRAPNO=0x000000000000000e

Top of Stack: (sp=0x0000000115045630)
0x0000000115045630:   000000077baa65d8 00000000000000e2
0x0000000115045640:   00000001150456e0 00000001011008fa
0x0000000115045650:   000000077bcf9b30 00000001ffffffff
0x0000000115045660:   00000001150457a3 00000020ea747a78
0x0000000115045670:   0000000115045790 00007fdcebaa01e8
0x0000000115045680:   00007fdcebaa0000 0000000000000000
0x0000000115045690:   3e00a583c1ca9425 00007fdcebaa0000
0x00000001150456a0:   00007fdcea7edde8 00007fdcebaa01e8
0x00000001150456b0:   00000001150456e0 00000001010fb835
0x00000001150456c0:   0000000000000000 00007fdcebaa0000
0x00000001150456d0:   0000000115045830 000000077bc0e0a8
0x00000001150456e0:   0000000115045740 0000000114aaac11
0x00000001150456f0:   00000007d7c1c330 ffffffffffffffff
0x0000000115045700:   0000000114aac160 0000000114aacac4
0x0000000115045710:   00000001150457c0 00007fdcebaa01e8
0x0000000115045720:   00000000d7c1c440 ffffffffffffffff
0x0000000115045730:   0000000000000000 0000000000000000
0x0000000115045740:   0000000115045770 0000000014aaac63
0x0000000115045750:   0000000114ebf7d0 0000000114aacac4
0x0000000115045760:   00000001150457c0 0000000115045830
0x0000000115045770:   00000001150457b0 0000000114aa907c
0x0000000115045780:   00000007d7c1c318 00000001150457c8
0x0000000115045790:   00000001150457c0 00007fdcebaa01e8
0x00000001150457a0:   0000000000000011 ffffffff00000020
0x00000001150457b0:   0000000115045800 00000001019a3ae6
0x00000001150457c0:   00000007d7b02908 00000007d7c1c2f8
0x00000001150457d0:   0000000000000000 0000000000000000
0x00000001150457e0:   00000001150457d0 000000077af58904
0x00000001150457f0:   0000000115045840 000000077af5b3a0
0x0000000115045800:   00000001150458a8 00000001019a7da8
0x0000000115045810:   00000007d7b028f8 0000000115045840
0x0000000115045820:   0000000000000007 0000000101859058 

Instructions: (pc=0x0000000114aa8c58)
0x0000000114aa8c38:   bd 08 ff ff ff 48 8d 0d fe 38 00 00 48 8d 15 f9
0x0000000114aa8c48:   38 00 00 e8 88 1e 00 00 48 89 45 e0 48 8b 45 e0
0x0000000114aa8c58:   8b 40 08 89 45 d8 48 8b 45 e0 c7 40 08 00 00 00
0x0000000114aa8c68:   00 8b 85 ec fe ff ff 89 45 b0 83 bd e8 fe ff ff 

Register to memory mapping:

RAX=0x0000000114ebf7d0 is an unknown value
RBX=0x0000000115045830 is pointing into the stack for thread: 0x00007fdcebaa0000
RCX=0x0000000000000000 is an unknown value
RDX=0x0000000000000002 is an unknown value
RSP=0x0000000115045630 is pointing into the stack for thread: 0x00007fdcebaa0000
RBP=0x0000000115045770 is pointing into the stack for thread: 0x00007fdcebaa0000
RSI=0x0000000114aac544: Java_gnu_io_CommPortIdentifier_native_1psmisc_1report_1owner+0x850 in /Library/Java/Extensions/librxtxSerial.jnilib at 0x0000000114aa5000
RDI=0x0000000114aac162: Java_gnu_io_CommPortIdentifier_native_1psmisc_1report_1owner+0x46e in /Library/Java/Extensions/librxtxSerial.jnilib at 0x0000000114aa5000
R8 =0x0000000000000065 is an unknown value
R9 =0x00000007d7b02908 is an oop
gnu.io.RXTXPort 
 - klass: 'gnu/io/RXTXPort'
R10=0x0000000000000048 is an unknown value
R11=0x000000010160c178: _ZN20SafepointSynchronize18_safepoint_counterE+0 in /Library/Java/JavaVirtualMachines/jdk1.7.0_45.jdk/Contents/Home/jre/lib/server/libjvm.dylib at 0x0000000100e00000
R12=0x0000000000000000 is an unknown value
R13=0x0000000115045860 is pointing into the stack for thread: 0x00007fdcebaa0000
R14=0x000000077bc0e0a8 is pointing into object: 0x000000077bc0dff0
{method data} 
 - klass: {other class}
R15=0x00007fdcebaa0000 is a thread


Stack: [0x0000000114f46000,0x0000000115046000],  sp=0x0000000115045630,  free space=1021k
Native frames: (J=compiled Java code, j=interpreted, Vv=VM code, C=native code)
C  [librxtxSerial.jnilib+0x3c58]  read_byte_array+0x7f
C  [librxtxSerial.jnilib+0x407c]  Java_gnu_io_RXTXPort_readByte+0x6c
J  gnu.io.RXTXPort.readByte()I
J  gnu.io.RXTXPort$SerialInputStream.read()I

Java frames: (J=compiled Java code, j=interpreted, Vv=VM code)
J  gnu.io.RXTXPort.readByte()I
J  gnu.io.RXTXPort$SerialInputStream.read()I
j  rtpmt.sensor.reader.SerialPort.read()B+6
J  rtpmt.motes.packet.Packetizer.readFramedPacket()[B
j  rtpmt.motes.packet.Packetizer.run()V+1
j  java.lang.Thread.run()V+11
v  ~StubRoutines::call_stub

---------------  P R O C E S S  ---------------

Java Threads: ( => current thread )
  0x00007fdcebaa1800 JavaThread "Thread-1" [_thread_blocked, id=59651, stack(0x0000000115049000,0x0000000115149000)]
=>0x00007fdcebaa0000 JavaThread "Thread-5" [_thread_in_native, id=59139, stack(0x0000000114f46000,0x0000000115046000)]
  0x00007fdcea8ad800 JavaThread "Thread-2" [_thread_in_native, id=56835, stack(0x0000000114ab4000,0x0000000114bb4000)]
  0x00007fdcec12d000 JavaThread "TimerQueue" daemon [_thread_blocked, id=50439, stack(0x0000000110d07000,0x0000000110e07000)]
  0x00007fdceb987000 JavaThread "DestroyJavaVM" [_thread_blocked, id=6403, stack(0x000000010048c000,0x000000010058c000)]
  0x00007fdceb97d000 JavaThread "AWT-EventQueue-0" [_thread_blocked, id=49923, stack(0x0000000110b61000,0x0000000110c61000)]
  0x00007fdceb966000 JavaThread "Java2D Disposer" daemon [_thread_blocked, id=48435, stack(0x00000001107d5000,0x00000001108d5000)]
  0x00007fdcec090800 JavaThread "Java2D Queue Flusher" daemon [_thread_blocked, id=47367, stack(0x000000010fa93000,0x000000010fb93000)]
  0x00007fdcea89f800 JavaThread "AWT-Shutdown" [_thread_blocked, id=28427, stack(0x000000010d47f000,0x000000010d57f000)]
  0x00007fdcea89b800 JavaThread "AppKit Thread" daemon [_thread_in_native, id=1287, stack(0x00007fff5f809000,0x00007fff5f889000)]
  0x00007fdcec00d800 JavaThread "Service Thread" daemon [_thread_blocked, id=19203, stack(0x000000010b4f5000,0x000000010b5f5000)]
  0x00007fdcec00c800 JavaThread "C2 CompilerThread1" daemon [_thread_blocked, id=18691, stack(0x000000010b3f2000,0x000000010b4f2000)]
  0x00007fdcec00b000 JavaThread "C2 CompilerThread0" daemon [_thread_blocked, id=18179, stack(0x000000010b2ef000,0x000000010b3ef000)]
  0x00007fdceb825000 JavaThread "Signal Dispatcher" daemon [_thread_blocked, id=17667, stack(0x000000010b1ec000,0x000000010b2ec000)]
  0x00007fdcec003800 JavaThread "Finalizer" daemon [_thread_blocked, id=12547, stack(0x000000010af9c000,0x000000010b09c000)]
  0x00007fdceb80d800 JavaThread "Reference Handler" daemon [_thread_blocked, id=12035, stack(0x000000010ae99000,0x000000010af99000)]

Other Threads:
  0x00007fdceb800800 VMThread [stack: 0x000000010ad96000,0x000000010ae96000] [id=11523]
  0x00007fdcec00e000 WatcherThread [stack: 0x000000010b5f8000,0x000000010b6f8000] [id=19715]

VM state:not at safepoint (normal execution)

VM Mutex/Monitor currently owned by a thread: None

Heap
 PSYoungGen      total 38912K, used 12522K [0x00000007d5500000, 0x00000007d8000000, 0x0000000800000000)
  eden space 33792K, 26% used [0x00000007d5500000,0x00000007d5dbb970,0x00000007d7600000)
  from space 5120K, 69% used [0x00000007d7b00000,0x00000007d7e7f240,0x00000007d8000000)
  to   space 5120K, 0% used [0x00000007d7600000,0x00000007d7600000,0x00000007d7b00000)
 ParOldGen       total 87040K, used 7192K [0x0000000780000000, 0x0000000785500000, 0x00000007d5500000)
  object space 87040K, 8% used [0x0000000780000000,0x0000000780706288,0x0000000785500000)
 PSPermGen       total 21504K, used 15465K [0x000000077ae00000, 0x000000077c300000, 0x0000000780000000)
  object space 21504K, 71% used [0x000000077ae00000,0x000000077bd1a7b0,0x000000077c300000)

Card table byte_map: [0x0000000104913000,0x0000000104d3d000] byte_map_base: 0x0000000100d3c000

Polling page: 0x00000001005cb000

Code Cache  [0x0000000101853000, 0x0000000101ac3000, 0x0000000104853000)
 total_blobs=1036 nmethods=544 adapters=446 free_code_cache=47524Kb largest_free_block=48623424

Compilation events (10 events):
Event: 189.828 Thread 0x00007fdcec00b000  555             java.util.Formatter$FormatSpecifier::checkBadFlags (39 bytes)
Event: 189.830 Thread 0x00007fdcec00b000 nmethod 555 0x00000001019be310 code [0x00000001019be460, 0x00000001019be5a8]
Event: 189.995 Thread 0x00007fdcec00b000  556             java.util.regex.Pattern$Curly::match (86 bytes)
Event: 190.004 Thread 0x00007fdcec00b000 nmethod 556 0x00000001019f1610 code [0x00000001019f17c0, 0x00000001019f1e68]
Event: 190.052 Thread 0x00007fdcec00c800  557             java.util.regex.Pattern$Single::isSatisfiedBy (14 bytes)
Event: 190.053 Thread 0x00007fdcec00c800 nmethod 557 0x00000001019d9910 code [0x00000001019d9a40, 0x00000001019d9ab8]
Event: 190.110 Thread 0x00007fdcec00b000  558             java.util.regex.Pattern$GroupHead::match (47 bytes)
Event: 190.113 Thread 0x00007fdcec00b000 nmethod 558 0x00000001019d5410 code [0x00000001019d5560, 0x00000001019d56b8]
Event: 190.117 Thread 0x00007fdcec00b000  559             java.util.regex.Pattern$GroupTail::match (111 bytes)
Event: 190.123 Thread 0x00007fdcec00b000 nmethod 559 0x00000001019d7b10 code [0x00000001019d7cc0, 0x00000001019d8148]

GC Heap History (4 events):
Event: 62.584 GC heap before
{Heap before GC invocations=1 (full 0):
 PSYoungGen      total 38912K, used 33792K [0x00000007d5500000, 0x00000007d8000000, 0x0000000800000000)
  eden space 33792K, 100% used [0x00000007d5500000,0x00000007d7600000,0x00000007d7600000)
  from space 5120K, 0% used [0x00000007d7b00000,0x00000007d7b00000,0x00000007d8000000)
  to   space 5120K, 0% used [0x00000007d7600000,0x00000007d7600000,0x00000007d7b00000)
 ParOldGen       total 87040K, used 0K [0x0000000780000000, 0x0000000785500000, 0x00000007d5500000)
  object space 87040K, 0% used [0x0000000780000000,0x0000000780000000,0x0000000785500000)
 PSPermGen       total 21504K, used 15046K [0x000000077ae00000, 0x000000077c300000, 0x0000000780000000)
  object space 21504K, 69% used [0x000000077ae00000,0x000000077bcb1b38,0x000000077c300000)
Event: 62.592 GC heap after
Heap after GC invocations=1 (full 0):
 PSYoungGen      total 38912K, used 5096K [0x00000007d5500000, 0x00000007d8000000, 0x0000000800000000)
  eden space 33792K, 0% used [0x00000007d5500000,0x00000007d5500000,0x00000007d7600000)
  from space 5120K, 99% used [0x00000007d7600000,0x00000007d7afa130,0x00000007d7b00000)
  to   space 5120K, 0% used [0x00000007d7b00000,0x00000007d7b00000,0x00000007d8000000)
 ParOldGen       total 87040K, used 604K [0x0000000780000000, 0x0000000785500000, 0x00000007d5500000)
  object space 87040K, 0% used [0x0000000780000000,0x0000000780097058,0x0000000785500000)
 PSPermGen       total 21504K, used 15046K [0x000000077ae00000, 0x000000077c300000, 0x0000000780000000)
  object space 21504K, 69% used [0x000000077ae00000,0x000000077bcb1b38,0x000000077c300000)
}
Event: 186.046 GC heap before
{Heap before GC invocations=2 (full 0):
 PSYoungGen      total 38912K, used 38888K [0x00000007d5500000, 0x00000007d8000000, 0x0000000800000000)
  eden space 33792K, 100% used [0x00000007d5500000,0x00000007d7600000,0x00000007d7600000)
  from space 5120K, 99% used [0x00000007d7600000,0x00000007d7afa130,0x00000007d7b00000)
  to   space 5120K, 0% used [0x00000007d7b00000,0x00000007d7b00000,0x00000007d8000000)
 ParOldGen       total 87040K, used 604K [0x0000000780000000, 0x0000000785500000, 0x00000007d5500000)
  object space 87040K, 0% used [0x0000000780000000,0x0000000780097058,0x0000000785500000)
 PSPermGen       total 21504K, used 15169K [0x000000077ae00000, 0x000000077c300000, 0x0000000780000000)
  object space 21504K, 70% used [0x000000077ae00000,0x000000077bcd04d0,0x000000077c300000)
Event: 186.053 GC heap after
Heap after GC invocations=2 (full 0):
 PSYoungGen      total 38912K, used 3580K [0x00000007d5500000, 0x00000007d8000000, 0x0000000800000000)
  eden space 33792K, 0% used [0x00000007d5500000,0x00000007d5500000,0x00000007d7600000)
  from space 5120K, 69% used [0x00000007d7b00000,0x00000007d7e7f240,0x00000007d8000000)
  to   space 5120K, 0% used [0x00000007d7600000,0x00000007d7600000,0x00000007d7b00000)
 ParOldGen       total 87040K, used 7192K [0x0000000780000000, 0x0000000785500000, 0x00000007d5500000)
  object space 87040K, 8% used [0x0000000780000000,0x0000000780706288,0x0000000785500000)
 PSPermGen       total 21504K, used 15169K [0x000000077ae00000, 0x000000077c300000, 0x0000000780000000)
  object space 21504K, 70% used [0x000000077ae00000,0x000000077bcd04d0,0x000000077c300000)
}

Deoptimization events (10 events):
Event: 189.713 Thread 0x00007fdcebaa0000 Uncommon trap: reason=bimorphic action=maybe_recompile pc=0x00000001019966f4 method=java.util.concurrent.ConcurrentHashMap.get(Ljava/lang/Object;)Ljava/lang/Object; @ 117
Event: 189.713 Thread 0x00007fdcebaa0000 Uncommon trap: reason=bimorphic action=maybe_recompile pc=0x00000001019966f4 method=java.util.concurrent.ConcurrentHashMap.get(Ljava/lang/Object;)Ljava/lang/Object; @ 117
Event: 189.713 Thread 0x00007fdcebaa0000 Uncommon trap: reason=bimorphic action=maybe_recompile pc=0x00000001019966f4 method=java.util.concurrent.ConcurrentHashMap.get(Ljava/lang/Object;)Ljava/lang/Object; @ 117
Event: 189.713 Thread 0x00007fdcebaa0000 Uncommon trap: reason=bimorphic action=maybe_recompile pc=0x00000001019966f4 method=java.util.concurrent.ConcurrentHashMap.get(Ljava/lang/Object;)Ljava/lang/Object; @ 117
Event: 189.725 Thread 0x00007fdcebaa0000 Uncommon trap: reason=class_check action=maybe_recompile pc=0x0000000101915710 method=java.io.Writer.write(Ljava/lang/String;)V @ 7
Event: 189.725 Thread 0x00007fdcebaa0000 Uncommon trap: reason=class_check action=maybe_recompile pc=0x0000000101915710 method=java.io.Writer.write(Ljava/lang/String;)V @ 7
Event: 189.726 Thread 0x00007fdcebaa0000 Uncommon trap: reason=class_check action=maybe_recompile pc=0x0000000101915710 method=java.io.Writer.write(Ljava/lang/String;)V @ 7
Event: 189.727 Thread 0x00007fdcebaa0000 Uncommon trap: reason=class_check action=maybe_recompile pc=0x0000000101915710 method=java.io.Writer.write(Ljava/lang/String;)V @ 7
Event: 189.819 Thread 0x00007fdceb97d000 Uncommon trap: reason=unreached action=reinterpret pc=0x000000010197d848 method=sun.util.logging.PlatformLogger.isLoggable(Lsun/util/logging/PlatformLogger$Level;)Z @ 18
Event: 189.819 Thread 0x00007fdceb97d000 Uncommon trap: reason=unreached action=reinterpret pc=0x000000010197d228 method=sun.util.logging.PlatformLogger.isLoggable(Lsun/util/logging/PlatformLogger$Level;)Z @ 18

Internal exceptions (10 events):
Event: 190.174 Thread 0x00007fdcebaa0000 Threw 0x00000007d5d59f38 at /HUDSON/workspace/7u-2-build-macosx-x86_64/jdk7u45/229/hotspot/src/share/vm/prims/jni.cpp:743
Event: 190.175 Thread 0x00007fdcebaa0000 Threw 0x00000007d5d60bb8 at /HUDSON/workspace/7u-2-build-macosx-x86_64/jdk7u45/229/hotspot/src/share/vm/prims/jni.cpp:743
Event: 190.175 Thread 0x00007fdcebaa0000 Threw 0x00000007d5d67838 at /HUDSON/workspace/7u-2-build-macosx-x86_64/jdk7u45/229/hotspot/src/share/vm/prims/jni.cpp:743
Event: 190.176 Thread 0x00007fdcebaa0000 Threw 0x00000007d5d6e4b8 at /HUDSON/workspace/7u-2-build-macosx-x86_64/jdk7u45/229/hotspot/src/share/vm/prims/jni.cpp:743
Event: 190.176 Thread 0x00007fdcebaa0000 Threw 0x00000007d5d75150 at /HUDSON/workspace/7u-2-build-macosx-x86_64/jdk7u45/229/hotspot/src/share/vm/prims/jni.cpp:743
Event: 190.177 Thread 0x00007fdcebaa0000 Threw 0x00000007d5d7bdd0 at /HUDSON/workspace/7u-2-build-macosx-x86_64/jdk7u45/229/hotspot/src/share/vm/prims/jni.cpp:743
Event: 190.178 Thread 0x00007fdcebaa0000 Threw 0x00000007d5d82a50 at /HUDSON/workspace/7u-2-build-macosx-x86_64/jdk7u45/229/hotspot/src/share/vm/prims/jni.cpp:743
Event: 190.179 Thread 0x00007fdcebaa0000 Threw 0x00000007d5d896d0 at /HUDSON/workspace/7u-2-build-macosx-x86_64/jdk7u45/229/hotspot/src/share/vm/prims/jni.cpp:743
Event: 190.179 Thread 0x00007fdcebaa0000 Threw 0x00000007d5d90350 at /HUDSON/workspace/7u-2-build-macosx-x86_64/jdk7u45/229/hotspot/src/share/vm/prims/jni.cpp:743
Event: 190.180 Thread 0x00007fdcebaa0000 Threw 0x00000007d5d96fd0 at /HUDSON/workspace/7u-2-build-macosx-x86_64/jdk7u45/229/hotspot/src/share/vm/prims/jni.cpp:743

Events (10 events):
Event: 189.757 Executing VM operation: BulkRevokeBias
Event: 189.757 Executing VM operation: BulkRevokeBias done
Event: 189.819 Thread 0x00007fdceb97d000 Uncommon trap: trap_request=0xffffffad fr.pc=0x000000010197d848
Event: 189.819 Thread 0x00007fdceb97d000 DEOPT PACKING pc=0x000000010197d848 sp=0x0000000110c60720
Event: 189.819 Thread 0x00007fdceb97d000 DEOPT UNPACKING pc=0x000000010188c045 sp=0x0000000110c60680 mode 2
Event: 189.819 Thread 0x00007fdceb97d000 Uncommon trap: trap_request=0xffffffad fr.pc=0x000000010197d228
Event: 189.819 Thread 0x00007fdceb97d000 DEOPT PACKING pc=0x000000010197d228 sp=0x0000000110c606c0
Event: 189.819 Thread 0x00007fdceb97d000 DEOPT UNPACKING pc=0x000000010188c045 sp=0x0000000110c60680 mode 2
Event: 190.180 Thread 0x00007fdcebaa1000 Thread exited: 0x00007fdcebaa1000
Event: 190.192 Thread 0x00007fdcec1ec000 Thread exited: 0x00007fdcec1ec000


Dynamic libraries:
0x0000000009e4a000 	/System/Library/Frameworks/Cocoa.framework/Versions/A/Cocoa
0x0000000009e4a000 	/System/Library/Frameworks/Security.framework/Versions/A/Security
0x0000000009e4a000 	/System/Library/Frameworks/ApplicationServices.framework/Versions/A/ApplicationServices
0x0000000009e4a000 	/usr/lib/libz.1.dylib
0x0000000009e4a000 	/usr/lib/libSystem.B.dylib
0x0000000009e4a000 	/usr/lib/libobjc.A.dylib
0x0000000009e4a000 	/System/Library/Frameworks/CoreFoundation.framework/Versions/A/CoreFoundation
0x0000000009e4a000 	/System/Library/Frameworks/Foundation.framework/Versions/C/Foundation
0x0000000009e4a000 	/System/Library/Frameworks/AppKit.framework/Versions/C/AppKit
0x0000000009e4a000 	/System/Library/Frameworks/CoreData.framework/Versions/A/CoreData
0x0000000009e4a000 	/System/Library/PrivateFrameworks/RemoteViewServices.framework/Versions/A/RemoteViewServices
0x0000000009e4a000 	/System/Library/Frameworks/AudioToolbox.framework/Versions/A/AudioToolbox
0x0000000009e4a000 	/System/Library/Frameworks/AudioUnit.framework/Versions/A/AudioUnit
0x0000000009e4a000 	/System/Library/PrivateFrameworks/DataDetectorsCore.framework/Versions/A/DataDetectorsCore
0x0000000009e4a000 	/System/Library/PrivateFrameworks/DesktopServicesPriv.framework/Versions/A/DesktopServicesPriv
0x0000000009e4a000 	/System/Library/Frameworks/Carbon.framework/Versions/A/Frameworks/HIToolbox.framework/Versions/A/HIToolbox
0x0000000009e4a000 	/System/Library/Frameworks/QuartzCore.framework/Versions/A/QuartzCore
0x0000000009e4a000 	/System/Library/Frameworks/Carbon.framework/Versions/A/Frameworks/SpeechRecognition.framework/Versions/A/SpeechRecognition
0x0000000009e4a000 	/usr/lib/libauto.dylib
0x0000000009e4a000 	/usr/lib/libicucore.A.dylib
0x0000000009e4a000 	/usr/lib/libxml2.2.dylib
0x0000000009e4a000 	/System/Library/PrivateFrameworks/CoreUI.framework/Versions/A/CoreUI
0x0000000009e4a000 	/System/Library/Frameworks/CoreAudio.framework/Versions/A/CoreAudio
0x0000000009e4a000 	/System/Library/Frameworks/DiskArbitration.framework/Versions/A/DiskArbitration
0x0000000009e4a000 	/usr/lib/liblangid.dylib
0x0000000009e4a000 	/System/Library/PrivateFrameworks/MultitouchSupport.framework/Versions/A/MultitouchSupport
0x0000000009e4a000 	/System/Library/Frameworks/IOKit.framework/Versions/A/IOKit
0x0000000009e4a000 	/usr/lib/libDiagnosticMessagesClient.dylib
0x0000000009e4a000 	/System/Library/Frameworks/CoreServices.framework/Versions/A/CoreServices
0x0000000009e4a000 	/System/Library/PrivateFrameworks/PerformanceAnalysis.framework/Versions/A/PerformanceAnalysis
0x0000000009e4a000 	/System/Library/PrivateFrameworks/GenerationalStorage.framework/Versions/A/GenerationalStorage
0x0000000009e4a000 	/System/Library/Frameworks/OpenGL.framework/Versions/A/OpenGL
0x0000000009e4a000 	/System/Library/PrivateFrameworks/Sharing.framework/Versions/A/Sharing
0x0000000009e4a000 	/System/Library/Frameworks/ImageIO.framework/Versions/A/ImageIO
0x0000000009e4a000 	/System/Library/Frameworks/CoreText.framework/Versions/A/CoreText
0x0000000009e4a000 	/System/Library/Frameworks/CoreGraphics.framework/Versions/A/CoreGraphics
0x0000000009e4a000 	/System/Library/PrivateFrameworks/Backup.framework/Versions/A/Backup
0x0000000009e4a000 	/System/Library/Frameworks/CFNetwork.framework/Versions/A/CFNetwork
0x0000000009e4a000 	/System/Library/Frameworks/SystemConfiguration.framework/Versions/A/SystemConfiguration
0x0000000009e4a000 	/usr/lib/libCRFSuite.dylib
0x0000000009e4a000 	/usr/lib/libc++.1.dylib
0x0000000009e4a000 	/usr/lib/libc++abi.dylib
0x0000000009e4a000 	/usr/lib/system/libcache.dylib
0x0000000009e4a000 	/usr/lib/system/libcommonCrypto.dylib
0x0000000009e4a000 	/usr/lib/system/libcompiler_rt.dylib
0x0000000009e4a000 	/usr/lib/system/libcopyfile.dylib
0x0000000009e4a000 	/usr/lib/system/libcorecrypto.dylib
0x0000000009e4a000 	/usr/lib/system/libdispatch.dylib
0x0000000009e4a000 	/usr/lib/system/libdyld.dylib
0x0000000009e4a000 	/usr/lib/system/libkeymgr.dylib
0x0000000009e4a000 	/usr/lib/system/liblaunch.dylib
0x0000000009e4a000 	/usr/lib/system/libmacho.dylib
0x0000000009e4a000 	/usr/lib/system/libquarantine.dylib
0x0000000009e4a000 	/usr/lib/system/libremovefile.dylib
0x0000000009e4a000 	/usr/lib/system/libsystem_asl.dylib
0x0000000009e4a000 	/usr/lib/system/libsystem_blocks.dylib
0x0000000009e4a000 	/usr/lib/system/libsystem_c.dylib
0x0000000009e4a000 	/usr/lib/system/libsystem_configuration.dylib
0x0000000009e4a000 	/usr/lib/system/libsystem_dnssd.dylib
0x0000000009e4a000 	/usr/lib/system/libsystem_info.dylib
0x0000000009e4a000 	/usr/lib/system/libsystem_kernel.dylib
0x0000000009e4a000 	/usr/lib/system/libsystem_m.dylib
0x0000000009e4a000 	/usr/lib/system/libsystem_malloc.dylib
0x0000000009e4a000 	/usr/lib/system/libsystem_network.dylib
0x0000000009e4a000 	/usr/lib/system/libsystem_notify.dylib
0x0000000009e4a000 	/usr/lib/system/libsystem_platform.dylib
0x0000000009e4a000 	/usr/lib/system/libsystem_pthread.dylib
0x0000000009e4a000 	/usr/lib/system/libsystem_sandbox.dylib
0x0000000009e4a000 	/usr/lib/system/libsystem_stats.dylib
0x0000000009e4a000 	/usr/lib/system/libunc.dylib
0x0000000009e4a000 	/usr/lib/system/libunwind.dylib
0x0000000009e4a000 	/usr/lib/system/libxpc.dylib
0x0000000009e4a000 	/usr/lib/libbsm.0.dylib
0x0000000009e4a000 	/usr/lib/libsqlite3.dylib
0x0000000009e4a000 	/usr/lib/libxar.1.dylib
0x0000000009e4a000 	/usr/lib/libpam.2.dylib
0x0000000009e4a000 	/usr/lib/libOpenScriptingUtil.dylib
0x0000000009e4a000 	/usr/lib/libbz2.1.0.dylib
0x0000000009e4a000 	/System/Library/Frameworks/CoreServices.framework/Versions/A/Frameworks/CarbonCore.framework/Versions/A/CarbonCore
0x0000000009e4a000 	/System/Library/Frameworks/CoreServices.framework/Versions/A/Frameworks/Metadata.framework/Versions/A/Metadata
0x0000000009e4a000 	/System/Library/Frameworks/CoreServices.framework/Versions/A/Frameworks/OSServices.framework/Versions/A/OSServices
0x0000000009e4a000 	/System/Library/Frameworks/CoreServices.framework/Versions/A/Frameworks/SearchKit.framework/Versions/A/SearchKit
0x0000000009e4a000 	/System/Library/Frameworks/CoreServices.framework/Versions/A/Frameworks/AE.framework/Versions/A/AE
0x0000000009e4a000 	/System/Library/Frameworks/CoreServices.framework/Versions/A/Frameworks/LaunchServices.framework/Versions/A/LaunchServices
0x0000000009e4a000 	/System/Library/Frameworks/CoreServices.framework/Versions/A/Frameworks/DictionaryServices.framework/Versions/A/DictionaryServices
0x0000000009e4a000 	/System/Library/Frameworks/NetFS.framework/Versions/A/NetFS
0x0000000009e4a000 	/usr/lib/system/libkxld.dylib
0x0000000009e4a000 	/System/Library/PrivateFrameworks/NetAuth.framework/Versions/A/NetAuth
0x0000000009e4a000 	/System/Library/PrivateFrameworks/TCC.framework/Versions/A/TCC
0x0000000009e4a000 	/System/Library/Frameworks/OpenDirectory.framework/Versions/A/Frameworks/CFOpenDirectory.framework/Versions/A/CFOpenDirectory
0x0000000009e4a000 	/System/Library/Frameworks/ServiceManagement.framework/Versions/A/ServiceManagement
0x0000000009e4a000 	/usr/lib/libxslt.1.dylib
0x0000000009e4a000 	/System/Library/Frameworks/Carbon.framework/Versions/A/Frameworks/Ink.framework/Versions/A/Ink
0x0000000009e4a000 	/System/Library/Frameworks/ApplicationServices.framework/Versions/A/Frameworks/ATS.framework/Versions/A/ATS
0x0000000009e4a000 	/System/Library/Frameworks/ApplicationServices.framework/Versions/A/Frameworks/ColorSync.framework/Versions/A/ColorSync
0x0000000009e4a000 	/System/Library/Frameworks/ApplicationServices.framework/Versions/A/Frameworks/HIServices.framework/Versions/A/HIServices
0x0000000009e4a000 	/System/Library/Frameworks/ApplicationServices.framework/Versions/A/Frameworks/LangAnalysis.framework/Versions/A/LangAnalysis
0x0000000009e4a000 	/System/Library/Frameworks/ApplicationServices.framework/Versions/A/Frameworks/PrintCore.framework/Versions/A/PrintCore
0x0000000009e4a000 	/System/Library/Frameworks/ApplicationServices.framework/Versions/A/Frameworks/QD.framework/Versions/A/QD
0x0000000009e4a000 	/System/Library/Frameworks/ApplicationServices.framework/Versions/A/Frameworks/SpeechSynthesis.framework/Versions/A/SpeechSynthesis
0x0000000009e4a000 	/System/Library/Frameworks/IOSurface.framework/Versions/A/IOSurface
0x0000000009e4a000 	/System/Library/Frameworks/Accelerate.framework/Versions/A/Accelerate
0x0000000009e4a000 	/System/Library/Frameworks/Accelerate.framework/Versions/A/Frameworks/vImage.framework/Versions/A/vImage
0x0000000009e4a000 	/System/Library/Frameworks/Accelerate.framework/Versions/A/Frameworks/vecLib.framework/Versions/A/vecLib
0x0000000009e4a000 	/System/Library/Frameworks/Accelerate.framework/Versions/A/Frameworks/vecLib.framework/Versions/A/libvDSP.dylib
0x0000000009e4a000 	/System/Library/Frameworks/Accelerate.framework/Versions/A/Frameworks/vecLib.framework/Versions/A/libvMisc.dylib
0x0000000009e4a000 	/System/Library/Frameworks/Accelerate.framework/Versions/A/Frameworks/vecLib.framework/Versions/A/libLAPACK.dylib
0x0000000009e4a000 	/System/Library/Frameworks/Accelerate.framework/Versions/A/Frameworks/vecLib.framework/Versions/A/libBLAS.dylib
0x0000000009e4a000 	/System/Library/Frameworks/ApplicationServices.framework/Versions/A/Frameworks/ATS.framework/Versions/A/Resources/libFontParser.dylib
0x0000000009e4a000 	/System/Library/Frameworks/ApplicationServices.framework/Versions/A/Frameworks/ATS.framework/Versions/A/Resources/libFontRegistry.dylib
0x0000000009e4a000 	/System/Library/Frameworks/ImageIO.framework/Versions/A/Resources/libJPEG.dylib
0x0000000009e4a000 	/System/Library/Frameworks/ImageIO.framework/Versions/A/Resources/libTIFF.dylib
0x0000000009e4a000 	/System/Library/Frameworks/ImageIO.framework/Versions/A/Resources/libPng.dylib
0x0000000009e4a000 	/System/Library/Frameworks/ImageIO.framework/Versions/A/Resources/libGIF.dylib
0x0000000009e4a000 	/System/Library/Frameworks/ImageIO.framework/Versions/A/Resources/libJP2.dylib
0x0000000009e4a000 	/System/Library/Frameworks/ImageIO.framework/Versions/A/Resources/libRadiance.dylib
0x0000000009e4a000 	/usr/lib/libcups.2.dylib
0x0000000009e4a000 	/System/Library/Frameworks/Kerberos.framework/Versions/A/Kerberos
0x0000000009e4a000 	/System/Library/Frameworks/GSS.framework/Versions/A/GSS
0x0000000009e4a000 	/usr/lib/libresolv.9.dylib
0x0000000009e4a000 	/usr/lib/libiconv.2.dylib
0x0000000009e4a000 	/System/Library/PrivateFrameworks/Heimdal.framework/Versions/A/Heimdal
0x0000000009e4a000 	/System/Library/PrivateFrameworks/TrustEvaluationAgent.framework/Versions/A/TrustEvaluationAgent
0x0000000009e4a000 	/usr/lib/libheimdal-asn1.dylib
0x0000000009e4a000 	/System/Library/Frameworks/OpenDirectory.framework/Versions/A/OpenDirectory
0x0000000009e4a000 	/System/Library/PrivateFrameworks/CommonAuth.framework/Versions/A/CommonAuth
0x0000000009e4a000 	/System/Library/Frameworks/SecurityFoundation.framework/Versions/A/SecurityFoundation
0x0000000009e4a000 	/System/Library/PrivateFrameworks/Bom.framework/Versions/A/Bom
0x0000000009e4a000 	/System/Library/Frameworks/CoreVideo.framework/Versions/A/CoreVideo
0x0000000009e4a000 	/System/Library/Frameworks/QuartzCore.framework/Versions/A/Frameworks/CoreImage.framework/Versions/A/CoreImage
0x0000000009e4a000 	/System/Library/Frameworks/QuartzCore.framework/Versions/A/Frameworks/ScalableUserInterface.framework/Versions/A/ScalableUserInterface
0x0000000009e4a000 	/System/Library/Frameworks/OpenGL.framework/Versions/A/Libraries/libGLU.dylib
0x0000000009e4a000 	/System/Library/Frameworks/OpenGL.framework/Versions/A/Libraries/libGFXShared.dylib
0x0000000009e4a000 	/System/Library/Frameworks/OpenGL.framework/Versions/A/Libraries/libGL.dylib
0x0000000009e4a000 	/System/Library/Frameworks/OpenGL.framework/Versions/A/Libraries/libGLImage.dylib
0x0000000009e4a000 	/System/Library/Frameworks/OpenGL.framework/Versions/A/Libraries/libCVMSPluginSupport.dylib
0x0000000009e4a000 	/System/Library/Frameworks/OpenGL.framework/Versions/A/Libraries/libCoreVMClient.dylib
0x0000000009e4a000 	/System/Library/PrivateFrameworks/FaceCore.framework/Versions/A/FaceCore
0x0000000009e4a000 	/System/Library/PrivateFrameworks/CrashReporterSupport.framework/Versions/A/CrashReporterSupport
0x0000000009e4a000 	/System/Library/Frameworks/OpenCL.framework/Versions/A/OpenCL
0x0000000009e4a000 	/System/Library/PrivateFrameworks/AppleFSCompression.framework/Versions/A/AppleFSCompression
0x0000000009e4a000 	/System/Library/PrivateFrameworks/Ubiquity.framework/Versions/A/Ubiquity
0x0000000009e4a000 	/System/Library/PrivateFrameworks/IconServices.framework/Versions/A/IconServices
0x0000000009e4a000 	/System/Library/PrivateFrameworks/ChunkingLibrary.framework/Versions/A/ChunkingLibrary
0x0000000009e4a000 	/System/Library/PrivateFrameworks/CoreSymbolication.framework/Versions/A/CoreSymbolication
0x0000000009e4a000 	/System/Library/PrivateFrameworks/Symbolication.framework/Versions/A/Symbolication
0x0000000009e4a000 	/System/Library/PrivateFrameworks/DebugSymbols.framework/Versions/A/DebugSymbols
0x0000000100e00000 	/Library/Java/JavaVirtualMachines/jdk1.7.0_45.jdk/Contents/Home/jre/lib/server/libjvm.dylib
0x0000000009e4a000 	/usr/lib/libstdc++.6.dylib
0x000000010058e000 	/Library/Java/JavaVirtualMachines/jdk1.7.0_45.jdk/Contents/Home/jre/lib/libverify.dylib
0x000000010059b000 	/Library/Java/JavaVirtualMachines/jdk1.7.0_45.jdk/Contents/Home/jre/lib/libjava.dylib
0x00000001005d5000 	/Library/Java/JavaVirtualMachines/jdk1.7.0_45.jdk/Contents/Home/jre/lib/libzip.dylib
0x000000010b09e000 	/System/Library/Frameworks/JavaVM.framework/Frameworks/JavaRuntimeSupport.framework/JavaRuntimeSupport
0x000000010b0b6000 	/System/Library/Frameworks/JavaVM.framework/Versions/A/Frameworks/JavaNativeFoundation.framework/Versions/A/JavaNativeFoundation
0x000000010b0cb000 	/System/Library/Frameworks/JavaVM.framework/Versions/A/JavaVM
0x0000000009e4a000 	/System/Library/Frameworks/Carbon.framework/Versions/A/Carbon
0x000000010b0d8000 	/System/Library/PrivateFrameworks/JavaLaunching.framework/Versions/A/JavaLaunching
0x0000000009e4a000 	/System/Library/Frameworks/Carbon.framework/Versions/A/Frameworks/CommonPanels.framework/Versions/A/CommonPanels
0x0000000009e4a000 	/System/Library/Frameworks/Carbon.framework/Versions/A/Frameworks/Help.framework/Versions/A/Help
0x0000000009e4a000 	/System/Library/Frameworks/Carbon.framework/Versions/A/Frameworks/ImageCapture.framework/Versions/A/ImageCapture
0x0000000009e4a000 	/System/Library/Frameworks/Carbon.framework/Versions/A/Frameworks/OpenScripting.framework/Versions/A/OpenScripting
0x0000000009e4a000 	/System/Library/Frameworks/Carbon.framework/Versions/A/Frameworks/Print.framework/Versions/A/Print
0x0000000009e4a000 	/System/Library/Frameworks/Carbon.framework/Versions/A/Frameworks/SecurityHI.framework/Versions/A/SecurityHI
0x000000010b778000 	/Library/Java/JavaVirtualMachines/jdk1.7.0_45.jdk/Contents/Home/jre/lib/libawt.dylib
0x000000010b827000 	/Library/Java/JavaVirtualMachines/jdk1.7.0_45.jdk/Contents/Home/jre/lib/./libmlib_image.dylib
0x000000010b8f3000 	/Library/Java/JavaVirtualMachines/jdk1.7.0_45.jdk/Contents/Home/jre/lib/lwawt/liblwawt.dylib
0x000000010b9a7000 	/Library/Java/JavaVirtualMachines/jdk1.7.0_45.jdk/Contents/Home/jre/lib/libosxapp.dylib
0x0000000009e4a000 	/System/Library/Frameworks/ExceptionHandling.framework/Versions/A/ExceptionHandling
0x0000000009e4a000 	/System/Library/PrivateFrameworks/CoreServicesInternal.framework/Versions/A/CoreServicesInternal
0x0000000009e4a000 	/System/Library/PrivateFrameworks/Librarian.framework/Versions/A/Librarian
0x0000000009e4a000 	/System/Library/Frameworks/CoreGraphics.framework/Versions/A/Resources/libCGCMS.A.dylib
0x0000000009e4a000 	/System/Library/Frameworks/CoreGraphics.framework/Versions/A/Resources/libRIP.A.dylib
0x0000000009e4a000 	/System/Library/Frameworks/CoreGraphics.framework/Versions/A/Resources/libCGXType.A.dylib
0x0000000009e4a000 	/System/Library/PrivateFrameworks/FamilyControls.framework/Versions/A/FamilyControls
0x0000000009e4a000 	/System/Library/PrivateFrameworks/CommerceKit.framework/Versions/A/Frameworks/CommerceCore.framework/Versions/A/CommerceCore
0x0000000009e4a000 	/System/Library/PrivateFrameworks/SystemAdministration.framework/Versions/A/SystemAdministration
0x0000000009e4a000 	/System/Library/Frameworks/DirectoryService.framework/Versions/A/DirectoryService
0x0000000009e4a000 	/System/Library/PrivateFrameworks/DiskImages.framework/Versions/A/DiskImages
0x0000000009e4a000 	/System/Library/PrivateFrameworks/LoginUIKit.framework/Versions/A/Frameworks/LoginUICore.framework/Versions/A/LoginUICore
0x0000000009e4a000 	/usr/lib/libCoreStorage.dylib
0x0000000009e4a000 	/usr/lib/libcsfde.dylib
0x0000000009e4a000 	/usr/lib/libodfde.dylib
0x0000000009e4a000 	/System/Library/Frameworks/DiscRecording.framework/Versions/A/DiscRecording
0x0000000009e4a000 	/usr/lib/libcurl.4.dylib
0x0000000009e4a000 	/System/Library/PrivateFrameworks/MediaKit.framework/Versions/A/MediaKit
0x0000000009e4a000 	/System/Library/PrivateFrameworks/EFILogin.framework/Versions/A/EFILogin
0x0000000009e4a000 	/usr/lib/libutil.dylib
0x0000000009e4a000 	/System/Library/PrivateFrameworks/AOSNotification.framework/Versions/A/AOSNotification
0x0000000009e4a000 	/System/Library/Frameworks/LDAP.framework/Versions/A/LDAP
0x0000000009e4a000 	/usr/lib/libsasl2.2.dylib
0x0000000009e4a000 	/usr/lib/libcrypto.0.9.8.dylib
0x0000000009e4a000 	/usr/lib/libssl.0.9.8.dylib
0x000000010fa2e000 	/Library/Java/JavaVirtualMachines/jdk1.7.0_45.jdk/Contents/Home/jre/lib/libfontmanager.dylib
0x000000010d237000 	/Library/Java/JavaVirtualMachines/jdk1.7.0_45.jdk/Contents/Home/jre/lib/libosxui.dylib
0x0000000009e4a000 	/System/Library/Frameworks/OpenGL.framework/Versions/A/Resources/GLEngine.bundle/GLEngine
0x0000000009e4a000 	/System/Library/Frameworks/OpenGL.framework/Versions/A/Libraries/libGLProgrammability.dylib
0x0000000000000000 	/System/Library/Extensions/AppleIntelHD4000GraphicsGLDriver.bundle/Contents/MacOS/AppleIntelHD4000GraphicsGLDriver
0x0000000009e4a000 	/System/Library/PrivateFrameworks/IOAccelerator.framework/Versions/A/IOAccelerator
0x0000000009e4a000 	/System/Library/PrivateFrameworks/GPUSupport.framework/Versions/A/Libraries/libGPUSupportMercury.dylib
0x0000000009e4a000 	/System/Library/Frameworks/OpenGL.framework/Versions/A/Resources/GLRendererFloat.bundle/GLRendererFloat
0x0000000009e4a000 	/System/Library/Frameworks/OpenCL.framework/Versions/A/Libraries/libcldcpuengine.dylib
0x000000011096f000 	/Library/Java/JavaVirtualMachines/jdk1.7.0_45.jdk/Contents/Home/jre/lib/libnet.dylib
0x0000000110cf7000 	/Library/Java/JavaVirtualMachines/jdk1.7.0_45.jdk/Contents/Home/jre/lib/libnio.dylib
0x0000000114aa5000 	/Library/Java/Extensions/librxtxSerial.jnilib
0x00000001155a3000 	/Library/Java/JavaVirtualMachines/jdk1.7.0_45.jdk/Contents/Home/jre/lib/libdcpr.dylib
0x0000000116712000 	/System/Library/CoreServices/RawCamera.bundle/Contents/MacOS/RawCamera

VM Arguments:
jvm_args: -Dfile.encoding=UTF-8 
java_command: sensorconfiguration.swing.ui.MainUI
Launcher Type: SUN_STANDARD

Environment Variables:
PATH=/usr/bin:/bin:/usr/sbin:/sbin
LD_LIBRARY_PATH=/Library/Java/JavaVirtualMachines/jdk1.7.0_45.jdk/Contents/Home/jre/lib/amd64:/Library/Java/JavaVirtualMachines/jdk1.7.0_45.jdk/Contents/Home/jre/lib/i386:
SHELL=/bin/bash
DISPLAY=/tmp/launch-K4mirj/org.macosforge.xquartz:0
DYLD_LIBRARY_PATH=/Applications/NetBeans/NetBeans 7.4.app/Contents/Resources/NetBeans/webcommon/bin:

Signal Handlers:
SIGSEGV: [libjvm.dylib+0x525415], sa_mask[0]=0xfffefeff, sa_flags=0x00000043
SIGBUS: [libjvm.dylib+0x525415], sa_mask[0]=0xfffefeff, sa_flags=0x00000042
SIGFPE: [libjvm.dylib+0x41891a], sa_mask[0]=0xfffefeff, sa_flags=0x00000042
SIGPIPE: [libjvm.dylib+0x41891a], sa_mask[0]=0xfffefeff, sa_flags=0x00000042
SIGXFSZ: [libjvm.dylib+0x41891a], sa_mask[0]=0xfffefeff, sa_flags=0x00000042
SIGILL: [libjvm.dylib+0x41891a], sa_mask[0]=0xfffefeff, sa_flags=0x00000042
SIGUSR1: SIG_DFL, sa_mask[0]=0x00000000, sa_flags=0x00000002
SIGUSR2: [libjvm.dylib+0x41840c], sa_mask[0]=0x00000004, sa_flags=0x00000042
SIGHUP: [libjvm.dylib+0x41669b], sa_mask[0]=0xfffefeff, sa_flags=0x00000042
SIGINT: SIG_IGN, sa_mask[0]=0x00000000, sa_flags=0x00000000
SIGTERM: [libjvm.dylib+0x41669b], sa_mask[0]=0xfffefeff, sa_flags=0x00000042
SIGQUIT: [libjvm.dylib+0x41669b], sa_mask[0]=0xfffefeff, sa_flags=0x00000042


---------------  S Y S T E M  ---------------

OS:Bsduname:Darwin 13.0.0 Darwin Kernel Version 13.0.0: Thu Sep 19 22:22:27 PDT 2013; root:xnu-2422.1.72~6/RELEASE_X86_64 x86_64
rlimit: STACK 8192k, CORE 0k, NPROC 709, NOFILE 10240, AS infinity
load average:3.21 9.73 10.09

CPU:total 4 (2 cores per cpu, 2 threads per core) family 6 model 58 stepping 9, cmov, cx8, fxsr, mmx, sse, sse2, sse3, ssse3, sse4.1, sse4.2, popcnt, avx, aes, erms, ht, tsc, tscinvbit, tscinv

Memory: 4k page, physical 8388608k(2097152k free)

/proc/meminfo:


vm_info: Java HotSpot(TM) 64-Bit Server VM (24.45-b08) for bsd-amd64 JRE (1.7.0_45-b18), built on Oct  8 2013 05:54:16 by "java_re" with gcc 4.2.1 (Based on Apple Inc. build 5658) (LLVM build 2336.11.00)

time: Mon Nov 11 16:32:18 2013
elapsed time: 190 seconds

