#
# A fatal error has been detected by the Java Runtime Environment:
#
#  SIGSEGV (0xb) at pc=0x000000011ceb7223, pid=5877, tid=49667
#
# JRE version: Java(TM) SE Runtime Environment (7.0_45-b18) (build 1.7.0_45-b18)
# Java VM: Java HotSpot(TM) 64-Bit Server VM (24.45-b08 mixed mode bsd-amd64 compressed oops)
# Problematic frame:
# C  [librxtxSerial.jnilib+0x2223]  Java_gnu_io_RXTXPort_nativeDrain+0x117
#
# Failed to write core dump. Core dumps have been disabled. To enable core dumping, try "ulimit -c unlimited" before starting Java again
#
# If you would like to submit a bug report, please visit:
#   http://bugreport.sun.com/bugreport/crash.jsp
# The crash happened outside the Java Virtual Machine in native code.
# See problematic frame for where to report the bug.
#

---------------  T H R E A D  ---------------

Current thread (0x00007fe1b3891800):  JavaThread "AWT-EventQueue-0" [_thread_in_native, id=49667, stack(0x0000000118b9d000,0x0000000118c9d000)]

siginfo:si_signo=SIGSEGV: si_errno=0, si_code=1 (SEGV_MAPERR), si_addr=0x000000011ee5293c

Registers:
RAX=0x000000011ee527d0, RBX=0x000000077be708a8, RCX=0x0000000000000000, RDX=0x0000000000000004
RSP=0x0000000118c99ee0, RBP=0x0000000118c9a280, RSI=0x0000000000000007, RDI=0x0000000118c99e38
R8 =0x0000000000000004, R9 =0x00007fff9302b900, R10=0x00007fff92ff0348, R11=0x00007fe09bb69b29
R12=0x0000000000000000, R13=0x000000077be708a0, R14=0x0000000118c9a308, R15=0x00007fe1b3891800
RIP=0x000000011ceb7223, EFLAGS=0x0000000000010202, ERR=0x0000000000000004
  TRAPNO=0x000000000000000e

Top of Stack: (sp=0x0000000118c99ee0)
0x0000000118c99ee0:   4c009d862f9a98c4 000000077befd1e0
0x0000000118c99ef0:   202c3332206e614a 0000000109865b95
0x0000000118c99f00:   000000077ae89578 0000000118c99f50
0x0000000118c99f10:   000000077af6c3d0 000000077befd1e0
0x0000000118c99f20:   000000077ae895b0 0000000118c99f28
0x0000000118c99f30:   0000000000000000 0000000118c99fa8
0x0000000118c99f40:   000000077af44b98 0000000118c99f48
0x0000000118c99f50:   000000077afc5c40 0000000118c99fa8
0x0000000118c99f60:   000000077afc5ef0 0000000111b02ec1
0x0000000118c99f70:   0000000118c99fc0 00007fe1b3607b60
0x0000000118c99f80:   00007fe1b3607b50 0000000000000001
0x0000000118c99f90:   00007fe1b3607b68 00007fe1b3607b48
0x0000000118c99fa0:   0000000118c9a020 000000010919bbff
0x0000000118c99fb0:   0000000111b12e40 000000077be9a088
0x0000000118c99fc0:   0000000118c99ff0 00007fe1b3891800
0x0000000118c99fd0:   0000000000000000 00007fe1b3891800
0x0000000118c99fe0:   0000000118c9a350 000000077be999a0
0x0000000118c99ff0:   0000000118c9a020 00007fe1b3607b48
0x0000000118c9a000:   00007fe1b3607b70 00007fe1b3891800
0x0000000118c9a010:   0000000111b02ec0 00007fe1b3607b48
0x0000000118c9a020:   0000000118c9a200 000000010919ca22
0x0000000118c9a030:   0000000118c9a060 00007fe1b3891800
0x0000000118c9a040:   000000077af443d8 0000000000000000
0x0000000118c9a050:   0000000100000001 0000000111b12e40
0x0000000118c9a060:   00007fe1b3607b50 00007fe1b3455f40
0x0000000118c9a070:   00007fe1b3607540 00007f00b3607550
0x0000000118c9a080:   0000000118c9a308 00007fe1b38919e8
0x0000000118c9a090:   0000000118c9a270 000000010919ca22
0x0000000118c9a0a0:   0000000118c9a090 000000077af5c3fb
0x0000000118c9a0b0:   0000000118c9a0f0 0000000000000000
0x0000000118c9a0c0:   0000000000000001 00007fe1b37100f0
0x0000000118c9a0d0:   00007fe1b3607b50 00007fe1b3455f40 

Instructions: (pc=0x000000011ceb7223)
0x000000011ceb7203:   fd ff ff 00 74 0f c7 85 6c fc ff ff 00 00 00 00
0x000000011ceb7213:   e9 99 00 00 00 48 83 7d f0 00 74 2a 48 8b 45 f0
0x000000011ceb7223:   8b 80 6c 01 00 00 85 c0 74 1c 48 8b 45 f0 c7 80
0x000000011ceb7233:   6c 01 00 00 00 00 00 00 48 8b 45 f0 c7 80 70 01 

Register to memory mapping:

RAX=0x000000011ee527d0 is an unknown value
RBX=0x000000077be708a8 is an oop
{method} 
 - klass: {other class}
RCX=0x0000000000000000 is an unknown value
RDX=0x0000000000000004 is an unknown value
RSP=0x0000000118c99ee0 is pointing into the stack for thread: 0x00007fe1b3891800
RBP=0x0000000118c9a280 is pointing into the stack for thread: 0x00007fe1b3891800
RSI=0x0000000000000007 is an unknown value
RDI=0x0000000118c99e38 is pointing into the stack for thread: 0x00007fe1b3891800
R8 =0x0000000000000004 is an unknown value
R9 =0x00007fff9302b900: __vfprintf.xdigs_upper+0 in /usr/lib/system/libsystem_c.dylib at 0x00007fff92fa7000
R10=0x00007fff92ff0348: __vfprintf+0x4705 in /usr/lib/system/libsystem_c.dylib at 0x00007fff92fa7000
R11=0x00007fe09bb69b29 is an unknown value
R12=0x0000000000000000 is an unknown value
R13=0x000000077be708a0 is pointing into object: 0x000000077be70860
{constMethod} 
 - klass: {other class}
 - constants:       0x000000077be6c8c8 constant pool [551] for 'gnu/io/RXTXPort' cache=0x000000077be81260
R14=0x0000000118c9a308 is pointing into the stack for thread: 0x00007fe1b3891800
R15=0x00007fe1b3891800 is a thread


Stack: [0x0000000118b9d000,0x0000000118c9d000],  sp=0x0000000118c99ee0,  free space=1011k
Native frames: (J=compiled Java code, j=interpreted, Vv=VM code, C=native code)
C  [librxtxSerial.jnilib+0x2223]  Java_gnu_io_RXTXPort_nativeDrain+0x117
j  gnu.io.RXTXPort.nativeDrain(Z)Z+0
j  gnu.io.RXTXPort$SerialOutputStream.flush()V+72
j  java.io.BufferedOutputStream.flush()V+8
j  java.io.FilterOutputStream.close()V+1
j  rtpmt.sensor.reader.SerialPort.close()V+11
j  rtpmt.motes.packet.BlackBoxReader.closeSource()V+4
j  rtpmt.motes.packet.AbstractSource.close()V+13
j  rtpmt.sensor.reader.SensorReader.close()V+4
j  sensorconfiguration.swing.ui.UIEventHandler.disConnectSensor()V+11
j  sensorconfiguration.swing.ui.UIEventHandler.initSerialPort()V+16
j  sensorconfiguration.swing.ui.SensorConfigurator.searchForPorts(Ljava/awt/event/ActionEvent;)V+4
j  sensorconfiguration.swing.ui.SensorConfigurator.access$500(Lsensorconfiguration/swing/ui/SensorConfigurator;Ljava/awt/event/ActionEvent;)V+2
j  sensorconfiguration.swing.ui.SensorConfigurator$6.actionPerformed(Ljava/awt/event/ActionEvent;)V+5
j  javax.swing.AbstractButton.fireActionPerformed(Ljava/awt/event/ActionEvent;)V+84
j  javax.swing.AbstractButton$Handler.actionPerformed(Ljava/awt/event/ActionEvent;)V+5
j  javax.swing.DefaultButtonModel.fireActionPerformed(Ljava/awt/event/ActionEvent;)V+35
j  javax.swing.DefaultButtonModel.setPressed(Z)V+117
j  javax.swing.plaf.basic.BasicButtonListener.mouseReleased(Ljava/awt/event/MouseEvent;)V+35
j  java.awt.Component.processMouseEvent(Ljava/awt/event/MouseEvent;)V+64
j  javax.swing.JComponent.processMouseEvent(Ljava/awt/event/MouseEvent;)V+23
j  java.awt.Component.processEvent(Ljava/awt/AWTEvent;)V+81
j  java.awt.Container.processEvent(Ljava/awt/AWTEvent;)V+18
j  java.awt.Component.dispatchEventImpl(Ljava/awt/AWTEvent;)V+581
j  java.awt.Container.dispatchEventImpl(Ljava/awt/AWTEvent;)V+42
j  java.awt.Component.dispatchEvent(Ljava/awt/AWTEvent;)V+2
j  java.awt.LightweightDispatcher.retargetMouseEvent(Ljava/awt/Component;ILjava/awt/event/MouseEvent;)V+327
j  java.awt.LightweightDispatcher.processMouseEvent(Ljava/awt/event/MouseEvent;)Z+139
j  java.awt.LightweightDispatcher.dispatchEvent(Ljava/awt/AWTEvent;)Z+50
j  java.awt.Container.dispatchEventImpl(Ljava/awt/AWTEvent;)V+12
j  java.awt.Window.dispatchEventImpl(Ljava/awt/AWTEvent;)V+19
j  java.awt.Component.dispatchEvent(Ljava/awt/AWTEvent;)V+2
j  java.awt.EventQueue.dispatchEventImpl(Ljava/awt/AWTEvent;Ljava/lang/Object;)V+41
j  java.awt.EventQueue.access$200(Ljava/awt/EventQueue;Ljava/awt/AWTEvent;Ljava/lang/Object;)V+3
j  java.awt.EventQueue$3.run()Ljava/lang/Void;+12
j  java.awt.EventQueue$3.run()Ljava/lang/Object;+1
v  ~StubRoutines::call_stub
V  [libjvm.dylib+0x2d6d90]
V  [libjvm.dylib+0x2d6b60]
V  [libjvm.dylib+0x32a444]
j  java.security.AccessController.doPrivileged(Ljava/security/PrivilegedAction;Ljava/security/AccessControlContext;)Ljava/lang/Object;+0
j  java.security.ProtectionDomain$1.doIntersectionPrivilege(Ljava/security/PrivilegedAction;Ljava/security/AccessControlContext;Ljava/security/AccessControlContext;)Ljava/lang/Object;+28
j  java.security.ProtectionDomain$1.doIntersectionPrivilege(Ljava/security/PrivilegedAction;Ljava/security/AccessControlContext;)Ljava/lang/Object;+6
j  java.awt.EventQueue$4.run()Ljava/lang/Void;+11
j  java.awt.EventQueue$4.run()Ljava/lang/Object;+1
v  ~StubRoutines::call_stub
V  [libjvm.dylib+0x2d6d90]
V  [libjvm.dylib+0x2d6b60]
V  [libjvm.dylib+0x32a444]
j  java.security.AccessController.doPrivileged(Ljava/security/PrivilegedAction;Ljava/security/AccessControlContext;)Ljava/lang/Object;+0
j  java.security.ProtectionDomain$1.doIntersectionPrivilege(Ljava/security/PrivilegedAction;Ljava/security/AccessControlContext;Ljava/security/AccessControlContext;)Ljava/lang/Object;+28
j  java.awt.EventQueue.dispatchEvent(Ljava/awt/AWTEvent;)V+73
j  java.awt.EventDispatchThread.pumpOneEventForFilters(I)V+245
j  java.awt.EventDispatchThread.pumpEventsForFilter(ILjava/awt/Conditional;Ljava/awt/EventFilter;)V+35
j  java.awt.EventDispatchThread.pumpEventsForHierarchy(ILjava/awt/Conditional;Ljava/awt/Component;)V+11
j  java.awt.EventDispatchThread.pumpEvents(ILjava/awt/Conditional;)V+4
j  java.awt.EventDispatchThread.pumpEvents(Ljava/awt/Conditional;)V+3
j  java.awt.EventDispatchThread.run()V+9
v  ~StubRoutines::call_stub
V  [libjvm.dylib+0x2d6d90]
V  [libjvm.dylib+0x2d72a7]
V  [libjvm.dylib+0x2d73e4]
V  [libjvm.dylib+0x3263ca]
V  [libjvm.dylib+0x4efb47]
V  [libjvm.dylib+0x4f124f]
V  [libjvm.dylib+0x41b1c6]
C  [libsystem_pthread.dylib+0x1899]  _pthread_body+0x8a
C  [libsystem_pthread.dylib+0x172a]  _pthread_struct_init+0x0
C  [libsystem_pthread.dylib+0x5fc9]  thread_start+0xd

Java frames: (J=compiled Java code, j=interpreted, Vv=VM code)
j  gnu.io.RXTXPort.nativeDrain(Z)Z+0
j  gnu.io.RXTXPort$SerialOutputStream.flush()V+72
j  java.io.BufferedOutputStream.flush()V+8
j  java.io.FilterOutputStream.close()V+1
j  rtpmt.sensor.reader.SerialPort.close()V+11
j  rtpmt.motes.packet.BlackBoxReader.closeSource()V+4
j  rtpmt.motes.packet.AbstractSource.close()V+13
j  rtpmt.sensor.reader.SensorReader.close()V+4
j  sensorconfiguration.swing.ui.UIEventHandler.disConnectSensor()V+11
j  sensorconfiguration.swing.ui.UIEventHandler.initSerialPort()V+16
j  sensorconfiguration.swing.ui.SensorConfigurator.searchForPorts(Ljava/awt/event/ActionEvent;)V+4
j  sensorconfiguration.swing.ui.SensorConfigurator.access$500(Lsensorconfiguration/swing/ui/SensorConfigurator;Ljava/awt/event/ActionEvent;)V+2
j  sensorconfiguration.swing.ui.SensorConfigurator$6.actionPerformed(Ljava/awt/event/ActionEvent;)V+5
j  javax.swing.AbstractButton.fireActionPerformed(Ljava/awt/event/ActionEvent;)V+84
j  javax.swing.AbstractButton$Handler.actionPerformed(Ljava/awt/event/ActionEvent;)V+5
j  javax.swing.DefaultButtonModel.fireActionPerformed(Ljava/awt/event/ActionEvent;)V+35
j  javax.swing.DefaultButtonModel.setPressed(Z)V+117
j  javax.swing.plaf.basic.BasicButtonListener.mouseReleased(Ljava/awt/event/MouseEvent;)V+35
j  java.awt.Component.processMouseEvent(Ljava/awt/event/MouseEvent;)V+64
j  javax.swing.JComponent.processMouseEvent(Ljava/awt/event/MouseEvent;)V+23
j  java.awt.Component.processEvent(Ljava/awt/AWTEvent;)V+81
j  java.awt.Container.processEvent(Ljava/awt/AWTEvent;)V+18
j  java.awt.Component.dispatchEventImpl(Ljava/awt/AWTEvent;)V+581
j  java.awt.Container.dispatchEventImpl(Ljava/awt/AWTEvent;)V+42
j  java.awt.Component.dispatchEvent(Ljava/awt/AWTEvent;)V+2
j  java.awt.LightweightDispatcher.retargetMouseEvent(Ljava/awt/Component;ILjava/awt/event/MouseEvent;)V+327
j  java.awt.LightweightDispatcher.processMouseEvent(Ljava/awt/event/MouseEvent;)Z+139
j  java.awt.LightweightDispatcher.dispatchEvent(Ljava/awt/AWTEvent;)Z+50
j  java.awt.Container.dispatchEventImpl(Ljava/awt/AWTEvent;)V+12
j  java.awt.Window.dispatchEventImpl(Ljava/awt/AWTEvent;)V+19
j  java.awt.Component.dispatchEvent(Ljava/awt/AWTEvent;)V+2
j  java.awt.EventQueue.dispatchEventImpl(Ljava/awt/AWTEvent;Ljava/lang/Object;)V+41
j  java.awt.EventQueue.access$200(Ljava/awt/EventQueue;Ljava/awt/AWTEvent;Ljava/lang/Object;)V+3
j  java.awt.EventQueue$3.run()Ljava/lang/Void;+12
j  java.awt.EventQueue$3.run()Ljava/lang/Object;+1
v  ~StubRoutines::call_stub
j  java.security.AccessController.doPrivileged(Ljava/security/PrivilegedAction;Ljava/security/AccessControlContext;)Ljava/lang/Object;+0
j  java.security.ProtectionDomain$1.doIntersectionPrivilege(Ljava/security/PrivilegedAction;Ljava/security/AccessControlContext;Ljava/security/AccessControlContext;)Ljava/lang/Object;+28
j  java.security.ProtectionDomain$1.doIntersectionPrivilege(Ljava/security/PrivilegedAction;Ljava/security/AccessControlContext;)Ljava/lang/Object;+6
j  java.awt.EventQueue$4.run()Ljava/lang/Void;+11
j  java.awt.EventQueue$4.run()Ljava/lang/Object;+1
v  ~StubRoutines::call_stub
j  java.security.AccessController.doPrivileged(Ljava/security/PrivilegedAction;Ljava/security/AccessControlContext;)Ljava/lang/Object;+0
j  java.security.ProtectionDomain$1.doIntersectionPrivilege(Ljava/security/PrivilegedAction;Ljava/security/AccessControlContext;Ljava/security/AccessControlContext;)Ljava/lang/Object;+28
j  java.awt.EventQueue.dispatchEvent(Ljava/awt/AWTEvent;)V+73
j  java.awt.EventDispatchThread.pumpOneEventForFilters(I)V+245
j  java.awt.EventDispatchThread.pumpEventsForFilter(ILjava/awt/Conditional;Ljava/awt/EventFilter;)V+35
j  java.awt.EventDispatchThread.pumpEventsForHierarchy(ILjava/awt/Conditional;Ljava/awt/Component;)V+11
j  java.awt.EventDispatchThread.pumpEvents(ILjava/awt/Conditional;)V+4
j  java.awt.EventDispatchThread.pumpEvents(Ljava/awt/Conditional;)V+3
j  java.awt.EventDispatchThread.run()V+9
v  ~StubRoutines::call_stub

---------------  P R O C E S S  ---------------

Java Threads: ( => current thread )
  0x00007fe1b39bd000 JavaThread "nioEventLoopGroup-2-1" [_thread_in_native, id=56583, stack(0x000000011d15d000,0x000000011d25d000)]
  0x00007fe1b530e000 JavaThread "process reaper" daemon [_thread_blocked, id=56067, stack(0x000000011d132000,0x000000011d15a000)]
  0x00007fe1b488b800 JavaThread "TimerQueue" daemon [_thread_blocked, id=51459, stack(0x0000000118dc0000,0x0000000118ec0000)]
  0x00007fe1b38cb800 JavaThread "DestroyJavaVM" [_thread_blocked, id=6403, stack(0x0000000108463000,0x0000000108563000)]
=>0x00007fe1b3891800 JavaThread "AWT-EventQueue-0" [_thread_in_native, id=49667, stack(0x0000000118b9d000,0x0000000118c9d000)]
  0x00007fe1b388c800 JavaThread "Java2D Disposer" daemon [_thread_blocked, id=48179, stack(0x00000001187fc000,0x00000001188fc000)]
  0x00007fe1b50e1000 JavaThread "Java2D Queue Flusher" daemon [_thread_blocked, id=46855, stack(0x0000000117aba000,0x0000000117bba000)]
  0x00007fe1b403b800 JavaThread "AWT-Shutdown" [_thread_blocked, id=26639, stack(0x00000001150e1000,0x00000001151e1000)]
  0x00007fe1b50cf800 JavaThread "AppKit Thread" daemon [_thread_in_native, id=1287, stack(0x00007fff57832000,0x00007fff578b2000)]
  0x00007fe1b3816000 JavaThread "Service Thread" daemon [_thread_blocked, id=19203, stack(0x00000001134cc000,0x00000001135cc000)]
  0x00007fe1b3815000 JavaThread "C2 CompilerThread1" daemon [_thread_blocked, id=18691, stack(0x00000001133c9000,0x00000001134c9000)]
  0x00007fe1b3813000 JavaThread "C2 CompilerThread0" daemon [_thread_blocked, id=18179, stack(0x00000001132c6000,0x00000001133c6000)]
  0x00007fe1b5053800 JavaThread "Signal Dispatcher" daemon [_thread_blocked, id=17667, stack(0x00000001131c3000,0x00000001132c3000)]
  0x00007fe1b3810000 JavaThread "Finalizer" daemon [_thread_blocked, id=12547, stack(0x0000000112f73000,0x0000000113073000)]
  0x00007fe1b400f000 JavaThread "Reference Handler" daemon [_thread_blocked, id=12035, stack(0x0000000112e70000,0x0000000112f70000)]

Other Threads:
  0x00007fe1b503c800 VMThread [stack: 0x0000000112d6d000,0x0000000112e6d000] [id=11523]
  0x00007fe1b3811800 WatcherThread [stack: 0x00000001135cf000,0x00000001136cf000] [id=19715]

VM state:not at safepoint (normal execution)

VM Mutex/Monitor currently owned by a thread: None

Heap
 PSYoungGen      total 38912K, used 33229K [0x00000007d5500000, 0x00000007d8000000, 0x0000000800000000)
  eden space 33792K, 98% used [0x00000007d5500000,0x00000007d7573600,0x00000007d7600000)
  from space 5120K, 0% used [0x00000007d7b00000,0x00000007d7b00000,0x00000007d8000000)
  to   space 5120K, 0% used [0x00000007d7600000,0x00000007d7600000,0x00000007d7b00000)
 ParOldGen       total 87040K, used 0K [0x0000000780000000, 0x0000000785500000, 0x00000007d5500000)
  object space 87040K, 0% used [0x0000000780000000,0x0000000780000000,0x0000000785500000)
 PSPermGen       total 21504K, used 17424K [0x000000077ae00000, 0x000000077c300000, 0x0000000780000000)
  object space 21504K, 81% used [0x000000077ae00000,0x000000077bf042f8,0x000000077c300000)

Card table byte_map: [0x000000010c913000,0x000000010cd3d000] byte_map_base: 0x0000000108d3c000

Polling page: 0x00000001085a2000

Code Cache  [0x0000000109853000, 0x0000000109ac3000, 0x000000010c853000)
 total_blobs=645 nmethods=134 adapters=465 free_code_cache=48370Kb largest_free_block=49509568

Compilation events (10 events):
Event: 23.645 Thread 0x00007fe1b3815000  130             java.util.concurrent.locks.ReentrantLock::unlock (10 bytes)
Event: 23.646 Thread 0x00007fe1b3815000 nmethod 130 0x000000010990abd0 code [0x000000010990ad20, 0x000000010990ae28]
Event: 23.949 Thread 0x00007fe1b3813000  131             java.awt.Component::inside (30 bytes)
Event: 23.949 Thread 0x00007fe1b3813000 nmethod 131 0x0000000109915410 code [0x0000000109915540, 0x00000001099155b8]
Event: 24.172 Thread 0x00007fe1b3815000  132             javax.swing.plaf.ComponentUI::contains (7 bytes)
Event: 24.173 Thread 0x00007fe1b3815000 nmethod 132 0x000000010990a950 code [0x000000010990aa80, 0x000000010990ab18]
Event: 24.570 Thread 0x00007fe1b3813000  133             sun.font.FontDesignMetrics::stringWidth (154 bytes)
Event: 24.573 Thread 0x00007fe1b3813000 nmethod 133 0x000000010990b310 code [0x000000010990b4e0, 0x000000010990b868]
Event: 34.733 Thread 0x00007fe1b3815000  134             javax.swing.JComponent::contains (27 bytes)
Event: 34.734 Thread 0x00007fe1b3815000 nmethod 134 0x0000000109918c90 code [0x0000000109918dc0, 0x0000000109918e58]

GC Heap History (0 events):
No events

Deoptimization events (10 events):
Event: 1.102 Thread 0x00007fe1b3891800 Uncommon trap: reason=bimorphic action=maybe_recompile pc=0x00000001098d7f74 method=java.util.HashMap.put(Ljava/lang/Object;Ljava/lang/Object;)Ljava/lang/Object; @ 137
Event: 1.128 Thread 0x00007fe1b3891800 Uncommon trap: reason=bimorphic action=maybe_recompile pc=0x00000001098d7f74 method=java.util.HashMap.put(Ljava/lang/Object;Ljava/lang/Object;)Ljava/lang/Object; @ 137
Event: 10.158 Thread 0x00007fe1b3891800 Uncommon trap: reason=unreached action=reinterpret pc=0x00000001098f263c method=java.lang.AbstractStringBuilder.append(Ljava/lang/String;)Ljava/lang/AbstractStringBuilder; @ 1
Event: 10.158 Thread 0x00007fe1b3891800 Uncommon trap: reason=unreached action=reinterpret pc=0x00000001098f4bc0 method=java.lang.AbstractStringBuilder.append(Ljava/lang/String;)Ljava/lang/AbstractStringBuilder; @ 1
Event: 10.362 Thread 0x00007fe1b50e1000 Uncommon trap: reason=predicate action=maybe_recompile pc=0x00000001099008c0 method=java.util.Arrays.fill([Ljava/lang/Object;Ljava/lang/Object;)V @ 10
Event: 19.808 Thread 0x00007fe1b50e1000 Uncommon trap: reason=array_check action=maybe_recompile pc=0x0000000109908278 method=java.util.Arrays.fill([Ljava/lang/Object;Ljava/lang/Object;)V @ 13
Event: 19.808 Thread 0x00007fe1b50e1000 Uncommon trap: reason=array_check action=maybe_recompile pc=0x0000000109908278 method=java.util.Arrays.fill([Ljava/lang/Object;Ljava/lang/Object;)V @ 13
Event: 19.808 Thread 0x00007fe1b50e1000 Uncommon trap: reason=array_check action=maybe_recompile pc=0x0000000109908278 method=java.util.Arrays.fill([Ljava/lang/Object;Ljava/lang/Object;)V @ 13
Event: 19.808 Thread 0x00007fe1b50e1000 Uncommon trap: reason=array_check action=maybe_recompile pc=0x0000000109908278 method=java.util.Arrays.fill([Ljava/lang/Object;Ljava/lang/Object;)V @ 13
Event: 21.111 Thread 0x00007fe1b3891800 Uncommon trap: reason=unreached action=reinterpret pc=0x000000010990dbd0 method=javax.swing.LayoutComparator.compare(Ljava/awt/Component;Ljava/awt/Component;)I @ 2

Internal exceptions (10 events):
Event: 10.331 Thread 0x00007fe1b3891800 Threw 0x00000007d71b1688 at /HUDSON/workspace/7u-2-build-macosx-x86_64/jdk7u45/229/hotspot/src/share/vm/prims/jvm.cpp:1244
Event: 10.495 Thread 0x00007fe1b3891800 Threw 0x00000007d71c7b38 at /HUDSON/workspace/7u-2-build-macosx-x86_64/jdk7u45/229/hotspot/src/share/vm/prims/jvm.cpp:1244
Event: 10.496 Thread 0x00007fe1b3891800 Threw 0x00000007d71cb6d8 at /HUDSON/workspace/7u-2-build-macosx-x86_64/jdk7u45/229/hotspot/src/share/vm/prims/jvm.cpp:1244
Event: 10.497 Thread 0x00007fe1b3891800 Threw 0x00000007d71d0de0 at /HUDSON/workspace/7u-2-build-macosx-x86_64/jdk7u45/229/hotspot/src/share/vm/prims/jvm.cpp:1244
Event: 10.498 Thread 0x00007fe1b3891800 Threw 0x00000007d71d5a18 at /HUDSON/workspace/7u-2-build-macosx-x86_64/jdk7u45/229/hotspot/src/share/vm/prims/jvm.cpp:1244
Event: 14.715 Thread 0x00007fe1b3891800 Threw 0x00000007d72f6428 at /HUDSON/workspace/7u-2-build-macosx-x86_64/jdk7u45/229/hotspot/src/share/vm/prims/jni.cpp:717
Event: 14.716 Thread 0x00007fe1b3891800 Threw 0x00000007d72f86f0 at /HUDSON/workspace/7u-2-build-macosx-x86_64/jdk7u45/229/hotspot/src/share/vm/prims/jni.cpp:717
Event: 17.728 Thread 0x00007fe1b3891800 Threw 0x00000007d72ff690 at /HUDSON/workspace/7u-2-build-macosx-x86_64/jdk7u45/229/hotspot/src/share/vm/prims/jni.cpp:743
Event: 17.728 Thread 0x00007fe1b3891800 Threw 0x00000007d72ffed8 at /HUDSON/workspace/7u-2-build-macosx-x86_64/jdk7u45/229/hotspot/src/share/vm/prims/jni.cpp:743
Event: 35.668 Thread 0x00007fe1b3891800 Threw 0x00000007d7537218 at /HUDSON/workspace/7u-2-build-macosx-x86_64/jdk7u45/229/hotspot/src/share/vm/prims/jni.cpp:743

Events (10 events):
Event: 21.060 loading class 0x00007fe1b5287990
Event: 21.060 loading class 0x00007fe1b5287990 done
Event: 21.111 Thread 0x00007fe1b3891800 Uncommon trap: trap_request=0xffffffad fr.pc=0x000000010990dbd0
Event: 21.111 Thread 0x00007fe1b3891800 DEOPT PACKING pc=0x000000010990dbd0 sp=0x0000000118c9a7a0
Event: 21.111 Thread 0x00007fe1b3891800 DEOPT UNPACKING pc=0x000000010988c045 sp=0x0000000118c9a788 mode 2
Event: 21.116 loading class 0x00007fe1b509e620
Event: 21.116 loading class 0x00007fe1b509e620 done
Event: 28.848 Executing VM operation: RevokeBias
Event: 28.848 Executing VM operation: RevokeBias done
Event: 28.849 Thread 0x00007fe1b4838800 Thread exited: 0x00007fe1b4838800


Dynamic libraries:
0x000000000d136000 	/System/Library/Frameworks/Cocoa.framework/Versions/A/Cocoa
0x000000000d136000 	/System/Library/Frameworks/Security.framework/Versions/A/Security
0x000000000d136000 	/System/Library/Frameworks/ApplicationServices.framework/Versions/A/ApplicationServices
0x000000000d136000 	/usr/lib/libz.1.dylib
0x000000000d136000 	/usr/lib/libSystem.B.dylib
0x000000000d136000 	/usr/lib/libobjc.A.dylib
0x000000000d136000 	/System/Library/Frameworks/CoreFoundation.framework/Versions/A/CoreFoundation
0x000000000d136000 	/System/Library/Frameworks/Foundation.framework/Versions/C/Foundation
0x000000000d136000 	/System/Library/Frameworks/AppKit.framework/Versions/C/AppKit
0x000000000d136000 	/System/Library/Frameworks/CoreData.framework/Versions/A/CoreData
0x000000000d136000 	/System/Library/PrivateFrameworks/RemoteViewServices.framework/Versions/A/RemoteViewServices
0x000000000d136000 	/System/Library/Frameworks/AudioToolbox.framework/Versions/A/AudioToolbox
0x000000000d136000 	/System/Library/Frameworks/AudioUnit.framework/Versions/A/AudioUnit
0x000000000d136000 	/System/Library/PrivateFrameworks/DataDetectorsCore.framework/Versions/A/DataDetectorsCore
0x000000000d136000 	/System/Library/PrivateFrameworks/DesktopServicesPriv.framework/Versions/A/DesktopServicesPriv
0x000000000d136000 	/System/Library/Frameworks/Carbon.framework/Versions/A/Frameworks/HIToolbox.framework/Versions/A/HIToolbox
0x000000000d136000 	/System/Library/Frameworks/QuartzCore.framework/Versions/A/QuartzCore
0x000000000d136000 	/System/Library/Frameworks/Carbon.framework/Versions/A/Frameworks/SpeechRecognition.framework/Versions/A/SpeechRecognition
0x000000000d136000 	/usr/lib/libauto.dylib
0x000000000d136000 	/usr/lib/libicucore.A.dylib
0x000000000d136000 	/usr/lib/libxml2.2.dylib
0x000000000d136000 	/System/Library/PrivateFrameworks/CoreUI.framework/Versions/A/CoreUI
0x000000000d136000 	/System/Library/Frameworks/CoreAudio.framework/Versions/A/CoreAudio
0x000000000d136000 	/System/Library/Frameworks/DiskArbitration.framework/Versions/A/DiskArbitration
0x000000000d136000 	/usr/lib/liblangid.dylib
0x000000000d136000 	/System/Library/PrivateFrameworks/MultitouchSupport.framework/Versions/A/MultitouchSupport
0x000000000d136000 	/System/Library/Frameworks/IOKit.framework/Versions/A/IOKit
0x000000000d136000 	/usr/lib/libDiagnosticMessagesClient.dylib
0x000000000d136000 	/System/Library/Frameworks/CoreServices.framework/Versions/A/CoreServices
0x000000000d136000 	/System/Library/PrivateFrameworks/PerformanceAnalysis.framework/Versions/A/PerformanceAnalysis
0x000000000d136000 	/System/Library/PrivateFrameworks/GenerationalStorage.framework/Versions/A/GenerationalStorage
0x000000000d136000 	/System/Library/Frameworks/OpenGL.framework/Versions/A/OpenGL
0x000000000d136000 	/System/Library/PrivateFrameworks/Sharing.framework/Versions/A/Sharing
0x000000000d136000 	/System/Library/Frameworks/ImageIO.framework/Versions/A/ImageIO
0x000000000d136000 	/System/Library/Frameworks/CoreText.framework/Versions/A/CoreText
0x000000000d136000 	/System/Library/Frameworks/CoreGraphics.framework/Versions/A/CoreGraphics
0x000000000d136000 	/System/Library/PrivateFrameworks/Backup.framework/Versions/A/Backup
0x000000000d136000 	/System/Library/Frameworks/CFNetwork.framework/Versions/A/CFNetwork
0x000000000d136000 	/System/Library/Frameworks/SystemConfiguration.framework/Versions/A/SystemConfiguration
0x000000000d136000 	/usr/lib/libCRFSuite.dylib
0x000000000d136000 	/usr/lib/libc++.1.dylib
0x000000000d136000 	/usr/lib/libc++abi.dylib
0x000000000d136000 	/usr/lib/system/libcache.dylib
0x000000000d136000 	/usr/lib/system/libcommonCrypto.dylib
0x000000000d136000 	/usr/lib/system/libcompiler_rt.dylib
0x000000000d136000 	/usr/lib/system/libcopyfile.dylib
0x000000000d136000 	/usr/lib/system/libcorecrypto.dylib
0x000000000d136000 	/usr/lib/system/libdispatch.dylib
0x000000000d136000 	/usr/lib/system/libdyld.dylib
0x000000000d136000 	/usr/lib/system/libkeymgr.dylib
0x000000000d136000 	/usr/lib/system/liblaunch.dylib
0x000000000d136000 	/usr/lib/system/libmacho.dylib
0x000000000d136000 	/usr/lib/system/libquarantine.dylib
0x000000000d136000 	/usr/lib/system/libremovefile.dylib
0x000000000d136000 	/usr/lib/system/libsystem_asl.dylib
0x000000000d136000 	/usr/lib/system/libsystem_blocks.dylib
0x000000000d136000 	/usr/lib/system/libsystem_c.dylib
0x000000000d136000 	/usr/lib/system/libsystem_configuration.dylib
0x000000000d136000 	/usr/lib/system/libsystem_dnssd.dylib
0x000000000d136000 	/usr/lib/system/libsystem_info.dylib
0x000000000d136000 	/usr/lib/system/libsystem_kernel.dylib
0x000000000d136000 	/usr/lib/system/libsystem_m.dylib
0x000000000d136000 	/usr/lib/system/libsystem_malloc.dylib
0x000000000d136000 	/usr/lib/system/libsystem_network.dylib
0x000000000d136000 	/usr/lib/system/libsystem_notify.dylib
0x000000000d136000 	/usr/lib/system/libsystem_platform.dylib
0x000000000d136000 	/usr/lib/system/libsystem_pthread.dylib
0x000000000d136000 	/usr/lib/system/libsystem_sandbox.dylib
0x000000000d136000 	/usr/lib/system/libsystem_stats.dylib
0x000000000d136000 	/usr/lib/system/libunc.dylib
0x000000000d136000 	/usr/lib/system/libunwind.dylib
0x000000000d136000 	/usr/lib/system/libxpc.dylib
0x000000000d136000 	/usr/lib/libbsm.0.dylib
0x000000000d136000 	/usr/lib/libsqlite3.dylib
0x000000000d136000 	/usr/lib/libxar.1.dylib
0x000000000d136000 	/usr/lib/libpam.2.dylib
0x000000000d136000 	/usr/lib/libOpenScriptingUtil.dylib
0x000000000d136000 	/usr/lib/libbz2.1.0.dylib
0x000000000d136000 	/System/Library/Frameworks/CoreServices.framework/Versions/A/Frameworks/CarbonCore.framework/Versions/A/CarbonCore
0x000000000d136000 	/System/Library/Frameworks/CoreServices.framework/Versions/A/Frameworks/Metadata.framework/Versions/A/Metadata
0x000000000d136000 	/System/Library/Frameworks/CoreServices.framework/Versions/A/Frameworks/OSServices.framework/Versions/A/OSServices
0x000000000d136000 	/System/Library/Frameworks/CoreServices.framework/Versions/A/Frameworks/SearchKit.framework/Versions/A/SearchKit
0x000000000d136000 	/System/Library/Frameworks/CoreServices.framework/Versions/A/Frameworks/AE.framework/Versions/A/AE
0x000000000d136000 	/System/Library/Frameworks/CoreServices.framework/Versions/A/Frameworks/LaunchServices.framework/Versions/A/LaunchServices
0x000000000d136000 	/System/Library/Frameworks/CoreServices.framework/Versions/A/Frameworks/DictionaryServices.framework/Versions/A/DictionaryServices
0x000000000d136000 	/System/Library/Frameworks/NetFS.framework/Versions/A/NetFS
0x000000000d136000 	/usr/lib/system/libkxld.dylib
0x000000000d136000 	/System/Library/PrivateFrameworks/NetAuth.framework/Versions/A/NetAuth
0x000000000d136000 	/System/Library/PrivateFrameworks/TCC.framework/Versions/A/TCC
0x000000000d136000 	/System/Library/Frameworks/OpenDirectory.framework/Versions/A/Frameworks/CFOpenDirectory.framework/Versions/A/CFOpenDirectory
0x000000000d136000 	/System/Library/Frameworks/ServiceManagement.framework/Versions/A/ServiceManagement
0x000000000d136000 	/usr/lib/libxslt.1.dylib
0x000000000d136000 	/System/Library/Frameworks/Carbon.framework/Versions/A/Frameworks/Ink.framework/Versions/A/Ink
0x000000000d136000 	/System/Library/Frameworks/ApplicationServices.framework/Versions/A/Frameworks/ATS.framework/Versions/A/ATS
0x000000000d136000 	/System/Library/Frameworks/ApplicationServices.framework/Versions/A/Frameworks/ColorSync.framework/Versions/A/ColorSync
0x000000000d136000 	/System/Library/Frameworks/ApplicationServices.framework/Versions/A/Frameworks/HIServices.framework/Versions/A/HIServices
0x000000000d136000 	/System/Library/Frameworks/ApplicationServices.framework/Versions/A/Frameworks/LangAnalysis.framework/Versions/A/LangAnalysis
0x000000000d136000 	/System/Library/Frameworks/ApplicationServices.framework/Versions/A/Frameworks/PrintCore.framework/Versions/A/PrintCore
0x000000000d136000 	/System/Library/Frameworks/ApplicationServices.framework/Versions/A/Frameworks/QD.framework/Versions/A/QD
0x000000000d136000 	/System/Library/Frameworks/ApplicationServices.framework/Versions/A/Frameworks/SpeechSynthesis.framework/Versions/A/SpeechSynthesis
0x000000000d136000 	/System/Library/Frameworks/IOSurface.framework/Versions/A/IOSurface
0x000000000d136000 	/System/Library/Frameworks/Accelerate.framework/Versions/A/Accelerate
0x000000000d136000 	/System/Library/Frameworks/Accelerate.framework/Versions/A/Frameworks/vImage.framework/Versions/A/vImage
0x000000000d136000 	/System/Library/Frameworks/Accelerate.framework/Versions/A/Frameworks/vecLib.framework/Versions/A/vecLib
0x000000000d136000 	/System/Library/Frameworks/Accelerate.framework/Versions/A/Frameworks/vecLib.framework/Versions/A/libvDSP.dylib
0x000000000d136000 	/System/Library/Frameworks/Accelerate.framework/Versions/A/Frameworks/vecLib.framework/Versions/A/libvMisc.dylib
0x000000000d136000 	/System/Library/Frameworks/Accelerate.framework/Versions/A/Frameworks/vecLib.framework/Versions/A/libLAPACK.dylib
0x000000000d136000 	/System/Library/Frameworks/Accelerate.framework/Versions/A/Frameworks/vecLib.framework/Versions/A/libBLAS.dylib
0x000000000d136000 	/System/Library/Frameworks/ApplicationServices.framework/Versions/A/Frameworks/ATS.framework/Versions/A/Resources/libFontParser.dylib
0x000000000d136000 	/System/Library/Frameworks/ApplicationServices.framework/Versions/A/Frameworks/ATS.framework/Versions/A/Resources/libFontRegistry.dylib
0x000000000d136000 	/System/Library/Frameworks/ImageIO.framework/Versions/A/Resources/libJPEG.dylib
0x000000000d136000 	/System/Library/Frameworks/ImageIO.framework/Versions/A/Resources/libTIFF.dylib
0x000000000d136000 	/System/Library/Frameworks/ImageIO.framework/Versions/A/Resources/libPng.dylib
0x000000000d136000 	/System/Library/Frameworks/ImageIO.framework/Versions/A/Resources/libGIF.dylib
0x000000000d136000 	/System/Library/Frameworks/ImageIO.framework/Versions/A/Resources/libJP2.dylib
0x000000000d136000 	/System/Library/Frameworks/ImageIO.framework/Versions/A/Resources/libRadiance.dylib
0x000000000d136000 	/usr/lib/libcups.2.dylib
0x000000000d136000 	/System/Library/Frameworks/Kerberos.framework/Versions/A/Kerberos
0x000000000d136000 	/System/Library/Frameworks/GSS.framework/Versions/A/GSS
0x000000000d136000 	/usr/lib/libresolv.9.dylib
0x000000000d136000 	/usr/lib/libiconv.2.dylib
0x000000000d136000 	/System/Library/PrivateFrameworks/Heimdal.framework/Versions/A/Heimdal
0x000000000d136000 	/System/Library/PrivateFrameworks/TrustEvaluationAgent.framework/Versions/A/TrustEvaluationAgent
0x000000000d136000 	/usr/lib/libheimdal-asn1.dylib
0x000000000d136000 	/System/Library/Frameworks/OpenDirectory.framework/Versions/A/OpenDirectory
0x000000000d136000 	/System/Library/PrivateFrameworks/CommonAuth.framework/Versions/A/CommonAuth
0x000000000d136000 	/System/Library/Frameworks/SecurityFoundation.framework/Versions/A/SecurityFoundation
0x000000000d136000 	/System/Library/PrivateFrameworks/Bom.framework/Versions/A/Bom
0x000000000d136000 	/System/Library/Frameworks/CoreVideo.framework/Versions/A/CoreVideo
0x000000000d136000 	/System/Library/Frameworks/QuartzCore.framework/Versions/A/Frameworks/CoreImage.framework/Versions/A/CoreImage
0x000000000d136000 	/System/Library/Frameworks/QuartzCore.framework/Versions/A/Frameworks/ScalableUserInterface.framework/Versions/A/ScalableUserInterface
0x000000000d136000 	/System/Library/Frameworks/OpenGL.framework/Versions/A/Libraries/libGLU.dylib
0x000000000d136000 	/System/Library/Frameworks/OpenGL.framework/Versions/A/Libraries/libGFXShared.dylib
0x000000000d136000 	/System/Library/Frameworks/OpenGL.framework/Versions/A/Libraries/libGL.dylib
0x000000000d136000 	/System/Library/Frameworks/OpenGL.framework/Versions/A/Libraries/libGLImage.dylib
0x000000000d136000 	/System/Library/Frameworks/OpenGL.framework/Versions/A/Libraries/libCVMSPluginSupport.dylib
0x000000000d136000 	/System/Library/Frameworks/OpenGL.framework/Versions/A/Libraries/libCoreVMClient.dylib
0x000000000d136000 	/System/Library/PrivateFrameworks/FaceCore.framework/Versions/A/FaceCore
0x000000000d136000 	/System/Library/PrivateFrameworks/CrashReporterSupport.framework/Versions/A/CrashReporterSupport
0x000000000d136000 	/System/Library/Frameworks/OpenCL.framework/Versions/A/OpenCL
0x000000000d136000 	/System/Library/PrivateFrameworks/AppleFSCompression.framework/Versions/A/AppleFSCompression
0x000000000d136000 	/System/Library/PrivateFrameworks/Ubiquity.framework/Versions/A/Ubiquity
0x000000000d136000 	/System/Library/PrivateFrameworks/IconServices.framework/Versions/A/IconServices
0x000000000d136000 	/System/Library/PrivateFrameworks/ChunkingLibrary.framework/Versions/A/ChunkingLibrary
0x000000000d136000 	/System/Library/PrivateFrameworks/CoreSymbolication.framework/Versions/A/CoreSymbolication
0x000000000d136000 	/System/Library/PrivateFrameworks/Symbolication.framework/Versions/A/Symbolication
0x000000000d136000 	/System/Library/PrivateFrameworks/DebugSymbols.framework/Versions/A/DebugSymbols
0x0000000108e00000 	/Library/Java/JavaVirtualMachines/jdk1.7.0_45.jdk/Contents/Home/jre/lib/server/libjvm.dylib
0x000000000d136000 	/usr/lib/libstdc++.6.dylib
0x0000000108565000 	/Library/Java/JavaVirtualMachines/jdk1.7.0_45.jdk/Contents/Home/jre/lib/libverify.dylib
0x0000000108572000 	/Library/Java/JavaVirtualMachines/jdk1.7.0_45.jdk/Contents/Home/jre/lib/libjava.dylib
0x00000001085ac000 	/Library/Java/JavaVirtualMachines/jdk1.7.0_45.jdk/Contents/Home/jre/lib/libzip.dylib
0x0000000113075000 	/System/Library/Frameworks/JavaVM.framework/Frameworks/JavaRuntimeSupport.framework/JavaRuntimeSupport
0x000000011308d000 	/System/Library/Frameworks/JavaVM.framework/Versions/A/Frameworks/JavaNativeFoundation.framework/Versions/A/JavaNativeFoundation
0x00000001130a2000 	/System/Library/Frameworks/JavaVM.framework/Versions/A/JavaVM
0x000000000d136000 	/System/Library/Frameworks/Carbon.framework/Versions/A/Carbon
0x00000001130af000 	/System/Library/PrivateFrameworks/JavaLaunching.framework/Versions/A/JavaLaunching
0x000000000d136000 	/System/Library/Frameworks/Carbon.framework/Versions/A/Frameworks/CommonPanels.framework/Versions/A/CommonPanels
0x000000000d136000 	/System/Library/Frameworks/Carbon.framework/Versions/A/Frameworks/Help.framework/Versions/A/Help
0x000000000d136000 	/System/Library/Frameworks/Carbon.framework/Versions/A/Frameworks/ImageCapture.framework/Versions/A/ImageCapture
0x000000000d136000 	/System/Library/Frameworks/Carbon.framework/Versions/A/Frameworks/OpenScripting.framework/Versions/A/OpenScripting
0x000000000d136000 	/System/Library/Frameworks/Carbon.framework/Versions/A/Frameworks/Print.framework/Versions/A/Print
0x000000000d136000 	/System/Library/Frameworks/Carbon.framework/Versions/A/Frameworks/SecurityHI.framework/Versions/A/SecurityHI
0x0000000113751000 	/Library/Java/JavaVirtualMachines/jdk1.7.0_45.jdk/Contents/Home/jre/lib/libawt.dylib
0x0000000113800000 	/Library/Java/JavaVirtualMachines/jdk1.7.0_45.jdk/Contents/Home/jre/lib/./libmlib_image.dylib
0x00000001138cc000 	/Library/Java/JavaVirtualMachines/jdk1.7.0_45.jdk/Contents/Home/jre/lib/lwawt/liblwawt.dylib
0x0000000113980000 	/Library/Java/JavaVirtualMachines/jdk1.7.0_45.jdk/Contents/Home/jre/lib/libosxapp.dylib
0x000000000d136000 	/System/Library/Frameworks/ExceptionHandling.framework/Versions/A/ExceptionHandling
0x000000000d136000 	/System/Library/PrivateFrameworks/CoreServicesInternal.framework/Versions/A/CoreServicesInternal
0x000000000d136000 	/System/Library/PrivateFrameworks/Librarian.framework/Versions/A/Librarian
0x000000000d136000 	/System/Library/Frameworks/CoreGraphics.framework/Versions/A/Resources/libCGCMS.A.dylib
0x000000000d136000 	/System/Library/Frameworks/CoreGraphics.framework/Versions/A/Resources/libRIP.A.dylib
0x000000000d136000 	/System/Library/Frameworks/CoreGraphics.framework/Versions/A/Resources/libCGXType.A.dylib
0x000000000d136000 	/System/Library/PrivateFrameworks/FamilyControls.framework/Versions/A/FamilyControls
0x000000000d136000 	/System/Library/PrivateFrameworks/CommerceKit.framework/Versions/A/Frameworks/CommerceCore.framework/Versions/A/CommerceCore
0x000000000d136000 	/System/Library/PrivateFrameworks/SystemAdministration.framework/Versions/A/SystemAdministration
0x000000000d136000 	/System/Library/Frameworks/DirectoryService.framework/Versions/A/DirectoryService
0x000000000d136000 	/System/Library/PrivateFrameworks/DiskImages.framework/Versions/A/DiskImages
0x000000000d136000 	/System/Library/PrivateFrameworks/LoginUIKit.framework/Versions/A/Frameworks/LoginUICore.framework/Versions/A/LoginUICore
0x000000000d136000 	/usr/lib/libCoreStorage.dylib
0x000000000d136000 	/usr/lib/libcsfde.dylib
0x000000000d136000 	/usr/lib/libodfde.dylib
0x000000000d136000 	/System/Library/Frameworks/DiscRecording.framework/Versions/A/DiscRecording
0x000000000d136000 	/usr/lib/libcurl.4.dylib
0x000000000d136000 	/System/Library/PrivateFrameworks/MediaKit.framework/Versions/A/MediaKit
0x000000000d136000 	/System/Library/PrivateFrameworks/EFILogin.framework/Versions/A/EFILogin
0x000000000d136000 	/usr/lib/libutil.dylib
0x000000000d136000 	/System/Library/PrivateFrameworks/AOSNotification.framework/Versions/A/AOSNotification
0x000000000d136000 	/System/Library/Frameworks/LDAP.framework/Versions/A/LDAP
0x000000000d136000 	/usr/lib/libsasl2.2.dylib
0x000000000d136000 	/usr/lib/libcrypto.0.9.8.dylib
0x000000000d136000 	/usr/lib/libssl.0.9.8.dylib
0x0000000117a55000 	/Library/Java/JavaVirtualMachines/jdk1.7.0_45.jdk/Contents/Home/jre/lib/libfontmanager.dylib
0x000000011530d000 	/Library/Java/JavaVirtualMachines/jdk1.7.0_45.jdk/Contents/Home/jre/lib/libosxui.dylib
0x000000000d136000 	/System/Library/Frameworks/OpenGL.framework/Versions/A/Resources/GLEngine.bundle/GLEngine
0x000000000d136000 	/System/Library/Frameworks/OpenGL.framework/Versions/A/Libraries/libGLProgrammability.dylib
0x0000000000000000 	/System/Library/Extensions/AppleIntelHD4000GraphicsGLDriver.bundle/Contents/MacOS/AppleIntelHD4000GraphicsGLDriver
0x000000000d136000 	/System/Library/PrivateFrameworks/IOAccelerator.framework/Versions/A/IOAccelerator
0x000000000d136000 	/System/Library/PrivateFrameworks/GPUSupport.framework/Versions/A/Libraries/libGPUSupportMercury.dylib
0x000000000d136000 	/System/Library/Frameworks/OpenGL.framework/Versions/A/Resources/GLRendererFloat.bundle/GLRendererFloat
0x000000000d136000 	/System/Library/Frameworks/OpenCL.framework/Versions/A/Libraries/libcldcpuengine.dylib
0x00000001189a9000 	/Library/Java/JavaVirtualMachines/jdk1.7.0_45.jdk/Contents/Home/jre/lib/libnet.dylib
0x0000000118d33000 	/Library/Java/JavaVirtualMachines/jdk1.7.0_45.jdk/Contents/Home/jre/lib/libnio.dylib
0x000000011dd10000 	/Library/Java/JavaVirtualMachines/jdk1.7.0_45.jdk/Contents/Home/jre/lib/libdcpr.dylib
0x000000011ceb5000 	/Library/Java/Extensions/librxtxSerial.jnilib

VM Arguments:
jvm_args: -Dfile.encoding=UTF-8 
java_command: sensorconfiguration.swing.ui.SensorConfigurator
Launcher Type: SUN_STANDARD

Environment Variables:
PATH=/usr/bin:/bin:/usr/sbin:/sbin
LD_LIBRARY_PATH=/Library/Java/JavaVirtualMachines/jdk1.7.0_45.jdk/Contents/Home/jre/lib/amd64:/Library/Java/JavaVirtualMachines/jdk1.7.0_45.jdk/Contents/Home/jre/lib/i386:
SHELL=/bin/bash
DISPLAY=/tmp/launch-ohJYKB/org.macosforge.xquartz:0
DYLD_LIBRARY_PATH=/Applications/NetBeans/NetBeans 7.4.app/Contents/Resources/NetBeans/webcommon/bin:

Signal Handlers:
SIGSEGV: [libjvm.dylib+0x525415], sa_mask[0]=0xfffefeff, sa_flags=0x00000043
SIGBUS: [libjvm.dylib+0x525415], sa_mask[0]=0xfffefeff, sa_flags=0x00000042
SIGFPE: [libjvm.dylib+0x41891a], sa_mask[0]=0xfffefeff, sa_flags=0x00000042
SIGPIPE: [libjvm.dylib+0x41891a], sa_mask[0]=0xfffefeff, sa_flags=0x00000042
SIGXFSZ: [libjvm.dylib+0x41891a], sa_mask[0]=0xfffefeff, sa_flags=0x00000042
SIGILL: [libjvm.dylib+0x41891a], sa_mask[0]=0xfffefeff, sa_flags=0x00000042
SIGUSR1: SIG_DFL, sa_mask[0]=0x00000000, sa_flags=0x00000002
SIGUSR2: [libjvm.dylib+0x41840c], sa_mask[0]=0x00000004, sa_flags=0x00000042
SIGHUP: [libjvm.dylib+0x41669b], sa_mask[0]=0xfffefeff, sa_flags=0x00000042
SIGINT: SIG_IGN, sa_mask[0]=0x00000000, sa_flags=0x00000000
SIGTERM: [libjvm.dylib+0x41669b], sa_mask[0]=0xfffefeff, sa_flags=0x00000042
SIGQUIT: [libjvm.dylib+0x41669b], sa_mask[0]=0xfffefeff, sa_flags=0x00000042


---------------  S Y S T E M  ---------------

OS:Bsduname:Darwin 13.0.0 Darwin Kernel Version 13.0.0: Thu Sep 19 22:22:27 PDT 2013; root:xnu-2422.1.72~6/RELEASE_X86_64 x86_64
rlimit: STACK 8192k, CORE 0k, NPROC 709, NOFILE 10240, AS infinity
load average:1.46 1.69 1.72

CPU:total 4 (2 cores per cpu, 2 threads per core) family 6 model 58 stepping 9, cmov, cx8, fxsr, mmx, sse, sse2, sse3, ssse3, sse4.1, sse4.2, popcnt, avx, aes, erms, ht, tsc, tscinvbit, tscinv

Memory: 4k page, physical 8388608k(2097152k free)

/proc/meminfo:


vm_info: Java HotSpot(TM) 64-Bit Server VM (24.45-b08) for bsd-amd64 JRE (1.7.0_45-b18), built on Oct  8 2013 05:54:16 by "java_re" with gcc 4.2.1 (Based on Apple Inc. build 5658) (LLVM build 2336.11.00)

time: Thu Jan 23 21:53:01 2014
elapsed time: 35 seconds

