#
# A fatal error has been detected by the Java Runtime Environment:
#
#  SIGSEGV (0xb) at pc=0x000000011a67d223, pid=9497, tid=50183
#
# JRE version: Java(TM) SE Runtime Environment (7.0_45-b18) (build 1.7.0_45-b18)
# Java VM: Java HotSpot(TM) 64-Bit Server VM (24.45-b08 mixed mode bsd-amd64 compressed oops)
# Problematic frame:
# C  [librxtxSerial.jnilib+0x2223]  Java_gnu_io_RXTXPort_nativeDrain+0x117
#
# Failed to write core dump. Core dumps have been disabled. To enable core dumping, try "ulimit -c unlimited" before starting Java again
#
# If you would like to submit a bug report, please visit:
#   http://bugreport.sun.com/bugreport/crash.jsp
# The crash happened outside the Java Virtual Machine in native code.
# See problematic frame for where to report the bug.
#

---------------  T H R E A D  ---------------

Current thread (0x00007fcae4134800):  JavaThread "AWT-EventQueue-0" [_thread_in_native, id=50183, stack(0x0000000118dcf000,0x0000000118ecf000)]

siginfo:si_signo=SIGSEGV: si_errno=0, si_code=1 (SEGV_MAPERR), si_addr=0x0000000119d1893c

Registers:
RAX=0x0000000119d187d0, RBX=0x000000077be70a70, RCX=0x0000000000000000, RDX=0x0000000000000004
RSP=0x0000000118ecbef0, RBP=0x0000000118ecc290, RSI=0x0000000000000007, RDI=0x0000000118ecbe48
R8 =0x0000000000000004, R9 =0x00007fff9302b900, R10=0x00007fff92ff0348, R11=0x00007fc9ca13a949
R12=0x0000000000000000, R13=0x000000077be70a68, R14=0x0000000118ecc318, R15=0x00007fcae4134800
RIP=0x000000011a67d223, EFLAGS=0x0000000000010202, ERR=0x0000000000000004
  TRAPNO=0x000000000000000e

Top of Stack: (sp=0x0000000118ecbef0)
0x0000000118ecbef0:   0000000000000009 00000002d66e1a28
0x0000000118ecbf00:   00000007d66df408 0000000109a59b54
0x0000000118ecbf10:   00000007d66e1c48 00000002d66e1c90
0x0000000118ecbf20:   00000007d66df408 0000000109a59b54
0x0000000118ecbf30:   00000001099bd233 00000007d66e1cd8
0x0000000118ecbf40:   0000000118ecbfa8 00000001099bd233
0x0000000118ecbf50:   00000001099bd233 00000007d7618e80
0x0000000118ecbf60:   00000007d66df408 0000000118ecbf68
0x0000000118ecbf70:   000000077ae836cb 0000000118ecbfc0
0x0000000118ecbf80:   00000000facdc3b5 0000000109a7ba86
0x0000000118ecbf90:   000000077ae83710 0000000000000000
0x0000000118ecbfa0:   0000000118ecbfb8 0000000118ecc008
0x0000000118ecbfb0:   00000001099bd233 00000007d7618e80
0x0000000118ecbfc0:   00000007d66df408 0000000118ecbfc8
0x0000000118ecbfd0:   00000007d66df408 0000000118ecc020
0x0000000118ecbfe0:   000000077af1e1b0 0000000000000000
0x0000000118ecbff0:   00000007d66df408 0000000109a59b54
0x0000000118ecc000:   0000000118ecc018 0000000118ecc068
0x0000000118ecc010:   0000000118ecc078 00000001099bd233
0x0000000118ecc020:   00000001099bd233 00000007d79c6810
0x0000000118ecc030:   00000007d66df408 0000000118ecc038
0x0000000118ecc040:   000000077ae836cb 0000000118ecc090
0x0000000118ecc050:   000000077af1e1b0 0000000000000000
0x0000000118ecc060:   000000077ae83710 0000000000000000
0x0000000118ecc070:   0000000118ecc088 0000000118ecc0d8
0x0000000118ecc080:   00000001099bd233 00000000d79c6810
0x0000000118ecc090:   0000000118ecc318 00007fcae41349e8
0x0000000118ecc0a0:   000000077ae87962 0000000118ecc0f0
0x0000000118ecc0b0:   000000077af1e1b0 0000000000000000
0x0000000118ecc0c0:   000000077ae87970 0000000000000000
0x0000000118ecc0d0:   00000007d66e1fd8 0000000109a6b474
0x0000000118ecc0e0:   0000006b0000006b 00000007d7662530 

Instructions: (pc=0x000000011a67d223)
0x000000011a67d203:   fd ff ff 00 74 0f c7 85 6c fc ff ff 00 00 00 00
0x000000011a67d213:   e9 99 00 00 00 48 83 7d f0 00 74 2a 48 8b 45 f0
0x000000011a67d223:   8b 80 6c 01 00 00 85 c0 74 1c 48 8b 45 f0 c7 80
0x000000011a67d233:   6c 01 00 00 00 00 00 00 48 8b 45 f0 c7 80 70 01 

Register to memory mapping:

RAX=0x0000000119d187d0 is an unknown value
RBX=0x000000077be70a70 is an oop
{method} 
 - klass: {other class}
RCX=0x0000000000000000 is an unknown value
RDX=0x0000000000000004 is an unknown value
RSP=0x0000000118ecbef0 is pointing into the stack for thread: 0x00007fcae4134800
RBP=0x0000000118ecc290 is pointing into the stack for thread: 0x00007fcae4134800
RSI=0x0000000000000007 is an unknown value
RDI=0x0000000118ecbe48 is pointing into the stack for thread: 0x00007fcae4134800
R8 =0x0000000000000004 is an unknown value
R9 =0x00007fff9302b900: __vfprintf.xdigs_upper+0 in /usr/lib/system/libsystem_c.dylib at 0x00007fff92fa7000
R10=0x00007fff92ff0348: __vfprintf+0x4705 in /usr/lib/system/libsystem_c.dylib at 0x00007fff92fa7000
R11=0x00007fc9ca13a949 is an unknown value
R12=0x0000000000000000 is an unknown value
R13=0x000000077be70a68 is pointing into object: 0x000000077be70a28
{constMethod} 
 - klass: {other class}
 - constants:       0x000000077be6ca90 constant pool [551] for 'gnu/io/RXTXPort' cache=0x000000077be81428
R14=0x0000000118ecc318 is pointing into the stack for thread: 0x00007fcae4134800
R15=0x00007fcae4134800 is a thread


Stack: [0x0000000118dcf000,0x0000000118ecf000],  sp=0x0000000118ecbef0,  free space=1011k
Native frames: (J=compiled Java code, j=interpreted, Vv=VM code, C=native code)
C  [librxtxSerial.jnilib+0x2223]  Java_gnu_io_RXTXPort_nativeDrain+0x117
j  gnu.io.RXTXPort.nativeDrain(Z)Z+0
j  gnu.io.RXTXPort$SerialOutputStream.flush()V+72

Java frames: (J=compiled Java code, j=interpreted, Vv=VM code)
j  gnu.io.RXTXPort.nativeDrain(Z)Z+0
j  gnu.io.RXTXPort$SerialOutputStream.flush()V+72
J  java.io.BufferedOutputStream.flush()V
j  java.io.FilterOutputStream.close()V+1
j  rtpmt.sensor.reader.SerialPort.close()V+11
j  rtpmt.motes.packet.BlackBoxReader.closeSource()V+4
j  rtpmt.motes.packet.AbstractSource.close()V+13
j  rtpmt.sensor.reader.SensorReader.close()V+4
j  sensorconfiguration.swing.ui.UIEventHandler.disConnectSensor()V+11
j  sensorconfiguration.swing.ui.UIEventHandler.initSerialPort()V+16
j  sensorconfiguration.swing.ui.SensorConfigurator.searchForPorts(Ljava/awt/event/ActionEvent;)V+4
j  sensorconfiguration.swing.ui.SensorConfigurator.access$500(Lsensorconfiguration/swing/ui/SensorConfigurator;Ljava/awt/event/ActionEvent;)V+2
j  sensorconfiguration.swing.ui.SensorConfigurator$6.actionPerformed(Ljava/awt/event/ActionEvent;)V+5
j  javax.swing.AbstractButton.fireActionPerformed(Ljava/awt/event/ActionEvent;)V+84
j  javax.swing.AbstractButton$Handler.actionPerformed(Ljava/awt/event/ActionEvent;)V+5
j  javax.swing.DefaultButtonModel.fireActionPerformed(Ljava/awt/event/ActionEvent;)V+35
j  javax.swing.DefaultButtonModel.setPressed(Z)V+117
j  javax.swing.plaf.basic.BasicButtonListener.mouseReleased(Ljava/awt/event/MouseEvent;)V+35
j  java.awt.Component.processMouseEvent(Ljava/awt/event/MouseEvent;)V+64
j  javax.swing.JComponent.processMouseEvent(Ljava/awt/event/MouseEvent;)V+23
j  java.awt.Component.processEvent(Ljava/awt/AWTEvent;)V+81
j  java.awt.Container.processEvent(Ljava/awt/AWTEvent;)V+18
j  java.awt.Component.dispatchEventImpl(Ljava/awt/AWTEvent;)V+581
j  java.awt.Container.dispatchEventImpl(Ljava/awt/AWTEvent;)V+42
j  java.awt.Component.dispatchEvent(Ljava/awt/AWTEvent;)V+2
j  java.awt.LightweightDispatcher.retargetMouseEvent(Ljava/awt/Component;ILjava/awt/event/MouseEvent;)V+327
j  java.awt.LightweightDispatcher.processMouseEvent(Ljava/awt/event/MouseEvent;)Z+139
j  java.awt.LightweightDispatcher.dispatchEvent(Ljava/awt/AWTEvent;)Z+50
j  java.awt.Container.dispatchEventImpl(Ljava/awt/AWTEvent;)V+12
j  java.awt.Window.dispatchEventImpl(Ljava/awt/AWTEvent;)V+19
j  java.awt.Component.dispatchEvent(Ljava/awt/AWTEvent;)V+2
j  java.awt.EventQueue.dispatchEventImpl(Ljava/awt/AWTEvent;Ljava/lang/Object;)V+41
j  java.awt.EventQueue.access$200(Ljava/awt/EventQueue;Ljava/awt/AWTEvent;Ljava/lang/Object;)V+3
j  java.awt.EventQueue$3.run()Ljava/lang/Void;+12
j  java.awt.EventQueue$3.run()Ljava/lang/Object;+1
v  ~StubRoutines::call_stub
j  java.security.AccessController.doPrivileged(Ljava/security/PrivilegedAction;Ljava/security/AccessControlContext;)Ljava/lang/Object;+0
j  java.security.ProtectionDomain$1.doIntersectionPrivilege(Ljava/security/PrivilegedAction;Ljava/security/AccessControlContext;Ljava/security/AccessControlContext;)Ljava/lang/Object;+28
j  java.security.ProtectionDomain$1.doIntersectionPrivilege(Ljava/security/PrivilegedAction;Ljava/security/AccessControlContext;)Ljava/lang/Object;+6
j  java.awt.EventQueue$4.run()Ljava/lang/Void;+11
j  java.awt.EventQueue$4.run()Ljava/lang/Object;+1
v  ~StubRoutines::call_stub
j  java.security.AccessController.doPrivileged(Ljava/security/PrivilegedAction;Ljava/security/AccessControlContext;)Ljava/lang/Object;+0
j  java.security.ProtectionDomain$1.doIntersectionPrivilege(Ljava/security/PrivilegedAction;Ljava/security/AccessControlContext;Ljava/security/AccessControlContext;)Ljava/lang/Object;+28
j  java.awt.EventQueue.dispatchEvent(Ljava/awt/AWTEvent;)V+73
j  java.awt.EventDispatchThread.pumpOneEventForFilters(I)V+245
j  java.awt.EventDispatchThread.pumpEventsForFilter(ILjava/awt/Conditional;Ljava/awt/EventFilter;)V+35
j  java.awt.EventDispatchThread.pumpEventsForHierarchy(ILjava/awt/Conditional;Ljava/awt/Component;)V+11
j  java.awt.EventDispatchThread.pumpEvents(ILjava/awt/Conditional;)V+4
j  java.awt.EventDispatchThread.pumpEvents(Ljava/awt/Conditional;)V+3
j  java.awt.EventDispatchThread.run()V+9
v  ~StubRoutines::call_stub

---------------  P R O C E S S  ---------------

Java Threads: ( => current thread )
  0x00007fcae3230800 JavaThread "nioEventLoopGroup-2-1" [_thread_in_native, id=55815, stack(0x000000011d38d000,0x000000011d48d000)]
  0x00007fcae4206800 JavaThread "process reaper" daemon [_thread_blocked, id=55307, stack(0x000000011d362000,0x000000011d38a000)]
  0x00007fcae4178000 JavaThread "TimerQueue" daemon [_thread_blocked, id=50951, stack(0x0000000118ff2000,0x00000001190f2000)]
  0x00007fcae4003800 JavaThread "DestroyJavaVM" [_thread_blocked, id=6403, stack(0x0000000109867000,0x0000000109967000)]
=>0x00007fcae4134800 JavaThread "AWT-EventQueue-0" [_thread_in_native, id=50183, stack(0x0000000118dcf000,0x0000000118ecf000)]
  0x00007fcae3110800 JavaThread "Java2D Disposer" daemon [_thread_blocked, id=48691, stack(0x0000000118a2a000,0x0000000118b2a000)]
  0x00007fcae485c000 JavaThread "Java2D Queue Flusher" daemon [_thread_blocked, id=47367, stack(0x0000000117ce8000,0x0000000117de8000)]
  0x00007fcae305d000 JavaThread "AWT-Shutdown" [_thread_blocked, id=28171, stack(0x000000011528c000,0x000000011538c000)]
  0x00007fcae483b000 JavaThread "AppKit Thread" daemon [_thread_in_native, id=1287, stack(0x00007fff57687000,0x00007fff57707000)]
  0x00007fcae4084000 JavaThread "Service Thread" daemon [_thread_blocked, id=19203, stack(0x0000000113678000,0x0000000113778000)]
  0x00007fcae4050800 JavaThread "C2 CompilerThread1" daemon [_thread_blocked, id=18691, stack(0x0000000113575000,0x0000000113675000)]
  0x00007fcae4082800 JavaThread "C2 CompilerThread0" daemon [_thread_blocked, id=18179, stack(0x0000000113472000,0x0000000113572000)]
  0x00007fcae404f800 JavaThread "Signal Dispatcher" daemon [_thread_blocked, id=17667, stack(0x000000011336f000,0x000000011346f000)]
  0x00007fcae300b800 JavaThread "Finalizer" daemon [_thread_blocked, id=12547, stack(0x0000000113120000,0x0000000113220000)]
  0x00007fcae4802000 JavaThread "Reference Handler" daemon [_thread_blocked, id=12035, stack(0x000000011301d000,0x000000011311d000)]

Other Threads:
  0x00007fcae404e000 VMThread [stack: 0x0000000112f1a000,0x000000011301a000] [id=11523]
  0x00007fcae4095000 WatcherThread [stack: 0x000000011377b000,0x000000011387b000] [id=19715]

VM state:not at safepoint (normal execution)

VM Mutex/Monitor currently owned by a thread: None

Heap
 PSYoungGen      total 38912K, used 23548K [0x00000007d5500000, 0x00000007d8000000, 0x0000000800000000)
  eden space 33792K, 54% used [0x00000007d5500000,0x00000007d6707180,0x00000007d7600000)
  from space 5120K, 99% used [0x00000007d7600000,0x00000007d7af81d8,0x00000007d7b00000)
  to   space 5120K, 0% used [0x00000007d7b00000,0x00000007d7b00000,0x00000007d8000000)
 ParOldGen       total 87040K, used 3484K [0x0000000780000000, 0x0000000785500000, 0x00000007d5500000)
  object space 87040K, 4% used [0x0000000780000000,0x0000000780367178,0x0000000785500000)
 PSPermGen       total 21504K, used 18954K [0x000000077ae00000, 0x000000077c300000, 0x0000000780000000)
  object space 21504K, 88% used [0x000000077ae00000,0x000000077c082b00,0x000000077c300000)

Card table byte_map: [0x000000010ca77000,0x000000010cea1000] byte_map_base: 0x0000000108ea0000

Polling page: 0x00000001085fa000

Code Cache  [0x00000001099b7000, 0x0000000109c27000, 0x000000010c9b7000)
 total_blobs=835 nmethods=324 adapters=465 free_code_cache=47876Kb largest_free_block=48986176

Compilation events (10 events):
Event: 60.621 Thread 0x00007fcae4050800  328             sun.awt.SunHints$Value::hashCode (5 bytes)
Event: 60.622 Thread 0x00007fcae4050800 nmethod 328 0x0000000109ad86d0 code [0x0000000109ad8820, 0x0000000109ad88c8]
Event: 60.622 Thread 0x00007fcae4082800  329             java.awt.font.FontRenderContext::equals (127 bytes)
Event: 60.623 Thread 0x00007fcae4082800 nmethod 329 0x0000000109ad80d0 code [0x0000000109ad8260, 0x0000000109ad8460]
Event: 61.606 Thread 0x00007fcae4050800  330             javax.swing.plaf.ComponentUI::contains (7 bytes)
Event: 61.607 Thread 0x00007fcae4050800 nmethod 330 0x0000000109af2b10 code [0x0000000109af2c40, 0x0000000109af2cd8]
Event: 61.658 Thread 0x00007fcae4082800  331   !         sun.java2d.pipe.AAShapePipe::renderTiles (349 bytes)
Event: 61.687 Thread 0x00007fcae4082800 nmethod 331 0x0000000109afa4d0 code [0x0000000109afa8a0, 0x0000000109afcc80]
Event: 61.773 Thread 0x00007fcae4050800  332   !         java.awt.Container::getMouseEventTargetImpl (255 bytes)
Event: 61.782 Thread 0x00007fcae4050800 nmethod 332 0x0000000109af2fd0 code [0x0000000109af31c0, 0x0000000109af3d18]

GC Heap History (2 events):
Event: 31.206 GC heap before
{Heap before GC invocations=1 (full 0):
 PSYoungGen      total 38912K, used 33792K [0x00000007d5500000, 0x00000007d8000000, 0x0000000800000000)
  eden space 33792K, 100% used [0x00000007d5500000,0x00000007d7600000,0x00000007d7600000)
  from space 5120K, 0% used [0x00000007d7b00000,0x00000007d7b00000,0x00000007d8000000)
  to   space 5120K, 0% used [0x00000007d7600000,0x00000007d7600000,0x00000007d7b00000)
 ParOldGen       total 87040K, used 0K [0x0000000780000000, 0x0000000785500000, 0x00000007d5500000)
  object space 87040K, 0% used [0x0000000780000000,0x0000000780000000,0x0000000785500000)
 PSPermGen       total 21504K, used 17783K [0x000000077ae00000, 0x000000077c300000, 0x0000000780000000)
  object space 21504K, 82% used [0x000000077ae00000,0x000000077bf5df60,0x000000077c300000)
Event: 31.217 GC heap after
Heap after GC invocations=1 (full 0):
 PSYoungGen      total 38912K, used 5088K [0x00000007d5500000, 0x00000007d8000000, 0x0000000800000000)
  eden space 33792K, 0% used [0x00000007d5500000,0x00000007d5500000,0x00000007d7600000)
  from space 5120K, 99% used [0x00000007d7600000,0x00000007d7af81d8,0x00000007d7b00000)
  to   space 5120K, 0% used [0x00000007d7b00000,0x00000007d7b00000,0x00000007d8000000)
 ParOldGen       total 87040K, used 3484K [0x0000000780000000, 0x0000000785500000, 0x00000007d5500000)
  object space 87040K, 4% used [0x0000000780000000,0x0000000780367178,0x0000000785500000)
 PSPermGen       total 21504K, used 17783K [0x000000077ae00000, 0x000000077c300000, 0x0000000780000000)
  object space 21504K, 82% used [0x000000077ae00000,0x000000077bf5df60,0x000000077c300000)
}

Deoptimization events (10 events):
Event: 30.872 Thread 0x00007fcae485c000 Uncommon trap: reason=array_check action=maybe_recompile pc=0x0000000109a75278 method=java.util.Arrays.fill([Ljava/lang/Object;Ljava/lang/Object;)V @ 13
Event: 30.872 Thread 0x00007fcae485c000 Uncommon trap: reason=array_check action=maybe_recompile pc=0x0000000109a75278 method=java.util.Arrays.fill([Ljava/lang/Object;Ljava/lang/Object;)V @ 13
Event: 30.872 Thread 0x00007fcae485c000 Uncommon trap: reason=array_check action=maybe_recompile pc=0x0000000109a75278 method=java.util.Arrays.fill([Ljava/lang/Object;Ljava/lang/Object;)V @ 13
Event: 30.872 Thread 0x00007fcae485c000 Uncommon trap: reason=array_check action=maybe_recompile pc=0x0000000109a75278 method=java.util.Arrays.fill([Ljava/lang/Object;Ljava/lang/Object;)V @ 13
Event: 31.398 Thread 0x00007fcae4134800 Uncommon trap: reason=unreached action=reinterpret pc=0x0000000109a57b20 method=java.util.TreeMap.put(Ljava/lang/Object;Ljava/lang/Object;)Ljava/lang/Object; @ 55
Event: 33.652 Thread 0x00007fcae4134800 Uncommon trap: reason=unreached action=reinterpret pc=0x0000000109a80ff8 method=java.util.concurrent.ConcurrentHashMap.get(Ljava/lang/Object;)Ljava/lang/Object; @ 47
Event: 39.590 Thread 0x00007fcae4134800 Uncommon trap: reason=class_check action=maybe_recompile pc=0x0000000109aa96ac method=sun.java2d.SurfaceData.getSourceSurfaceData(Ljava/awt/Image;ILsun/java2d/loops/CompositeType;Ljava/awt/Color;)Lsun/java2d/SurfaceData; @ 102
Event: 39.594 Thread 0x00007fcae4134800 Uncommon trap: reason=class_check action=maybe_recompile pc=0x0000000109aa96ac method=sun.java2d.SurfaceData.getSourceSurfaceData(Ljava/awt/Image;ILsun/java2d/loops/CompositeType;Ljava/awt/Color;)Lsun/java2d/SurfaceData; @ 102
Event: 39.599 Thread 0x00007fcae4134800 Uncommon trap: reason=class_check action=maybe_recompile pc=0x0000000109aa96ac method=sun.java2d.SurfaceData.getSourceSurfaceData(Ljava/awt/Image;ILsun/java2d/loops/CompositeType;Ljava/awt/Color;)Lsun/java2d/SurfaceData; @ 102
Event: 39.601 Thread 0x00007fcae4134800 Uncommon trap: reason=class_check action=maybe_recompile pc=0x0000000109aa96ac method=sun.java2d.SurfaceData.getSourceSurfaceData(Ljava/awt/Image;ILsun/java2d/loops/CompositeType;Ljava/awt/Color;)Lsun/java2d/SurfaceData; @ 102

Internal exceptions (10 events):
Event: 31.395 Thread 0x00007fcae4134800 Threw 0x00000007d589d6c8 at /HUDSON/workspace/7u-2-build-macosx-x86_64/jdk7u45/229/hotspot/src/share/vm/prims/jvm.cpp:1244
Event: 31.396 Thread 0x00007fcae4134800 Threw 0x00000007d58a49e8 at /HUDSON/workspace/7u-2-build-macosx-x86_64/jdk7u45/229/hotspot/src/share/vm/prims/jvm.cpp:1244
Event: 31.398 Thread 0x00007fcae4134800 Implicit null exception at 0x0000000109a572b0 to 0x0000000109a57b01
Event: 33.622 Thread 0x00007fcae4134800 Threw 0x00000007d5b27830 at /HUDSON/workspace/7u-2-build-macosx-x86_64/jdk7u45/229/hotspot/src/share/vm/prims/jvm.cpp:1244
Event: 33.652 Thread 0x00007fcae4134800 Implicit null exception at 0x0000000109a80dc8 to 0x0000000109a80fdd
Event: 41.714 Thread 0x00007fcae4134800 Threw 0x00000007d610de78 at /HUDSON/workspace/7u-2-build-macosx-x86_64/jdk7u45/229/hotspot/src/share/vm/prims/jni.cpp:717
Event: 41.715 Thread 0x00007fcae4134800 Threw 0x00000007d6110140 at /HUDSON/workspace/7u-2-build-macosx-x86_64/jdk7u45/229/hotspot/src/share/vm/prims/jni.cpp:717
Event: 44.726 Thread 0x00007fcae4134800 Threw 0x00000007d6117100 at /HUDSON/workspace/7u-2-build-macosx-x86_64/jdk7u45/229/hotspot/src/share/vm/prims/jni.cpp:743
Event: 44.727 Thread 0x00007fcae4134800 Threw 0x00000007d6117948 at /HUDSON/workspace/7u-2-build-macosx-x86_64/jdk7u45/229/hotspot/src/share/vm/prims/jni.cpp:743
Event: 61.875 Thread 0x00007fcae4134800 Threw 0x00000007d66e2160 at /HUDSON/workspace/7u-2-build-macosx-x86_64/jdk7u45/229/hotspot/src/share/vm/prims/jni.cpp:743

Events (10 events):
Event: 51.363 loading class 0x00007fcae384c170
Event: 51.364 loading class 0x00007fcae384c170 done
Event: 51.364 Executing VM operation: Deoptimize
Event: 51.364 Executing VM operation: Deoptimize done
Event: 51.364 loading class 0x00007fcae384c1f0
Event: 51.375 loading class 0x00007fcae384c1f0 done
Event: 55.835 Executing VM operation: RevokeBias
Event: 55.835 Executing VM operation: RevokeBias done
Event: 55.835 Thread 0x00007fcae38ae000 Thread exited: 0x00007fcae38ae000
Event: 59.789 Thread 0x00007fcae4082800 flushing nmethod 0x0000000109a80b10


Dynamic libraries:
0x000000000d136000 	/System/Library/Frameworks/Cocoa.framework/Versions/A/Cocoa
0x000000000d136000 	/System/Library/Frameworks/Security.framework/Versions/A/Security
0x000000000d136000 	/System/Library/Frameworks/ApplicationServices.framework/Versions/A/ApplicationServices
0x000000000d136000 	/usr/lib/libz.1.dylib
0x000000000d136000 	/usr/lib/libSystem.B.dylib
0x000000000d136000 	/usr/lib/libobjc.A.dylib
0x000000000d136000 	/System/Library/Frameworks/CoreFoundation.framework/Versions/A/CoreFoundation
0x000000000d136000 	/System/Library/Frameworks/Foundation.framework/Versions/C/Foundation
0x000000000d136000 	/System/Library/Frameworks/AppKit.framework/Versions/C/AppKit
0x000000000d136000 	/System/Library/Frameworks/CoreData.framework/Versions/A/CoreData
0x000000000d136000 	/System/Library/PrivateFrameworks/RemoteViewServices.framework/Versions/A/RemoteViewServices
0x000000000d136000 	/System/Library/Frameworks/AudioToolbox.framework/Versions/A/AudioToolbox
0x000000000d136000 	/System/Library/Frameworks/AudioUnit.framework/Versions/A/AudioUnit
0x000000000d136000 	/System/Library/PrivateFrameworks/DataDetectorsCore.framework/Versions/A/DataDetectorsCore
0x000000000d136000 	/System/Library/PrivateFrameworks/DesktopServicesPriv.framework/Versions/A/DesktopServicesPriv
0x000000000d136000 	/System/Library/Frameworks/Carbon.framework/Versions/A/Frameworks/HIToolbox.framework/Versions/A/HIToolbox
0x000000000d136000 	/System/Library/Frameworks/QuartzCore.framework/Versions/A/QuartzCore
0x000000000d136000 	/System/Library/Frameworks/Carbon.framework/Versions/A/Frameworks/SpeechRecognition.framework/Versions/A/SpeechRecognition
0x000000000d136000 	/usr/lib/libauto.dylib
0x000000000d136000 	/usr/lib/libicucore.A.dylib
0x000000000d136000 	/usr/lib/libxml2.2.dylib
0x000000000d136000 	/System/Library/PrivateFrameworks/CoreUI.framework/Versions/A/CoreUI
0x000000000d136000 	/System/Library/Frameworks/CoreAudio.framework/Versions/A/CoreAudio
0x000000000d136000 	/System/Library/Frameworks/DiskArbitration.framework/Versions/A/DiskArbitration
0x000000000d136000 	/usr/lib/liblangid.dylib
0x000000000d136000 	/System/Library/PrivateFrameworks/MultitouchSupport.framework/Versions/A/MultitouchSupport
0x000000000d136000 	/System/Library/Frameworks/IOKit.framework/Versions/A/IOKit
0x000000000d136000 	/usr/lib/libDiagnosticMessagesClient.dylib
0x000000000d136000 	/System/Library/Frameworks/CoreServices.framework/Versions/A/CoreServices
0x000000000d136000 	/System/Library/PrivateFrameworks/PerformanceAnalysis.framework/Versions/A/PerformanceAnalysis
0x000000000d136000 	/System/Library/PrivateFrameworks/GenerationalStorage.framework/Versions/A/GenerationalStorage
0x000000000d136000 	/System/Library/Frameworks/OpenGL.framework/Versions/A/OpenGL
0x000000000d136000 	/System/Library/PrivateFrameworks/Sharing.framework/Versions/A/Sharing
0x000000000d136000 	/System/Library/Frameworks/ImageIO.framework/Versions/A/ImageIO
0x000000000d136000 	/System/Library/Frameworks/CoreText.framework/Versions/A/CoreText
0x000000000d136000 	/System/Library/Frameworks/CoreGraphics.framework/Versions/A/CoreGraphics
0x000000000d136000 	/System/Library/PrivateFrameworks/Backup.framework/Versions/A/Backup
0x000000000d136000 	/System/Library/Frameworks/CFNetwork.framework/Versions/A/CFNetwork
0x000000000d136000 	/System/Library/Frameworks/SystemConfiguration.framework/Versions/A/SystemConfiguration
0x000000000d136000 	/usr/lib/libCRFSuite.dylib
0x000000000d136000 	/usr/lib/libc++.1.dylib
0x000000000d136000 	/usr/lib/libc++abi.dylib
0x000000000d136000 	/usr/lib/system/libcache.dylib
0x000000000d136000 	/usr/lib/system/libcommonCrypto.dylib
0x000000000d136000 	/usr/lib/system/libcompiler_rt.dylib
0x000000000d136000 	/usr/lib/system/libcopyfile.dylib
0x000000000d136000 	/usr/lib/system/libcorecrypto.dylib
0x000000000d136000 	/usr/lib/system/libdispatch.dylib
0x000000000d136000 	/usr/lib/system/libdyld.dylib
0x000000000d136000 	/usr/lib/system/libkeymgr.dylib
0x000000000d136000 	/usr/lib/system/liblaunch.dylib
0x000000000d136000 	/usr/lib/system/libmacho.dylib
0x000000000d136000 	/usr/lib/system/libquarantine.dylib
0x000000000d136000 	/usr/lib/system/libremovefile.dylib
0x000000000d136000 	/usr/lib/system/libsystem_asl.dylib
0x000000000d136000 	/usr/lib/system/libsystem_blocks.dylib
0x000000000d136000 	/usr/lib/system/libsystem_c.dylib
0x000000000d136000 	/usr/lib/system/libsystem_configuration.dylib
0x000000000d136000 	/usr/lib/system/libsystem_dnssd.dylib
0x000000000d136000 	/usr/lib/system/libsystem_info.dylib
0x000000000d136000 	/usr/lib/system/libsystem_kernel.dylib
0x000000000d136000 	/usr/lib/system/libsystem_m.dylib
0x000000000d136000 	/usr/lib/system/libsystem_malloc.dylib
0x000000000d136000 	/usr/lib/system/libsystem_network.dylib
0x000000000d136000 	/usr/lib/system/libsystem_notify.dylib
0x000000000d136000 	/usr/lib/system/libsystem_platform.dylib
0x000000000d136000 	/usr/lib/system/libsystem_pthread.dylib
0x000000000d136000 	/usr/lib/system/libsystem_sandbox.dylib
0x000000000d136000 	/usr/lib/system/libsystem_stats.dylib
0x000000000d136000 	/usr/lib/system/libunc.dylib
0x000000000d136000 	/usr/lib/system/libunwind.dylib
0x000000000d136000 	/usr/lib/system/libxpc.dylib
0x000000000d136000 	/usr/lib/libbsm.0.dylib
0x000000000d136000 	/usr/lib/libsqlite3.dylib
0x000000000d136000 	/usr/lib/libxar.1.dylib
0x000000000d136000 	/usr/lib/libpam.2.dylib
0x000000000d136000 	/usr/lib/libOpenScriptingUtil.dylib
0x000000000d136000 	/usr/lib/libbz2.1.0.dylib
0x000000000d136000 	/System/Library/Frameworks/CoreServices.framework/Versions/A/Frameworks/CarbonCore.framework/Versions/A/CarbonCore
0x000000000d136000 	/System/Library/Frameworks/CoreServices.framework/Versions/A/Frameworks/Metadata.framework/Versions/A/Metadata
0x000000000d136000 	/System/Library/Frameworks/CoreServices.framework/Versions/A/Frameworks/OSServices.framework/Versions/A/OSServices
0x000000000d136000 	/System/Library/Frameworks/CoreServices.framework/Versions/A/Frameworks/SearchKit.framework/Versions/A/SearchKit
0x000000000d136000 	/System/Library/Frameworks/CoreServices.framework/Versions/A/Frameworks/AE.framework/Versions/A/AE
0x000000000d136000 	/System/Library/Frameworks/CoreServices.framework/Versions/A/Frameworks/LaunchServices.framework/Versions/A/LaunchServices
0x000000000d136000 	/System/Library/Frameworks/CoreServices.framework/Versions/A/Frameworks/DictionaryServices.framework/Versions/A/DictionaryServices
0x000000000d136000 	/System/Library/Frameworks/NetFS.framework/Versions/A/NetFS
0x000000000d136000 	/usr/lib/system/libkxld.dylib
0x000000000d136000 	/System/Library/PrivateFrameworks/NetAuth.framework/Versions/A/NetAuth
0x000000000d136000 	/System/Library/PrivateFrameworks/TCC.framework/Versions/A/TCC
0x000000000d136000 	/System/Library/Frameworks/OpenDirectory.framework/Versions/A/Frameworks/CFOpenDirectory.framework/Versions/A/CFOpenDirectory
0x000000000d136000 	/System/Library/Frameworks/ServiceManagement.framework/Versions/A/ServiceManagement
0x000000000d136000 	/usr/lib/libxslt.1.dylib
0x000000000d136000 	/System/Library/Frameworks/Carbon.framework/Versions/A/Frameworks/Ink.framework/Versions/A/Ink
0x000000000d136000 	/System/Library/Frameworks/ApplicationServices.framework/Versions/A/Frameworks/ATS.framework/Versions/A/ATS
0x000000000d136000 	/System/Library/Frameworks/ApplicationServices.framework/Versions/A/Frameworks/ColorSync.framework/Versions/A/ColorSync
0x000000000d136000 	/System/Library/Frameworks/ApplicationServices.framework/Versions/A/Frameworks/HIServices.framework/Versions/A/HIServices
0x000000000d136000 	/System/Library/Frameworks/ApplicationServices.framework/Versions/A/Frameworks/LangAnalysis.framework/Versions/A/LangAnalysis
0x000000000d136000 	/System/Library/Frameworks/ApplicationServices.framework/Versions/A/Frameworks/PrintCore.framework/Versions/A/PrintCore
0x000000000d136000 	/System/Library/Frameworks/ApplicationServices.framework/Versions/A/Frameworks/QD.framework/Versions/A/QD
0x000000000d136000 	/System/Library/Frameworks/ApplicationServices.framework/Versions/A/Frameworks/SpeechSynthesis.framework/Versions/A/SpeechSynthesis
0x000000000d136000 	/System/Library/Frameworks/IOSurface.framework/Versions/A/IOSurface
0x000000000d136000 	/System/Library/Frameworks/Accelerate.framework/Versions/A/Accelerate
0x000000000d136000 	/System/Library/Frameworks/Accelerate.framework/Versions/A/Frameworks/vImage.framework/Versions/A/vImage
0x000000000d136000 	/System/Library/Frameworks/Accelerate.framework/Versions/A/Frameworks/vecLib.framework/Versions/A/vecLib
0x000000000d136000 	/System/Library/Frameworks/Accelerate.framework/Versions/A/Frameworks/vecLib.framework/Versions/A/libvDSP.dylib
0x000000000d136000 	/System/Library/Frameworks/Accelerate.framework/Versions/A/Frameworks/vecLib.framework/Versions/A/libvMisc.dylib
0x000000000d136000 	/System/Library/Frameworks/Accelerate.framework/Versions/A/Frameworks/vecLib.framework/Versions/A/libLAPACK.dylib
0x000000000d136000 	/System/Library/Frameworks/Accelerate.framework/Versions/A/Frameworks/vecLib.framework/Versions/A/libBLAS.dylib
0x000000000d136000 	/System/Library/Frameworks/ApplicationServices.framework/Versions/A/Frameworks/ATS.framework/Versions/A/Resources/libFontParser.dylib
0x000000000d136000 	/System/Library/Frameworks/ApplicationServices.framework/Versions/A/Frameworks/ATS.framework/Versions/A/Resources/libFontRegistry.dylib
0x000000000d136000 	/System/Library/Frameworks/ImageIO.framework/Versions/A/Resources/libJPEG.dylib
0x000000000d136000 	/System/Library/Frameworks/ImageIO.framework/Versions/A/Resources/libTIFF.dylib
0x000000000d136000 	/System/Library/Frameworks/ImageIO.framework/Versions/A/Resources/libPng.dylib
0x000000000d136000 	/System/Library/Frameworks/ImageIO.framework/Versions/A/Resources/libGIF.dylib
0x000000000d136000 	/System/Library/Frameworks/ImageIO.framework/Versions/A/Resources/libJP2.dylib
0x000000000d136000 	/System/Library/Frameworks/ImageIO.framework/Versions/A/Resources/libRadiance.dylib
0x000000000d136000 	/usr/lib/libcups.2.dylib
0x000000000d136000 	/System/Library/Frameworks/Kerberos.framework/Versions/A/Kerberos
0x000000000d136000 	/System/Library/Frameworks/GSS.framework/Versions/A/GSS
0x000000000d136000 	/usr/lib/libresolv.9.dylib
0x000000000d136000 	/usr/lib/libiconv.2.dylib
0x000000000d136000 	/System/Library/PrivateFrameworks/Heimdal.framework/Versions/A/Heimdal
0x000000000d136000 	/System/Library/PrivateFrameworks/TrustEvaluationAgent.framework/Versions/A/TrustEvaluationAgent
0x000000000d136000 	/usr/lib/libheimdal-asn1.dylib
0x000000000d136000 	/System/Library/Frameworks/OpenDirectory.framework/Versions/A/OpenDirectory
0x000000000d136000 	/System/Library/PrivateFrameworks/CommonAuth.framework/Versions/A/CommonAuth
0x000000000d136000 	/System/Library/Frameworks/SecurityFoundation.framework/Versions/A/SecurityFoundation
0x000000000d136000 	/System/Library/PrivateFrameworks/Bom.framework/Versions/A/Bom
0x000000000d136000 	/System/Library/Frameworks/CoreVideo.framework/Versions/A/CoreVideo
0x000000000d136000 	/System/Library/Frameworks/QuartzCore.framework/Versions/A/Frameworks/CoreImage.framework/Versions/A/CoreImage
0x000000000d136000 	/System/Library/Frameworks/QuartzCore.framework/Versions/A/Frameworks/ScalableUserInterface.framework/Versions/A/ScalableUserInterface
0x000000000d136000 	/System/Library/Frameworks/OpenGL.framework/Versions/A/Libraries/libGLU.dylib
0x000000000d136000 	/System/Library/Frameworks/OpenGL.framework/Versions/A/Libraries/libGFXShared.dylib
0x000000000d136000 	/System/Library/Frameworks/OpenGL.framework/Versions/A/Libraries/libGL.dylib
0x000000000d136000 	/System/Library/Frameworks/OpenGL.framework/Versions/A/Libraries/libGLImage.dylib
0x000000000d136000 	/System/Library/Frameworks/OpenGL.framework/Versions/A/Libraries/libCVMSPluginSupport.dylib
0x000000000d136000 	/System/Library/Frameworks/OpenGL.framework/Versions/A/Libraries/libCoreVMClient.dylib
0x000000000d136000 	/System/Library/PrivateFrameworks/FaceCore.framework/Versions/A/FaceCore
0x000000000d136000 	/System/Library/PrivateFrameworks/CrashReporterSupport.framework/Versions/A/CrashReporterSupport
0x000000000d136000 	/System/Library/Frameworks/OpenCL.framework/Versions/A/OpenCL
0x000000000d136000 	/System/Library/PrivateFrameworks/AppleFSCompression.framework/Versions/A/AppleFSCompression
0x000000000d136000 	/System/Library/PrivateFrameworks/Ubiquity.framework/Versions/A/Ubiquity
0x000000000d136000 	/System/Library/PrivateFrameworks/IconServices.framework/Versions/A/IconServices
0x000000000d136000 	/System/Library/PrivateFrameworks/ChunkingLibrary.framework/Versions/A/ChunkingLibrary
0x000000000d136000 	/System/Library/PrivateFrameworks/CoreSymbolication.framework/Versions/A/CoreSymbolication
0x000000000d136000 	/System/Library/PrivateFrameworks/Symbolication.framework/Versions/A/Symbolication
0x000000000d136000 	/System/Library/PrivateFrameworks/DebugSymbols.framework/Versions/A/DebugSymbols
0x0000000108e13000 	/Library/Java/JavaVirtualMachines/jdk1.7.0_45.jdk/Contents/Home/jre/lib/server/libjvm.dylib
0x000000000d136000 	/usr/lib/libstdc++.6.dylib
0x0000000109969000 	/Library/Java/JavaVirtualMachines/jdk1.7.0_45.jdk/Contents/Home/jre/lib/libverify.dylib
0x0000000109976000 	/Library/Java/JavaVirtualMachines/jdk1.7.0_45.jdk/Contents/Home/jre/lib/libjava.dylib
0x00000001099ae000 	/Library/Java/JavaVirtualMachines/jdk1.7.0_45.jdk/Contents/Home/jre/lib/libzip.dylib
0x0000000113222000 	/System/Library/Frameworks/JavaVM.framework/Frameworks/JavaRuntimeSupport.framework/JavaRuntimeSupport
0x000000011323a000 	/System/Library/Frameworks/JavaVM.framework/Versions/A/Frameworks/JavaNativeFoundation.framework/Versions/A/JavaNativeFoundation
0x000000011324f000 	/System/Library/Frameworks/JavaVM.framework/Versions/A/JavaVM
0x000000000d136000 	/System/Library/Frameworks/Carbon.framework/Versions/A/Carbon
0x000000011325c000 	/System/Library/PrivateFrameworks/JavaLaunching.framework/Versions/A/JavaLaunching
0x000000000d136000 	/System/Library/Frameworks/Carbon.framework/Versions/A/Frameworks/CommonPanels.framework/Versions/A/CommonPanels
0x000000000d136000 	/System/Library/Frameworks/Carbon.framework/Versions/A/Frameworks/Help.framework/Versions/A/Help
0x000000000d136000 	/System/Library/Frameworks/Carbon.framework/Versions/A/Frameworks/ImageCapture.framework/Versions/A/ImageCapture
0x000000000d136000 	/System/Library/Frameworks/Carbon.framework/Versions/A/Frameworks/OpenScripting.framework/Versions/A/OpenScripting
0x000000000d136000 	/System/Library/Frameworks/Carbon.framework/Versions/A/Frameworks/Print.framework/Versions/A/Print
0x000000000d136000 	/System/Library/Frameworks/Carbon.framework/Versions/A/Frameworks/SecurityHI.framework/Versions/A/SecurityHI
0x00000001138fc000 	/Library/Java/JavaVirtualMachines/jdk1.7.0_45.jdk/Contents/Home/jre/lib/libawt.dylib
0x00000001139ab000 	/Library/Java/JavaVirtualMachines/jdk1.7.0_45.jdk/Contents/Home/jre/lib/./libmlib_image.dylib
0x0000000113a77000 	/Library/Java/JavaVirtualMachines/jdk1.7.0_45.jdk/Contents/Home/jre/lib/lwawt/liblwawt.dylib
0x0000000113b2b000 	/Library/Java/JavaVirtualMachines/jdk1.7.0_45.jdk/Contents/Home/jre/lib/libosxapp.dylib
0x000000000d136000 	/System/Library/Frameworks/ExceptionHandling.framework/Versions/A/ExceptionHandling
0x000000000d136000 	/System/Library/PrivateFrameworks/CoreServicesInternal.framework/Versions/A/CoreServicesInternal
0x000000000d136000 	/System/Library/PrivateFrameworks/Librarian.framework/Versions/A/Librarian
0x000000000d136000 	/System/Library/Frameworks/CoreGraphics.framework/Versions/A/Resources/libCGCMS.A.dylib
0x000000000d136000 	/System/Library/Frameworks/CoreGraphics.framework/Versions/A/Resources/libRIP.A.dylib
0x000000000d136000 	/System/Library/Frameworks/CoreGraphics.framework/Versions/A/Resources/libCGXType.A.dylib
0x000000000d136000 	/System/Library/PrivateFrameworks/FamilyControls.framework/Versions/A/FamilyControls
0x000000000d136000 	/System/Library/PrivateFrameworks/CommerceKit.framework/Versions/A/Frameworks/CommerceCore.framework/Versions/A/CommerceCore
0x000000000d136000 	/System/Library/PrivateFrameworks/SystemAdministration.framework/Versions/A/SystemAdministration
0x000000000d136000 	/System/Library/Frameworks/DirectoryService.framework/Versions/A/DirectoryService
0x000000000d136000 	/System/Library/PrivateFrameworks/DiskImages.framework/Versions/A/DiskImages
0x000000000d136000 	/System/Library/PrivateFrameworks/LoginUIKit.framework/Versions/A/Frameworks/LoginUICore.framework/Versions/A/LoginUICore
0x000000000d136000 	/usr/lib/libCoreStorage.dylib
0x000000000d136000 	/usr/lib/libcsfde.dylib
0x000000000d136000 	/usr/lib/libodfde.dylib
0x000000000d136000 	/System/Library/Frameworks/DiscRecording.framework/Versions/A/DiscRecording
0x000000000d136000 	/usr/lib/libcurl.4.dylib
0x000000000d136000 	/System/Library/PrivateFrameworks/MediaKit.framework/Versions/A/MediaKit
0x000000000d136000 	/System/Library/PrivateFrameworks/EFILogin.framework/Versions/A/EFILogin
0x000000000d136000 	/usr/lib/libutil.dylib
0x000000000d136000 	/System/Library/PrivateFrameworks/AOSNotification.framework/Versions/A/AOSNotification
0x000000000d136000 	/System/Library/Frameworks/LDAP.framework/Versions/A/LDAP
0x000000000d136000 	/usr/lib/libsasl2.2.dylib
0x000000000d136000 	/usr/lib/libcrypto.0.9.8.dylib
0x000000000d136000 	/usr/lib/libssl.0.9.8.dylib
0x0000000117c83000 	/Library/Java/JavaVirtualMachines/jdk1.7.0_45.jdk/Contents/Home/jre/lib/libfontmanager.dylib
0x000000011553b000 	/Library/Java/JavaVirtualMachines/jdk1.7.0_45.jdk/Contents/Home/jre/lib/libosxui.dylib
0x000000000d136000 	/System/Library/Frameworks/OpenGL.framework/Versions/A/Resources/GLEngine.bundle/GLEngine
0x000000000d136000 	/System/Library/Frameworks/OpenGL.framework/Versions/A/Libraries/libGLProgrammability.dylib
0x0000000000000000 	/System/Library/Extensions/AppleIntelHD4000GraphicsGLDriver.bundle/Contents/MacOS/AppleIntelHD4000GraphicsGLDriver
0x000000000d136000 	/System/Library/PrivateFrameworks/IOAccelerator.framework/Versions/A/IOAccelerator
0x000000000d136000 	/System/Library/PrivateFrameworks/GPUSupport.framework/Versions/A/Libraries/libGPUSupportMercury.dylib
0x000000000d136000 	/System/Library/Frameworks/OpenGL.framework/Versions/A/Resources/GLRendererFloat.bundle/GLRendererFloat
0x000000000d136000 	/System/Library/Frameworks/OpenCL.framework/Versions/A/Libraries/libcldcpuengine.dylib
0x0000000118bd9000 	/Library/Java/JavaVirtualMachines/jdk1.7.0_45.jdk/Contents/Home/jre/lib/libnet.dylib
0x0000000118f65000 	/Library/Java/JavaVirtualMachines/jdk1.7.0_45.jdk/Contents/Home/jre/lib/libnio.dylib
0x000000011df40000 	/Library/Java/JavaVirtualMachines/jdk1.7.0_45.jdk/Contents/Home/jre/lib/libdcpr.dylib
0x000000011a67b000 	/Library/Java/Extensions/librxtxSerial.jnilib

VM Arguments:
jvm_args: -Dfile.encoding=UTF-8 
java_command: sensorconfiguration.swing.ui.SensorConfigurator
Launcher Type: SUN_STANDARD

Environment Variables:
PATH=/usr/bin:/bin:/usr/sbin:/sbin
LD_LIBRARY_PATH=/Library/Java/JavaVirtualMachines/jdk1.7.0_45.jdk/Contents/Home/jre/lib/amd64:/Library/Java/JavaVirtualMachines/jdk1.7.0_45.jdk/Contents/Home/jre/lib/i386:
SHELL=/bin/bash
DISPLAY=/tmp/launch-ohJYKB/org.macosforge.xquartz:0
DYLD_LIBRARY_PATH=/Applications/NetBeans/NetBeans 7.4.app/Contents/Resources/NetBeans/webcommon/bin:

Signal Handlers:
SIGSEGV: [libjvm.dylib+0x525415], sa_mask[0]=0xfffefeff, sa_flags=0x00000043
SIGBUS: [libjvm.dylib+0x525415], sa_mask[0]=0xfffefeff, sa_flags=0x00000042
SIGFPE: [libjvm.dylib+0x41891a], sa_mask[0]=0xfffefeff, sa_flags=0x00000042
SIGPIPE: [libjvm.dylib+0x41891a], sa_mask[0]=0xfffefeff, sa_flags=0x00000042
SIGXFSZ: [libjvm.dylib+0x41891a], sa_mask[0]=0xfffefeff, sa_flags=0x00000042
SIGILL: [libjvm.dylib+0x41891a], sa_mask[0]=0xfffefeff, sa_flags=0x00000042
SIGUSR1: SIG_DFL, sa_mask[0]=0x00000000, sa_flags=0x00000002
SIGUSR2: [libjvm.dylib+0x41840c], sa_mask[0]=0x00000004, sa_flags=0x00000042
SIGHUP: [libjvm.dylib+0x41669b], sa_mask[0]=0xfffefeff, sa_flags=0x00000042
SIGINT: SIG_IGN, sa_mask[0]=0x00000000, sa_flags=0x00000000
SIGTERM: [libjvm.dylib+0x41669b], sa_mask[0]=0xfffefeff, sa_flags=0x00000042
SIGQUIT: [libjvm.dylib+0x41669b], sa_mask[0]=0xfffefeff, sa_flags=0x00000042


---------------  S Y S T E M  ---------------

OS:Bsduname:Darwin 13.0.0 Darwin Kernel Version 13.0.0: Thu Sep 19 22:22:27 PDT 2013; root:xnu-2422.1.72~6/RELEASE_X86_64 x86_64
rlimit: STACK 8192k, CORE 0k, NPROC 709, NOFILE 10240, AS infinity
load average:17.71 13.88 7.00

CPU:total 4 (2 cores per cpu, 2 threads per core) family 6 model 58 stepping 9, cmov, cx8, fxsr, mmx, sse, sse2, sse3, ssse3, sse4.1, sse4.2, popcnt, avx, aes, erms, ht, tsc, tscinvbit, tscinv

Memory: 4k page, physical 8388608k(2097152k free)

/proc/meminfo:


vm_info: Java HotSpot(TM) 64-Bit Server VM (24.45-b08) for bsd-amd64 JRE (1.7.0_45-b18), built on Oct  8 2013 05:54:16 by "java_re" with gcc 4.2.1 (Based on Apple Inc. build 5658) (LLVM build 2336.11.00)

time: Sat Jan 25 13:49:47 2014
elapsed time: 62 seconds

