#
# A fatal error has been detected by the Java Runtime Environment:
#
#  EXCEPTION_ACCESS_VIOLATION (0xc0000005) at pc=0x0000000180005b6b, pid=9124, tid=1812
#
# JRE version: 7.0_02-b13
# Java VM: Java HotSpot(TM) 64-Bit Server VM (22.0-b10 mixed mode windows-amd64 compressed oops)
# Problematic frame:
# C  [rxtxSerial.dll+0x5b6b]
#
# Failed to write core dump. Minidumps are not enabled by default on client versions of Windows
#
# If you would like to submit a bug report, please visit:
#   http://bugreport.sun.com/bugreport/crash.jsp
# The crash happened outside the Java Virtual Machine in native code.
# See problematic frame for where to report the bug.
#

---------------  T H R E A D  ---------------

Current thread (0x0000000005cbe800):  JavaThread "Thread-4" [_thread_in_native, id=1812, stack(0x000000000bce0000,0x000000000bde0000)]

siginfo: ExceptionCode=0xc0000005, writing address 0x000000000bf0eda8

Registers:
RAX=0x0000000000000000, RBX=0x0000000000000000, RCX=0x000000007774165a, RDX=0x0000000000000000
RSP=0x000000000bddecb0, RBP=0x00000000ffffffff, RSI=0x0000000000000015, RDI=0x0000000000000001
R8 =0x000000000bddec08, R9 =0x00000000ffffffff, R10=0x0000000000000000, R11=0x0000000000000246
R12=0x000000000bf0eda0, R13=0x0000000000000001, R14=0x0000000000000001, R15=0x0000000000000000
RIP=0x0000000180005b6b, EFLAGS=0x0000000000010246

Top of Stack: (sp=0x000000000bddecb0)
0x000000000bddecb0:   0000000000000000 0000000000000000
0x000000000bddecc0:   0000000000000000 0000000000000000
0x000000000bddecd0:   0000000005cbe800 000000000bddeea0
0x000000000bddece0:   0000000000000040 000000000bddede0
0x000000000bddecf0:   ffffffffffffffff 0000000000000001
0x000000000bdded00:   000000000709cba8 0000000180005f3f
0x000000000bdded10:   0000000005cbe9d0 000000000bddeea0
0x000000000bdded20:   0000000000000001 000000000bdded40
0x000000000bdded30:   0000000000000001 00000000ffffffff
0x000000000bdded40:   0000000005cbe8fe 000000000bddede0
0x000000000bdded50:   0000000000000008 0000000060e7957e
0x000000000bdded60:   000000000000002c 0000000060d59c60
0x000000000bdded70:   0000000000000008 0000000000000008
0x000000000bdded80:   0000000005cbe800 0000000060e5c51b
0x000000000bdded90:   0000a1306c181984 0000000060d4cc08
0x000000000bddeda0:   0000000000000000 00000000eab808c0 

Instructions: (pc=0x0000000180005b6b)
0x0000000180005b4b:   31 00 00 85 c0 78 33 74 06 03 d8 2b f8 eb 0a b9
0x0000000180005b5b:   e8 03 00 00 e8 1c 1c 00 00 41 3b dd 7c b7 8b c3
0x0000000180005b6b:   45 89 74 24 08 48 8b 5c 24 60 48 83 c4 20 41 5f
0x0000000180005b7b:   41 5e 41 5d 41 5c 5f 5e 5d c3 e8 1e 61 00 00 83 


Register to memory mapping:

RAX=0x0000000000000000 is an unknown value
RBX=0x0000000000000000 is an unknown value
RCX=0x000000007774165a is an unknown value
RDX=0x0000000000000000 is an unknown value
RSP=0x000000000bddecb0 is pointing into the stack for thread: 0x0000000005cbe800
RBP=0x00000000ffffffff is an unallocated location in the heap
RSI=0x0000000000000015 is an unknown value
RDI=0x0000000000000001 is an unknown value
R8 =0x000000000bddec08 is pointing into the stack for thread: 0x0000000005cbe800
R9 =0x00000000ffffffff is an unallocated location in the heap
R10=0x0000000000000000 is an unknown value
R11=0x0000000000000246 is an unknown value
R12=0x000000000bf0eda0 is an unknown value
R13=0x0000000000000001 is an unknown value
R14=0x0000000000000001 is an unknown value
R15=0x0000000000000000 is an unknown value


Stack: [0x000000000bce0000,0x000000000bde0000],  sp=0x000000000bddecb0,  free space=1019k
Native frames: (J=compiled Java code, j=interpreted, Vv=VM code, C=native code)
C  [rxtxSerial.dll+0x5b6b]  Java_gnu_io_RXTXPort_nativeSetEndOfInputChar+0x31b

Java frames: (J=compiled Java code, j=interpreted, Vv=VM code)
J  gnu.io.RXTXPort.readByte()I
J  gnu.io.RXTXPort$SerialInputStream.read()I
J  rtpmt.motes.packet.Packetizer.readFramedPacket()[B
j  rtpmt.motes.packet.Packetizer.run()V+1
j  java.lang.Thread.run()V+11
v  ~StubRoutines::call_stub

---------------  P R O C E S S  ---------------

Java Threads: ( => current thread )
  0x0000000005cc3800 JavaThread "Thread-2" [_thread_blocked, id=5764, stack(0x000000000c020000,0x000000000c120000)]
=>0x0000000005cbe800 JavaThread "Thread-4" [_thread_in_native, id=1812, stack(0x000000000bce0000,0x000000000bde0000)]
  0x0000000006f87800 JavaThread "D3D Screen Updater" daemon [_thread_blocked, id=7816, stack(0x000000000b170000,0x000000000b270000)]
  0x0000000006f32000 JavaThread "TimerQueue" daemon [_thread_blocked, id=8012, stack(0x000000000a240000,0x000000000a340000)]
  0x0000000001f5c800 JavaThread "DestroyJavaVM" [_thread_blocked, id=836, stack(0x0000000001ff0000,0x00000000020f0000)]
  0x0000000006dd2000 JavaThread "AWT-EventQueue-0" [_thread_blocked, id=7876, stack(0x0000000006ab0000,0x0000000006bb0000)]
  0x0000000005ccf800 JavaThread "AWT-Windows" daemon [_thread_in_native, id=8976, stack(0x0000000007540000,0x0000000007640000)]
  0x0000000005cce800 JavaThread "AWT-Shutdown" [_thread_blocked, id=4796, stack(0x0000000007370000,0x0000000007470000)]
  0x0000000006cf0800 JavaThread "Java2D Disposer" daemon [_thread_blocked, id=4988, stack(0x00000000071e0000,0x00000000072e0000)]
  0x0000000005baa800 JavaThread "Service Thread" daemon [_thread_blocked, id=8176, stack(0x0000000006990000,0x0000000006a90000)]
  0x0000000005ba9000 JavaThread "C2 CompilerThread1" daemon [_thread_blocked, id=8324, stack(0x00000000067c0000,0x00000000068c0000)]
  0x0000000005ba1000 JavaThread "C2 CompilerThread0" daemon [_thread_blocked, id=9120, stack(0x0000000006630000,0x0000000006730000)]
  0x0000000005b9f800 JavaThread "Attach Listener" daemon [_thread_blocked, id=732, stack(0x0000000006150000,0x0000000006250000)]
  0x0000000005b9e000 JavaThread "Signal Dispatcher" daemon [_thread_blocked, id=8196, stack(0x0000000006450000,0x0000000006550000)]
  0x0000000005b1b800 JavaThread "Finalizer" daemon [_thread_blocked, id=5280, stack(0x00000000062c0000,0x00000000063c0000)]
  0x0000000005b13000 JavaThread "Reference Handler" daemon [_thread_blocked, id=9092, stack(0x0000000005ed0000,0x0000000005fd0000)]

Other Threads:
  0x0000000005b07000 VMThread [stack: 0x0000000005fd0000,0x00000000060d0000] [id=4344]
  0x0000000005bae000 WatcherThread [stack: 0x0000000006bc0000,0x0000000006cc0000] [id=5044]

VM state:not at safepoint (normal execution)

VM Mutex/Monitor currently owned by a thread: None

Heap
 PSYoungGen      total 19136K, used 4908K [0x00000000eaab0000, 0x00000000ec000000, 0x0000000100000000)
  eden space 16448K, 15% used [0x00000000eaab0000,0x00000000ead3b0d8,0x00000000ebac0000)
  from space 2688K, 85% used [0x00000000ebac0000,0x00000000ebd00000,0x00000000ebd60000)
  to   space 2688K, 0% used [0x00000000ebd60000,0x00000000ebd60000,0x00000000ec000000)
 PSOldGen        total 43648K, used 0K [0x00000000c0000000, 0x00000000c2aa0000, 0x00000000eaab0000)
  object space 43648K, 0% used [0x00000000c0000000,0x00000000c0000000,0x00000000c2aa0000)
 PSPermGen       total 21248K, used 13910K [0x00000000bae00000, 0x00000000bc2c0000, 0x00000000c0000000)
  object space 21248K, 65% used [0x00000000bae00000,0x00000000bbb95aa0,0x00000000bc2c0000)

Code Cache  [0x00000000021a0000, 0x0000000002410000, 0x00000000051a0000)
 total_blobs=658 nmethods=212 adapters=398 free_code_cache=48283Kb largest_free_block=49396736

Dynamic libraries:
0x000000013fcd0000 - 0x000000013fd03000 	C:\Program Files\Java\jdk1.7.0_02\bin\java.exe
0x00000000776f0000 - 0x0000000077899000 	C:\Windows\SYSTEM32\ntdll.dll
0x0000000077110000 - 0x000000007722f000 	C:\Windows\system32\kernel32.dll
0x000007fefdc20000 - 0x000007fefdc8c000 	C:\Windows\system32\KERNELBASE.dll
0x000007fefe1d0000 - 0x000007fefe2ab000 	C:\Windows\system32\ADVAPI32.dll
0x000007feff800000 - 0x000007feff89f000 	C:\Windows\system32\msvcrt.dll
0x000007feff9e0000 - 0x000007feff9ff000 	C:\Windows\SYSTEM32\sechost.dll
0x000007fefe2b0000 - 0x000007fefe3dd000 	C:\Windows\system32\RPCRT4.dll
0x0000000077010000 - 0x000000007710a000 	C:\Windows\system32\USER32.dll
0x000007feff5f0000 - 0x000007feff657000 	C:\Windows\system32\GDI32.dll
0x000007feff6e0000 - 0x000007feff6ee000 	C:\Windows\system32\LPK.dll
0x000007feff520000 - 0x000007feff5e9000 	C:\Windows\system32\USP10.dll
0x000007fefc840000 - 0x000007fefca34000 	C:\Windows\WinSxS\amd64_microsoft.windows.common-controls_6595b64144ccf1df_6.0.7601.17514_none_fa396087175ac9ac\COMCTL32.dll
0x000007fefe400000 - 0x000007fefe471000 	C:\Windows\system32\SHLWAPI.dll
0x000007fefe1a0000 - 0x000007fefe1ce000 	C:\Windows\system32\IMM32.DLL
0x000007feff6f0000 - 0x000007feff7f9000 	C:\Windows\system32\MSCTF.dll
0x00000000623a0000 - 0x0000000062471000 	C:\Program Files\Java\jdk1.7.0_02\jre\bin\msvcr100.dll
0x0000000060cb0000 - 0x000000006138a000 	C:\Program Files\Java\jdk1.7.0_02\jre\bin\server\jvm.dll
0x000007fefb3f0000 - 0x000007fefb3f9000 	C:\Windows\system32\WSOCK32.dll
0x000007feff4d0000 - 0x000007feff51d000 	C:\Windows\system32\WS2_32.dll
0x000007fefe480000 - 0x000007fefe488000 	C:\Windows\system32\NSI.dll
0x000007fefd990000 - 0x000007fefd9cb000 	C:\Windows\system32\WINMM.dll
0x00000000778b0000 - 0x00000000778b7000 	C:\Windows\system32\PSAPI.DLL
0x0000000063ce0000 - 0x0000000063cef000 	C:\Program Files\Java\jdk1.7.0_02\jre\bin\verify.dll
0x0000000063910000 - 0x0000000063938000 	C:\Program Files\Java\jdk1.7.0_02\jre\bin\java.dll
0x00000000631c0000 - 0x00000000631d5000 	C:\Program Files\Java\jdk1.7.0_02\jre\bin\zip.dll
0x0000000062200000 - 0x0000000062394000 	C:\Program Files\Java\jdk1.7.0_02\jre\bin\awt.dll
0x000007feff900000 - 0x000007feff9d7000 	C:\Windows\system32\OLEAUT32.dll
0x000007fefe490000 - 0x000007fefe693000 	C:\Windows\system32\ole32.dll
0x000007fefbe30000 - 0x000007fefbe86000 	C:\Windows\system32\uxtheme.dll
0x000007fefc340000 - 0x000007fefc358000 	C:\Windows\system32\dwmapi.dll
0x000007fefda80000 - 0x000007fefda8f000 	C:\Windows\system32\CRYPTBASE.dll
0x000007fefe6a0000 - 0x000007feff428000 	C:\Windows\system32\SHELL32.dll
0x0000000063160000 - 0x0000000063194000 	C:\Program Files\Java\jdk1.7.0_02\jre\bin\fontmanager.dll
0x000007feea790000 - 0x000007feea98f000 	C:\Windows\system32\d3d9.dll
0x000007fefcc30000 - 0x000007fefcc3c000 	C:\Windows\system32\VERSION.dll
0x000007fefb7c0000 - 0x000007fefb7c7000 	C:\Windows\system32\d3d8thk.dll
0x0000000061e10000 - 0x00000000621f8000 	C:\Windows\system32\atiumd64.dll
0x00000000617d0000 - 0x0000000061a69000 	C:\Windows\system32\atiumd6a.dll
0x0000000063950000 - 0x0000000063969000 	C:\Program Files\Java\jdk1.7.0_02\jre\bin\net.dll
0x000007fefd340000 - 0x000007fefd395000 	C:\Windows\system32\mswsock.dll
0x000007fefd330000 - 0x000007fefd337000 	C:\Windows\System32\wship6.dll
0x00000000631a0000 - 0x00000000631b1000 	C:\Program Files\Java\jdk1.7.0_02\jre\bin\nio.dll
0x0000000063110000 - 0x0000000063151000 	C:\Program Files\Java\jdk1.7.0_02\jre\bin\t2k.dll
0x000007fefdf20000 - 0x000007fefdfb9000 	C:\Windows\system32\CLBCatQ.DLL
0x000007fefb9b0000 - 0x000007fefbada000 	C:\Windows\system32\WindowsCodecs.dll
0x000007fefda20000 - 0x000007fefda77000 	C:\Windows\system32\apphelp.dll
0x0000000010000000 - 0x000000001001c000 	C:\Users\kumar\AppData\Roaming\Dropbox\bin\DropboxExt64.14.dll
0x000007fef8d30000 - 0x000007fef8e55000 	C:\Windows\system32\dbghelp.dll
0x000007fef8be0000 - 0x000007fef8c76000 	C:\Windows\system32\msvcp60.dll
0x000007fef8b90000 - 0x000007fef8bc5000 	C:\Windows\system32\EhStorShell.dll
0x000007fefdfc0000 - 0x000007fefe197000 	C:\Windows\system32\SETUPAPI.dll
0x000007fefdc90000 - 0x000007fefdcc6000 	C:\Windows\system32\CFGMGR32.dll
0x000007fefdc00000 - 0x000007fefdc1a000 	C:\Windows\system32\DEVOBJ.dll
0x000007fefbe90000 - 0x000007fefbfbc000 	C:\Windows\system32\PROPSYS.dll
0x000007fef8ad0000 - 0x000007fef8b8b000 	C:\Program Files (x86)\Google\Drive\googledrivesync64.dll
0x00000000716a0000 - 0x0000000071773000 	C:\Windows\WinSxS\amd64_microsoft.vc90.crt_1fc8b3b9a1e18e3b_9.0.30729.6161_none_08e61857a83bc251\MSVCP90.dll
0x00000000715f0000 - 0x0000000071693000 	C:\Windows\WinSxS\amd64_microsoft.vc90.crt_1fc8b3b9a1e18e3b_9.0.30729.6161_none_08e61857a83bc251\MSVCR90.dll
0x000007fef8400000 - 0x000007fef8a72000 	C:\PROGRA~1\MICROS~1\Office14\GROOVEEX.DLL
0x00000000715c0000 - 0x00000000715ef000 	C:\Windows\WinSxS\amd64_microsoft.vc90.atl_1fc8b3b9a1e18e3b_9.0.30729.6161_none_0a1fd3a3a768b895\ATL90.DLL
0x000007fef7fe0000 - 0x000007fef83fa000 	C:\PROGRA~1\COMMON~1\MICROS~1\OFFICE14\Cultures\office.odf
0x000007fef7770000 - 0x000007fef7fd5000 	C:\PROGRA~1\MICROS~1\Office14\1033\GrooveIntlResource.dll
0x0000000180000000 - 0x0000000180025000 	C:\Program Files\Java\jdk1.7.0_02\jre\bin\rxtxSerial.dll
0x00000000630e0000 - 0x000000006310a000 	C:\Program Files\Java\jdk1.7.0_02\jre\bin\dcpr.dll

VM Arguments:
jvm_args: -Dfile.encoding=UTF-8 
java_command: rtpmt.desktop.client.RealTimePackageTracking
Launcher Type: SUN_STANDARD

Environment Variables:
CLASSPATH=.;C:\Program Files (x86)\QuickTime\QTSystem\QTJava.zip
PATH=C:\Windows\system32;C:\Windows;C:\Windows\System32\Wbem;C:\Windows\System32\WindowsPowerShell\v1.0\;C:\Program Files (x86)\ATI Technologies\ATI.ACE\Core-Static;C:\Program Files (x86)\QuickTime\QTSystem\;C:\Program Files (x86)\Microsoft SQL Server\100\Tools\Binn\;C:\Program Files\Microsoft SQL Server\100\Tools\Binn\;C:\Program Files\Microsoft SQL Server\100\DTS\Binn\;C:\Python32;C:\xampp\php;C:\xampp\htdocs\causbuzz\lib\Cake\Console;C:\Program Files\SlikSvn\bin;C:\Program Files\Java\jdk1.7.0_02\bin;C:\cygwin\bin;C:\cygwin\usr\sbin
USERNAME=kumar
OS=Windows_NT
PROCESSOR_IDENTIFIER=Intel64 Family 6 Model 23 Stepping 10, GenuineIntel



---------------  S Y S T E M  ---------------

OS: Windows 7 , 64 bit Build 7601 Service Pack 1

CPU:total 2 (2 cores per cpu, 1 threads per core) family 6 model 23 stepping 10, cmov, cx8, fxsr, mmx, sse, sse2, sse3, ssse3, sse4.1

Memory: 4k page, physical 4189036k(1296016k free), swap 8376220k(4752464k free)

vm_info: Java HotSpot(TM) 64-Bit Server VM (22.0-b10) for windows-amd64 JRE (1.7.0_02-b13), built on Nov 17 2011 13:51:15 by "java_re" with unknown MS VC++:1600

time: Wed Oct 03 03:56:37 2012
elapsed time: 667 seconds

