#
# A fatal error has been detected by the Java Runtime Environment:
#
#  EXCEPTION_ACCESS_VIOLATION (0xc0000005) at pc=0x0000000180005b6b, pid=7596, tid=14648
#
# JRE version: 7.0_02-b13
# Java VM: Java HotSpot(TM) 64-Bit Server VM (22.0-b10 mixed mode windows-amd64 compressed oops)
# Problematic frame:
# C  [rxtxSerial.dll+0x5b6b]
#
# Failed to write core dump. Minidumps are not enabled by default on client versions of Windows
#
# If you would like to submit a bug report, please visit:
#   http://bugreport.sun.com/bugreport/crash.jsp
# The crash happened outside the Java Virtual Machine in native code.
# See problematic frame for where to report the bug.
#

---------------  T H R E A D  ---------------

Current thread (0x0000000006e6c800):  JavaThread "Thread-4" [_thread_in_native, id=14648, stack(0x000000000b8b0000,0x000000000b9b0000)]

siginfo: ExceptionCode=0xc0000005, writing address 0x000000000b87f2d8

Registers:
RAX=0x0000000000000000, RBX=0x0000000000000000, RCX=0x0000000076d1165a, RDX=0x0000000000000000
RSP=0x000000000b9af130, RBP=0x00000000ffffffff, RSI=0x0000000000000015, RDI=0x0000000000000001
R8 =0x000000000b9af088, R9 =0x00000000ffffffff, R10=0x0000000000000000, R11=0x0000000000000246
R12=0x000000000b87f2d0, R13=0x0000000000000001, R14=0x0000000000000001, R15=0x0000000000000000
RIP=0x0000000180005b6b, EFLAGS=0x0000000000010246

Top of Stack: (sp=0x000000000b9af130)
0x000000000b9af130:   0000000000000000 0000000000000000
0x000000000b9af140:   0000000000000000 0000000000000000
0x000000000b9af150:   0000000006e6c800 000000000b9af428
0x000000000b9af160:   0000000000000019 000000000b9af260
0x000000000b9af170:   ffffffffffffffff 0000000000000001
0x000000000b9af180:   0000000006e6aef8 0000000180005f3f
0x000000000b9af190:   0000000006e6c9d0 000000000b9af428
0x000000000b9af1a0:   0000000000000001 000000000b9af1c0
0x000000000b9af1b0:   0000000000000001 00000000ffffffff
0x000000000b9af1c0:   000000000000007e 000000000b9af260
0x000000000b9af1d0:   00000000eb1423d8 000000000b9af1d8
0x000000000b9af1e0:   00000000bb18a2a1 000000000b9af240
0x000000000b9af1f0:   00000000bb18a5c0 0000000000000000
0x000000000b9af200:   0000000006e6c800 0000000006e6c800
0x000000000b9af210:   0000cc1de3a5912d 0000000006e6c800
0x000000000b9af220:   0000000000000000 00000000021e6038 

Instructions: (pc=0x0000000180005b6b)
0x0000000180005b4b:   31 00 00 85 c0 78 33 74 06 03 d8 2b f8 eb 0a b9
0x0000000180005b5b:   e8 03 00 00 e8 1c 1c 00 00 41 3b dd 7c b7 8b c3
0x0000000180005b6b:   45 89 74 24 08 48 8b 5c 24 60 48 83 c4 20 41 5f
0x0000000180005b7b:   41 5e 41 5d 41 5c 5f 5e 5d c3 e8 1e 61 00 00 83 


Register to memory mapping:

RAX=0x0000000000000000 is an unknown value
RBX=0x0000000000000000 is an unknown value
RCX=0x0000000076d1165a is an unknown value
RDX=0x0000000000000000 is an unknown value
RSP=0x000000000b9af130 is pointing into the stack for thread: 0x0000000006e6c800
RBP=0x00000000ffffffff is an unallocated location in the heap
RSI=0x0000000000000015 is an unknown value
RDI=0x0000000000000001 is an unknown value
R8 =0x000000000b9af088 is pointing into the stack for thread: 0x0000000006e6c800
R9 =0x00000000ffffffff is an unallocated location in the heap
R10=0x0000000000000000 is an unknown value
R11=0x0000000000000246 is an unknown value
R12=0x000000000b87f2d0 is an unknown value
R13=0x0000000000000001 is an unknown value
R14=0x0000000000000001 is an unknown value
R15=0x0000000000000000 is an unknown value


Stack: [0x000000000b8b0000,0x000000000b9b0000],  sp=0x000000000b9af130,  free space=1020k
Native frames: (J=compiled Java code, j=interpreted, Vv=VM code, C=native code)
C  [rxtxSerial.dll+0x5b6b]  Java_gnu_io_RXTXPort_nativeSetEndOfInputChar+0x31b

Java frames: (J=compiled Java code, j=interpreted, Vv=VM code)
J  gnu.io.RXTXPort.readByte()I
J  gnu.io.RXTXPort$SerialInputStream.read()I
J  rtpmt.motes.packet.Packetizer.readFramedPacket()[B
j  rtpmt.motes.packet.Packetizer.run()V+1
j  java.lang.Thread.run()V+11
v  ~StubRoutines::call_stub

---------------  P R O C E S S  ---------------

Java Threads: ( => current thread )
=>0x0000000006e6c800 JavaThread "Thread-4" [_thread_in_native, id=14648, stack(0x000000000b8b0000,0x000000000b9b0000)]
  0x0000000006e7e000 JavaThread "D3D Screen Updater" daemon [_thread_blocked, id=14552, stack(0x000000000acf0000,0x000000000adf0000)]
  0x0000000006d06000 JavaThread "TimerQueue" daemon [_thread_blocked, id=14444, stack(0x0000000009860000,0x0000000009960000)]
  0x0000000001dec800 JavaThread "DestroyJavaVM" [_thread_blocked, id=12628, stack(0x00000000020e0000,0x00000000021e0000)]
  0x0000000006b96000 JavaThread "AWT-EventQueue-0" [_thread_blocked, id=11820, stack(0x0000000007350000,0x0000000007450000)]
  0x0000000006acc000 JavaThread "AWT-Windows" daemon [_thread_in_native, id=11044, stack(0x0000000007230000,0x0000000007330000)]
  0x0000000006acb000 JavaThread "AWT-Shutdown" [_thread_blocked, id=12916, stack(0x0000000006700000,0x0000000006800000)]
  0x0000000006aca800 JavaThread "Java2D Disposer" daemon [_thread_blocked, id=13092, stack(0x0000000006f80000,0x0000000007080000)]
  0x0000000005af8000 JavaThread "Service Thread" daemon [_thread_blocked, id=12512, stack(0x0000000006880000,0x0000000006980000)]
  0x0000000005ae3000 JavaThread "C2 CompilerThread1" daemon [_thread_blocked, id=13116, stack(0x00000000065f0000,0x00000000066f0000)]
  0x0000000005ad1800 JavaThread "C2 CompilerThread0" daemon [_thread_blocked, id=13660, stack(0x0000000006490000,0x0000000006590000)]
  0x0000000005acf800 JavaThread "Attach Listener" daemon [_thread_blocked, id=8900, stack(0x0000000006390000,0x0000000006490000)]
  0x0000000005ace000 JavaThread "Signal Dispatcher" daemon [_thread_blocked, id=6760, stack(0x00000000060c0000,0x00000000061c0000)]
  0x0000000005a44800 JavaThread "Finalizer" daemon [_thread_blocked, id=6752, stack(0x0000000006210000,0x0000000006310000)]
  0x0000000005a41000 JavaThread "Reference Handler" daemon [_thread_blocked, id=7536, stack(0x0000000005f90000,0x0000000006090000)]

Other Threads:
  0x0000000005a37000 VMThread [stack: 0x0000000005de0000,0x0000000005ee0000] [id=12568]
  0x0000000005b02800 WatcherThread [stack: 0x0000000006990000,0x0000000006a90000] [id=12624]

VM state:not at safepoint (normal execution)

VM Mutex/Monitor currently owned by a thread: None

Heap
 PSYoungGen      total 19136K, used 11606K [0x00000000eaab0000, 0x00000000ec000000, 0x0000000100000000)
  eden space 16448K, 70% used [0x00000000eaab0000,0x00000000eb605810,0x00000000ebac0000)
  from space 2688K, 0% used [0x00000000ebd60000,0x00000000ebd60000,0x00000000ec000000)
  to   space 2688K, 0% used [0x00000000ebac0000,0x00000000ebac0000,0x00000000ebd60000)
 PSOldGen        total 43648K, used 0K [0x00000000c0000000, 0x00000000c2aa0000, 0x00000000eaab0000)
  object space 43648K, 0% used [0x00000000c0000000,0x00000000c0000000,0x00000000c2aa0000)
 PSPermGen       total 21248K, used 15278K [0x00000000bae00000, 0x00000000bc2c0000, 0x00000000c0000000)
  object space 21248K, 71% used [0x00000000bae00000,0x00000000bbceb8a8,0x00000000bc2c0000)

Code Cache  [0x00000000021e0000, 0x0000000002450000, 0x00000000051e0000)
 total_blobs=532 nmethods=71 adapters=413 free_code_cache=48515Kb largest_free_block=49658560

Dynamic libraries:
0x000000013f980000 - 0x000000013f9b3000 	C:\Program Files\Java\jdk1.7.0_02\bin\java.exe
0x0000000076cc0000 - 0x0000000076e69000 	C:\Windows\SYSTEM32\ntdll.dll
0x0000000076ba0000 - 0x0000000076cbf000 	C:\Windows\system32\kernel32.dll
0x000007fefd3e0000 - 0x000007fefd44c000 	C:\Windows\system32\KERNELBASE.dll
0x000007fefd740000 - 0x000007fefd81b000 	C:\Windows\system32\ADVAPI32.dll
0x000007fefee20000 - 0x000007fefeebf000 	C:\Windows\system32\msvcrt.dll
0x000007fefea60000 - 0x000007fefea7f000 	C:\Windows\SYSTEM32\sechost.dll
0x000007fefecf0000 - 0x000007fefee1d000 	C:\Windows\system32\RPCRT4.dll
0x00000000765e0000 - 0x00000000766da000 	C:\Windows\system32\USER32.dll
0x000007fefd820000 - 0x000007fefd887000 	C:\Windows\system32\GDI32.dll
0x000007fefd730000 - 0x000007fefd73e000 	C:\Windows\system32\LPK.dll
0x000007fefeab0000 - 0x000007fefeb79000 	C:\Windows\system32\USP10.dll
0x000007fefbd40000 - 0x000007fefbf34000 	C:\Windows\WinSxS\amd64_microsoft.windows.common-controls_6595b64144ccf1df_6.0.7601.17514_none_fa396087175ac9ac\COMCTL32.dll
0x000007fefd890000 - 0x000007fefd901000 	C:\Windows\system32\SHLWAPI.dll
0x000007fefd9b0000 - 0x000007fefd9de000 	C:\Windows\system32\IMM32.DLL
0x000007fefeec0000 - 0x000007fefefc9000 	C:\Windows\system32\MSCTF.dll
0x0000000064a90000 - 0x0000000064b61000 	C:\Program Files\Java\jdk1.7.0_02\jre\bin\msvcr100.dll
0x0000000060a40000 - 0x000000006111a000 	C:\Program Files\Java\jdk1.7.0_02\jre\bin\server\jvm.dll
0x000007fef1080000 - 0x000007fef1089000 	C:\Windows\system32\WSOCK32.dll
0x000007fefec00000 - 0x000007fefec4d000 	C:\Windows\system32\WS2_32.dll
0x000007fefeaa0000 - 0x000007fefeaa8000 	C:\Windows\system32\NSI.dll
0x000007fefb270000 - 0x000007fefb2ab000 	C:\Windows\system32\WINMM.dll
0x0000000076e80000 - 0x0000000076e87000 	C:\Windows\system32\PSAPI.DLL
0x000000006f370000 - 0x000000006f37f000 	C:\Program Files\Java\jdk1.7.0_02\jre\bin\verify.dll
0x000000006eab0000 - 0x000000006ead8000 	C:\Program Files\Java\jdk1.7.0_02\jre\bin\java.dll
0x000000006ea90000 - 0x000000006eaa5000 	C:\Program Files\Java\jdk1.7.0_02\jre\bin\zip.dll
0x0000000062cd0000 - 0x0000000062e64000 	C:\Program Files\Java\jdk1.7.0_02\jre\bin\awt.dll
0x000007fefe980000 - 0x000007fefea57000 	C:\Windows\system32\OLEAUT32.dll
0x000007fefd9e0000 - 0x000007fefdbe3000 	C:\Windows\system32\ole32.dll
0x000007fefbb60000 - 0x000007fefbbb6000 	C:\Windows\system32\uxtheme.dll
0x000007fefb730000 - 0x000007fefb748000 	C:\Windows\system32\dwmapi.dll
0x000007fefd050000 - 0x000007fefd05f000 	C:\Windows\system32\CRYPTBASE.dll
0x000007fefdbf0000 - 0x000007fefe978000 	C:\Windows\system32\SHELL32.dll
0x000000006ea30000 - 0x000000006ea64000 	C:\Program Files\Java\jdk1.7.0_02\jre\bin\fontmanager.dll
0x000007fee9260000 - 0x000007fee945f000 	C:\Windows\system32\d3d9.dll
0x000007fefc280000 - 0x000007fefc28c000 	C:\Windows\system32\VERSION.dll
0x000007fefad60000 - 0x000007fefad67000 	C:\Windows\system32\d3d8thk.dll
0x000000006e190000 - 0x000000006e578000 	C:\Windows\system32\atiumd64.dll
0x0000000072ed0000 - 0x0000000073169000 	C:\Windows\system32\atiumd6a.dll
0x000000006eca0000 - 0x000000006ecb9000 	C:\Program Files\Java\jdk1.7.0_02\jre\bin\net.dll
0x000007fefc950000 - 0x000007fefc9a5000 	C:\Windows\system32\mswsock.dll
0x000007fefc940000 - 0x000007fefc947000 	C:\Windows\System32\wship6.dll
0x000000006ea70000 - 0x000000006ea81000 	C:\Program Files\Java\jdk1.7.0_02\jre\bin\nio.dll
0x000000006e8f0000 - 0x000000006e931000 	C:\Program Files\Java\jdk1.7.0_02\jre\bin\t2k.dll
0x000007fefd910000 - 0x000007fefd9a9000 	C:\Windows\system32\CLBCatQ.DLL
0x000007fefb420000 - 0x000007fefb54a000 	C:\Windows\system32\WindowsCodecs.dll
0x000007fefcfb0000 - 0x000007fefd007000 	C:\Windows\system32\apphelp.dll
0x0000000010000000 - 0x000000001001c000 	C:\Users\kumar\AppData\Roaming\Dropbox\bin\DropboxExt64.14.dll
0x000007fef76b0000 - 0x000007fef77d5000 	C:\Windows\system32\dbghelp.dll
0x000007fef8d60000 - 0x000007fef8df6000 	C:\Windows\system32\msvcp60.dll
0x000007fef78d0000 - 0x000007fef7905000 	C:\Windows\system32\EhStorShell.dll
0x000007fefd4f0000 - 0x000007fefd6c7000 	C:\Windows\system32\SETUPAPI.dll
0x000007fefd490000 - 0x000007fefd4c6000 	C:\Windows\system32\CFGMGR32.dll
0x000007fefd4d0000 - 0x000007fefd4ea000 	C:\Windows\system32\DEVOBJ.dll
0x000007fefbbc0000 - 0x000007fefbcec000 	C:\Windows\system32\PROPSYS.dll
0x000007fef7810000 - 0x000007fef78cb000 	C:\Program Files (x86)\Google\Drive\googledrivesync64.dll
0x000000006f0f0000 - 0x000000006f1c3000 	C:\Windows\WinSxS\amd64_microsoft.vc90.crt_1fc8b3b9a1e18e3b_9.0.30729.6161_none_08e61857a83bc251\MSVCP90.dll
0x000000006fe60000 - 0x000000006ff03000 	C:\Windows\WinSxS\amd64_microsoft.vc90.crt_1fc8b3b9a1e18e3b_9.0.30729.6161_none_08e61857a83bc251\MSVCR90.dll
0x000007fef6e00000 - 0x000007fef7472000 	C:\PROGRA~1\MICROS~1\Office14\GROOVEEX.DLL
0x000000006f0b0000 - 0x000000006f0df000 	C:\Windows\WinSxS\amd64_microsoft.vc90.atl_1fc8b3b9a1e18e3b_9.0.30729.6161_none_0a1fd3a3a768b895\ATL90.DLL
0x000007fef69e0000 - 0x000007fef6dfa000 	C:\PROGRA~1\COMMON~1\MICROS~1\OFFICE14\Cultures\office.odf
0x000007fef6170000 - 0x000007fef69d5000 	C:\PROGRA~1\MICROS~1\Office14\1033\GrooveIntlResource.dll
0x0000000180000000 - 0x0000000180025000 	C:\Program Files\Java\jdk1.7.0_02\jre\bin\rxtxSerial.dll
0x000000006ea00000 - 0x000000006ea2a000 	C:\Program Files\Java\jdk1.7.0_02\jre\bin\dcpr.dll

VM Arguments:
jvm_args: -Dfile.encoding=UTF-8 
java_command: rtpmt.desktop.client.RealTimePackageTracking
Launcher Type: SUN_STANDARD

Environment Variables:
CLASSPATH=.;C:\Program Files (x86)\QuickTime\QTSystem\QTJava.zip
PATH=C:\Windows\system32;C:\Windows;C:\Windows\System32\Wbem;C:\Windows\System32\WindowsPowerShell\v1.0\;C:\Program Files (x86)\ATI Technologies\ATI.ACE\Core-Static;C:\Program Files (x86)\QuickTime\QTSystem\;C:\Program Files (x86)\Microsoft SQL Server\100\Tools\Binn\;C:\Program Files\Microsoft SQL Server\100\Tools\Binn\;C:\Program Files\Microsoft SQL Server\100\DTS\Binn\;C:\Python32;C:\xampp\php;C:\xampp\htdocs\causbuzz\lib\Cake\Console;C:\Program Files\SlikSvn\bin;C:\Program Files\Java\jdk1.7.0_02\bin;C:\cygwin\bin;C:\cygwin\usr\sbin
USERNAME=kumar
OS=Windows_NT
PROCESSOR_IDENTIFIER=Intel64 Family 6 Model 23 Stepping 10, GenuineIntel



---------------  S Y S T E M  ---------------

OS: Windows 7 , 64 bit Build 7601 Service Pack 1

CPU:total 2 (2 cores per cpu, 1 threads per core) family 6 model 23 stepping 10, cmov, cx8, fxsr, mmx, sse, sse2, sse3, ssse3, sse4.1

Memory: 4k page, physical 4189036k(1063292k free), swap 8376220k(4890732k free)

vm_info: Java HotSpot(TM) 64-Bit Server VM (22.0-b10) for windows-amd64 JRE (1.7.0_02-b13), built on Nov 17 2011 13:51:15 by "java_re" with unknown MS VC++:1600

time: Mon Nov 26 19:22:52 2012
elapsed time: 289 seconds

