#
# A fatal error has been detected by the Java Runtime Environment:
#
#  EXCEPTION_ACCESS_VIOLATION (0xc0000005) at pc=0x0000000180005b6b, pid=7244, tid=7996
#
# JRE version: 7.0_02-b13
# Java VM: Java HotSpot(TM) 64-Bit Server VM (22.0-b10 mixed mode windows-amd64 compressed oops)
# Problematic frame:
# C  [rxtxSerial.dll+0x5b6b]
#
# Failed to write core dump. Minidumps are not enabled by default on client versions of Windows
#
# If you would like to submit a bug report, please visit:
#   http://bugreport.sun.com/bugreport/crash.jsp
# The crash happened outside the Java Virtual Machine in native code.
# See problematic frame for where to report the bug.
#

---------------  T H R E A D  ---------------

Current thread (0x000000000595a000):  JavaThread "Thread-4" [_thread_in_native, id=7996, stack(0x000000000bbc0000,0x000000000bcc0000)]

siginfo: ExceptionCode=0xc0000005, writing address 0x000000000bb2f1e8

Registers:
RAX=0x0000000000000000, RBX=0x0000000000000000, RCX=0x000000007705165a, RDX=0x0000000000000000
RSP=0x000000000bcbf2d0, RBP=0x00000000ffffffff, RSI=0x0000000000000015, RDI=0x0000000000000001
R8 =0x000000000bcbf228, R9 =0x00000000ffffffff, R10=0x0000000000000000, R11=0x0000000000000246
R12=0x000000000bb2f1e0, R13=0x0000000000000001, R14=0x0000000000000001, R15=0x0000000000000000
RIP=0x0000000180005b6b, EFLAGS=0x0000000000010246

Top of Stack: (sp=0x000000000bcbf2d0)
0x000000000bcbf2d0:   0000000000000000 0000000000000000
0x000000000bcbf2e0:   0000000000000000 0000000000000000
0x000000000bcbf2f0:   000000000595a000 000000000bcbf440
0x000000000bcbf300:   00000000022f6774 000000000bcbf400
0x000000000bcbf310:   ffffffffffffffff 0000000000000001
0x000000000bcbf320:   00000000059fb9a8 0000000180005f3f
0x000000000bcbf330:   000000000595a1d0 000000000bcbf440
0x000000000bcbf340:   0000000000000001 000000000bcbf360
0x000000000bcbf350:   0000000000000001 00000000ffffffff
0x000000000bcbf360:   000000000bcbf468 000000000bcbf400
0x000000000bcbf370:   0000000005847b72 000000006b02b581
0x000000000bcbf380:   0000000006dcbd00 000000000595a000
0x000000000bcbf390:   000000000595a000 0000000006d7a7c0
0x000000000bcbf3a0:   00000000bbaf657c 0000000005847b72
0x000000000bcbf3b0:   0000ce6493a17477 000000000bcbf578
0x000000000bcbf3c0:   0000000000000000 0000000000000000 

Instructions: (pc=0x0000000180005b6b)
0x0000000180005b4b:   31 00 00 85 c0 78 33 74 06 03 d8 2b f8 eb 0a b9
0x0000000180005b5b:   e8 03 00 00 e8 1c 1c 00 00 41 3b dd 7c b7 8b c3
0x0000000180005b6b:   45 89 74 24 08 48 8b 5c 24 60 48 83 c4 20 41 5f
0x0000000180005b7b:   41 5e 41 5d 41 5c 5f 5e 5d c3 e8 1e 61 00 00 83 


Register to memory mapping:

RAX=0x0000000000000000 is an unknown value
RBX=0x0000000000000000 is an unknown value
RCX=0x000000007705165a is an unknown value
RDX=0x0000000000000000 is an unknown value
RSP=0x000000000bcbf2d0 is pointing into the stack for thread: 0x000000000595a000
RBP=0x00000000ffffffff is an unallocated location in the heap
RSI=0x0000000000000015 is an unknown value
RDI=0x0000000000000001 is an unknown value
R8 =0x000000000bcbf228 is pointing into the stack for thread: 0x000000000595a000
R9 =0x00000000ffffffff is an unallocated location in the heap
R10=0x0000000000000000 is an unknown value
R11=0x0000000000000246 is an unknown value
R12=0x000000000bb2f1e0 is an unknown value
R13=0x0000000000000001 is an unknown value
R14=0x0000000000000001 is an unknown value
R15=0x0000000000000000 is an unknown value


Stack: [0x000000000bbc0000,0x000000000bcc0000],  sp=0x000000000bcbf2d0,  free space=1020k
Native frames: (J=compiled Java code, j=interpreted, Vv=VM code, C=native code)
C  [rxtxSerial.dll+0x5b6b]  Java_gnu_io_RXTXPort_nativeSetEndOfInputChar+0x31b

Java frames: (J=compiled Java code, j=interpreted, Vv=VM code)
J  gnu.io.RXTXPort.readByte()I
J  rtpmt.motes.packet.Packetizer.readFramedPacket()[B
j  rtpmt.motes.packet.Packetizer.run()V+1
j  java.lang.Thread.run()V+11
v  ~StubRoutines::call_stub

---------------  P R O C E S S  ---------------

Java Threads: ( => current thread )
  0x00000000059fd800 JavaThread "Thread-5" [_thread_in_native, id=6844, stack(0x000000000bf70000,0x000000000c070000)]
  0x0000000006dd1800 JavaThread "Thread-2" [_thread_blocked, id=1464, stack(0x000000000bd90000,0x000000000be90000)]
=>0x000000000595a000 JavaThread "Thread-4" [_thread_in_native, id=7996, stack(0x000000000bbc0000,0x000000000bcc0000)]
  0x0000000006e22800 JavaThread "D3D Screen Updater" daemon [_thread_blocked, id=5772, stack(0x000000000b570000,0x000000000b670000)]
  0x0000000006d4d000 JavaThread "TimerQueue" daemon [_thread_blocked, id=7796, stack(0x0000000009af0000,0x0000000009bf0000)]
  0x0000000001fcc800 JavaThread "DestroyJavaVM" [_thread_blocked, id=7292, stack(0x0000000002110000,0x0000000002210000)]
  0x0000000006bf5000 JavaThread "AWT-EventQueue-0" [_thread_blocked, id=5400, stack(0x0000000007650000,0x0000000007750000)]
  0x0000000006b13000 JavaThread "AWT-Windows" daemon [_thread_in_native, id=3960, stack(0x0000000007370000,0x0000000007470000)]
  0x0000000006b12000 JavaThread "AWT-Shutdown" [_thread_blocked, id=5288, stack(0x0000000007150000,0x0000000007250000)]
  0x0000000006b11800 JavaThread "Java2D Disposer" daemon [_thread_blocked, id=7660, stack(0x0000000006f80000,0x0000000007080000)]
  0x00000000058e3000 JavaThread "Service Thread" daemon [_thread_blocked, id=7628, stack(0x0000000005d80000,0x0000000005e80000)]
  0x00000000058df800 JavaThread "C2 CompilerThread1" daemon [_thread_blocked, id=7620, stack(0x00000000067c0000,0x00000000068c0000)]
  0x00000000058d1000 JavaThread "C2 CompilerThread0" daemon [_thread_blocked, id=4108, stack(0x0000000006600000,0x0000000006700000)]
  0x00000000058cf800 JavaThread "Attach Listener" daemon [_thread_blocked, id=7324, stack(0x0000000006170000,0x0000000006270000)]
  0x00000000058ce800 JavaThread "Signal Dispatcher" daemon [_thread_blocked, id=7564, stack(0x0000000006430000,0x0000000006530000)]
  0x000000000584a000 JavaThread "Finalizer" daemon [_thread_blocked, id=7496, stack(0x0000000006280000,0x0000000006380000)]
  0x0000000005841000 JavaThread "Reference Handler" daemon [_thread_blocked, id=7408, stack(0x0000000006060000,0x0000000006160000)]

Other Threads:
  0x0000000005837000 VMThread [stack: 0x0000000005ee0000,0x0000000005fe0000] [id=7472]
  0x00000000058ee000 WatcherThread [stack: 0x00000000069e0000,0x0000000006ae0000] [id=7640]

VM state:not at safepoint (normal execution)

VM Mutex/Monitor currently owned by a thread: None

Heap
 PSYoungGen      total 19136K, used 17019K [0x00000000eaab0000, 0x00000000ec000000, 0x0000000100000000)
  eden space 16448K, 89% used [0x00000000eaab0000,0x00000000eb90ef80,0x00000000ebac0000)
  from space 2688K, 85% used [0x00000000ebac0000,0x00000000ebd00000,0x00000000ebd60000)
  to   space 2688K, 0% used [0x00000000ebd60000,0x00000000ebd60000,0x00000000ec000000)
 PSOldGen        total 43648K, used 0K [0x00000000c0000000, 0x00000000c2aa0000, 0x00000000eaab0000)
  object space 43648K, 0% used [0x00000000c0000000,0x00000000c0000000,0x00000000c2aa0000)
 PSPermGen       total 21248K, used 14898K [0x00000000bae00000, 0x00000000bc2c0000, 0x00000000c0000000)
  object space 21248K, 70% used [0x00000000bae00000,0x00000000bbc8c8a0,0x00000000bc2c0000)

Code Cache  [0x0000000002210000, 0x0000000002480000, 0x0000000005210000)
 total_blobs=791 nmethods=320 adapters=423 free_code_cache=48037Kb largest_free_block=49155072

Dynamic libraries:
0x000000013fd40000 - 0x000000013fd73000 	C:\Program Files\Java\jdk1.7.0_02\bin\java.exe
0x0000000077000000 - 0x00000000771a9000 	C:\Windows\SYSTEM32\ntdll.dll
0x0000000076ee0000 - 0x0000000076fff000 	C:\Windows\system32\kernel32.dll
0x000007fefd510000 - 0x000007fefd57c000 	C:\Windows\system32\KERNELBASE.dll
0x000007feff230000 - 0x000007feff30b000 	C:\Windows\system32\ADVAPI32.dll
0x000007fefd830000 - 0x000007fefd8cf000 	C:\Windows\system32\msvcrt.dll
0x000007fefe270000 - 0x000007fefe28f000 	C:\Windows\SYSTEM32\sechost.dll
0x000007fefde90000 - 0x000007fefdfbd000 	C:\Windows\system32\RPCRT4.dll
0x0000000076a80000 - 0x0000000076b7a000 	C:\Windows\system32\USER32.dll
0x000007fefe200000 - 0x000007fefe267000 	C:\Windows\system32\GDI32.dll
0x000007fefdab0000 - 0x000007fefdabe000 	C:\Windows\system32\LPK.dll
0x000007fefdca0000 - 0x000007fefdd69000 	C:\Windows\system32\USP10.dll
0x000007fefbc10000 - 0x000007fefbe04000 	C:\Windows\WinSxS\amd64_microsoft.windows.common-controls_6595b64144ccf1df_6.0.7601.17514_none_fa396087175ac9ac\COMCTL32.dll
0x000007fefe180000 - 0x000007fefe1f1000 	C:\Windows\system32\SHLWAPI.dll
0x000007fefe010000 - 0x000007fefe03e000 	C:\Windows\system32\IMM32.DLL
0x000007fefdd70000 - 0x000007fefde79000 	C:\Windows\system32\MSCTF.dll
0x000000006e8e0000 - 0x000000006e9b1000 	C:\Program Files\Java\jdk1.7.0_02\jre\bin\msvcr100.dll
0x000000006ae80000 - 0x000000006b55a000 	C:\Program Files\Java\jdk1.7.0_02\jre\bin\server\jvm.dll
0x000007fef2da0000 - 0x000007fef2da9000 	C:\Windows\system32\WSOCK32.dll
0x000007fefdfc0000 - 0x000007fefe00d000 	C:\Windows\system32\WS2_32.dll
0x000007fefde80000 - 0x000007fefde88000 	C:\Windows\system32\NSI.dll
0x000007fefb670000 - 0x000007fefb6ab000 	C:\Windows\system32\WINMM.dll
0x00000000771c0000 - 0x00000000771c7000 	C:\Windows\system32\PSAPI.DLL
0x00000000735c0000 - 0x00000000735cf000 	C:\Program Files\Java\jdk1.7.0_02\jre\bin\verify.dll
0x0000000073590000 - 0x00000000735b8000 	C:\Program Files\Java\jdk1.7.0_02\jre\bin\java.dll
0x0000000073270000 - 0x0000000073285000 	C:\Program Files\Java\jdk1.7.0_02\jre\bin\zip.dll
0x000000006b900000 - 0x000000006ba94000 	C:\Program Files\Java\jdk1.7.0_02\jre\bin\awt.dll
0x000007fefe0a0000 - 0x000007fefe177000 	C:\Windows\system32\OLEAUT32.dll
0x000007feff020000 - 0x000007feff223000 	C:\Windows\system32\ole32.dll
0x000007fefbb60000 - 0x000007fefbbb6000 	C:\Windows\system32\uxtheme.dll
0x000007fefb6f0000 - 0x000007fefb708000 	C:\Windows\system32\dwmapi.dll
0x000007fefd390000 - 0x000007fefd39f000 	C:\Windows\system32\CRYPTBASE.dll
0x000007fefe290000 - 0x000007feff018000 	C:\Windows\system32\SHELL32.dll
0x000000006c8b0000 - 0x000000006c8e4000 	C:\Program Files\Java\jdk1.7.0_02\jre\bin\fontmanager.dll
0x000007feea800000 - 0x000007feea9ff000 	C:\Windows\system32\d3d9.dll
0x000007fefc570000 - 0x000007fefc57c000 	C:\Windows\system32\VERSION.dll
0x000007fefc110000 - 0x000007fefc117000 	C:\Windows\system32\d3d8thk.dll
0x000000006a370000 - 0x000000006a758000 	C:\Windows\system32\atiumd64.dll
0x000000006a8b0000 - 0x000000006ab49000 	C:\Windows\system32\atiumd6a.dll
0x000000006f4a0000 - 0x000000006f4b9000 	C:\Program Files\Java\jdk1.7.0_02\jre\bin\net.dll
0x000007fefcc90000 - 0x000007fefcce5000 	C:\Windows\system32\mswsock.dll
0x000007fefcc80000 - 0x000007fefcc87000 	C:\Windows\System32\wship6.dll
0x000000006e190000 - 0x000000006e1a1000 	C:\Program Files\Java\jdk1.7.0_02\jre\bin\nio.dll
0x000000006c850000 - 0x000000006c891000 	C:\Program Files\Java\jdk1.7.0_02\jre\bin\t2k.dll
0x000007fefd990000 - 0x000007fefda29000 	C:\Windows\system32\CLBCatQ.DLL
0x000007fefb540000 - 0x000007fefb66a000 	C:\Windows\system32\WindowsCodecs.dll
0x000007fefd2f0000 - 0x000007fefd347000 	C:\Windows\system32\apphelp.dll
0x0000000010000000 - 0x000000001001c000 	C:\Users\kumar\AppData\Roaming\Dropbox\bin\DropboxExt64.14.dll
0x000007fef7200000 - 0x000007fef7325000 	C:\Windows\system32\dbghelp.dll
0x000007fef7160000 - 0x000007fef71f6000 	C:\Windows\system32\msvcp60.dll
0x000007fef7330000 - 0x000007fef7365000 	C:\Windows\system32\EhStorShell.dll
0x000007fefdac0000 - 0x000007fefdc97000 	C:\Windows\system32\SETUPAPI.dll
0x000007fefd7f0000 - 0x000007fefd826000 	C:\Windows\system32\CFGMGR32.dll
0x000007fefd580000 - 0x000007fefd59a000 	C:\Windows\system32\DEVOBJ.dll
0x000007fefc130000 - 0x000007fefc25c000 	C:\Windows\system32\PROPSYS.dll
0x000007fef6990000 - 0x000007fef6a4b000 	C:\Program Files (x86)\Google\Drive\googledrivesync64.dll
0x000000006f5b0000 - 0x000000006f683000 	C:\Windows\WinSxS\amd64_microsoft.vc90.crt_1fc8b3b9a1e18e3b_9.0.30729.6161_none_08e61857a83bc251\MSVCP90.dll
0x00000000701b0000 - 0x0000000070253000 	C:\Windows\WinSxS\amd64_microsoft.vc90.crt_1fc8b3b9a1e18e3b_9.0.30729.6161_none_08e61857a83bc251\MSVCR90.dll
0x000007fef62f0000 - 0x000007fef6962000 	C:\PROGRA~1\MICROS~1\Office14\GROOVEEX.DLL
0x000000006f580000 - 0x000000006f5af000 	C:\Windows\WinSxS\amd64_microsoft.vc90.atl_1fc8b3b9a1e18e3b_9.0.30729.6161_none_0a1fd3a3a768b895\ATL90.DLL
0x000007fef5ed0000 - 0x000007fef62ea000 	C:\PROGRA~1\COMMON~1\MICROS~1\OFFICE14\Cultures\office.odf
0x000007fef5660000 - 0x000007fef5ec5000 	C:\PROGRA~1\MICROS~1\Office14\1033\GrooveIntlResource.dll
0x0000000180000000 - 0x0000000180025000 	C:\Program Files\Java\jdk1.7.0_02\jre\bin\rxtxSerial.dll
0x000000006eeb0000 - 0x000000006eeda000 	C:\Program Files\Java\jdk1.7.0_02\jre\bin\dcpr.dll
0x000007fefc690000 - 0x000007fefc697000 	C:\Windows\System32\wshtcpip.dll
0x000007fefcb10000 - 0x000007fefcb6b000 	C:\Windows\system32\DNSAPI.dll
0x000000006f840000 - 0x000000006f866000 	C:\Program Files\Bonjour\mdnsNSP.dll
0x000007fefa9d0000 - 0x000007fefa9f7000 	C:\Windows\system32\Iphlpapi.DLL
0x000007fefa9c0000 - 0x000007fefa9cb000 	C:\Windows\system32\WINNSI.DLL
0x000007fef8f50000 - 0x000007fef8f58000 	C:\Windows\system32\rasadhlp.dll
0x000007fefa1e0000 - 0x000007fefa233000 	C:\Windows\System32\fwpuclnt.dll

VM Arguments:
jvm_args: -Dfile.encoding=UTF-8 
java_command: rtpmt.desktop.client.RealTimePackageTracking
Launcher Type: SUN_STANDARD

Environment Variables:
CLASSPATH=.;C:\Program Files (x86)\QuickTime\QTSystem\QTJava.zip
PATH=C:\Windows\system32;C:\Windows;C:\Windows\System32\Wbem;C:\Windows\System32\WindowsPowerShell\v1.0\;C:\Program Files (x86)\ATI Technologies\ATI.ACE\Core-Static;C:\Program Files (x86)\QuickTime\QTSystem\;C:\Program Files (x86)\Microsoft SQL Server\100\Tools\Binn\;C:\Program Files\Microsoft SQL Server\100\Tools\Binn\;C:\Program Files\Microsoft SQL Server\100\DTS\Binn\;C:\Python32;C:\xampp\php;C:\xampp\htdocs\causbuzz\lib\Cake\Console;C:\Program Files\SlikSvn\bin;C:\Program Files\Java\jdk1.7.0_02\bin;C:\cygwin\bin;C:\cygwin\usr\sbin
USERNAME=kumar
OS=Windows_NT
PROCESSOR_IDENTIFIER=Intel64 Family 6 Model 23 Stepping 10, GenuineIntel



---------------  S Y S T E M  ---------------

OS: Windows 7 , 64 bit Build 7601 Service Pack 1

CPU:total 2 (2 cores per cpu, 1 threads per core) family 6 model 23 stepping 10, cmov, cx8, fxsr, mmx, sse, sse2, sse3, ssse3, sse4.1

Memory: 4k page, physical 4189036k(2200752k free), swap 8376220k(5887272k free)

vm_info: Java HotSpot(TM) 64-Bit Server VM (22.0-b10) for windows-amd64 JRE (1.7.0_02-b13), built on Nov 17 2011 13:51:15 by "java_re" with unknown MS VC++:1600

time: Thu Nov 29 14:13:46 2012
elapsed time: 364 seconds

