#
# A fatal error has been detected by the Java Runtime Environment:
#
#  EXCEPTION_ACCESS_VIOLATION (0xc0000005) at pc=0x0000000180005b6b, pid=5920, tid=13532
#
# JRE version: 7.0_02-b13
# Java VM: Java HotSpot(TM) 64-Bit Server VM (22.0-b10 mixed mode windows-amd64 compressed oops)
# Problematic frame:
# C  [rxtxSerial.dll+0x5b6b]
#
# Failed to write core dump. Minidumps are not enabled by default on client versions of Windows
#
# If you would like to submit a bug report, please visit:
#   http://bugreport.sun.com/bugreport/crash.jsp
# The crash happened outside the Java Virtual Machine in native code.
# See problematic frame for where to report the bug.
#

---------------  T H R E A D  ---------------

Current thread (0x0000000007113800):  JavaThread "Thread-4" [_thread_in_native, id=13532, stack(0x000000000bea0000,0x000000000bfa0000)]

siginfo: ExceptionCode=0xc0000005, writing address 0x000000000bdded78

Registers:
RAX=0x0000000000000000, RBX=0x0000000000000000, RCX=0x000000007755165a, RDX=0x0000000000000000
RSP=0x000000000bf9eef0, RBP=0x00000000ffffffff, RSI=0x0000000000000015, RDI=0x0000000000000001
R8 =0x000000000bf9ee48, R9 =0x00000000ffffffff, R10=0x0000000000000000, R11=0x0000000000000246
R12=0x000000000bdded70, R13=0x0000000000000001, R14=0x0000000000000001, R15=0x0000000000000000
RIP=0x0000000180005b6b, EFLAGS=0x0000000000010246

Top of Stack: (sp=0x000000000bf9eef0)
0x000000000bf9eef0:   0000000000000000 0000000000000000
0x000000000bf9ef00:   0000000000000000 0000000000000000
0x000000000bf9ef10:   0000000007113800 000000000bf9f090
0x000000000bf9ef20:   00000000bba38d28 000000000bf9f090
0x000000000bf9ef30:   ffffffffffffffff 0000000000000001
0x000000000bf9ef40:   00000000074b5078 0000000180005f3f
0x000000000bf9ef50:   00000000071139d0 00000000074b5078
0x000000000bf9ef60:   0000000000000001 000000000bf9ef80
0x000000000bf9ef70:   0000000000000001 00000000ffffffff
0x000000000bf9ef80:   00000000073b1cc0 000000000bf9f090
0x000000000bf9ef90:   000000000bf9f3d8 00000000eaab0d08
0x000000000bf9efa0:   000000000bf9f030 0000000002266254
0x000000000bf9efb0:   000000000bf9f030 00000000022660d8
0x000000000bf9efc0:   00000000022660d8 0000000000000019
0x000000000bf9efd0:   0000cc7e2cba4828 00000000eb1ca618
0x000000000bf9efe0:   0000000000000000 0000000002266254 

Instructions: (pc=0x0000000180005b6b)
0x0000000180005b4b:   31 00 00 85 c0 78 33 74 06 03 d8 2b f8 eb 0a b9
0x0000000180005b5b:   e8 03 00 00 e8 1c 1c 00 00 41 3b dd 7c b7 8b c3
0x0000000180005b6b:   45 89 74 24 08 48 8b 5c 24 60 48 83 c4 20 41 5f
0x0000000180005b7b:   41 5e 41 5d 41 5c 5f 5e 5d c3 e8 1e 61 00 00 83 


Register to memory mapping:

RAX=0x0000000000000000 is an unknown value
RBX=0x0000000000000000 is an unknown value
RCX=0x000000007755165a is an unknown value
RDX=0x0000000000000000 is an unknown value
RSP=0x000000000bf9eef0 is pointing into the stack for thread: 0x0000000007113800
RBP=0x00000000ffffffff is an unallocated location in the heap
RSI=0x0000000000000015 is an unknown value
RDI=0x0000000000000001 is an unknown value
R8 =0x000000000bf9ee48 is pointing into the stack for thread: 0x0000000007113800
R9 =0x00000000ffffffff is an unallocated location in the heap
R10=0x0000000000000000 is an unknown value
R11=0x0000000000000246 is an unknown value
R12=0x000000000bdded70 is an unknown value
R13=0x0000000000000001 is an unknown value
R14=0x0000000000000001 is an unknown value
R15=0x0000000000000000 is an unknown value


Stack: [0x000000000bea0000,0x000000000bfa0000],  sp=0x000000000bf9eef0,  free space=1019k
Native frames: (J=compiled Java code, j=interpreted, Vv=VM code, C=native code)
C  [rxtxSerial.dll+0x5b6b]  Java_gnu_io_RXTXPort_nativeSetEndOfInputChar+0x31b

Java frames: (J=compiled Java code, j=interpreted, Vv=VM code)
j  gnu.io.RXTXPort.readByte()I+0
j  gnu.io.RXTXPort$SerialInputStream.read()I+81
j  rtpmt.motes.packet.Packetizer.readFramedPacket()[B+106
j  rtpmt.motes.packet.Packetizer.run()V+1
j  java.lang.Thread.run()V+11
v  ~StubRoutines::call_stub

---------------  P R O C E S S  ---------------

Java Threads: ( => current thread )
  0x0000000007116000 JavaThread "Thread-5" [_thread_in_native, id=10576, stack(0x000000000c2d0000,0x000000000c3d0000)]
  0x0000000007115800 JavaThread "Thread-2" [_thread_blocked, id=13136, stack(0x000000000c120000,0x000000000c220000)]
=>0x0000000007113800 JavaThread "Thread-4" [_thread_in_native, id=13532, stack(0x000000000bea0000,0x000000000bfa0000)]
  0x000000000b177000 JavaThread "D3D Screen Updater" daemon [_thread_blocked, id=8560, stack(0x000000000ba30000,0x000000000bb30000)]
  0x000000000738c800 JavaThread "TimerQueue" daemon [_thread_blocked, id=11224, stack(0x0000000009ec0000,0x0000000009fc0000)]
  0x00000000071fa000 JavaThread "org.netbeans.modules.debugger.jpda.visual AWT Access Loop" daemon [_thread_blocked, id=12404, stack(0x0000000007790000,0x0000000007890000)]
  0x0000000001ebd000 JavaThread "DestroyJavaVM" [_thread_blocked, id=3968, stack(0x0000000002160000,0x0000000002260000)]
  0x00000000071f7000 JavaThread "AWT-EventQueue-0" [_thread_blocked, id=5700, stack(0x0000000007910000,0x0000000007a10000)]
  0x0000000007138000 JavaThread "AWT-Windows" daemon [_thread_in_native, id=10128, stack(0x0000000007690000,0x0000000007790000)]
  0x0000000005afd800 JavaThread "AWT-Shutdown" [_thread_blocked, id=14012, stack(0x0000000007540000,0x0000000007640000)]
  0x0000000005b9f800 JavaThread "Java2D Disposer" daemon [_thread_blocked, id=14260, stack(0x0000000006e70000,0x0000000006f70000)]
  0x0000000005a9f000 JavaThread "Service Thread" daemon [_thread_blocked, id=15340, stack(0x0000000006240000,0x0000000006340000)]
  0x0000000005a9e800 JavaThread "C2 CompilerThread1" daemon [_thread_blocked, id=13628, stack(0x0000000006d60000,0x0000000006e60000)]
  0x0000000005a9a800 JavaThread "C2 CompilerThread0" daemon [_thread_blocked, id=14588, stack(0x0000000006b00000,0x0000000006c00000)]
  0x0000000005a8e000 JavaThread "JDWP Command Reader" daemon [_thread_in_native, id=6536, stack(0x00000000069a0000,0x0000000006aa0000)]
  0x0000000005a8a800 JavaThread "JDWP Event Helper Thread" daemon [_thread_blocked, id=14476, stack(0x0000000006720000,0x0000000006820000)]
  0x0000000005a76800 JavaThread "JDWP Transport Listener: dt_shmem" daemon [_thread_blocked, id=6612, stack(0x00000000068a0000,0x00000000069a0000)]
  0x0000000005a70000 JavaThread "Attach Listener" daemon [_thread_blocked, id=9876, stack(0x00000000064a0000,0x00000000065a0000)]
  0x0000000005a6e800 JavaThread "Signal Dispatcher" daemon [_thread_blocked, id=3236, stack(0x0000000006620000,0x0000000006720000)]
  0x00000000059e5000 JavaThread "Finalizer" daemon [_thread_blocked, id=14200, stack(0x0000000006380000,0x0000000006480000)]
  0x00000000059e1000 JavaThread "Reference Handler" daemon [_thread_blocked, id=13624, stack(0x0000000006140000,0x0000000006240000)]

Other Threads:
  0x00000000059d9800 VMThread [stack: 0x0000000005f70000,0x0000000006070000] [id=8140]
  0x0000000005ab4000 WatcherThread [stack: 0x0000000006fc0000,0x00000000070c0000] [id=12752]

VM state:not at safepoint (normal execution)

VM Mutex/Monitor currently owned by a thread: None

Heap
 PSYoungGen      total 19136K, used 9882K [0x00000000eaab0000, 0x00000000ec000000, 0x0000000100000000)
  eden space 16448K, 60% used [0x00000000eaab0000,0x00000000eb4568b0,0x00000000ebac0000)
  from space 2688K, 0% used [0x00000000ebd60000,0x00000000ebd60000,0x00000000ec000000)
  to   space 2688K, 0% used [0x00000000ebac0000,0x00000000ebac0000,0x00000000ebd60000)
 PSOldGen        total 43648K, used 0K [0x00000000c0000000, 0x00000000c2aa0000, 0x00000000eaab0000)
  object space 43648K, 0% used [0x00000000c0000000,0x00000000c0000000,0x00000000c2aa0000)
 PSPermGen       total 21248K, used 13629K [0x00000000bae00000, 0x00000000bc2c0000, 0x00000000c0000000)
  object space 21248K, 64% used [0x00000000bae00000,0x00000000bbb4f400,0x00000000bc2c0000)

Code Cache  [0x0000000002260000, 0x00000000024d0000, 0x0000000005260000)
 total_blobs=527 nmethods=84 adapters=403 free_code_cache=48480Kb largest_free_block=49612032

Dynamic libraries:
0x000000013fc10000 - 0x000000013fc43000 	C:\Program Files\Java\jdk1.7.0_02\bin\java.exe
0x0000000077500000 - 0x00000000776a9000 	C:\Windows\SYSTEM32\ntdll.dll
0x0000000076e20000 - 0x0000000076f3f000 	C:\Windows\system32\kernel32.dll
0x000007fefdc20000 - 0x000007fefdc8c000 	C:\Windows\system32\KERNELBASE.dll
0x000007fefdef0000 - 0x000007fefdfcb000 	C:\Windows\system32\ADVAPI32.dll
0x000007feff650000 - 0x000007feff6ef000 	C:\Windows\system32\msvcrt.dll
0x000007fefe460000 - 0x000007fefe47f000 	C:\Windows\SYSTEM32\sechost.dll
0x000007fefe220000 - 0x000007fefe34d000 	C:\Windows\system32\RPCRT4.dll
0x00000000770a0000 - 0x000000007719a000 	C:\Windows\system32\USER32.dll
0x000007fefe690000 - 0x000007fefe6f7000 	C:\Windows\system32\GDI32.dll
0x000007fefe210000 - 0x000007fefe21e000 	C:\Windows\system32\LPK.dll
0x000007fefde20000 - 0x000007fefdee9000 	C:\Windows\system32\USP10.dll
0x000007fefc580000 - 0x000007fefc774000 	C:\Windows\WinSxS\amd64_microsoft.windows.common-controls_6595b64144ccf1df_6.0.7601.17514_none_fa396087175ac9ac\COMCTL32.dll
0x000007fefe730000 - 0x000007fefe7a1000 	C:\Windows\system32\SHLWAPI.dll
0x000007fefe700000 - 0x000007fefe72e000 	C:\Windows\system32\IMM32.DLL
0x000007fefe350000 - 0x000007fefe459000 	C:\Windows\system32\MSCTF.dll
0x0000000060de0000 - 0x0000000060eb1000 	C:\Program Files\Java\jdk1.7.0_02\jre\bin\msvcr100.dll
0x000000005e530000 - 0x000000005ec0a000 	C:\Program Files\Java\jdk1.7.0_02\jre\bin\server\jvm.dll
0x000007fef3ab0000 - 0x000007fef3ab9000 	C:\Windows\system32\WSOCK32.dll
0x000007fefddd0000 - 0x000007fefde1d000 	C:\Windows\system32\WS2_32.dll
0x000007fefe7b0000 - 0x000007fefe7b8000 	C:\Windows\system32\NSI.dll
0x000007fefba00000 - 0x000007fefba3b000 	C:\Windows\system32\WINMM.dll
0x00000000776d0000 - 0x00000000776d7000 	C:\Windows\system32\PSAPI.DLL
0x000000006fcf0000 - 0x000000006fcff000 	C:\Program Files\Java\jdk1.7.0_02\jre\bin\verify.dll
0x0000000060d40000 - 0x0000000060d68000 	C:\Program Files\Java\jdk1.7.0_02\jre\bin\java.dll
0x000000006dc60000 - 0x000000006dc95000 	C:\Program Files\Java\jdk1.7.0_02\jre\bin\jdwp.dll
0x000000006fa10000 - 0x000000006fa18000 	C:\Program Files\Java\jdk1.7.0_02\jre\bin\npt.dll
0x0000000060f80000 - 0x0000000060f95000 	C:\Program Files\Java\jdk1.7.0_02\jre\bin\zip.dll
0x000000006fa20000 - 0x000000006fa2b000 	C:\Program Files\Java\jdk1.7.0_02\jre\bin\dt_shmem.dll
0x000000005f150000 - 0x000000005f2e4000 	C:\Program Files\Java\jdk1.7.0_02\jre\bin\awt.dll
0x000007feff570000 - 0x000007feff647000 	C:\Windows\system32\OLEAUT32.dll
0x000007fefe480000 - 0x000007fefe683000 	C:\Windows\system32\ole32.dll
0x000007fefc200000 - 0x000007fefc256000 	C:\Windows\system32\uxtheme.dll
0x000007fefbdd0000 - 0x000007fefbde8000 	C:\Windows\system32\dwmapi.dll
0x000007fefd890000 - 0x000007fefd89f000 	C:\Windows\system32\CRYPTBASE.dll
0x000007fefe7e0000 - 0x000007feff568000 	C:\Windows\system32\SHELL32.dll
0x0000000060cc0000 - 0x0000000060cf4000 	C:\Program Files\Java\jdk1.7.0_02\jre\bin\fontmanager.dll
0x000007feeaaa0000 - 0x000007feeac9f000 	C:\Windows\system32\d3d9.dll
0x000007fefca70000 - 0x000007fefca7c000 	C:\Windows\system32\VERSION.dll
0x000007fef8720000 - 0x000007fef8727000 	C:\Windows\system32\d3d8thk.dll
0x000000006d2e0000 - 0x000000006d6c8000 	C:\Windows\system32\atiumd64.dll
0x000000006d040000 - 0x000000006d2d9000 	C:\Windows\system32\atiumd6a.dll
0x0000000060d20000 - 0x0000000060d39000 	C:\Program Files\Java\jdk1.7.0_02\jre\bin\net.dll
0x000007fefd1b0000 - 0x000007fefd205000 	C:\Windows\system32\mswsock.dll
0x000007fefd1a0000 - 0x000007fefd1a7000 	C:\Windows\System32\wship6.dll
0x0000000060d00000 - 0x0000000060d11000 	C:\Program Files\Java\jdk1.7.0_02\jre\bin\nio.dll
0x0000000060c70000 - 0x0000000060cb1000 	C:\Program Files\Java\jdk1.7.0_02\jre\bin\t2k.dll
0x000007feff770000 - 0x000007feff809000 	C:\Windows\system32\CLBCatQ.DLL
0x000007fefbc60000 - 0x000007fefbd8a000 	C:\Windows\system32\WindowsCodecs.dll
0x000007fefd830000 - 0x000007fefd887000 	C:\Windows\system32\apphelp.dll
0x0000000010000000 - 0x000000001001c000 	C:\Users\kumar\AppData\Roaming\Dropbox\bin\DropboxExt64.14.dll
0x000007fef7310000 - 0x000007fef7435000 	C:\Windows\system32\dbghelp.dll
0x000007fef7270000 - 0x000007fef7306000 	C:\Windows\system32\msvcp60.dll
0x000007fef7140000 - 0x000007fef7175000 	C:\Windows\system32\EhStorShell.dll
0x000007fefdfd0000 - 0x000007fefe1a7000 	C:\Windows\system32\SETUPAPI.dll
0x000007fefdc90000 - 0x000007fefdcc6000 	C:\Windows\system32\CFGMGR32.dll
0x000007fefdcd0000 - 0x000007fefdcea000 	C:\Windows\system32\DEVOBJ.dll
0x000007fefc260000 - 0x000007fefc38c000 	C:\Windows\system32\PROPSYS.dll
0x000007fef7080000 - 0x000007fef713b000 	C:\Program Files (x86)\Google\Drive\googledrivesync64.dll
0x000000006fac0000 - 0x000000006fb93000 	C:\Windows\WinSxS\amd64_microsoft.vc90.crt_1fc8b3b9a1e18e3b_9.0.30729.6161_none_08e61857a83bc251\MSVCP90.dll
0x0000000070640000 - 0x00000000706e3000 	C:\Windows\WinSxS\amd64_microsoft.vc90.crt_1fc8b3b9a1e18e3b_9.0.30729.6161_none_08e61857a83bc251\MSVCR90.dll
0x000007fef6a00000 - 0x000007fef7072000 	C:\PROGRA~1\MICROS~1\Office14\GROOVEEX.DLL
0x000000006fa90000 - 0x000000006fabf000 	C:\Windows\WinSxS\amd64_microsoft.vc90.atl_1fc8b3b9a1e18e3b_9.0.30729.6161_none_0a1fd3a3a768b895\ATL90.DLL
0x000007fef65c0000 - 0x000007fef69da000 	C:\PROGRA~1\COMMON~1\MICROS~1\OFFICE14\Cultures\office.odf
0x000007fef5d50000 - 0x000007fef65b5000 	C:\PROGRA~1\MICROS~1\Office14\1033\GrooveIntlResource.dll
0x0000000180000000 - 0x0000000180025000 	C:\Program Files\Java\jdk1.7.0_02\jre\bin\rxtxSerial.dll
0x0000000060c40000 - 0x0000000060c6a000 	C:\Program Files\Java\jdk1.7.0_02\jre\bin\dcpr.dll

VM Arguments:
jvm_args: -Xdebug -Xrunjdwp:transport=dt_shmem,address=javadebug -Dfile.encoding=UTF-8 
java_command: rtpmt.desktop.client.RealTimePackageTracking
Launcher Type: SUN_STANDARD

Environment Variables:
CLASSPATH=.;C:\Program Files (x86)\QuickTime\QTSystem\QTJava.zip
PATH=C:\Windows\system32;C:\Windows;C:\Windows\System32\Wbem;C:\Windows\System32\WindowsPowerShell\v1.0\;C:\Program Files (x86)\ATI Technologies\ATI.ACE\Core-Static;C:\Program Files (x86)\QuickTime\QTSystem\;C:\Program Files (x86)\Microsoft SQL Server\100\Tools\Binn\;C:\Program Files\Microsoft SQL Server\100\Tools\Binn\;C:\Program Files\Microsoft SQL Server\100\DTS\Binn\;C:\Python32;C:\xampp\php;C:\xampp\htdocs\causbuzz\lib\Cake\Console;C:\Program Files\SlikSvn\bin;C:\Program Files\Java\jdk1.7.0_02\bin;C:\cygwin\bin;C:\cygwin\usr\sbin
USERNAME=kumar
OS=Windows_NT
PROCESSOR_IDENTIFIER=Intel64 Family 6 Model 23 Stepping 10, GenuineIntel



---------------  S Y S T E M  ---------------

OS: Windows 7 , 64 bit Build 7601 Service Pack 1

CPU:total 2 (2 cores per cpu, 1 threads per core) family 6 model 23 stepping 10, cmov, cx8, fxsr, mmx, sse, sse2, sse3, ssse3, sse4.1

Memory: 4k page, physical 4189036k(1955280k free), swap 8376220k(5681052k free)

vm_info: Java HotSpot(TM) 64-Bit Server VM (22.0-b10) for windows-amd64 JRE (1.7.0_02-b13), built on Nov 17 2011 13:51:15 by "java_re" with unknown MS VC++:1600

time: Tue Nov 27 03:27:06 2012
elapsed time: 52 seconds

