#
# A fatal error has been detected by the Java Runtime Environment:
#
#  EXCEPTION_ACCESS_VIOLATION (0xc0000005) at pc=0x0000000180005b6b, pid=7112, tid=12748
#
# JRE version: 7.0_02-b13
# Java VM: Java HotSpot(TM) 64-Bit Server VM (22.0-b10 mixed mode windows-amd64 compressed oops)
# Problematic frame:
# C  [rxtxSerial.dll+0x5b6b]
#
# Failed to write core dump. Minidumps are not enabled by default on client versions of Windows
#
# If you would like to submit a bug report, please visit:
#   http://bugreport.sun.com/bugreport/crash.jsp
# The crash happened outside the Java Virtual Machine in native code.
# See problematic frame for where to report the bug.
#

---------------  T H R E A D  ---------------

Current thread (0x0000000006cae000):  JavaThread "Thread-4" [_thread_in_native, id=12748, stack(0x000000000b7c0000,0x000000000b8c0000)]

siginfo: ExceptionCode=0xc0000005, writing address 0x000000000b65f148

Registers:
RAX=0x0000000000000001, RBX=0x0000000000000001, RCX=0xd85df03393350000, RDX=0x0000000000000000
RSP=0x000000000b8bee40, RBP=0x00000000ffffffff, RSI=0x0000000000000010, RDI=0x0000000000000000
R8 =0x000000000b8beb68, R9 =0x0000000000000450, R10=0x0000000000000000, R11=0x0000000000000001
R12=0x000000000b65f140, R13=0x0000000000000001, R14=0x0000000000000001, R15=0x0000000000000000
RIP=0x0000000180005b6b, EFLAGS=0x0000000000010246

Top of Stack: (sp=0x000000000b8bee40)
0x000000000b8bee40:   0000000000000000 0000000000000000
0x000000000b8bee50:   0000000000000000 00000000ffffffff
0x000000000b8bee60:   0000000006cae000 000000000b8befb0
0x000000000b8bee70:   0000000002316570 000000000b8bef70
0x000000000b8bee80:   ffffffffffffffff 0000000000000001
0x000000000b8bee90:   0000000006bf16e8 0000000180005f3f
0x000000000b8beea0:   0000000006cae1d0 000000000b8befb0
0x000000000b8beeb0:   0000000000000001 000000000b8beed0
0x000000000b8beec0:   0000000000000001 00000000ffffffff
0x000000000b8beed0:   0000000006cae07e 000000000b8bef70
0x000000000b8beee0:   000000000b8bef48 0000000002256038
0x000000000b8beef0:   000000000ba4f3a8 000007fefe38133c
0x000000000b8bef00:   00000000eab2ea40 000000000b8bef08
0x000000000b8bef10:   00000000bb18a3f9 000000000b8bef70
0x000000000b8bef20:   0000d85dfbb87d95 000000000b8bf158
0x000000000b8bef30:   0000000000000000 0000000000000000 

Instructions: (pc=0x0000000180005b6b)
0x0000000180005b4b:   31 00 00 85 c0 78 33 74 06 03 d8 2b f8 eb 0a b9
0x0000000180005b5b:   e8 03 00 00 e8 1c 1c 00 00 41 3b dd 7c b7 8b c3
0x0000000180005b6b:   45 89 74 24 08 48 8b 5c 24 60 48 83 c4 20 41 5f
0x0000000180005b7b:   41 5e 41 5d 41 5c 5f 5e 5d c3 e8 1e 61 00 00 83 


Register to memory mapping:

RAX=0x0000000000000001 is an unknown value
RBX=0x0000000000000001 is an unknown value
RCX=0xd85df03393350000 is an unknown value
RDX=0x0000000000000000 is an unknown value
RSP=0x000000000b8bee40 is pointing into the stack for thread: 0x0000000006cae000
RBP=0x00000000ffffffff is an unallocated location in the heap
RSI=0x0000000000000010 is an unknown value
RDI=0x0000000000000000 is an unknown value
R8 =0x000000000b8beb68 is pointing into the stack for thread: 0x0000000006cae000
R9 =0x0000000000000450 is an unknown value
R10=0x0000000000000000 is an unknown value
R11=0x0000000000000001 is an unknown value
R12=0x000000000b65f140 is an unknown value
R13=0x0000000000000001 is an unknown value
R14=0x0000000000000001 is an unknown value
R15=0x0000000000000000 is an unknown value


Stack: [0x000000000b7c0000,0x000000000b8c0000],  sp=0x000000000b8bee40,  free space=1019k
Native frames: (J=compiled Java code, j=interpreted, Vv=VM code, C=native code)
C  [rxtxSerial.dll+0x5b6b]  Java_gnu_io_RXTXPort_nativeSetEndOfInputChar+0x31b

Java frames: (J=compiled Java code, j=interpreted, Vv=VM code)
J  gnu.io.RXTXPort.readByte()I
J  gnu.io.RXTXPort$SerialInputStream.read()I
J  rtpmt.motes.packet.Packetizer.readFramedPacket()[B
j  rtpmt.motes.packet.Packetizer.run()V+1
j  java.lang.Thread.run()V+11
v  ~StubRoutines::call_stub

---------------  P R O C E S S  ---------------

Java Threads: ( => current thread )
  0x0000000006bf3800 JavaThread "Thread-5" [_thread_in_native, id=13880, stack(0x000000000b660000,0x000000000b760000)]
  0x0000000006be0800 JavaThread "Thread-2" [_thread_blocked, id=13744, stack(0x000000000b950000,0x000000000ba50000)]
=>0x0000000006cae000 JavaThread "Thread-4" [_thread_in_native, id=12748, stack(0x000000000b7c0000,0x000000000b8c0000)]
  0x0000000006c7b800 JavaThread "D3D Screen Updater" daemon [_thread_blocked, id=11964, stack(0x000000000a980000,0x000000000aa80000)]
  0x0000000006b15000 JavaThread "TimerQueue" daemon [_thread_blocked, id=7544, stack(0x0000000008c30000,0x0000000008d30000)]
  0x0000000001cdc800 JavaThread "DestroyJavaVM" [_thread_blocked, id=9096, stack(0x0000000002150000,0x0000000002250000)]
  0x0000000006946000 JavaThread "AWT-EventQueue-0" [_thread_blocked, id=6812, stack(0x0000000007100000,0x0000000007200000)]
  0x0000000006907000 JavaThread "AWT-Windows" daemon [_thread_in_native, id=13684, stack(0x0000000006e40000,0x0000000006f40000)]
  0x0000000006902000 JavaThread "AWT-Shutdown" [_thread_blocked, id=12528, stack(0x0000000006fe0000,0x00000000070e0000)]
  0x0000000006901800 JavaThread "Java2D Disposer" daemon [_thread_blocked, id=10632, stack(0x0000000006d20000,0x0000000006e20000)]
  0x0000000005933000 JavaThread "Service Thread" daemon [_thread_blocked, id=4292, stack(0x0000000006650000,0x0000000006750000)]
  0x0000000005930800 JavaThread "C2 CompilerThread1" daemon [_thread_blocked, id=14056, stack(0x0000000005f60000,0x0000000006060000)]
  0x0000000005921000 JavaThread "C2 CompilerThread0" daemon [_thread_blocked, id=10472, stack(0x0000000006430000,0x0000000006530000)]
  0x000000000591f800 JavaThread "Attach Listener" daemon [_thread_blocked, id=7932, stack(0x0000000006330000,0x0000000006430000)]
  0x000000000591e000 JavaThread "Signal Dispatcher" daemon [_thread_blocked, id=10056, stack(0x0000000006220000,0x0000000006320000)]
  0x000000000589c000 JavaThread "Finalizer" daemon [_thread_blocked, id=12372, stack(0x0000000006060000,0x0000000006160000)]
  0x0000000005893000 JavaThread "Reference Handler" daemon [_thread_blocked, id=8444, stack(0x0000000005e40000,0x0000000005f40000)]

Other Threads:
  0x0000000005887000 VMThread [stack: 0x0000000005d10000,0x0000000005e10000] [id=6352]
  0x000000000593e000 WatcherThread [stack: 0x00000000067d0000,0x00000000068d0000] [id=5144]

VM state:not at safepoint (normal execution)

VM Mutex/Monitor currently owned by a thread: None

Heap
 PSYoungGen      total 19136K, used 4133K [0x00000000eaab0000, 0x00000000ec000000, 0x0000000100000000)
  eden space 16448K, 9% used [0x00000000eaab0000,0x00000000eac23630,0x00000000ebac0000)
  from space 2688K, 98% used [0x00000000ebac0000,0x00000000ebd561b0,0x00000000ebd60000)
  to   space 2688K, 0% used [0x00000000ebd60000,0x00000000ebd60000,0x00000000ec000000)
 PSOldGen        total 43648K, used 0K [0x00000000c0000000, 0x00000000c2aa0000, 0x00000000eaab0000)
  object space 43648K, 0% used [0x00000000c0000000,0x00000000c0000000,0x00000000c2aa0000)
 PSPermGen       total 21248K, used 15265K [0x00000000bae00000, 0x00000000bc2c0000, 0x00000000c0000000)
  object space 21248K, 71% used [0x00000000bae00000,0x00000000bbce86d0,0x00000000bc2c0000)

Code Cache  [0x0000000002250000, 0x00000000024c0000, 0x0000000005250000)
 total_blobs=872 nmethods=399 adapters=425 free_code_cache=47851Kb largest_free_block=48967488

Dynamic libraries:
0x000000013f0b0000 - 0x000000013f0e3000 	C:\Program Files\Java\jdk1.7.0_02\bin\java.exe
0x0000000077c20000 - 0x0000000077dc9000 	C:\Windows\SYSTEM32\ntdll.dll
0x0000000077640000 - 0x000000007775f000 	C:\Windows\system32\kernel32.dll
0x000007fefe380000 - 0x000007fefe3ec000 	C:\Windows\system32\KERNELBASE.dll
0x000007fefe6b0000 - 0x000007fefe78b000 	C:\Windows\system32\ADVAPI32.dll
0x000007feffe90000 - 0x000007fefff2f000 	C:\Windows\system32\msvcrt.dll
0x000007feff9e0000 - 0x000007feff9ff000 	C:\Windows\SYSTEM32\sechost.dll
0x000007fefeab0000 - 0x000007fefebdd000 	C:\Windows\system32\RPCRT4.dll
0x0000000077540000 - 0x000000007763a000 	C:\Windows\system32\USER32.dll
0x000007fefea40000 - 0x000007fefeaa7000 	C:\Windows\system32\GDI32.dll
0x000007feffd60000 - 0x000007feffd6e000 	C:\Windows\system32\LPK.dll
0x000007fefe970000 - 0x000007fefea39000 	C:\Windows\system32\USP10.dll
0x000007fefcb00000 - 0x000007fefccf4000 	C:\Windows\WinSxS\amd64_microsoft.windows.common-controls_6595b64144ccf1df_6.0.7601.17514_none_fa396087175ac9ac\COMCTL32.dll
0x000007feffe10000 - 0x000007feffe81000 	C:\Windows\system32\SHLWAPI.dll
0x000007feffd30000 - 0x000007feffd5e000 	C:\Windows\system32\IMM32.DLL
0x000007fefe5a0000 - 0x000007fefe6a9000 	C:\Windows\system32\MSCTF.dll
0x000000006ff10000 - 0x000000006ffe1000 	C:\Program Files\Java\jdk1.7.0_02\jre\bin\msvcr100.dll
0x000000006eaa0000 - 0x000000006f17a000 	C:\Program Files\Java\jdk1.7.0_02\jre\bin\server\jvm.dll
0x000007feefc00000 - 0x000007feefc09000 	C:\Windows\system32\WSOCK32.dll
0x000007fefe550000 - 0x000007fefe59d000 	C:\Windows\system32\WS2_32.dll
0x000007feff9d0000 - 0x000007feff9d8000 	C:\Windows\system32\NSI.dll
0x000007fefc1d0000 - 0x000007fefc20b000 	C:\Windows\system32\WINMM.dll
0x0000000077de0000 - 0x0000000077de7000 	C:\Windows\system32\PSAPI.DLL
0x0000000072bd0000 - 0x0000000072bdf000 	C:\Program Files\Java\jdk1.7.0_02\jre\bin\verify.dll
0x0000000070060000 - 0x0000000070088000 	C:\Program Files\Java\jdk1.7.0_02\jre\bin\java.dll
0x0000000070040000 - 0x0000000070055000 	C:\Program Files\Java\jdk1.7.0_02\jre\bin\zip.dll
0x000000006fd70000 - 0x000000006ff04000 	C:\Program Files\Java\jdk1.7.0_02\jre\bin\awt.dll
0x000007fefe470000 - 0x000007fefe547000 	C:\Windows\system32\OLEAUT32.dll
0x000007feffa80000 - 0x000007feffc83000 	C:\Windows\system32\ole32.dll
0x000007fefc920000 - 0x000007fefc976000 	C:\Windows\system32\uxtheme.dll
0x000007fefc4f0000 - 0x000007fefc508000 	C:\Windows\system32\dwmapi.dll
0x000007fefdfb0000 - 0x000007fefdfbf000 	C:\Windows\system32\CRYPTBASE.dll
0x000007fefec40000 - 0x000007feff9c8000 	C:\Windows\system32\SHELL32.dll
0x000000006fd30000 - 0x000000006fd64000 	C:\Program Files\Java\jdk1.7.0_02\jre\bin\fontmanager.dll
0x000007feea3d0000 - 0x000007feea5cf000 	C:\Windows\system32\d3d9.dll
0x000007fefd190000 - 0x000007fefd19c000 	C:\Windows\system32\VERSION.dll
0x000007fefc2a0000 - 0x000007fefc2a7000 	C:\Windows\system32\d3d8thk.dll
0x0000000062fd0000 - 0x00000000633b8000 	C:\Windows\system32\atiumd64.dll
0x0000000062d30000 - 0x0000000062fc9000 	C:\Windows\system32\atiumd6a.dll
0x0000000070020000 - 0x0000000070039000 	C:\Program Files\Java\jdk1.7.0_02\jre\bin\net.dll
0x000007fefd8f0000 - 0x000007fefd945000 	C:\Windows\system32\mswsock.dll
0x000007fefd8e0000 - 0x000007fefd8e7000 	C:\Windows\System32\wship6.dll
0x0000000070000000 - 0x0000000070011000 	C:\Program Files\Java\jdk1.7.0_02\jre\bin\nio.dll
0x000000006fce0000 - 0x000000006fd21000 	C:\Program Files\Java\jdk1.7.0_02\jre\bin\t2k.dll
0x000007feffd70000 - 0x000007feffe09000 	C:\Windows\system32\CLBCatQ.DLL
0x000007fefc2c0000 - 0x000007fefc3ea000 	C:\Windows\system32\WindowsCodecs.dll
0x000007fefdf50000 - 0x000007fefdfa7000 	C:\Windows\system32\apphelp.dll
0x0000000010000000 - 0x000000001001c000 	C:\Users\kumar\AppData\Roaming\Dropbox\bin\DropboxExt64.14.dll
0x000007fef9260000 - 0x000007fef9385000 	C:\Windows\system32\dbghelp.dll
0x000007fef9160000 - 0x000007fef91f6000 	C:\Windows\system32\msvcp60.dll
0x000007fef9120000 - 0x000007fef9155000 	C:\Windows\system32\EhStorShell.dll
0x000007fefe790000 - 0x000007fefe967000 	C:\Windows\system32\SETUPAPI.dll
0x000007fefe410000 - 0x000007fefe446000 	C:\Windows\system32\CFGMGR32.dll
0x000007fefe3f0000 - 0x000007fefe40a000 	C:\Windows\system32\DEVOBJ.dll
0x000007fefc980000 - 0x000007fefcaac000 	C:\Windows\system32\PROPSYS.dll
0x000007fef9060000 - 0x000007fef911b000 	C:\Program Files (x86)\Google\Drive\googledrivesync64.dll
0x0000000071660000 - 0x0000000071733000 	C:\Windows\WinSxS\amd64_microsoft.vc90.crt_1fc8b3b9a1e18e3b_9.0.30729.6161_none_08e61857a83bc251\MSVCP90.dll
0x00000000715b0000 - 0x0000000071653000 	C:\Windows\WinSxS\amd64_microsoft.vc90.crt_1fc8b3b9a1e18e3b_9.0.30729.6161_none_08e61857a83bc251\MSVCR90.dll
0x000007fef89e0000 - 0x000007fef9052000 	C:\PROGRA~1\MICROS~1\Office14\GROOVEEX.DLL
0x0000000071580000 - 0x00000000715af000 	C:\Windows\WinSxS\amd64_microsoft.vc90.atl_1fc8b3b9a1e18e3b_9.0.30729.6161_none_0a1fd3a3a768b895\ATL90.DLL
0x000007fef85c0000 - 0x000007fef89da000 	C:\PROGRA~1\COMMON~1\MICROS~1\OFFICE14\Cultures\office.odf
0x000007fef7d50000 - 0x000007fef85b5000 	C:\PROGRA~1\MICROS~1\Office14\1033\GrooveIntlResource.dll
0x0000000180000000 - 0x0000000180025000 	C:\Program Files\Java\jdk1.7.0_02\jre\bin\rxtxSerial.dll
0x000000006fcb0000 - 0x000000006fcda000 	C:\Program Files\Java\jdk1.7.0_02\jre\bin\dcpr.dll
0x000007fefd2b0000 - 0x000007fefd2b7000 	C:\Windows\System32\wshtcpip.dll
0x000007fefd770000 - 0x000007fefd7cb000 	C:\Windows\system32\DNSAPI.dll
0x0000000071750000 - 0x0000000071776000 	C:\Program Files\Bonjour\mdnsNSP.dll
0x000007fefbac0000 - 0x000007fefbae7000 	C:\Windows\system32\Iphlpapi.DLL
0x000007fefbab0000 - 0x000007fefbabb000 	C:\Windows\system32\WINNSI.DLL
0x000007fef9ea0000 - 0x000007fef9ea8000 	C:\Windows\system32\rasadhlp.dll
0x000007fefae50000 - 0x000007fefaea3000 	C:\Windows\System32\fwpuclnt.dll

VM Arguments:
jvm_args: -Dfile.encoding=UTF-8 
java_command: rtpmt.desktop.client.RealTimePackageTracking
Launcher Type: SUN_STANDARD

Environment Variables:
CLASSPATH=.;C:\Program Files (x86)\QuickTime\QTSystem\QTJava.zip
PATH=C:\Windows\system32;C:\Windows;C:\Windows\System32\Wbem;C:\Windows\System32\WindowsPowerShell\v1.0\;C:\Program Files (x86)\ATI Technologies\ATI.ACE\Core-Static;C:\Program Files (x86)\QuickTime\QTSystem\;C:\Program Files (x86)\Microsoft SQL Server\100\Tools\Binn\;C:\Program Files\Microsoft SQL Server\100\Tools\Binn\;C:\Program Files\Microsoft SQL Server\100\DTS\Binn\;C:\Python32;C:\xampp\php;C:\xampp\htdocs\causbuzz\lib\Cake\Console;C:\Program Files\SlikSvn\bin;C:\Program Files\Java\jdk1.7.0_02\bin;C:\cygwin\bin;C:\cygwin\usr\sbin
USERNAME=kumar
OS=Windows_NT
PROCESSOR_IDENTIFIER=Intel64 Family 6 Model 23 Stepping 10, GenuineIntel



---------------  S Y S T E M  ---------------

OS: Windows 7 , 64 bit Build 7601 Service Pack 1

CPU:total 2 (2 cores per cpu, 1 threads per core) family 6 model 23 stepping 10, cmov, cx8, fxsr, mmx, sse, sse2, sse3, ssse3, sse4.1

Memory: 4k page, physical 4189036k(880792k free), swap 8376220k(4320796k free)

vm_info: Java HotSpot(TM) 64-Bit Server VM (22.0-b10) for windows-amd64 JRE (1.7.0_02-b13), built on Nov 17 2011 13:51:15 by "java_re" with unknown MS VC++:1600

time: Wed Dec 12 05:23:37 2012
elapsed time: 884 seconds

