#
# A fatal error has been detected by the Java Runtime Environment:
#
#  EXCEPTION_ACCESS_VIOLATION (0xc0000005) at pc=0x0000000180005b6b, pid=1832, tid=6736
#
# JRE version: 7.0_02-b13
# Java VM: Java HotSpot(TM) 64-Bit Server VM (22.0-b10 mixed mode windows-amd64 compressed oops)
# Problematic frame:
# C  [rxtxSerial.dll+0x5b6b]
#
# Failed to write core dump. Minidumps are not enabled by default on client versions of Windows
#
# If you would like to submit a bug report, please visit:
#   http://bugreport.sun.com/bugreport/crash.jsp
# The crash happened outside the Java Virtual Machine in native code.
# See problematic frame for where to report the bug.
#

---------------  T H R E A D  ---------------

Current thread (0x00000000079d3800):  JavaThread "Thread-3" [_thread_in_native, id=6736, stack(0x000000000c320000,0x000000000c420000)]

siginfo: ExceptionCode=0xc0000005, writing address 0x000000000c13f448

Registers:
RAX=0x0000000000000000, RBX=0x0000000000000000, RCX=0x0000000077ba165a, RDX=0x0000000000000000
RSP=0x000000000c41f570, RBP=0x00000000ffffffff, RSI=0x0000000000000015, RDI=0x0000000000000001
R8 =0x000000000c41f4c8, R9 =0x00000000ffffffff, R10=0x0000000000000000, R11=0x0000000000000246
R12=0x000000000c13f440, R13=0x0000000000000001, R14=0x0000000000000000, R15=0x0000000000000000
RIP=0x0000000180005b6b, EFLAGS=0x0000000000010246

Top of Stack: (sp=0x000000000c41f570)
0x000000000c41f570:   0000000000000000 0000000000000000
0x000000000c41f580:   0000000000000000 0000000000000000
0x000000000c41f590:   00000000079d3800 000000000c41f710
0x000000000c41f5a0:   00000000bba11068 000000000c41f710
0x000000000c41f5b0:   ffffffffffffffff 0000000000000001
0x000000000c41f5c0:   000000000791fdf8 0000000180005f3f
0x000000000c41f5d0:   00000000079d39d0 000000000c41f710
0x000000000c41f5e0:   0000000000000001 000000000c41f600
0x000000000c41f5f0:   0000000000000001 00000000ffffffff
0x000000000c41f600:   00000000078c8b7e 000000000c41f710
0x000000000c41f610:   000000000c41fa58 00000000eaab0d08
0x000000000c41f620:   000000000c41f6b0 00000000024461b4
0x000000000c41f630:   000000000c41f6b0 0000000068b5ca46
0x000000000c41f640:   0000000002446038 0000000000000010
0x000000000c41f650:   00008b21c9dd0bdd 0000000002446038
0x000000000c41f660:   0000000000000000 00000000024461b4 

Instructions: (pc=0x0000000180005b6b)
0x0000000180005b4b:   31 00 00 85 c0 78 33 74 06 03 d8 2b f8 eb 0a b9
0x0000000180005b5b:   e8 03 00 00 e8 1c 1c 00 00 41 3b dd 7c b7 8b c3
0x0000000180005b6b:   45 89 74 24 08 48 8b 5c 24 60 48 83 c4 20 41 5f
0x0000000180005b7b:   41 5e 41 5d 41 5c 5f 5e 5d c3 e8 1e 61 00 00 83 


Register to memory mapping:

RAX=0x0000000000000000 is an unknown value
RBX=0x0000000000000000 is an unknown value
RCX=0x0000000077ba165a is an unknown value
RDX=0x0000000000000000 is an unknown value
RSP=0x000000000c41f570 is pointing into the stack for thread: 0x00000000079d3800
RBP=0x00000000ffffffff is an unallocated location in the heap
RSI=0x0000000000000015 is an unknown value
RDI=0x0000000000000001 is an unknown value
R8 =0x000000000c41f4c8 is pointing into the stack for thread: 0x00000000079d3800
R9 =0x00000000ffffffff is an unallocated location in the heap
R10=0x0000000000000000 is an unknown value
R11=0x0000000000000246 is an unknown value
R12=0x000000000c13f440 is an unknown value
R13=0x0000000000000001 is an unknown value
R14=0x0000000000000000 is an unknown value
R15=0x0000000000000000 is an unknown value


Stack: [0x000000000c320000,0x000000000c420000],  sp=0x000000000c41f570,  free space=1021k
Native frames: (J=compiled Java code, j=interpreted, Vv=VM code, C=native code)
C  [rxtxSerial.dll+0x5b6b]  Java_gnu_io_RXTXPort_nativeSetEndOfInputChar+0x31b

Java frames: (J=compiled Java code, j=interpreted, Vv=VM code)
j  gnu.io.RXTXPort.readByte()I+0
j  gnu.io.RXTXPort$SerialInputStream.read()I+81
j  rtpmt.motes.packet.Packetizer.readFramedPacket()[B+106
j  rtpmt.motes.packet.Packetizer.run()V+1
j  java.lang.Thread.run()V+11
v  ~StubRoutines::call_stub

---------------  P R O C E S S  ---------------

Java Threads: ( => current thread )
=>0x00000000079d3800 JavaThread "Thread-3" [_thread_in_native, id=6736, stack(0x000000000c320000,0x000000000c420000)]
  0x00000000078fe800 JavaThread "D3D Screen Updater" daemon [_thread_blocked, id=5444, stack(0x000000000bdc0000,0x000000000bec0000)]
  0x00000000078ac800 JavaThread "TimerQueue" daemon [_thread_blocked, id=5644, stack(0x000000000a530000,0x000000000a630000)]
  0x000000000227c800 JavaThread "DestroyJavaVM" [_thread_blocked, id=4756, stack(0x0000000002290000,0x0000000002390000)]
  0x000000000777f000 JavaThread "AWT-EventQueue-0" [_thread_blocked, id=3824, stack(0x0000000007220000,0x0000000007320000)]
  0x0000000005dd6800 JavaThread "AWT-Windows" daemon [_thread_in_native, id=3912, stack(0x0000000007380000,0x0000000007480000)]
  0x0000000005dd5800 JavaThread "AWT-Shutdown" [_thread_blocked, id=5972, stack(0x0000000006f30000,0x0000000007030000)]
  0x0000000005dd2800 JavaThread "Java2D Disposer" daemon [_thread_blocked, id=3788, stack(0x00000000070a0000,0x00000000071a0000)]
  0x0000000005ce5000 JavaThread "Service Thread" daemon [_thread_blocked, id=6720, stack(0x0000000006e00000,0x0000000006f00000)]
  0x0000000005ce1800 JavaThread "C2 CompilerThread1" daemon [_thread_blocked, id=220, stack(0x0000000006b80000,0x0000000006c80000)]
  0x0000000005cd0000 JavaThread "C2 CompilerThread0" daemon [_thread_blocked, id=5092, stack(0x0000000006360000,0x0000000006460000)]
  0x0000000005cce800 JavaThread "Attach Listener" daemon [_thread_blocked, id=1216, stack(0x00000000069f0000,0x0000000006af0000)]
  0x0000000005ccd000 JavaThread "Signal Dispatcher" daemon [_thread_blocked, id=4232, stack(0x0000000006800000,0x0000000006900000)]
  0x0000000005c48000 JavaThread "Finalizer" daemon [_thread_blocked, id=4136, stack(0x0000000006610000,0x0000000006710000)]
  0x0000000005c3f000 JavaThread "Reference Handler" daemon [_thread_blocked, id=3652, stack(0x0000000006460000,0x0000000006560000)]

Other Threads:
  0x0000000005c36800 VMThread [stack: 0x00000000061f0000,0x00000000062f0000] [id=6068]
  0x0000000005cf2800 WatcherThread [stack: 0x0000000006cf0000,0x0000000006df0000] [id=4716]

VM state:not at safepoint (normal execution)

VM Mutex/Monitor currently owned by a thread: None

Heap
 PSYoungGen      total 19136K, used 7258K [0x00000000eaab0000, 0x00000000ec000000, 0x0000000100000000)
  eden space 16448K, 44% used [0x00000000eaab0000,0x00000000eb1c6a78,0x00000000ebac0000)
  from space 2688K, 0% used [0x00000000ebd60000,0x00000000ebd60000,0x00000000ec000000)
  to   space 2688K, 0% used [0x00000000ebac0000,0x00000000ebac0000,0x00000000ebd60000)
 PSOldGen        total 43648K, used 0K [0x00000000c0000000, 0x00000000c2aa0000, 0x00000000eaab0000)
  object space 43648K, 0% used [0x00000000c0000000,0x00000000c0000000,0x00000000c2aa0000)
 PSPermGen       total 21248K, used 13148K [0x00000000bae00000, 0x00000000bc2c0000, 0x00000000c0000000)
  object space 21248K, 61% used [0x00000000bae00000,0x00000000bbad73b8,0x00000000bc2c0000)

Code Cache  [0x0000000002440000, 0x00000000026b0000, 0x0000000005440000)
 total_blobs=483 nmethods=41 adapters=394 free_code_cache=48573Kb largest_free_block=49715904

Dynamic libraries:
0x000000013feb0000 - 0x000000013fee3000 	C:\Program Files\Java\jdk1.7.0_02\bin\java.exe
0x0000000077b50000 - 0x0000000077cf9000 	C:\Windows\SYSTEM32\ntdll.dll
0x00000000777e0000 - 0x00000000778ff000 	C:\Windows\system32\kernel32.dll
0x000007fefe0a0000 - 0x000007fefe10c000 	C:\Windows\system32\KERNELBASE.dll
0x000007feff2a0000 - 0x000007feff37b000 	C:\Windows\system32\ADVAPI32.dll
0x000007feff820000 - 0x000007feff8bf000 	C:\Windows\system32\msvcrt.dll
0x000007feffaa0000 - 0x000007feffabf000 	C:\Windows\SYSTEM32\sechost.dll
0x000007feff5e0000 - 0x000007feff70d000 	C:\Windows\system32\RPCRT4.dll
0x0000000077a50000 - 0x0000000077b4a000 	C:\Windows\system32\USER32.dll
0x000007feff790000 - 0x000007feff7f7000 	C:\Windows\system32\GDI32.dll
0x000007feffcd0000 - 0x000007feffcde000 	C:\Windows\system32\LPK.dll
0x000007feff8c0000 - 0x000007feff989000 	C:\Windows\system32\USP10.dll
0x000007fefca30000 - 0x000007fefcc24000 	C:\Windows\WinSxS\amd64_microsoft.windows.common-controls_6595b64144ccf1df_6.0.7601.17514_none_fa396087175ac9ac\COMCTL32.dll
0x000007feff710000 - 0x000007feff781000 	C:\Windows\system32\SHLWAPI.dll
0x000007feff560000 - 0x000007feff58e000 	C:\Windows\system32\IMM32.DLL
0x000007feff990000 - 0x000007feffa99000 	C:\Windows\system32\MSCTF.dll
0x0000000069050000 - 0x0000000069121000 	C:\Program Files\Java\jdk1.7.0_02\jre\bin\msvcr100.dll
0x0000000068970000 - 0x000000006904a000 	C:\Program Files\Java\jdk1.7.0_02\jre\bin\server\jvm.dll
0x000007fef9330000 - 0x000007fef9339000 	C:\Windows\system32\WSOCK32.dll
0x000007feff590000 - 0x000007feff5dd000 	C:\Windows\system32\WS2_32.dll
0x000007feff290000 - 0x000007feff298000 	C:\Windows\system32\NSI.dll
0x000007fefc230000 - 0x000007fefc26b000 	C:\Windows\system32\WINMM.dll
0x0000000077d10000 - 0x0000000077d17000 	C:\Windows\system32\PSAPI.DLL
0x00000000691c0000 - 0x00000000691cf000 	C:\Program Files\Java\jdk1.7.0_02\jre\bin\verify.dll
0x0000000069190000 - 0x00000000691b8000 	C:\Program Files\Java\jdk1.7.0_02\jre\bin\java.dll
0x0000000069170000 - 0x0000000069185000 	C:\Program Files\Java\jdk1.7.0_02\jre\bin\zip.dll
0x0000000066310000 - 0x00000000664a4000 	C:\Program Files\Java\jdk1.7.0_02\jre\bin\awt.dll
0x000007feffce0000 - 0x000007feffdb7000 	C:\Windows\system32\OLEAUT32.dll
0x000007feffac0000 - 0x000007feffcc3000 	C:\Windows\system32\ole32.dll
0x000007fefc740000 - 0x000007fefc796000 	C:\Windows\system32\uxtheme.dll
0x000007fefc340000 - 0x000007fefc358000 	C:\Windows\system32\dwmapi.dll
0x000007fefdee0000 - 0x000007fefdeef000 	C:\Windows\system32\CRYPTBASE.dll
0x000007fefe380000 - 0x000007feff108000 	C:\Windows\system32\SHELL32.dll
0x0000000067f80000 - 0x0000000067fb4000 	C:\Program Files\Java\jdk1.7.0_02\jre\bin\fontmanager.dll
0x000007fee8fc0000 - 0x000007fee91bf000 	C:\Windows\system32\d3d9.dll
0x000007fefd0c0000 - 0x000007fefd0cc000 	C:\Windows\system32\VERSION.dll
0x000007fefb340000 - 0x000007fefb347000 	C:\Windows\system32\d3d8thk.dll
0x0000000061160000 - 0x0000000061548000 	C:\Windows\system32\atiumd64.dll
0x00000000623c0000 - 0x0000000062659000 	C:\Windows\system32\atiumd6a.dll
0x0000000069150000 - 0x0000000069169000 	C:\Program Files\Java\jdk1.7.0_02\jre\bin\net.dll
0x000007fefd820000 - 0x000007fefd875000 	C:\Windows\system32\mswsock.dll
0x000007fefd810000 - 0x000007fefd817000 	C:\Windows\System32\wship6.dll
0x0000000069130000 - 0x0000000069141000 	C:\Program Files\Java\jdk1.7.0_02\jre\bin\nio.dll
0x0000000067eb0000 - 0x0000000067ef1000 	C:\Program Files\Java\jdk1.7.0_02\jre\bin\t2k.dll
0x000007feffdc0000 - 0x000007feffe59000 	C:\Windows\system32\CLBCatQ.DLL
0x000007fefc100000 - 0x000007fefc22a000 	C:\Windows\system32\WindowsCodecs.dll
0x000007fefde80000 - 0x000007fefded7000 	C:\Windows\system32\apphelp.dll
0x0000000010000000 - 0x000000001001c000 	C:\Users\kumar\AppData\Roaming\Dropbox\bin\DropboxExt64.14.dll
0x000007fef74e0000 - 0x000007fef7605000 	C:\Windows\system32\dbghelp.dll
0x000007fef3730000 - 0x000007fef37c6000 	C:\Windows\system32\msvcp60.dll
0x000007fef39e0000 - 0x000007fef3a15000 	C:\Windows\system32\EhStorShell.dll
0x000007feff380000 - 0x000007feff557000 	C:\Windows\system32\SETUPAPI.dll
0x000007fefe110000 - 0x000007fefe146000 	C:\Windows\system32\CFGMGR32.dll
0x000007fefe150000 - 0x000007fefe16a000 	C:\Windows\system32\DEVOBJ.dll
0x000007fefc8b0000 - 0x000007fefc9dc000 	C:\Windows\system32\PROPSYS.dll
0x000007fef3670000 - 0x000007fef372b000 	C:\Program Files (x86)\Google\Drive\googledrivesync64.dll
0x0000000070180000 - 0x0000000070253000 	C:\Windows\WinSxS\amd64_microsoft.vc90.crt_1fc8b3b9a1e18e3b_9.0.30729.6161_none_08e61857a83bc251\MSVCP90.dll
0x0000000072930000 - 0x00000000729d3000 	C:\Windows\WinSxS\amd64_microsoft.vc90.crt_1fc8b3b9a1e18e3b_9.0.30729.6161_none_08e61857a83bc251\MSVCR90.dll
0x000007fef2ff0000 - 0x000007fef3662000 	C:\PROGRA~1\MICROS~1\Office14\GROOVEEX.DLL
0x0000000070c30000 - 0x0000000070c5f000 	C:\Windows\WinSxS\amd64_microsoft.vc90.atl_1fc8b3b9a1e18e3b_9.0.30729.6161_none_0a1fd3a3a768b895\ATL90.DLL
0x000007fef2bd0000 - 0x000007fef2fea000 	C:\PROGRA~1\COMMON~1\MICROS~1\OFFICE14\Cultures\office.odf
0x000007fef2360000 - 0x000007fef2bc5000 	C:\PROGRA~1\MICROS~1\Office14\1033\GrooveIntlResource.dll
0x0000000180000000 - 0x0000000180025000 	C:\Program Files\Java\jdk1.7.0_02\jre\bin\rxtxSerial.dll
0x0000000062660000 - 0x000000006268a000 	C:\Program Files\Java\jdk1.7.0_02\jre\bin\dcpr.dll

VM Arguments:
jvm_args: -Dfile.encoding=UTF-8 
java_command: rtpmt.desktop.client.RealTimePackageTracking
Launcher Type: SUN_STANDARD

Environment Variables:
CLASSPATH=.;C:\Program Files (x86)\QuickTime\QTSystem\QTJava.zip
PATH=C:\Windows\system32;C:\Windows;C:\Windows\System32\Wbem;C:\Windows\System32\WindowsPowerShell\v1.0\;C:\Program Files (x86)\ATI Technologies\ATI.ACE\Core-Static;C:\Program Files (x86)\QuickTime\QTSystem\;C:\Program Files (x86)\Microsoft SQL Server\100\Tools\Binn\;C:\Program Files\Microsoft SQL Server\100\Tools\Binn\;C:\Program Files\Microsoft SQL Server\100\DTS\Binn\;C:\Python32;C:\xampp\php;C:\xampp\htdocs\causbuzz\lib\Cake\Console;C:\Program Files\SlikSvn\bin
USERNAME=kumar
OS=Windows_NT
PROCESSOR_IDENTIFIER=Intel64 Family 6 Model 23 Stepping 10, GenuineIntel



---------------  S Y S T E M  ---------------

OS: Windows 7 , 64 bit Build 7601 Service Pack 1

CPU:total 2 (2 cores per cpu, 1 threads per core) family 6 model 23 stepping 10, cmov, cx8, fxsr, mmx, sse, sse2, sse3, ssse3, sse4.1

Memory: 4k page, physical 4189036k(1440056k free), swap 8376220k(5128104k free)

vm_info: Java HotSpot(TM) 64-Bit Server VM (22.0-b10) for windows-amd64 JRE (1.7.0_02-b13), built on Nov 17 2011 13:51:15 by "java_re" with unknown MS VC++:1600

time: Wed Sep 05 01:29:14 2012
elapsed time: 8 seconds

